DNS Resolution Performance Testing Tool
Version 2.14.0

[Status] Command line: resperf -P 20250619-1219.gnuplot -M doh -s 79.127.218.224 -O doh-uri=https://protective.joindns4.eu/dns-query -d ../domains_shuffled.list -C 500 -m 12000 -b 1400 -q 500000 -R -r 10 -c 180 -t 30 -F 0
[Status] Sending
[Status] Ramp-up done, sending constant traffic
Warning: nghttp2_session_send failed: The user callback function failed
Warning: nghttp2_session_send failed: The user callback function failed
Warning: nghttp2_session_send failed: The user callback function failed
Warning: nghttp2_session_send failed: The user callback function failed
Warning: nghttp2_session_send failed: The user callback function failed
[Status] Waiting for more responses
[Status] Testing complete

Statistics:

  Queries sent:         2207977
  Queries completed:    2206749
  Queries lost:         1228
  Response codes:       NOERROR 1411594 (63.97%), SERVFAIL 143962 (6.52%), NXDOMAIN 651193 (29.51%)

  Run time (s):         219.032275
  Maximum throughput:   49906.000000 qps
  Lost at that point:   0.19%

  Connection attempts:  770 (665 successful, 86.36%)

DNS-over-HTTPS statistics:

  HTTP/2 return codes:  200: 2206749

