DNS Resolution Performance Testing Tool
Version 2.14.0

[Status] Command line: resperf -P 20250619-1203.gnuplot -M doh -s 79.127.218.224 -O doh-uri=https://protective.joindns4.eu/dns-query -d ../domains_shuffled.list -C 500 -m 12000 -b 1400 -q 500000 -R -r 10 -c 180 -t 30 -F 0
[Status] Sending
[Status] Ramp-up done, sending constant traffic
[Status] Waiting for more responses
Warning: received a response with an unexpected id: 506
Warning: received a response with an unexpected id: 810
Warning: received a response with an unexpected id: 754
Warning: received a response with an unexpected id: 949
Warning: received a response with an unexpected id: 882
Warning: received a response with an unexpected id: 77
[Status] Testing complete

Statistics:

  Queries sent:         2219999
  Queries completed:    2219950
  Queries lost:         49
  Response codes:       NOERROR 1473510 (66.38%), SERVFAIL 77349 (3.48%), NXDOMAIN 669091 (30.14%)

  Run time (s):         220.034379
  Maximum throughput:   12004.000000 qps
  Lost at that point:   0.00%

  Connection attempts:  910 (785 successful, 86.26%)

DNS-over-HTTPS statistics:

  HTTP/2 return codes:  200: 2219956

