DNS Resolution Performance Testing Tool
Version 2.14.0

[Status] Command line: resperf -P 20250620-1115.gnuplot -M doh -s 79.127.218.224 -O doh-uri=https://protective.joindns4.eu/dns-query -d domains_shuffled.list -C 50 -m 1250 -b 1400 -q 1000000 -R -r 10 -c 600 -t 30 -F 0
[Status] Sending
[Status] Ramp-up done, sending constant traffic
Warning: received a response with an unexpected id: 1929
Warning: received a response with an unexpected id: 1926
Warning: received a response with an unexpected id: 1958
Warning: received a response with an unexpected id: 1924
Warning: received a response with an unexpected id: 1919
Warning: received a response with an unexpected id: 1922
Warning: received a response with an unexpected id: 1920
Warning: received a response with an unexpected id: 1938
Warning: received a response with an unexpected id: 1968
Warning: received a response with an unexpected id: 1956
Warning: received a response with an unexpected id: 1955
Warning: received a response with an unexpected id: 1975
Warning: received a response with an unexpected id: 1969
Warning: received a response with an unexpected id: 1979
Warning: received a response with an unexpected id: 1971
Warning: received a response with an unexpected id: 1935
Warning: received a response with an unexpected id: 1925
Warning: received a response with an unexpected id: 1959
Warning: received a response with an unexpected id: 1987
Warning: received a response with an unexpected id: 1986
Warning: received a response with an unexpected id: 1939
Warning: received a response with an unexpected id: 1921
Warning: received a response with an unexpected id: 1981
Warning: received a response with an unexpected id: 1966
Warning: received a response with an unexpected id: 1967
Warning: received a response with an unexpected id: 1941
Warning: received a response with an unexpected id: 1927
Warning: received a response with an unexpected id: 1993
Warning: received a response with an unexpected id: 1917
Warning: received a response with an unexpected id: 2052
Warning: received a response with an unexpected id: 2055
Warning: received a response with an unexpected id: 2057
Warning: received a response with an unexpected id: 2101
Warning: received a response with an unexpected id: 2066
Warning: received a response with an unexpected id: 2083
Warning: received a response with an unexpected id: 2068
Warning: received a response with an unexpected id: 2067
Warning: received a response with an unexpected id: 2085
Warning: received a response with an unexpected id: 2092
Warning: received a response with an unexpected id: 2066
Warning: received a response with an unexpected id: 2071
Warning: received a response with an unexpected id: 2065
Warning: received a response with an unexpected id: 2062
Warning: received a response with an unexpected id: 2092
Warning: received a response with an unexpected id: 2073
Warning: received a response with an unexpected id: 2052
Warning: received a response with an unexpected id: 2464
Warning: received a response with an unexpected id: 2471
Warning: received a response with an unexpected id: 2475
Warning: received a response with an unexpected id: 2468
Warning: received a response with an unexpected id: 2656
Warning: received a response with an unexpected id: 2635
Warning: received a response with an unexpected id: 2638
Warning: received a response with an unexpected id: 2655
Warning: received a response with an unexpected id: 2630
Warning: received a response with an unexpected id: 2631
Warning: received a response with an unexpected id: 2661
Warning: received a response with an unexpected id: 2664
Warning: received a response with an unexpected id: 2661
Warning: received a response with an unexpected id: 2645
Warning: received a response with an unexpected id: 2667
Warning: received a response with an unexpected id: 2636
Warning: received a response with an unexpected id: 2652
Warning: received a response with an unexpected id: 2638
Warning: received a response with an unexpected id: 2643
Warning: received a response with an unexpected id: 2644
Warning: received a response with an unexpected id: 2645
Warning: received a response with an unexpected id: 2631
Warning: received a response with an unexpected id: 2646
Warning: received a response with an unexpected id: 2633
Warning: received a response with an unexpected id: 2658
Warning: received a response with an unexpected id: 2666
Warning: received a response with an unexpected id: 2664
Warning: received a response with an unexpected id: 2662
Warning: received a response with an unexpected id: 2640
Warning: received a response with an unexpected id: 2646
Warning: received a response with an unexpected id: 2651
Warning: received a response with an unexpected id: 2675
Warning: received a response with an unexpected id: 2682
Warning: received a response with an unexpected id: 2655
Warning: received a response with an unexpected id: 2665
Warning: received a response with an unexpected id: 2634
Warning: received a response with an unexpected id: 2653
Warning: received a response with an unexpected id: 2628
Warning: received a response with an unexpected id: 2667
Warning: received a response with an unexpected id: 2692
Warning: received a response with an unexpected id: 2677
Warning: received a response with an unexpected id: 2683
Warning: received a response with an unexpected id: 2665
Warning: received a response with an unexpected id: 2657
Warning: received a response with an unexpected id: 2689
Warning: received a response with an unexpected id: 2673
Warning: received a response with an unexpected id: 2641
Warning: received a response with an unexpected id: 2666
Warning: received a response with an unexpected id: 2647
Warning: received a response with an unexpected id: 2639
Warning: received a response with an unexpected id: 2902
Warning: received a response with an unexpected id: 3997
Warning: received a response with an unexpected id: 6284
Warning: received a response with an unexpected id: 7342
Warning: received a response with an unexpected id: 7351
Warning: received a response with an unexpected id: 7355
Warning: received a response with an unexpected id: 7736
Warning: received a response with an unexpected id: 7730
Warning: received a response with an unexpected id: 7727
Warning: received a response with an unexpected id: 7740
Warning: received a response with an unexpected id: 7725
Warning: received a response with an unexpected id: 7731
Warning: received a response with an unexpected id: 7744
Warning: received a response with an unexpected id: 7769
Warning: received a response with an unexpected id: 7777
Warning: received a response with an unexpected id: 7783
Warning: received a response with an unexpected id: 7794
Warning: received a response with an unexpected id: 7799
Warning: received a response with an unexpected id: 7789
Warning: received a response with an unexpected id: 8068
Warning: received a response with an unexpected id: 8087
Warning: received a response with an unexpected id: 8066
Warning: received a response with an unexpected id: 8065
Warning: received a response with an unexpected id: 8076
Warning: received a response with an unexpected id: 8093
Warning: received a response with an unexpected id: 8097
Warning: received a response with an unexpected id: 8085
Warning: received a response with an unexpected id: 8092
Warning: received a response with an unexpected id: 8096
Warning: received a response with an unexpected id: 8116
Warning: received a response with an unexpected id: 8112
Warning: received a response with an unexpected id: 8077
Warning: received a response with an unexpected id: 8079
Warning: received a response with an unexpected id: 8090
Warning: received a response with an unexpected id: 8106
Warning: received a response with an unexpected id: 8126
Warning: received a response with an unexpected id: 8130
Warning: received a response with an unexpected id: 8080
Warning: received a response with an unexpected id: 8400
Warning: received a response with an unexpected id: 8406
Warning: received a response with an unexpected id: 8406
Warning: received a response with an unexpected id: 8388
Warning: received a response with an unexpected id: 8403
Warning: received a response with an unexpected id: 8402
Warning: received a response with an unexpected id: 8411
Warning: received a response with an unexpected id: 8413
Warning: received a response with an unexpected id: 8389
Warning: received a response with an unexpected id: 8407
Warning: received a response with an unexpected id: 8421
Warning: received a response with an unexpected id: 8417
Warning: received a response with an unexpected id: 8548
Warning: received a response with an unexpected id: 8562
Warning: received a response with an unexpected id: 8579
Warning: received a response with an unexpected id: 8718
Warning: received a response with an unexpected id: 8826
Warning: received a response with an unexpected id: 8733
Warning: received a response with an unexpected id: 8810
Warning: received a response with an unexpected id: 8834
Warning: received a response with an unexpected id: 8836
Warning: received a response with an unexpected id: 8830
Warning: received a response with an unexpected id: 8835
Warning: received a response with an unexpected id: 8834
Warning: received a response with an unexpected id: 33280
Warning: received a response with an unexpected id: 9339
Warning: received a response with an unexpected id: 9278
Warning: received a response with an unexpected id: 9353
Warning: received a response with an unexpected id: 9346
[Status] Waiting for more responses
[Status] Testing complete

Statistics:

  Queries sent:         756249
  Queries completed:    752359
  Queries lost:         3890
  Response codes:       NOERROR 472240 (62.77%), SERVFAIL 61762 (8.21%), NXDOMAIN 218356 (29.02%), NOTIMP 1 (0.00%)

  Run time (s):         622.642108
  Maximum throughput:   11722.000000 qps
  Lost at that point:   1.30%

  Connection attempts:  79 (79 successful, 100.00%)

DNS-over-HTTPS statistics:

  HTTP/2 return codes:  200: 752522

