DNS Resolution Performance Testing Tool
Version 2.14.0

[Status] Command line: resperf -P 20250620-0726.gnuplot -M doh -s 79.127.218.224 -O doh-uri=https://protective.joindns4.eu/dns-query -d domains_shuffled.list -C 50 -m 1400 -b 1400 -q 500000 -R -r 10 -c 300 -t 30 -F 0
[Status] Sending
[Status] Ramp-up done, sending constant traffic
Warning: received a response with an unexpected id: 1698
Warning: received a response with an unexpected id: 1696
Warning: received a response with an unexpected id: 1714
Warning: received a response with an unexpected id: 1707
Warning: received a response with an unexpected id: 1717
Warning: received a response with an unexpected id: 1758
Warning: received a response with an unexpected id: 2108
Warning: received a response with an unexpected id: 2109
Warning: received a response with an unexpected id: 2125
Warning: received a response with an unexpected id: 2142
Warning: received a response with an unexpected id: 2135
Warning: received a response with an unexpected id: 2145
Warning: received a response with an unexpected id: 2143
Warning: received a response with an unexpected id: 2140
Warning: received a response with an unexpected id: 2159
Warning: received a response with an unexpected id: 2137
Warning: received a response with an unexpected id: 2139
Warning: received a response with an unexpected id: 2141
Warning: received a response with an unexpected id: 2156
Warning: received a response with an unexpected id: 2097
Warning: received a response with an unexpected id: 2146
Warning: received a response with an unexpected id: 2136
Warning: received a response with an unexpected id: 2149
Warning: received a response with an unexpected id: 2167
Warning: received a response with an unexpected id: 2158
Warning: received a response with an unexpected id: 2114
Warning: received a response with an unexpected id: 2159
Warning: received a response with an unexpected id: 2154
Warning: received a response with an unexpected id: 2162
Warning: received a response with an unexpected id: 2161
Warning: received a response with an unexpected id: 2131
Warning: received a response with an unexpected id: 2160
Warning: received a response with an unexpected id: 2169
Warning: received a response with an unexpected id: 2166
Warning: received a response with an unexpected id: 2159
Warning: received a response with an unexpected id: 2148
Warning: received a response with an unexpected id: 2139
Warning: received a response with an unexpected id: 2166
Warning: received a response with an unexpected id: 2175
Warning: received a response with an unexpected id: 2144
Warning: received a response with an unexpected id: 2142
Warning: received a response with an unexpected id: 2160
Warning: received a response with an unexpected id: 2138
Warning: received a response with an unexpected id: 2126
Warning: received a response with an unexpected id: 2147
Warning: received a response with an unexpected id: 2098
Warning: received a response with an unexpected id: 2173
Warning: received a response with an unexpected id: 2171
Warning: received a response with an unexpected id: 2176
Warning: received a response with an unexpected id: 2164
Warning: received a response with an unexpected id: 2124
Warning: received a response with an unexpected id: 2156
Warning: received a response with an unexpected id: 2157
Warning: received a response with an unexpected id: 2106
Warning: received a response with an unexpected id: 2177
Warning: received a response with an unexpected id: 2161
Warning: received a response with an unexpected id: 2112
Warning: received a response with an unexpected id: 2123
Warning: received a response with an unexpected id: 2187
Warning: received a response with an unexpected id: 2164
Warning: received a response with an unexpected id: 2179
Warning: received a response with an unexpected id: 2129
Warning: received a response with an unexpected id: 2333
Warning: received a response with an unexpected id: 2310
Warning: received a response with an unexpected id: 2311
Warning: received a response with an unexpected id: 2320
Warning: received a response with an unexpected id: 2277
Warning: received a response with an unexpected id: 2115
Warning: received a response with an unexpected id: 2181
Warning: received a response with an unexpected id: 2182
Warning: received a response with an unexpected id: 2341
Warning: received a response with an unexpected id: 2283
Warning: received a response with an unexpected id: 2285
Warning: received a response with an unexpected id: 2251
Warning: received a response with an unexpected id: 2279
Warning: received a response with an unexpected id: 2280
Warning: received a response with an unexpected id: 2324
Warning: received a response with an unexpected id: 2328
Warning: received a response with an unexpected id: 2349
Warning: received a response with an unexpected id: 2155
Warning: received a response with an unexpected id: 2240
Warning: received a response with an unexpected id: 2289
Warning: received a response with an unexpected id: 2225
Warning: received a response with an unexpected id: 2228
Warning: received a response with an unexpected id: 2229
Warning: received a response with an unexpected id: 2184
Warning: received a response with an unexpected id: 2200
Warning: received a response with an unexpected id: 2201
Warning: received a response with an unexpected id: 2202
Warning: received a response with an unexpected id: 2236
Warning: received a response with an unexpected id: 2294
Warning: received a response with an unexpected id: 2214
Warning: received a response with an unexpected id: 2215
Warning: received a response with an unexpected id: 2217
Warning: received a response with an unexpected id: 2222
Warning: received a response with an unexpected id: 2178
Warning: received a response with an unexpected id: 2189
Warning: received a response with an unexpected id: 2206
Warning: received a response with an unexpected id: 2245
Warning: received a response with an unexpected id: 2249
Warning: received a response with an unexpected id: 2198
Warning: received a response with an unexpected id: 2256
Warning: received a response with an unexpected id: 2257
Warning: received a response with an unexpected id: 2261
Warning: received a response with an unexpected id: 2267
Warning: received a response with an unexpected id: 2272
Warning: received a response with an unexpected id: 2282
Warning: received a response with an unexpected id: 2287
Warning: received a response with an unexpected id: 2168
Warning: received a response with an unexpected id: 2172
Warning: received a response with an unexpected id: 2337
Warning: received a response with an unexpected id: 2125
Warning: received a response with an unexpected id: 2211
Warning: received a response with an unexpected id: 2188
Warning: received a response with an unexpected id: 2213
Warning: received a response with an unexpected id: 2250
Warning: received a response with an unexpected id: 2355
Warning: received a response with an unexpected id: 2265
Warning: received a response with an unexpected id: 2172
Warning: received a response with an unexpected id: 2282
Warning: received a response with an unexpected id: 2261
Warning: received a response with an unexpected id: 2327
Warning: received a response with an unexpected id: 2356
Warning: received a response with an unexpected id: 2304
Warning: received a response with an unexpected id: 2339
Warning: received a response with an unexpected id: 2262
Warning: received a response with an unexpected id: 2303
Warning: received a response with an unexpected id: 2164
Warning: received a response with an unexpected id: 2200
Warning: received a response with an unexpected id: 30470
Warning: received a response with an unexpected id: 2290
Warning: received a response with an unexpected id: 2292
Warning: received a response with an unexpected id: 2269
Warning: received a response with an unexpected id: 2276
Warning: received a response with an unexpected id: 2277
Warning: received a response with an unexpected id: 2282
Warning: received a response with an unexpected id: 2284
Warning: received a response with an unexpected id: 2305
Warning: received a response with an unexpected id: 2308
Warning: received a response with an unexpected id: 2326
Warning: received a response with an unexpected id: 2338
Warning: received a response with an unexpected id: 2353
Warning: received a response with an unexpected id: 2354
Warning: received a response with an unexpected id: 2357
Warning: received a response with an unexpected id: 2099
Warning: received a response with an unexpected id: 2152
Warning: received a response with an unexpected id: 2150
Warning: received a response with an unexpected id: 2140
Warning: received a response with an unexpected id: 2146
Warning: received a response with an unexpected id: 2128
Warning: received a response with an unexpected id: 2349
Warning: received a response with an unexpected id: 2133
Warning: received a response with an unexpected id: 2110
Warning: received a response with an unexpected id: 2101
Warning: received a response with an unexpected id: 2105
Warning: received a response with an unexpected id: 2170
Warning: received a response with an unexpected id: 2352
Warning: received a response with an unexpected id: 2281
Warning: received a response with an unexpected id: 2280
Warning: received a response with an unexpected id: 2253
Warning: received a response with an unexpected id: 2306
Warning: received a response with an unexpected id: 2294
Warning: received a response with an unexpected id: 2340
Warning: received a response with an unexpected id: 2267
Warning: received a response with an unexpected id: 2348
Warning: received a response with an unexpected id: 2290
Warning: received a response with an unexpected id: 2370
Warning: received a response with an unexpected id: 2295
Warning: received a response with an unexpected id: 2307
Warning: received a response with an unexpected id: 2368
Warning: received a response with an unexpected id: 2317
Warning: received a response with an unexpected id: 2367
Warning: received a response with an unexpected id: 2380
Warning: received a response with an unexpected id: 2370
Warning: received a response with an unexpected id: 2325
Warning: received a response with an unexpected id: 2271
Warning: received a response with an unexpected id: 2327
Warning: received a response with an unexpected id: 2234
Warning: received a response with an unexpected id: 2263
Warning: received a response with an unexpected id: 2365
Warning: received a response with an unexpected id: 2343
Warning: received a response with an unexpected id: 2373
Warning: received a response with an unexpected id: 2376
Warning: received a response with an unexpected id: 2384
Warning: received a response with an unexpected id: 2389
Warning: received a response with an unexpected id: 2390
Warning: received a response with an unexpected id: 2364
Warning: received a response with an unexpected id: 2391
Warning: received a response with an unexpected id: 2367
Warning: received a response with an unexpected id: 2373
Warning: received a response with an unexpected id: 2381
Warning: received a response with an unexpected id: 2398
Warning: received a response with an unexpected id: 2370
Warning: received a response with an unexpected id: 2134
Warning: received a response with an unexpected id: 2296
Warning: received a response with an unexpected id: 2369
Warning: received a response with an unexpected id: 2383
Warning: received a response with an unexpected id: 2380
Warning: received a response with an unexpected id: 2375
Warning: received a response with an unexpected id: 2402
Warning: received a response with an unexpected id: 2409
Warning: received a response with an unexpected id: 2408
Warning: received a response with an unexpected id: 2400
Warning: received a response with an unexpected id: 2395
Warning: received a response with an unexpected id: 2394
Warning: received a response with an unexpected id: 2368
Warning: received a response with an unexpected id: 2357
Warning: received a response with an unexpected id: 2410
Warning: received a response with an unexpected id: 2358
Warning: received a response with an unexpected id: 2391
Warning: received a response with an unexpected id: 2361
Warning: received a response with an unexpected id: 2356
Warning: received a response with an unexpected id: 2433
Warning: received a response with an unexpected id: 2285
Warning: received a response with an unexpected id: 2362
Warning: received a response with an unexpected id: 2447
Warning: received a response with an unexpected id: 2358
Warning: received a response with an unexpected id: 2257
Warning: received a response with an unexpected id: 2388
Warning: received a response with an unexpected id: 2227
Warning: received a response with an unexpected id: 2350
Warning: received a response with an unexpected id: 2213
Warning: received a response with an unexpected id: 2347
Warning: received a response with an unexpected id: 2274
Warning: received a response with an unexpected id: 2384
Warning: received a response with an unexpected id: 2283
Warning: received a response with an unexpected id: 2302
Warning: received a response with an unexpected id: 2264
Warning: received a response with an unexpected id: 2332
Warning: received a response with an unexpected id: 2320
Warning: received a response with an unexpected id: 2323
Warning: received a response with an unexpected id: 2296
Warning: received a response with an unexpected id: 2322
Warning: received a response with an unexpected id: 2314
Warning: received a response with an unexpected id: 2393
Warning: received a response with an unexpected id: 12598
Warning: received a response with an unexpected id: 2347
Warning: received a response with an unexpected id: 2329
Warning: received a response with an unexpected id: 2428
Warning: received a response with an unexpected id: 2126
Warning: received a response with an unexpected id: 2418
Warning: received a response with an unexpected id: 2366
Warning: received a response with an unexpected id: 2450
Warning: received a response with an unexpected id: 2250
Warning: received a response with an unexpected id: 2431
Warning: received a response with an unexpected id: 2210
Warning: received a response with an unexpected id: 2254
Warning: received a response with an unexpected id: 2242
Warning: received a response with an unexpected id: 2267
Warning: received a response with an unexpected id: 2364
Warning: received a response with an unexpected id: 2375
Warning: received a response with an unexpected id: 2241
Warning: received a response with an unexpected id: 2129
Warning: received a response with an unexpected id: 2187
Warning: received a response with an unexpected id: 2436
Warning: received a response with an unexpected id: 2422
Warning: received a response with an unexpected id: 2143
Warning: received a response with an unexpected id: 2403
Warning: received a response with an unexpected id: 2317
Warning: received a response with an unexpected id: 2373
Warning: received a response with an unexpected id: 2337
Warning: received a response with an unexpected id: 2323
Warning: received a response with an unexpected id: 2409
Warning: received a response with an unexpected id: 2255
Warning: received a response with an unexpected id: 2442
Warning: received a response with an unexpected id: 2322
Warning: received a response with an unexpected id: 2140
Warning: received a response with an unexpected id: 2416
Warning: received a response with an unexpected id: 2163
Warning: received a response with an unexpected id: 2220
Warning: received a response with an unexpected id: 2183
Warning: received a response with an unexpected id: 2247
Warning: received a response with an unexpected id: 2284
Warning: received a response with an unexpected id: 2228
Warning: received a response with an unexpected id: 2122
Warning: received a response with an unexpected id: 2177
Warning: received a response with an unexpected id: 2457
Warning: received a response with an unexpected id: 2464
Warning: received a response with an unexpected id: 2454
Warning: received a response with an unexpected id: 2468
Warning: received a response with an unexpected id: 2517
Warning: received a response with an unexpected id: 2482
Warning: received a response with an unexpected id: 2509
Warning: received a response with an unexpected id: 2548
Warning: received a response with an unexpected id: 2498
Warning: received a response with an unexpected id: 2575
Warning: received a response with an unexpected id: 2579
Warning: received a response with an unexpected id: 2757
Warning: received a response with an unexpected id: 84
Warning: received a response with an unexpected id: 29188
Warning: received a response with an unexpected id: 0
Warning: received a response with an unexpected id: 2659
Warning: received a response with an unexpected id: 256
Error: failed to receive packet: Bad file descriptor
