DNS Resolution Performance Testing Tool
Version 2.14.0

[Status] Command line: resperf -P 20250620-0826.gnuplot -M doh -s 79.127.218.224 -O doh-uri=https://protective.joindns4.eu/dns-query -d domains_shuffled.list -C 50 -m 1300 -b 1400 -q 500000 -R -r 10 -c 300 -t 30 -F 0
[Status] Sending
[Status] Ramp-up done, sending constant traffic
Warning: received a response with an unexpected id: 2531
Warning: received a response with an unexpected id: 2550
Warning: received a response with an unexpected id: 2901
Warning: received a response with an unexpected id: 2912
Warning: received a response with an unexpected id: 2909
Warning: received a response with an unexpected id: 2925
Warning: received a response with an unexpected id: 2918
Warning: received a response with an unexpected id: 2908
Warning: received a response with an unexpected id: 2916
Warning: received a response with an unexpected id: 2922
Warning: received a response with an unexpected id: 2931
Warning: received a response with an unexpected id: 4109
Warning: received a response with an unexpected id: 4871
[Status] Waiting for more responses
[Status] Testing complete

Statistics:

  Queries sent:         396499
  Queries completed:    396046
  Queries lost:         453
  Response codes:       NOERROR 250332 (63.21%), SERVFAIL 29752 (7.51%), NXDOMAIN 115962 (29.28%)

  Run time (s):         326.910965
  Maximum throughput:   7718.000000 qps
  Lost at that point:   0.00%

  Connection attempts:  64 (63 successful, 98.44%)

DNS-over-HTTPS statistics:

  HTTP/2 return codes:  200: 396059

