DNS Resolution Performance Testing Tool
Version 2.14.0

[Status] Command line: resperf -P 20250620-0726.gnuplot -M doh -s 79.127.218.224 -O doh-uri=https://protective.joindns4.eu/dns-query -d domains_shuffled.list -C 50 -m 1400 -b 1400 -q 500000 -R -r 10 -c 300 -t 30 -F 0
[Status] Sending
[Status] Ramp-up done, sending constant traffic
Warning: received a response with an unexpected id: 2053
Warning: received a response with an unexpected id: 2050
Warning: received a response with an unexpected id: 2064
Warning: received a response with an unexpected id: 2044
Warning: received a response with an unexpected id: 2039
Warning: received a response with an unexpected id: 2063
Warning: received a response with an unexpected id: 2062
Warning: received a response with an unexpected id: 2064
Warning: received a response with an unexpected id: 2088
Warning: received a response with an unexpected id: 2090
Warning: received a response with an unexpected id: 2066
Warning: received a response with an unexpected id: 2089
Warning: received a response with an unexpected id: 2095
Warning: received a response with an unexpected id: 2080
Warning: received a response with an unexpected id: 2071
Warning: received a response with an unexpected id: 2057
Warning: received a response with an unexpected id: 2040
Warning: received a response with an unexpected id: 2062
Warning: received a response with an unexpected id: 2097
Warning: received a response with an unexpected id: 2045
Warning: received a response with an unexpected id: 2046
Warning: received a response with an unexpected id: 2096
Warning: received a response with an unexpected id: 2102
Warning: received a response with an unexpected id: 2061
Warning: received a response with an unexpected id: 2030
Warning: received a response with an unexpected id: 2054
Warning: received a response with an unexpected id: 2118
Warning: received a response with an unexpected id: 2104
Warning: received a response with an unexpected id: 2068
Warning: received a response with an unexpected id: 2075
Warning: received a response with an unexpected id: 2078
Warning: received a response with an unexpected id: 2085
Warning: received a response with an unexpected id: 2105
Warning: received a response with an unexpected id: 2123
Warning: received a response with an unexpected id: 2089
Warning: received a response with an unexpected id: 2074
Warning: received a response with an unexpected id: 2077
Warning: received a response with an unexpected id: 2092
Warning: received a response with an unexpected id: 2100
Warning: received a response with an unexpected id: 2101
Warning: received a response with an unexpected id: 2104
Warning: received a response with an unexpected id: 2106
Warning: received a response with an unexpected id: 2111
Warning: received a response with an unexpected id: 2120
Warning: received a response with an unexpected id: 2065
Warning: received a response with an unexpected id: 2070
Warning: received a response with an unexpected id: 2071
Warning: received a response with an unexpected id: 2101
Warning: received a response with an unexpected id: 2102
Warning: received a response with an unexpected id: 2112
Warning: received a response with an unexpected id: 2069
Warning: received a response with an unexpected id: 2032
Warning: received a response with an unexpected id: 2065
Warning: received a response with an unexpected id: 2107
Warning: received a response with an unexpected id: 2062
Warning: received a response with an unexpected id: 2126
Warning: received a response with an unexpected id: 2123
Warning: received a response with an unexpected id: 2076
Warning: received a response with an unexpected id: 2129
Warning: received a response with an unexpected id: 2131
Warning: received a response with an unexpected id: 2063
Warning: received a response with an unexpected id: 2065
Warning: received a response with an unexpected id: 2091
Warning: received a response with an unexpected id: 2131
Warning: received a response with an unexpected id: 2120
Warning: received a response with an unexpected id: 2149
Warning: received a response with an unexpected id: 2093
Warning: received a response with an unexpected id: 2132
Warning: received a response with an unexpected id: 2098
Warning: received a response with an unexpected id: 2124
Warning: received a response with an unexpected id: 2155
Warning: received a response with an unexpected id: 2153
Warning: received a response with an unexpected id: 2081
Warning: received a response with an unexpected id: 2159
Warning: received a response with an unexpected id: 2110
Warning: received a response with an unexpected id: 2096
Warning: received a response with an unexpected id: 2083
Warning: received a response with an unexpected id: 2160
Warning: received a response with an unexpected id: 2076
Warning: received a response with an unexpected id: 2152
Warning: received a response with an unexpected id: 2137
Warning: received a response with an unexpected id: 2135
Warning: received a response with an unexpected id: 2083
Warning: received a response with an unexpected id: 2079
Warning: received a response with an unexpected id: 2072
Warning: received a response with an unexpected id: 2162
Warning: received a response with an unexpected id: 2094
Warning: received a response with an unexpected id: 2068
Warning: received a response with an unexpected id: 2119
Warning: received a response with an unexpected id: 2141
Warning: received a response with an unexpected id: 2081
Warning: received a response with an unexpected id: 2077
Warning: received a response with an unexpected id: 2163
Warning: received a response with an unexpected id: 2095
Warning: received a response with an unexpected id: 2115
Warning: received a response with an unexpected id: 2164
Warning: received a response with an unexpected id: 2079
Warning: received a response with an unexpected id: 2176
Warning: received a response with an unexpected id: 2160
Warning: received a response with an unexpected id: 2166
Warning: received a response with an unexpected id: 2155
Warning: received a response with an unexpected id: 2178
Warning: received a response with an unexpected id: 2179
Warning: received a response with an unexpected id: 2185
Warning: received a response with an unexpected id: 2186
Warning: received a response with an unexpected id: 2198
Warning: received a response with an unexpected id: 2180
Warning: received a response with an unexpected id: 2329
Warning: received a response with an unexpected id: 2318
Warning: received a response with an unexpected id: 2322
Warning: received a response with an unexpected id: 2263
Warning: received a response with an unexpected id: 2273
Warning: received a response with an unexpected id: 2324
Warning: received a response with an unexpected id: 2325
Warning: received a response with an unexpected id: 2307
Warning: received a response with an unexpected id: 2298
Warning: received a response with an unexpected id: 2262
Warning: received a response with an unexpected id: 2336
Warning: received a response with an unexpected id: 2291
Warning: received a response with an unexpected id: 2295
Warning: received a response with an unexpected id: 2296
Warning: received a response with an unexpected id: 2345
Warning: received a response with an unexpected id: 2350
Warning: received a response with an unexpected id: 2351
Warning: received a response with an unexpected id: 2355
Warning: received a response with an unexpected id: 2323
Warning: received a response with an unexpected id: 2324
Warning: received a response with an unexpected id: 2268
Warning: received a response with an unexpected id: 2301
Warning: received a response with an unexpected id: 2369
Warning: received a response with an unexpected id: 2363
Warning: received a response with an unexpected id: 2368
Warning: received a response with an unexpected id: 2360
Warning: received a response with an unexpected id: 2365
Warning: received a response with an unexpected id: 2286
Warning: received a response with an unexpected id: 2338
Warning: received a response with an unexpected id: 2358
Warning: received a response with an unexpected id: 2374
Warning: received a response with an unexpected id: 2282
Warning: received a response with an unexpected id: 2270
Warning: received a response with an unexpected id: 2384
Warning: received a response with an unexpected id: 2310
Warning: received a response with an unexpected id: 2315
Warning: received a response with an unexpected id: 2348
Warning: received a response with an unexpected id: 2309
Warning: received a response with an unexpected id: 2339
Warning: received a response with an unexpected id: 2369
Warning: received a response with an unexpected id: 2388
Warning: received a response with an unexpected id: 2394
Warning: received a response with an unexpected id: 2265
Warning: received a response with an unexpected id: 2280
Warning: received a response with an unexpected id: 2374
Warning: received a response with an unexpected id: 2323
Warning: received a response with an unexpected id: 2290
Warning: received a response with an unexpected id: 2276
Warning: received a response with an unexpected id: 2335
Warning: received a response with an unexpected id: 2386
Warning: received a response with an unexpected id: 2356
Warning: received a response with an unexpected id: 2398
Warning: received a response with an unexpected id: 2346
Warning: received a response with an unexpected id: 2395
Warning: received a response with an unexpected id: 2341
Warning: received a response with an unexpected id: 2321
Warning: received a response with an unexpected id: 2279
Warning: received a response with an unexpected id: 2336
Warning: received a response with an unexpected id: 2345
Warning: received a response with an unexpected id: 2364
Warning: received a response with an unexpected id: 2327
Warning: received a response with an unexpected id: 2393
Warning: received a response with an unexpected id: 2378
Warning: received a response with an unexpected id: 2361
Warning: received a response with an unexpected id: 2377
Warning: received a response with an unexpected id: 2347
Warning: received a response with an unexpected id: 2375
Warning: received a response with an unexpected id: 2326
Warning: received a response with an unexpected id: 2321
Warning: received a response with an unexpected id: 2382
Warning: received a response with an unexpected id: 2355
Warning: received a response with an unexpected id: 2353
Warning: received a response with an unexpected id: 2354
Warning: received a response with an unexpected id: 2352
Warning: received a response with an unexpected id: 2397
Warning: received a response with an unexpected id: 2330
Warning: received a response with an unexpected id: 2385
Warning: received a response with an unexpected id: 2308
Warning: received a response with an unexpected id: 2404
Warning: received a response with an unexpected id: 2402
Warning: received a response with an unexpected id: 2403
Warning: received a response with an unexpected id: 2404
Warning: received a response with an unexpected id: 2313
Warning: received a response with an unexpected id: 2356
Warning: received a response with an unexpected id: 2289
Warning: received a response with an unexpected id: 2376
Warning: received a response with an unexpected id: 2371
Warning: received a response with an unexpected id: 2340
Warning: received a response with an unexpected id: 2400
Warning: received a response with an unexpected id: 2384
Warning: received a response with an unexpected id: 2403
Warning: received a response with an unexpected id: 2385
Warning: received a response with an unexpected id: 2387
Warning: received a response with an unexpected id: 2376
Warning: received a response with an unexpected id: 2415
Warning: received a response with an unexpected id: 2416
Warning: received a response with an unexpected id: 2403
Warning: received a response with an unexpected id: 2398
Warning: received a response with an unexpected id: 2417
Warning: received a response with an unexpected id: 2393
Warning: received a response with an unexpected id: 2411
Warning: received a response with an unexpected id: 2417
Warning: received a response with an unexpected id: 2382
Warning: received a response with an unexpected id: 2396
Warning: received a response with an unexpected id: 2370
Warning: received a response with an unexpected id: 2392
Warning: received a response with an unexpected id: 2481
Warning: received a response with an unexpected id: 2577
Warning: received a response with an unexpected id: 2646
Warning: received a response with an unexpected id: 2466
Warning: received a response with an unexpected id: 2474
Warning: received a response with an unexpected id: 2477
Warning: received a response with an unexpected id: 2491
Warning: received a response with an unexpected id: 2493
Warning: received a response with an unexpected id: 2494
Warning: received a response with an unexpected id: 2497
Warning: received a response with an unexpected id: 2506
Warning: received a response with an unexpected id: 2747
Warning: received a response with an unexpected id: 2678
Warning: received a response with an unexpected id: 2606
Warning: received a response with an unexpected id: 2516
Warning: received a response with an unexpected id: 2575
Warning: received a response with an unexpected id: 2517
Warning: received a response with an unexpected id: 2550
Warning: received a response with an unexpected id: 2483
Warning: received a response with an unexpected id: 2587
Warning: received a response with an unexpected id: 2664
Warning: received a response with an unexpected id: 2509
Warning: received a response with an unexpected id: 2621
Warning: received a response with an unexpected id: 2532
Warning: received a response with an unexpected id: 2571
Warning: received a response with an unexpected id: 2546
Warning: received a response with an unexpected id: 2693
Warning: received a response with an unexpected id: 2475
Warning: received a response with an unexpected id: 2566
Warning: received a response with an unexpected id: 2703
Warning: received a response with an unexpected id: 2484
Warning: received a response with an unexpected id: 2744
Warning: received a response with an unexpected id: 2751
Warning: received a response with an unexpected id: 2692
Warning: received a response with an unexpected id: 2682
Warning: received a response with an unexpected id: 2521
Warning: received a response with an unexpected id: 2686
Warning: received a response with an unexpected id: 2512
Warning: received a response with an unexpected id: 2712
Warning: received a response with an unexpected id: 2524
Warning: received a response with an unexpected id: 2698
Warning: received a response with an unexpected id: 2563
Warning: received a response with an unexpected id: 2739
Warning: received a response with an unexpected id: 2611
Warning: received a response with an unexpected id: 2505
Warning: received a response with an unexpected id: 2490
Warning: received a response with an unexpected id: 2584
Warning: received a response with an unexpected id: 2608
Warning: received a response with an unexpected id: 2526
Warning: received a response with an unexpected id: 2501
Warning: received a response with an unexpected id: 2596
Warning: received a response with an unexpected id: 2724
Warning: received a response with an unexpected id: 2625
Warning: received a response with an unexpected id: 2565
Warning: received a response with an unexpected id: 2569
Warning: received a response with an unexpected id: 2535
Warning: received a response with an unexpected id: 2609
Warning: received a response with an unexpected id: 2602
Warning: received a response with an unexpected id: 2549
Warning: received a response with an unexpected id: 2498
Warning: received a response with an unexpected id: 2592
Warning: received a response with an unexpected id: 2482
Warning: received a response with an unexpected id: 2737
Warning: received a response with an unexpected id: 2632
Warning: received a response with an unexpected id: 2704
Warning: received a response with an unexpected id: 2721
Warning: received a response with an unexpected id: 2530
Warning: received a response with an unexpected id: 2667
Warning: received a response with an unexpected id: 2746
Warning: received a response with an unexpected id: 2542
Warning: received a response with an unexpected id: 2676
Warning: received a response with an unexpected id: 2660
Warning: received a response with an unexpected id: 2820
Warning: received a response with an unexpected id: 2819
Warning: received a response with an unexpected id: 2822
Warning: received a response with an unexpected id: 2792
Warning: received a response with an unexpected id: 2827
Warning: received a response with an unexpected id: 2845
Warning: received a response with an unexpected id: 2851
Warning: received a response with an unexpected id: 29188
Warning: received a response with an unexpected id: 0
Error: failed to receive packet: Bad file descriptor
