DNS Resolution Performance Testing Tool
Version 2.14.0

[Status] Command line: resperf -P 20250619-1358.gnuplot -M doh -s 79.127.218.224 -O doh-uri=https://protective.joindns4.eu/dns-query -d domains_shuffled.list -C 500 -m 1000 -b 1400 -q 500000 -R -r 10 -c 20 -t 30 -F 0
[Status] Sending
[Status] Ramp-up done, sending constant traffic
[Status] Waiting for more responses
Warning: received a response with an unexpected id: 41
Warning: received a response with an unexpected id: 49
Warning: received a response with an unexpected id: 49
[Status] Testing complete

Statistics:

  Queries sent:         24999
  Queries completed:    24993
  Queries lost:         6
  Response codes:       NOERROR 16874 (67.51%), SERVFAIL 470 (1.88%), NXDOMAIN 7649 (30.60%)

  Run time (s):         59.972530
  Maximum throughput:   1000.000000 qps
  Lost at that point:   0.00%

  Connection attempts:  936 (536 successful, 57.26%)

DNS-over-HTTPS statistics:

  HTTP/2 return codes:  200: 24996

