DNS Resolution Performance Testing Tool
Version 2.14.0

[Status] Command line: resperf -P 20250620-0959.gnuplot -M doh -s 79.127.218.224 -O doh-uri=https://protective.joindns4.eu/dns-query -d domains_shuffled.list -C 50 -m 1300 -b 1400 -q 1000000 -R -r 10 -c 600 -t 30 -F 0
[Status] Sending
[Status] Ramp-up done, sending constant traffic
Warning: received a response with an unexpected id: 4370
Warning: received a response with an unexpected id: 4367
Warning: received a response with an unexpected id: 4393
Warning: received a response with an unexpected id: 4368
Warning: received a response with an unexpected id: 4385
Warning: received a response with an unexpected id: 4534
Warning: received a response with an unexpected id: 4779
Warning: received a response with an unexpected id: 4772
Warning: received a response with an unexpected id: 4797
Warning: received a response with an unexpected id: 4787
Warning: received a response with an unexpected id: 4800
Warning: received a response with an unexpected id: 4791
Warning: received a response with an unexpected id: 4790
Warning: received a response with an unexpected id: 4786
Warning: received a response with an unexpected id: 4773
Warning: received a response with an unexpected id: 4782
Warning: received a response with an unexpected id: 4791
Warning: received a response with an unexpected id: 4786
Warning: received a response with an unexpected id: 4776
Warning: received a response with an unexpected id: 5073
Warning: received a response with an unexpected id: 5243
Warning: received a response with an unexpected id: 5249
Warning: received a response with an unexpected id: 5245
Warning: received a response with an unexpected id: 5252
Warning: received a response with an unexpected id: 5275
Warning: received a response with an unexpected id: 5264
Warning: received a response with an unexpected id: 5646
Warning: received a response with an unexpected id: 5662
Warning: received a response with an unexpected id: 5655
Warning: received a response with an unexpected id: 5685
Warning: received a response with an unexpected id: 5656
Warning: received a response with an unexpected id: 5695
Warning: received a response with an unexpected id: 5691
Warning: received a response with an unexpected id: 5677
Warning: received a response with an unexpected id: 5696
Warning: received a response with an unexpected id: 5768
Warning: received a response with an unexpected id: 6407
Warning: received a response with an unexpected id: 6396
Warning: received a response with an unexpected id: 1
Warning: received a response with an unexpected id: 7167
Warning: received a response with an unexpected id: 9866
Warning: nghttp2_session_send failed: The user callback function failed
[Status] Waiting for more responses
[Status] Testing complete

Statistics:

  Queries sent:         786499
  Queries completed:    785073
  Queries lost:         1426
  Response codes:       NOERROR 494058 (62.93%), SERVFAIL 60849 (7.75%), NXDOMAIN 230166 (29.32%)

  Run time (s):         622.568437
  Maximum throughput:   6560.000000 qps
  Lost at that point:   0.00%

  Connection attempts:  72 (72 successful, 100.00%)

DNS-over-HTTPS statistics:

  HTTP/2 return codes:  200: 785114

