DNS Resolution Performance Testing Tool
Version 2.14.0

[Status] Command line: resperf -P 20250620-1115.gnuplot -M doh -s 79.127.218.224 -O doh-uri=https://protective.joindns4.eu/dns-query -d domains_shuffled.list -C 50 -m 1250 -b 1400 -q 1000000 -R -r 10 -c 600 -t 30 -F 0
[Status] Sending
[Status] Ramp-up done, sending constant traffic
Warning: received a response with an unexpected id: 1791
Warning: received a response with an unexpected id: 1805
Warning: received a response with an unexpected id: 1817
Warning: received a response with an unexpected id: 1822
Warning: received a response with an unexpected id: 1820
Warning: received a response with an unexpected id: 1793
Warning: received a response with an unexpected id: 1827
Warning: received a response with an unexpected id: 1804
Warning: received a response with an unexpected id: 1794
Warning: received a response with an unexpected id: 1820
Warning: received a response with an unexpected id: 1810
Warning: received a response with an unexpected id: 1798
Warning: received a response with an unexpected id: 1805
Warning: received a response with an unexpected id: 1953
Warning: received a response with an unexpected id: 1973
Warning: received a response with an unexpected id: 1941
Warning: received a response with an unexpected id: 1938
Warning: received a response with an unexpected id: 1958
Warning: received a response with an unexpected id: 1923
Warning: received a response with an unexpected id: 1951
Warning: received a response with an unexpected id: 1928
Warning: received a response with an unexpected id: 1999
Warning: received a response with an unexpected id: 1988
Warning: received a response with an unexpected id: 1932
Warning: received a response with an unexpected id: 2004
Warning: received a response with an unexpected id: 1992
Warning: received a response with an unexpected id: 1948
Warning: received a response with an unexpected id: 1990
Warning: received a response with an unexpected id: 1982
Warning: received a response with an unexpected id: 1991
Warning: received a response with an unexpected id: 1950
Warning: received a response with an unexpected id: 1933
Warning: received a response with an unexpected id: 1943
Warning: received a response with an unexpected id: 1963
Warning: received a response with an unexpected id: 1987
Warning: received a response with an unexpected id: 2000
Warning: received a response with an unexpected id: 1978
Warning: received a response with an unexpected id: 1971
Warning: received a response with an unexpected id: 2002
Warning: received a response with an unexpected id: 1998
Warning: received a response with an unexpected id: 2012
Warning: received a response with an unexpected id: 1937
Warning: received a response with an unexpected id: 1925
Warning: received a response with an unexpected id: 2011
Warning: received a response with an unexpected id: 1968
Warning: received a response with an unexpected id: 1947
Warning: received a response with an unexpected id: 1935
Warning: received a response with an unexpected id: 1972
Warning: received a response with an unexpected id: 2013
Warning: received a response with an unexpected id: 1976
Warning: received a response with an unexpected id: 1957
Warning: received a response with an unexpected id: 1967
Warning: received a response with an unexpected id: 1926
Warning: received a response with an unexpected id: 1997
Warning: received a response with an unexpected id: 2128
Warning: received a response with an unexpected id: 2057
Warning: received a response with an unexpected id: 2087
Warning: received a response with an unexpected id: 2093
Warning: received a response with an unexpected id: 2112
Warning: received a response with an unexpected id: 2088
Warning: received a response with an unexpected id: 2074
Warning: received a response with an unexpected id: 2063
Warning: received a response with an unexpected id: 2097
Warning: received a response with an unexpected id: 2110
Warning: received a response with an unexpected id: 2127
Warning: received a response with an unexpected id: 2081
Warning: received a response with an unexpected id: 2487
Warning: received a response with an unexpected id: 2501
Warning: received a response with an unexpected id: 2479
Warning: received a response with an unexpected id: 2688
Warning: received a response with an unexpected id: 2687
Warning: received a response with an unexpected id: 2684
Warning: received a response with an unexpected id: 2670
Warning: received a response with an unexpected id: 2662
Warning: received a response with an unexpected id: 2659
Warning: received a response with an unexpected id: 2663
Warning: received a response with an unexpected id: 2680
Warning: received a response with an unexpected id: 2686
Warning: received a response with an unexpected id: 2686
Warning: received a response with an unexpected id: 2692
Warning: received a response with an unexpected id: 2700
Warning: received a response with an unexpected id: 2709
Warning: received a response with an unexpected id: 2679
Warning: received a response with an unexpected id: 2706
Warning: received a response with an unexpected id: 2718
Warning: received a response with an unexpected id: 2665
Warning: received a response with an unexpected id: 2713
Warning: received a response with an unexpected id: 2696
Warning: received a response with an unexpected id: 2664
Warning: received a response with an unexpected id: 2702
Warning: received a response with an unexpected id: 2651
Warning: received a response with an unexpected id: 2714
Warning: received a response with an unexpected id: 2707
Warning: received a response with an unexpected id: 2674
Warning: received a response with an unexpected id: 2709
Warning: received a response with an unexpected id: 2678
Warning: received a response with an unexpected id: 2676
Warning: received a response with an unexpected id: 2710
Warning: received a response with an unexpected id: 2682
Warning: received a response with an unexpected id: 2724
Warning: received a response with an unexpected id: 2715
Warning: received a response with an unexpected id: 2683
Warning: received a response with an unexpected id: 2680
Warning: received a response with an unexpected id: 2703
Warning: received a response with an unexpected id: 2916
Warning: received a response with an unexpected id: 2917
Warning: received a response with an unexpected id: 2928
Warning: received a response with an unexpected id: 2944
Warning: received a response with an unexpected id: 3142
Warning: received a response with an unexpected id: 3147
Warning: received a response with an unexpected id: 4525
Warning: received a response with an unexpected id: 5103
Warning: received a response with an unexpected id: 7076
Warning: received a response with an unexpected id: 7082
Warning: received a response with an unexpected id: 7091
Warning: received a response with an unexpected id: 7222
Warning: received a response with an unexpected id: 7232
Warning: received a response with an unexpected id: 7226
Warning: received a response with an unexpected id: 7250
Warning: received a response with an unexpected id: 7216
Warning: received a response with an unexpected id: 7230
Warning: received a response with an unexpected id: 7256
Warning: received a response with an unexpected id: 7231
Warning: received a response with an unexpected id: 7746
Warning: received a response with an unexpected id: 7749
Warning: received a response with an unexpected id: 7776
Warning: received a response with an unexpected id: 7791
Warning: received a response with an unexpected id: 7793
Warning: received a response with an unexpected id: 7802
Warning: received a response with an unexpected id: 8038
Warning: received a response with an unexpected id: 8113
Warning: received a response with an unexpected id: 8065
Warning: received a response with an unexpected id: 8126
Warning: received a response with an unexpected id: 8060
Warning: received a response with an unexpected id: 8054
Warning: received a response with an unexpected id: 8035
Warning: received a response with an unexpected id: 0
Warning: received a response with an unexpected id: 8044
Warning: received a response with an unexpected id: 8045
Warning: received a response with an unexpected id: 8145
Warning: received a response with an unexpected id: 8158
Warning: received a response with an unexpected id: 8141
Warning: received a response with an unexpected id: 8156
Warning: received a response with an unexpected id: 8268
Warning: received a response with an unexpected id: 8232
Warning: received a response with an unexpected id: 8218
Warning: received a response with an unexpected id: 8244
Warning: received a response with an unexpected id: 8265
Warning: received a response with an unexpected id: 8178
Warning: received a response with an unexpected id: 8321
Warning: received a response with an unexpected id: 8720
Warning: received a response with an unexpected id: 8688
Warning: received a response with an unexpected id: 8706
Warning: received a response with an unexpected id: 8837
Warning: received a response with an unexpected id: 8778
Warning: received a response with an unexpected id: 8802
Warning: received a response with an unexpected id: 8842
Warning: received a response with an unexpected id: 8865
Warning: received a response with an unexpected id: 2162
Warning: received a response with an unexpected id: 9414
Warning: received a response with an unexpected id: 9372
Warning: received a response with an unexpected id: 9330
Warning: received a response with an unexpected id: 9396
Warning: received a response with an unexpected id: 9404
Warning: received a response with an unexpected id: 9656
Warning: received a response with an unexpected id: 26990
Warning: received a response with an unexpected id: 33154
[Status] Waiting for more responses
[Status] Testing complete

Statistics:

  Queries sent:         756249
  Queries completed:    754076
  Queries lost:         2173
  Response codes:       NOERROR 468975 (62.19%), SERVFAIL 67112 (8.90%), NXDOMAIN 217988 (28.91%), rcode14 1 (0.00%)

  Run time (s):         620.527579
  Maximum throughput:   15376.000000 qps
  Lost at that point:   0.08%

  Connection attempts:  64 (62 successful, 96.88%)

DNS-over-HTTPS statistics:

  HTTP/2 return codes:  200: 754243

