DNS Resolution Performance Testing Tool
Version 2.14.0

[Status] Command line: resperf -P 20250620-1045.gnuplot -M doh -s 79.127.218.224 -O doh-uri=https://protective.joindns4.eu/dns-query -d domains_shuffled.list -C 50 -m 1300 -b 1400 -q 1000000 -R -r 10 -c 300 -t 30 -F 0
[Status] Sending
[Status] Ramp-up done, sending constant traffic
Warning: received a response with an unexpected id: 3566
Warning: received a response with an unexpected id: 5392
[Status] Waiting for more responses
[Status] Testing complete

Statistics:

  Queries sent:         396499
  Queries completed:    396497
  Queries lost:         2
  Response codes:       NOERROR 250657 (63.22%), SERVFAIL 29163 (7.36%), NXDOMAIN 116677 (29.43%)

  Run time (s):         327.172534
  Maximum throughput:   1300.000000 qps
  Lost at that point:   0.00%

  Connection attempts:  70 (70 successful, 100.00%)

DNS-over-HTTPS statistics:

  HTTP/2 return codes:  200: 396499

