DNS Resolution Performance Testing Tool
Version 2.14.0

[Status] Command line: resperf -P 20250620-0716.gnuplot -M doh -s 79.127.218.224 -O doh-uri=https://protective.joindns4.eu/dns-query -d domains_shuffled.list -C 100 -m 1400 -b 1400 -q 500000 -R -r 10 -c 300 -t 30 -F 0
[Status] Sending
[Status] Ramp-up done, sending constant traffic
Warning: received a response with an unexpected id: 800
Warning: received a response with an unexpected id: 821
Warning: received a response with an unexpected id: 804
Warning: received a response with an unexpected id: 810
Warning: received a response with an unexpected id: 816
Warning: received a response with an unexpected id: 819
Warning: received a response with an unexpected id: 808
Warning: received a response with an unexpected id: 801
Warning: received a response with an unexpected id: 840
Warning: received a response with an unexpected id: 814
Warning: received a response with an unexpected id: 850
Warning: received a response with an unexpected id: 857
Warning: received a response with an unexpected id: 842
Warning: received a response with an unexpected id: 851
Warning: received a response with an unexpected id: 867
Warning: received a response with an unexpected id: 869
Warning: received a response with an unexpected id: 877
Warning: received a response with an unexpected id: 844
Warning: received a response with an unexpected id: 872
Warning: received a response with an unexpected id: 854
Warning: received a response with an unexpected id: 869
Warning: received a response with an unexpected id: 867
Warning: received a response with an unexpected id: 862
Warning: received a response with an unexpected id: 866
Warning: received a response with an unexpected id: 877
Warning: received a response with an unexpected id: 867
Warning: received a response with an unexpected id: 869
Warning: received a response with an unexpected id: 874
Warning: received a response with an unexpected id: 856
Warning: received a response with an unexpected id: 877
Warning: received a response with an unexpected id: 868
Warning: received a response with an unexpected id: 870
Warning: received a response with an unexpected id: 882
Warning: received a response with an unexpected id: 863
Warning: received a response with an unexpected id: 879
Warning: received a response with an unexpected id: 854
Warning: received a response with an unexpected id: 876
Warning: received a response with an unexpected id: 882
Warning: received a response with an unexpected id: 865
Warning: received a response with an unexpected id: 861
Warning: received a response with an unexpected id: 873
Warning: received a response with an unexpected id: 880
Warning: received a response with an unexpected id: 885
Warning: received a response with an unexpected id: 879
Warning: received a response with an unexpected id: 878
Warning: received a response with an unexpected id: 875
Warning: received a response with an unexpected id: 864
Warning: received a response with an unexpected id: 858
Warning: received a response with an unexpected id: 847
Warning: received a response with an unexpected id: 870
Warning: received a response with an unexpected id: 891
Warning: received a response with an unexpected id: 885
Warning: received a response with an unexpected id: 888
Warning: received a response with an unexpected id: 881
Warning: received a response with an unexpected id: 882
Warning: received a response with an unexpected id: 849
Warning: received a response with an unexpected id: 850
Warning: received a response with an unexpected id: 854
Warning: received a response with an unexpected id: 855
Warning: received a response with an unexpected id: 857
Warning: received a response with an unexpected id: 888
Warning: received a response with an unexpected id: 876
Warning: received a response with an unexpected id: 858
Warning: received a response with an unexpected id: 859
Warning: received a response with an unexpected id: 860
Warning: received a response with an unexpected id: 863
Warning: received a response with an unexpected id: 864
Warning: received a response with an unexpected id: 867
Warning: received a response with an unexpected id: 868
Warning: received a response with an unexpected id: 869
Warning: received a response with an unexpected id: 870
Warning: received a response with an unexpected id: 874
Warning: received a response with an unexpected id: 876
Warning: received a response with an unexpected id: 878
Warning: received a response with an unexpected id: 885
Warning: received a response with an unexpected id: 886
Warning: received a response with an unexpected id: 889
Warning: received a response with an unexpected id: 890
Warning: received a response with an unexpected id: 891
Warning: received a response with an unexpected id: 894
Warning: received a response with an unexpected id: 893
Warning: received a response with an unexpected id: 863
Warning: received a response with an unexpected id: 862
Warning: received a response with an unexpected id: 849
Warning: received a response with an unexpected id: 880
Warning: received a response with an unexpected id: 889
Warning: received a response with an unexpected id: 845
Warning: received a response with an unexpected id: 846
Warning: received a response with an unexpected id: 847
Warning: received a response with an unexpected id: 848
Warning: received a response with an unexpected id: 850
Warning: received a response with an unexpected id: 851
Warning: received a response with an unexpected id: 854
Warning: received a response with an unexpected id: 863
Warning: received a response with an unexpected id: 855
Warning: received a response with an unexpected id: 859
Warning: received a response with an unexpected id: 860
Warning: received a response with an unexpected id: 868
Warning: received a response with an unexpected id: 869
Warning: received a response with an unexpected id: 872
Warning: received a response with an unexpected id: 873
Warning: received a response with an unexpected id: 881
Warning: received a response with an unexpected id: 882
Warning: received a response with an unexpected id: 883
Warning: received a response with an unexpected id: 884
Warning: received a response with an unexpected id: 886
Warning: received a response with an unexpected id: 889
Warning: received a response with an unexpected id: 890
Warning: received a response with an unexpected id: 892
Warning: received a response with an unexpected id: 895
Warning: received a response with an unexpected id: 896
Warning: received a response with an unexpected id: 897
Warning: received a response with an unexpected id: 867
Warning: received a response with an unexpected id: 870
Warning: received a response with an unexpected id: 865
Warning: received a response with an unexpected id: 868
Warning: received a response with an unexpected id: 872
Warning: received a response with an unexpected id: 873
Warning: received a response with an unexpected id: 874
Warning: received a response with an unexpected id: 877
Warning: received a response with an unexpected id: 879
Warning: received a response with an unexpected id: 882
Warning: received a response with an unexpected id: 885
Warning: received a response with an unexpected id: 891
Warning: received a response with an unexpected id: 892
Warning: received a response with an unexpected id: 895
Warning: received a response with an unexpected id: 898
Warning: received a response with an unexpected id: 900
Warning: received a response with an unexpected id: 901
Warning: received a response with an unexpected id: 902
Warning: received a response with an unexpected id: 904
Warning: received a response with an unexpected id: 864
Warning: received a response with an unexpected id: 874
Warning: received a response with an unexpected id: 866
Warning: received a response with an unexpected id: 880
Warning: received a response with an unexpected id: 868
Warning: received a response with an unexpected id: 853
Warning: received a response with an unexpected id: 884
Warning: received a response with an unexpected id: 885
Warning: received a response with an unexpected id: 892
Warning: received a response with an unexpected id: 902
Warning: received a response with an unexpected id: 861
Warning: received a response with an unexpected id: 894
Warning: received a response with an unexpected id: 890
Warning: received a response with an unexpected id: 908
Warning: received a response with an unexpected id: 869
Warning: received a response with an unexpected id: 897
Warning: received a response with an unexpected id: 848
Warning: received a response with an unexpected id: 931
Warning: received a response with an unexpected id: 939
Warning: received a response with an unexpected id: 937
Warning: received a response with an unexpected id: 945
Warning: received a response with an unexpected id: 929
Warning: received a response with an unexpected id: 951
Warning: received a response with an unexpected id: 952
Warning: received a response with an unexpected id: 948
Warning: received a response with an unexpected id: 944
Warning: received a response with an unexpected id: 949
Warning: received a response with an unexpected id: 956
Warning: received a response with an unexpected id: 951
Warning: received a response with an unexpected id: 962
Warning: received a response with an unexpected id: 952
Warning: received a response with an unexpected id: 946
Warning: received a response with an unexpected id: 958
Warning: received a response with an unexpected id: 964
Warning: received a response with an unexpected id: 950
Warning: received a response with an unexpected id: 928
Warning: received a response with an unexpected id: 987
Warning: received a response with an unexpected id: 943
Warning: received a response with an unexpected id: 997
Warning: received a response with an unexpected id: 954
Warning: received a response with an unexpected id: 979
Warning: received a response with an unexpected id: 991
Warning: received a response with an unexpected id: 934
Warning: received a response with an unexpected id: 963
Warning: received a response with an unexpected id: 970
Warning: received a response with an unexpected id: 995
Warning: received a response with an unexpected id: 1001
Warning: received a response with an unexpected id: 940
Warning: received a response with an unexpected id: 1022
Warning: received a response with an unexpected id: 1016
Warning: received a response with an unexpected id: 1024
Warning: received a response with an unexpected id: 1030
Warning: received a response with an unexpected id: 953
Warning: received a response with an unexpected id: 970
Warning: received a response with an unexpected id: 997
Warning: received a response with an unexpected id: 1012
Warning: received a response with an unexpected id: 969
Warning: received a response with an unexpected id: 985
Warning: received a response with an unexpected id: 1000
Warning: received a response with an unexpected id: 1016
Warning: received a response with an unexpected id: 973
Warning: received a response with an unexpected id: 979
Warning: received a response with an unexpected id: 1028
Warning: received a response with an unexpected id: 1026
Warning: received a response with an unexpected id: 949
Warning: received a response with an unexpected id: 1037
Warning: received a response with an unexpected id: 967
Warning: received a response with an unexpected id: 993
Warning: received a response with an unexpected id: 1021
Warning: received a response with an unexpected id: 1025
Warning: received a response with an unexpected id: 1036
Warning: received a response with an unexpected id: 1028
Warning: received a response with an unexpected id: 945
Warning: received a response with an unexpected id: 952
Warning: received a response with an unexpected id: 984
Warning: received a response with an unexpected id: 1010
Warning: received a response with an unexpected id: 1034
Warning: received a response with an unexpected id: 959
Warning: received a response with an unexpected id: 1018
Warning: received a response with an unexpected id: 1024
Warning: received a response with an unexpected id: 1024
Warning: received a response with an unexpected id: 1032
Warning: received a response with an unexpected id: 1038
Warning: received a response with an unexpected id: 1041
Warning: received a response with an unexpected id: 955
Warning: received a response with an unexpected id: 1011
Warning: received a response with an unexpected id: 1041
Warning: received a response with an unexpected id: 1020
Warning: received a response with an unexpected id: 1030
Warning: received a response with an unexpected id: 1036
Warning: received a response with an unexpected id: 935
Warning: received a response with an unexpected id: 1036
Warning: received a response with an unexpected id: 1040
Warning: received a response with an unexpected id: 1020
Warning: received a response with an unexpected id: 1037
Warning: received a response with an unexpected id: 964
Warning: received a response with an unexpected id: 1002
Warning: received a response with an unexpected id: 1019
Warning: received a response with an unexpected id: 974
Warning: received a response with an unexpected id: 981
Warning: received a response with an unexpected id: 998
Warning: received a response with an unexpected id: 1031
Warning: received a response with an unexpected id: 1003
Warning: received a response with an unexpected id: 1036
Warning: received a response with an unexpected id: 1034
Warning: received a response with an unexpected id: 1035
Warning: received a response with an unexpected id: 948
Warning: received a response with an unexpected id: 954
Warning: received a response with an unexpected id: 983
Warning: received a response with an unexpected id: 1032
Warning: received a response with an unexpected id: 978
Warning: received a response with an unexpected id: 1013
Warning: received a response with an unexpected id: 1017
Warning: received a response with an unexpected id: 956
Warning: received a response with an unexpected id: 1019
Warning: received a response with an unexpected id: 1044
Warning: received a response with an unexpected id: 1042
Warning: received a response with an unexpected id: 1027
Warning: received a response with an unexpected id: 1040
Warning: received a response with an unexpected id: 1040
Warning: received a response with an unexpected id: 1026
Warning: received a response with an unexpected id: 1014
Warning: received a response with an unexpected id: 1015
Warning: received a response with an unexpected id: 1019
Warning: received a response with an unexpected id: 1011
Warning: received a response with an unexpected id: 944
Warning: received a response with an unexpected id: 945
Warning: received a response with an unexpected id: 1038
Warning: received a response with an unexpected id: 947
Warning: received a response with an unexpected id: 956
Warning: received a response with an unexpected id: 961
Warning: received a response with an unexpected id: 962
Warning: received a response with an unexpected id: 969
Warning: received a response with an unexpected id: 977
Warning: received a response with an unexpected id: 983
Warning: received a response with an unexpected id: 1002
Warning: received a response with an unexpected id: 1004
Warning: received a response with an unexpected id: 1026
Warning: received a response with an unexpected id: 1041
Warning: received a response with an unexpected id: 1012
Warning: received a response with an unexpected id: 1023
Warning: received a response with an unexpected id: 1024
Warning: received a response with an unexpected id: 1031
Warning: received a response with an unexpected id: 1037
Warning: received a response with an unexpected id: 1038
Warning: received a response with an unexpected id: 1044
Warning: received a response with an unexpected id: 1046
Warning: received a response with an unexpected id: 992
Warning: received a response with an unexpected id: 1022
Warning: received a response with an unexpected id: 1043
Warning: received a response with an unexpected id: 1041
Warning: received a response with an unexpected id: 1042
Warning: received a response with an unexpected id: 1049
Warning: received a response with an unexpected id: 1047
Warning: received a response with an unexpected id: 1033
Warning: received a response with an unexpected id: 946
Warning: received a response with an unexpected id: 1003
Warning: received a response with an unexpected id: 1014
Warning: received a response with an unexpected id: 1019
Warning: received a response with an unexpected id: 1050
Warning: received a response with an unexpected id: 1027
Warning: received a response with an unexpected id: 971
Warning: received a response with an unexpected id: 1005
Warning: received a response with an unexpected id: 1007
Warning: received a response with an unexpected id: 995
Warning: received a response with an unexpected id: 1007
Warning: received a response with an unexpected id: 993
Warning: received a response with an unexpected id: 1039
Warning: received a response with an unexpected id: 1044
Warning: received a response with an unexpected id: 1051
Warning: received a response with an unexpected id: 944
Warning: received a response with an unexpected id: 991
Warning: received a response with an unexpected id: 1035
Warning: received a response with an unexpected id: 964
Warning: received a response with an unexpected id: 1011
Warning: received a response with an unexpected id: 1016
Warning: received a response with an unexpected id: 951
Warning: received a response with an unexpected id: 990
Warning: received a response with an unexpected id: 1028
Warning: received a response with an unexpected id: 980
Warning: received a response with an unexpected id: 1025
Warning: received a response with an unexpected id: 989
Warning: received a response with an unexpected id: 1034
Warning: received a response with an unexpected id: 1000
Warning: received a response with an unexpected id: 962
Warning: received a response with an unexpected id: 1042
Warning: received a response with an unexpected id: 1012
Warning: received a response with an unexpected id: 968
Warning: received a response with an unexpected id: 1052
Warning: received a response with an unexpected id: 946
Warning: received a response with an unexpected id: 1042
Warning: received a response with an unexpected id: 1028
Warning: received a response with an unexpected id: 1015
Warning: received a response with an unexpected id: 1017
Warning: received a response with an unexpected id: 1026
Warning: received a response with an unexpected id: 999
Warning: received a response with an unexpected id: 1031
Warning: received a response with an unexpected id: 1052
Warning: received a response with an unexpected id: 942
Warning: received a response with an unexpected id: 966
Warning: received a response with an unexpected id: 973
Warning: received a response with an unexpected id: 1051
Warning: received a response with an unexpected id: 972
Warning: received a response with an unexpected id: 985
Warning: received a response with an unexpected id: 1020
Warning: received a response with an unexpected id: 949
Warning: received a response with an unexpected id: 975
Warning: received a response with an unexpected id: 1058
Warning: received a response with an unexpected id: 1041
Warning: received a response with an unexpected id: 1040
Warning: received a response with an unexpected id: 1027
Warning: received a response with an unexpected id: 1001
Warning: received a response with an unexpected id: 1033
Warning: received a response with an unexpected id: 1002
Warning: received a response with an unexpected id: 1009
Warning: received a response with an unexpected id: 1029
Warning: received a response with an unexpected id: 1042
Warning: received a response with an unexpected id: 1044
Warning: received a response with an unexpected id: 1030
Warning: received a response with an unexpected id: 1020
Warning: received a response with an unexpected id: 1037
Warning: received a response with an unexpected id: 1035
Warning: received a response with an unexpected id: 1045
Warning: received a response with an unexpected id: 1047
Warning: received a response with an unexpected id: 1039
Warning: received a response with an unexpected id: 1031
Warning: received a response with an unexpected id: 1044
Warning: received a response with an unexpected id: 1033
Warning: received a response with an unexpected id: 1050
Warning: received a response with an unexpected id: 991
Warning: received a response with an unexpected id: 961
Warning: received a response with an unexpected id: 989
Warning: received a response with an unexpected id: 1018
Warning: received a response with an unexpected id: 1022
Warning: received a response with an unexpected id: 1060
Warning: received a response with an unexpected id: 1063
Warning: received a response with an unexpected id: 1059
Warning: received a response with an unexpected id: 1045
Warning: received a response with an unexpected id: 1042
Warning: received a response with an unexpected id: 1065
Warning: received a response with an unexpected id: 1036
Warning: received a response with an unexpected id: 1041
Warning: received a response with an unexpected id: 1027
Warning: received a response with an unexpected id: 1026
Warning: received a response with an unexpected id: 1035
Warning: received a response with an unexpected id: 1059
Warning: received a response with an unexpected id: 1041
Warning: received a response with an unexpected id: 1034
Warning: received a response with an unexpected id: 1063
Warning: received a response with an unexpected id: 1054
Warning: received a response with an unexpected id: 1059
Warning: received a response with an unexpected id: 1065
Warning: received a response with an unexpected id: 1058
Warning: received a response with an unexpected id: 1040
Warning: received a response with an unexpected id: 1038
Warning: received a response with an unexpected id: 1072
Warning: received a response with an unexpected id: 1064
Warning: received a response with an unexpected id: 1053
Warning: received a response with an unexpected id: 1064
Warning: received a response with an unexpected id: 1068
Warning: received a response with an unexpected id: 1047
Warning: received a response with an unexpected id: 1056
Warning: received a response with an unexpected id: 1059
Warning: received a response with an unexpected id: 1030
Warning: received a response with an unexpected id: 1067
Warning: received a response with an unexpected id: 1036
Warning: received a response with an unexpected id: 1063
Warning: received a response with an unexpected id: 1057
Warning: received a response with an unexpected id: 1049
Warning: received a response with an unexpected id: 1060
Warning: received a response with an unexpected id: 1039
Warning: received a response with an unexpected id: 1035
Warning: received a response with an unexpected id: 1048
Warning: received a response with an unexpected id: 1053
Warning: received a response with an unexpected id: 1057
Warning: received a response with an unexpected id: 1073
Warning: received a response with an unexpected id: 1064
Warning: received a response with an unexpected id: 1053
Warning: received a response with an unexpected id: 1042
Warning: received a response with an unexpected id: 1038
Warning: received a response with an unexpected id: 1033
Warning: received a response with an unexpected id: 1025
Warning: received a response with an unexpected id: 1075
Warning: received a response with an unexpected id: 1067
Warning: received a response with an unexpected id: 1037
Warning: received a response with an unexpected id: 1031
Warning: received a response with an unexpected id: 1032
Warning: received a response with an unexpected id: 1047
Warning: received a response with an unexpected id: 1039
Warning: received a response with an unexpected id: 1075
Warning: received a response with an unexpected id: 1067
Warning: received a response with an unexpected id: 1080
Warning: received a response with an unexpected id: 1050
Warning: received a response with an unexpected id: 1039
Warning: received a response with an unexpected id: 1074
Warning: received a response with an unexpected id: 1082
Warning: received a response with an unexpected id: 1045
Warning: received a response with an unexpected id: 1077
Warning: received a response with an unexpected id: 1059
Warning: received a response with an unexpected id: 1067
Warning: received a response with an unexpected id: 1077
Warning: received a response with an unexpected id: 1036
Warning: received a response with an unexpected id: 1070
Warning: received a response with an unexpected id: 1060
Warning: received a response with an unexpected id: 1061
Warning: received a response with an unexpected id: 1069
Warning: received a response with an unexpected id: 1062
Warning: received a response with an unexpected id: 1066
Warning: received a response with an unexpected id: 1050
Warning: received a response with an unexpected id: 1051
Warning: received a response with an unexpected id: 1065
Warning: received a response with an unexpected id: 1057
Warning: received a response with an unexpected id: 1072
Warning: received a response with an unexpected id: 1067
Warning: received a response with an unexpected id: 1058
Warning: received a response with an unexpected id: 1081
Warning: received a response with an unexpected id: 1037
Warning: received a response with an unexpected id: 1058
Warning: received a response with an unexpected id: 1033
Warning: received a response with an unexpected id: 1069
Warning: received a response with an unexpected id: 1070
Warning: received a response with an unexpected id: 1074
Warning: received a response with an unexpected id: 1078
Warning: received a response with an unexpected id: 1082
Warning: received a response with an unexpected id: 1035
Warning: received a response with an unexpected id: 1042
Warning: received a response with an unexpected id: 1048
Warning: received a response with an unexpected id: 1049
Warning: received a response with an unexpected id: 1055
Warning: received a response with an unexpected id: 1063
Warning: received a response with an unexpected id: 1066
Warning: received a response with an unexpected id: 1074
Warning: received a response with an unexpected id: 1081
Warning: received a response with an unexpected id: 1082
Warning: received a response with an unexpected id: 1083
Warning: received a response with an unexpected id: 1085
Warning: received a response with an unexpected id: 1045
Warning: received a response with an unexpected id: 1048
Warning: received a response with an unexpected id: 1049
Warning: received a response with an unexpected id: 1074
Warning: received a response with an unexpected id: 1078
Warning: received a response with an unexpected id: 1040
Warning: received a response with an unexpected id: 1056
Warning: received a response with an unexpected id: 1064
Warning: received a response with an unexpected id: 1085
Warning: received a response with an unexpected id: 1086
Warning: received a response with an unexpected id: 1052
Warning: received a response with an unexpected id: 1087
Warning: received a response with an unexpected id: 1089
Warning: received a response with an unexpected id: 1071
Warning: received a response with an unexpected id: 1060
Warning: received a response with an unexpected id: 1099
Warning: received a response with an unexpected id: 1088
Warning: received a response with an unexpected id: 1085
Warning: received a response with an unexpected id: 1103
Warning: received a response with an unexpected id: 1081
Warning: received a response with an unexpected id: 1084
Warning: received a response with an unexpected id: 1096
Warning: received a response with an unexpected id: 1098
Warning: received a response with an unexpected id: 1084
Warning: received a response with an unexpected id: 1083
Warning: received a response with an unexpected id: 1088
Warning: received a response with an unexpected id: 1119
Warning: received a response with an unexpected id: 1115
Warning: received a response with an unexpected id: 1039
Warning: received a response with an unexpected id: 1110
Warning: received a response with an unexpected id: 1134
Warning: received a response with an unexpected id: 1099
Warning: received a response with an unexpected id: 1074
Warning: received a response with an unexpected id: 1101
Warning: received a response with an unexpected id: 1065
Warning: received a response with an unexpected id: 1069
Warning: received a response with an unexpected id: 1108
Warning: received a response with an unexpected id: 1137
Warning: received a response with an unexpected id: 1083
Warning: received a response with an unexpected id: 1092
Warning: received a response with an unexpected id: 1125
Warning: received a response with an unexpected id: 1066
Warning: received a response with an unexpected id: 1065
Warning: received a response with an unexpected id: 1062
Warning: received a response with an unexpected id: 1149
Warning: received a response with an unexpected id: 1107
Warning: received a response with an unexpected id: 1127
Warning: received a response with an unexpected id: 1145
Warning: received a response with an unexpected id: 1153
Warning: received a response with an unexpected id: 1108
Warning: received a response with an unexpected id: 1130
Warning: received a response with an unexpected id: 1129
Warning: received a response with an unexpected id: 1090
Warning: received a response with an unexpected id: 1117
Warning: received a response with an unexpected id: 1169
Warning: received a response with an unexpected id: 1171
Warning: received a response with an unexpected id: 1160
Warning: received a response with an unexpected id: 1074
Warning: received a response with an unexpected id: 1171
Warning: received a response with an unexpected id: 1173
Warning: received a response with an unexpected id: 1146
Warning: received a response with an unexpected id: 1166
Warning: received a response with an unexpected id: 1176
Warning: received a response with an unexpected id: 1170
Warning: received a response with an unexpected id: 1172
Warning: received a response with an unexpected id: 1170
Warning: received a response with an unexpected id: 1169
Warning: received a response with an unexpected id: 1162
Warning: received a response with an unexpected id: 1171
Warning: received a response with an unexpected id: 1114
Warning: received a response with an unexpected id: 1125
Warning: received a response with an unexpected id: 1157
Warning: received a response with an unexpected id: 1153
Warning: received a response with an unexpected id: 1133
Warning: received a response with an unexpected id: 1132
Warning: received a response with an unexpected id: 1148
Warning: received a response with an unexpected id: 1174
Warning: received a response with an unexpected id: 1062
Warning: received a response with an unexpected id: 1143
Warning: received a response with an unexpected id: 1136
Warning: received a response with an unexpected id: 1181
Warning: received a response with an unexpected id: 1182
Warning: received a response with an unexpected id: 1118
Warning: received a response with an unexpected id: 1172
Warning: received a response with an unexpected id: 1139
Warning: received a response with an unexpected id: 1109
Warning: received a response with an unexpected id: 1037
Warning: received a response with an unexpected id: 1135
Warning: received a response with an unexpected id: 1089
Warning: received a response with an unexpected id: 1168
Warning: received a response with an unexpected id: 1173
Warning: received a response with an unexpected id: 1181
Warning: received a response with an unexpected id: 1173
Warning: received a response with an unexpected id: 1142
Warning: received a response with an unexpected id: 1093
Warning: received a response with an unexpected id: 1148
Warning: received a response with an unexpected id: 1112
Warning: received a response with an unexpected id: 1184
Warning: received a response with an unexpected id: 1064
Warning: received a response with an unexpected id: 1050
Warning: received a response with an unexpected id: 1109
Warning: received a response with an unexpected id: 1114
Warning: received a response with an unexpected id: 1178
Warning: received a response with an unexpected id: 1144
Warning: received a response with an unexpected id: 1118
Warning: received a response with an unexpected id: 1120
Warning: received a response with an unexpected id: 1121
Warning: received a response with an unexpected id: 1130
Warning: received a response with an unexpected id: 1147
Warning: received a response with an unexpected id: 1150
Warning: received a response with an unexpected id: 1046
Warning: received a response with an unexpected id: 1168
Warning: received a response with an unexpected id: 1169
Warning: received a response with an unexpected id: 1170
Warning: received a response with an unexpected id: 1109
Warning: received a response with an unexpected id: 1034
Warning: received a response with an unexpected id: 1181
Warning: received a response with an unexpected id: 1100
Warning: received a response with an unexpected id: 1044
Warning: received a response with an unexpected id: 1076
Warning: received a response with an unexpected id: 1036
Warning: received a response with an unexpected id: 1070
Warning: received a response with an unexpected id: 1105
Warning: received a response with an unexpected id: 1159
Warning: received a response with an unexpected id: 1180
Warning: received a response with an unexpected id: 1151
Warning: received a response with an unexpected id: 1061
Warning: received a response with an unexpected id: 1139
Warning: received a response with an unexpected id: 1043
Warning: received a response with an unexpected id: 1166
Warning: received a response with an unexpected id: 1159
Warning: received a response with an unexpected id: 1144
Warning: received a response with an unexpected id: 1155
Warning: received a response with an unexpected id: 1065
Warning: received a response with an unexpected id: 1154
Warning: received a response with an unexpected id: 1165
Warning: received a response with an unexpected id: 1162
Warning: received a response with an unexpected id: 1082
Warning: received a response with an unexpected id: 1107
Warning: received a response with an unexpected id: 1158
Warning: received a response with an unexpected id: 1098
Warning: received a response with an unexpected id: 1071
Warning: received a response with an unexpected id: 1137
Warning: received a response with an unexpected id: 1148
Warning: received a response with an unexpected id: 1112
Warning: received a response with an unexpected id: 1095
Warning: received a response with an unexpected id: 1141
Warning: received a response with an unexpected id: 1134
Warning: received a response with an unexpected id: 1164
Warning: received a response with an unexpected id: 1169
Warning: received a response with an unexpected id: 1177
Warning: received a response with an unexpected id: 1158
Warning: received a response with an unexpected id: 1119
Warning: received a response with an unexpected id: 1071
Warning: received a response with an unexpected id: 1147
Warning: received a response with an unexpected id: 1135
Warning: received a response with an unexpected id: 1137
Warning: received a response with an unexpected id: 1180
Warning: received a response with an unexpected id: 1175
Warning: received a response with an unexpected id: 1129
Warning: received a response with an unexpected id: 1064
Warning: received a response with an unexpected id: 1079
Warning: received a response with an unexpected id: 1081
Warning: received a response with an unexpected id: 1084
Warning: received a response with an unexpected id: 1092
Warning: received a response with an unexpected id: 1121
Warning: received a response with an unexpected id: 1123
Warning: received a response with an unexpected id: 1126
Warning: received a response with an unexpected id: 1137
Warning: received a response with an unexpected id: 1141
Warning: received a response with an unexpected id: 1095
Warning: received a response with an unexpected id: 1099
Warning: received a response with an unexpected id: 1104
Warning: received a response with an unexpected id: 1117
Warning: received a response with an unexpected id: 1118
Warning: received a response with an unexpected id: 1133
Warning: received a response with an unexpected id: 1141
Warning: received a response with an unexpected id: 1146
Warning: received a response with an unexpected id: 1154
Warning: received a response with an unexpected id: 1162
Warning: received a response with an unexpected id: 1170
Warning: received a response with an unexpected id: 1176
Warning: received a response with an unexpected id: 1185
Warning: received a response with an unexpected id: 1066
Warning: received a response with an unexpected id: 1075
Warning: received a response with an unexpected id: 1082
Warning: received a response with an unexpected id: 1097
Warning: received a response with an unexpected id: 1098
Warning: received a response with an unexpected id: 1105
Warning: received a response with an unexpected id: 1114
Warning: received a response with an unexpected id: 1119
Warning: received a response with an unexpected id: 1123
Warning: received a response with an unexpected id: 1127
Warning: received a response with an unexpected id: 1184
Warning: received a response with an unexpected id: 1190
Warning: received a response with an unexpected id: 1126
Warning: received a response with an unexpected id: 1138
Warning: received a response with an unexpected id: 1140
Warning: received a response with an unexpected id: 1151
Warning: received a response with an unexpected id: 1165
Warning: received a response with an unexpected id: 1125
Warning: received a response with an unexpected id: 1129
Warning: received a response with an unexpected id: 1133
Warning: received a response with an unexpected id: 1191
Warning: received a response with an unexpected id: 1144
Warning: received a response with an unexpected id: 1166
Warning: received a response with an unexpected id: 1175
Warning: received a response with an unexpected id: 1179
Warning: received a response with an unexpected id: 1163
Warning: received a response with an unexpected id: 1164
Warning: received a response with an unexpected id: 1166
Warning: received a response with an unexpected id: 1169
Warning: received a response with an unexpected id: 1171
Warning: received a response with an unexpected id: 1174
Warning: received a response with an unexpected id: 1182
Warning: received a response with an unexpected id: 1187
Warning: received a response with an unexpected id: 1190
Warning: received a response with an unexpected id: 1193
Warning: received a response with an unexpected id: 1100
Warning: received a response with an unexpected id: 1127
Warning: received a response with an unexpected id: 1137
Warning: received a response with an unexpected id: 1134
Warning: received a response with an unexpected id: 1135
Warning: received a response with an unexpected id: 1137
Warning: received a response with an unexpected id: 1145
Warning: received a response with an unexpected id: 1149
Warning: received a response with an unexpected id: 1166
Warning: received a response with an unexpected id: 1175
Warning: received a response with an unexpected id: 1177
Warning: received a response with an unexpected id: 1178
Warning: received a response with an unexpected id: 1183
Warning: received a response with an unexpected id: 1187
Warning: received a response with an unexpected id: 1189
Warning: received a response with an unexpected id: 1182
Warning: received a response with an unexpected id: 1147
Warning: received a response with an unexpected id: 1192
Warning: received a response with an unexpected id: 1178
Warning: received a response with an unexpected id: 1193
Warning: received a response with an unexpected id: 1153
Warning: received a response with an unexpected id: 1164
Warning: received a response with an unexpected id: 1165
Warning: received a response with an unexpected id: 1186
Warning: received a response with an unexpected id: 1187
Warning: received a response with an unexpected id: 1155
Warning: received a response with an unexpected id: 1063
Warning: received a response with an unexpected id: 1144
Warning: received a response with an unexpected id: 1189
Warning: received a response with an unexpected id: 1129
Warning: received a response with an unexpected id: 1181
Warning: received a response with an unexpected id: 1188
Warning: received a response with an unexpected id: 1187
Warning: received a response with an unexpected id: 1190
Warning: received a response with an unexpected id: 1184
Warning: received a response with an unexpected id: 1198
Warning: received a response with an unexpected id: 1193
Warning: received a response with an unexpected id: 1165
Warning: received a response with an unexpected id: 1199
Warning: received a response with an unexpected id: 1160
Warning: received a response with an unexpected id: 1151
Warning: received a response with an unexpected id: 1192
Warning: received a response with an unexpected id: 1184
Warning: received a response with an unexpected id: 1108
Warning: received a response with an unexpected id: 1101
Warning: received a response with an unexpected id: 1099
Warning: received a response with an unexpected id: 1118
Warning: received a response with an unexpected id: 1134
Warning: received a response with an unexpected id: 1109
Warning: received a response with an unexpected id: 1160
Warning: received a response with an unexpected id: 1078
Warning: received a response with an unexpected id: 1167
Warning: received a response with an unexpected id: 1138
Warning: received a response with an unexpected id: 1194
Warning: received a response with an unexpected id: 1144
Warning: received a response with an unexpected id: 1185
Warning: received a response with an unexpected id: 1101
Warning: received a response with an unexpected id: 1189
Warning: received a response with an unexpected id: 1180
Warning: received a response with an unexpected id: 1186
Warning: received a response with an unexpected id: 1163
Warning: received a response with an unexpected id: 1116
Warning: received a response with an unexpected id: 1206
Warning: received a response with an unexpected id: 1174
Warning: received a response with an unexpected id: 1217
Warning: received a response with an unexpected id: 1117
Warning: received a response with an unexpected id: 1175
Warning: received a response with an unexpected id: 1185
Warning: received a response with an unexpected id: 1186
Warning: received a response with an unexpected id: 1132
Warning: received a response with an unexpected id: 1182
Warning: received a response with an unexpected id: 1218
Warning: received a response with an unexpected id: 1139
Warning: received a response with an unexpected id: 1128
Warning: received a response with an unexpected id: 1113
Warning: received a response with an unexpected id: 1120
Warning: received a response with an unexpected id: 1234
Warning: received a response with an unexpected id: 1221
Warning: received a response with an unexpected id: 1212
Warning: received a response with an unexpected id: 1111
Warning: received a response with an unexpected id: 1210
Warning: received a response with an unexpected id: 1073
Warning: received a response with an unexpected id: 1128
Warning: received a response with an unexpected id: 1247
Warning: received a response with an unexpected id: 1206
Warning: received a response with an unexpected id: 1227
Warning: nghttp2_session_send failed: The user callback function failed
Warning: received a response with an unexpected id: 1116
Warning: received a response with an unexpected id: 1089
Warning: received a response with an unexpected id: 1178
Warning: received a response with an unexpected id: 1165
Warning: received a response with an unexpected id: 1250
Warning: received a response with an unexpected id: 1189
Warning: received a response with an unexpected id: 1194
Warning: received a response with an unexpected id: 1155
Warning: received a response with an unexpected id: 1107
Warning: received a response with an unexpected id: 1188
Warning: received a response with an unexpected id: 1259
Warning: received a response with an unexpected id: 1148
Warning: received a response with an unexpected id: 1132
Warning: received a response with an unexpected id: 1232
Warning: received a response with an unexpected id: 1215
Warning: received a response with an unexpected id: 1153
Warning: received a response with an unexpected id: 1119
Warning: received a response with an unexpected id: 1124
Warning: received a response with an unexpected id: 1125
Warning: received a response with an unexpected id: 1134
Warning: received a response with an unexpected id: 1265
Warning: received a response with an unexpected id: 1135
Warning: received a response with an unexpected id: 1158
Warning: received a response with an unexpected id: 1159
Warning: received a response with an unexpected id: 1160
Warning: received a response with an unexpected id: 1177
Warning: received a response with an unexpected id: 1179
Warning: received a response with an unexpected id: 1184
Warning: received a response with an unexpected id: 1232
Warning: received a response with an unexpected id: 1205
Warning: received a response with an unexpected id: 1273
Warning: received a response with an unexpected id: 1278
Warning: received a response with an unexpected id: 1273
Warning: received a response with an unexpected id: 1266
Warning: received a response with an unexpected id: 1270
Warning: received a response with an unexpected id: 1262
Warning: received a response with an unexpected id: 1279
Warning: received a response with an unexpected id: 1268
Warning: received a response with an unexpected id: 1272
Warning: received a response with an unexpected id: 1277
Warning: received a response with an unexpected id: 1233
Warning: received a response with an unexpected id: 1232
Warning: received a response with an unexpected id: 1280
Warning: received a response with an unexpected id: 1281
Warning: received a response with an unexpected id: 1281
Warning: received a response with an unexpected id: 1263
Warning: received a response with an unexpected id: 1274
Warning: received a response with an unexpected id: 1156
Warning: received a response with an unexpected id: 1265
Warning: received a response with an unexpected id: 1252
Warning: received a response with an unexpected id: 1273
Warning: received a response with an unexpected id: 1219
Warning: received a response with an unexpected id: 1269
Warning: received a response with an unexpected id: 1226
Warning: received a response with an unexpected id: 1259
Warning: received a response with an unexpected id: 1240
Warning: received a response with an unexpected id: 1270
Warning: received a response with an unexpected id: 1272
Warning: received a response with an unexpected id: 1265
Warning: received a response with an unexpected id: 1274
Warning: received a response with an unexpected id: 1283
Warning: received a response with an unexpected id: 1264
Warning: received a response with an unexpected id: 1279
Warning: received a response with an unexpected id: 1217
Warning: received a response with an unexpected id: 1203
Warning: received a response with an unexpected id: 1205
Warning: received a response with an unexpected id: 1235
Warning: received a response with an unexpected id: 1222
Warning: received a response with an unexpected id: 1199
Warning: received a response with an unexpected id: 1281
Warning: received a response with an unexpected id: 1185
Warning: received a response with an unexpected id: 1280
Warning: received a response with an unexpected id: 1278
Warning: received a response with an unexpected id: 1184
Warning: received a response with an unexpected id: 1245
Warning: received a response with an unexpected id: 1217
Warning: received a response with an unexpected id: 1173
Warning: received a response with an unexpected id: 1212
Warning: received a response with an unexpected id: 1165
Warning: received a response with an unexpected id: 1204
Warning: received a response with an unexpected id: 1189
Warning: received a response with an unexpected id: 1169
Warning: received a response with an unexpected id: 1280
Warning: received a response with an unexpected id: 1176
Warning: received a response with an unexpected id: 1193
Warning: received a response with an unexpected id: 1168
Warning: received a response with an unexpected id: 1186
Warning: received a response with an unexpected id: 1172
Warning: received a response with an unexpected id: 1201
Warning: received a response with an unexpected id: 1224
Warning: received a response with an unexpected id: 1228
Warning: received a response with an unexpected id: 1196
Warning: received a response with an unexpected id: 1229
Warning: received a response with an unexpected id: 1200
Warning: received a response with an unexpected id: 1212
Warning: received a response with an unexpected id: 1233
Warning: received a response with an unexpected id: 1284
Warning: received a response with an unexpected id: 1167
Warning: received a response with an unexpected id: 1170
Warning: received a response with an unexpected id: 1216
Warning: received a response with an unexpected id: 1276
Warning: received a response with an unexpected id: 1276
Warning: received a response with an unexpected id: 1280
Warning: received a response with an unexpected id: 1234
Warning: received a response with an unexpected id: 1215
Warning: received a response with an unexpected id: 1275
Warning: received a response with an unexpected id: 1281
Warning: received a response with an unexpected id: 1281
Warning: received a response with an unexpected id: 1261
Warning: received a response with an unexpected id: 1198
Warning: received a response with an unexpected id: 1230
Warning: received a response with an unexpected id: 1272
Warning: received a response with an unexpected id: 1282
Warning: received a response with an unexpected id: 1245
Warning: received a response with an unexpected id: 1271
Warning: received a response with an unexpected id: 1240
Warning: received a response with an unexpected id: 1268
Warning: received a response with an unexpected id: 1289
Warning: received a response with an unexpected id: 1268
Warning: received a response with an unexpected id: 1273
Warning: received a response with an unexpected id: 1274
Warning: received a response with an unexpected id: 1275
Warning: received a response with an unexpected id: 1287
Warning: received a response with an unexpected id: 1278
Warning: received a response with an unexpected id: 1282
Warning: received a response with an unexpected id: 1191
Warning: received a response with an unexpected id: 1148
Warning: received a response with an unexpected id: 1260
Warning: received a response with an unexpected id: 1278
Warning: received a response with an unexpected id: 1237
Warning: received a response with an unexpected id: 1199
Warning: received a response with an unexpected id: 1268
Warning: received a response with an unexpected id: 1283
Warning: received a response with an unexpected id: 1272
Warning: received a response with an unexpected id: 1210
Warning: received a response with an unexpected id: 1277
Warning: received a response with an unexpected id: 1267
Warning: received a response with an unexpected id: 1270
Warning: received a response with an unexpected id: 1212
Warning: received a response with an unexpected id: 1208
Warning: received a response with an unexpected id: 1264
Warning: received a response with an unexpected id: 1257
Warning: received a response with an unexpected id: 1276
Warning: received a response with an unexpected id: 1258
Warning: received a response with an unexpected id: 1259
Warning: received a response with an unexpected id: 1274
Warning: received a response with an unexpected id: 1275
Warning: received a response with an unexpected id: 1243
Warning: received a response with an unexpected id: 1248
Warning: received a response with an unexpected id: 1249
Warning: received a response with an unexpected id: 1242
Warning: received a response with an unexpected id: 1267
Warning: received a response with an unexpected id: 1277
Warning: received a response with an unexpected id: 1286
Warning: received a response with an unexpected id: 1270
Warning: received a response with an unexpected id: 1265
Warning: received a response with an unexpected id: 1278
Warning: received a response with an unexpected id: 1280
Warning: received a response with an unexpected id: 1257
Warning: received a response with an unexpected id: 1281
Warning: received a response with an unexpected id: 1265
Warning: received a response with an unexpected id: 1246
Warning: received a response with an unexpected id: 1172
Warning: received a response with an unexpected id: 1247
Warning: received a response with an unexpected id: 1170
Warning: received a response with an unexpected id: 1127
Warning: received a response with an unexpected id: 1281
Warning: received a response with an unexpected id: 1297
Warning: received a response with an unexpected id: 1277
Warning: received a response with an unexpected id: 1259
Warning: received a response with an unexpected id: 1267
Warning: received a response with an unexpected id: 1285
Warning: received a response with an unexpected id: 1266
Warning: received a response with an unexpected id: 1298
Warning: received a response with an unexpected id: 1326
Warning: received a response with an unexpected id: 1323
Warning: received a response with an unexpected id: 1322
Warning: received a response with an unexpected id: 1326
Warning: received a response with an unexpected id: 1326
Warning: received a response with an unexpected id: 1325
Warning: received a response with an unexpected id: 1323
Warning: received a response with an unexpected id: 1325
Warning: received a response with an unexpected id: 1325
Warning: received a response with an unexpected id: 1322
Warning: received a response with an unexpected id: 1326
Warning: received a response with an unexpected id: 1476
Warning: received a response with an unexpected id: 1447
Warning: received a response with an unexpected id: 1456
Warning: received a response with an unexpected id: 1434
Warning: received a response with an unexpected id: 1428
Warning: received a response with an unexpected id: 1407
Warning: received a response with an unexpected id: 1531
Warning: received a response with an unexpected id: 1473
Warning: received a response with an unexpected id: 1351
Warning: received a response with an unexpected id: 1462
Warning: received a response with an unexpected id: 1383
Warning: received a response with an unexpected id: 1389
Warning: received a response with an unexpected id: 1551
Warning: received a response with an unexpected id: 1505
Warning: received a response with an unexpected id: 1374
Warning: received a response with an unexpected id: 1506
Warning: received a response with an unexpected id: 1522
Warning: received a response with an unexpected id: 1530
Warning: received a response with an unexpected id: 1426
Warning: received a response with an unexpected id: 1437
Warning: received a response with an unexpected id: 1427
Warning: received a response with an unexpected id: 1489
Warning: received a response with an unexpected id: 1436
Warning: received a response with an unexpected id: 1439
Warning: received a response with an unexpected id: 1514
Warning: received a response with an unexpected id: 1479
Warning: received a response with an unexpected id: 1537
Warning: received a response with an unexpected id: 1422
Warning: received a response with an unexpected id: 1523
Warning: received a response with an unexpected id: 1552
Warning: received a response with an unexpected id: 1442
Warning: received a response with an unexpected id: 1536
Warning: received a response with an unexpected id: 1487
Warning: received a response with an unexpected id: 1545
Warning: received a response with an unexpected id: 1553
Warning: received a response with an unexpected id: 1416
Warning: received a response with an unexpected id: 1414
Warning: received a response with an unexpected id: 1430
Warning: received a response with an unexpected id: 1384
Warning: received a response with an unexpected id: 1562
Warning: received a response with an unexpected id: 1391
Warning: received a response with an unexpected id: 1345
Warning: received a response with an unexpected id: 1432
Warning: received a response with an unexpected id: 1371
Warning: received a response with an unexpected id: 1459
Warning: received a response with an unexpected id: 1509
Warning: received a response with an unexpected id: 1375
Warning: received a response with an unexpected id: 1349
Warning: received a response with an unexpected id: 1402
Warning: received a response with an unexpected id: 1562
Warning: received a response with an unexpected id: 1366
Warning: received a response with an unexpected id: 1552
Warning: received a response with an unexpected id: 1332
Warning: received a response with an unexpected id: 1563
Warning: received a response with an unexpected id: 1464
Warning: received a response with an unexpected id: 1366
Warning: received a response with an unexpected id: 1534
Warning: received a response with an unexpected id: 1448
Warning: received a response with an unexpected id: 1356
Warning: received a response with an unexpected id: 1434
Warning: received a response with an unexpected id: 1476
Warning: received a response with an unexpected id: 1500
Warning: received a response with an unexpected id: 1556
Warning: received a response with an unexpected id: 1533
Warning: received a response with an unexpected id: 1498
Warning: received a response with an unexpected id: 1622
Warning: received a response with an unexpected id: 1633
Warning: received a response with an unexpected id: 1624
Warning: received a response with an unexpected id: 1635
Warning: received a response with an unexpected id: 1627
Warning: received a response with an unexpected id: 1628
Warning: received a response with an unexpected id: 1652
Warning: received a response with an unexpected id: 1655
Warning: received a response with an unexpected id: 1669
Warning: received a response with an unexpected id: 1623
Warning: received a response with an unexpected id: 1637
Warning: received a response with an unexpected id: 1674
Warning: received a response with an unexpected id: 1669
Warning: received a response with an unexpected id: 1663
Warning: received a response with an unexpected id: 1631
Warning: received a response with an unexpected id: 1628
Warning: received a response with an unexpected id: 1671
Warning: received a response with an unexpected id: 1668
Warning: received a response with an unexpected id: 1675
Warning: received a response with an unexpected id: 1670
Warning: received a response with an unexpected id: 1673
Warning: received a response with an unexpected id: 1673
Warning: received a response with an unexpected id: 1679
Warning: received a response with an unexpected id: 1665
Warning: received a response with an unexpected id: 1659
Warning: received a response with an unexpected id: 1665
Warning: received a response with an unexpected id: 1667
Warning: received a response with an unexpected id: 1677
Warning: received a response with an unexpected id: 1630
Warning: received a response with an unexpected id: 1670
Warning: received a response with an unexpected id: 1665
Warning: received a response with an unexpected id: 1679
Warning: received a response with an unexpected id: 1651
Warning: received a response with an unexpected id: 1632
Warning: received a response with an unexpected id: 1635
Warning: received a response with an unexpected id: 1626
Warning: received a response with an unexpected id: 1639
Warning: received a response with an unexpected id: 1662
Warning: received a response with an unexpected id: 1640
Warning: received a response with an unexpected id: 1648
Warning: received a response with an unexpected id: 1649
Warning: received a response with an unexpected id: 1657
Warning: received a response with an unexpected id: 1661
Warning: received a response with an unexpected id: 1663
Warning: received a response with an unexpected id: 1668
Warning: received a response with an unexpected id: 1674
Warning: received a response with an unexpected id: 1619
Warning: received a response with an unexpected id: 1622
Warning: received a response with an unexpected id: 1670
Warning: received a response with an unexpected id: 1667
Warning: received a response with an unexpected id: 1641
Warning: received a response with an unexpected id: 1663
Warning: received a response with an unexpected id: 1664
Warning: received a response with an unexpected id: 1668
Warning: received a response with an unexpected id: 1658
Warning: received a response with an unexpected id: 1665
Warning: received a response with an unexpected id: 1668
Warning: received a response with an unexpected id: 1673
Warning: received a response with an unexpected id: 1650
Warning: received a response with an unexpected id: 1652
Warning: received a response with an unexpected id: 1653
Warning: received a response with an unexpected id: 1679
Warning: received a response with an unexpected id: 1662
Warning: received a response with an unexpected id: 1678
Warning: received a response with an unexpected id: 1676
Warning: received a response with an unexpected id: 1627
Warning: received a response with an unexpected id: 1632
Warning: received a response with an unexpected id: 1633
Warning: received a response with an unexpected id: 1635
Warning: received a response with an unexpected id: 1639
Warning: received a response with an unexpected id: 1643
Warning: received a response with an unexpected id: 1644
Warning: received a response with an unexpected id: 1647
Warning: received a response with an unexpected id: 1665
Warning: received a response with an unexpected id: 1677
Warning: received a response with an unexpected id: 1672
Warning: received a response with an unexpected id: 1661
Warning: received a response with an unexpected id: 1662
Warning: received a response with an unexpected id: 1668
Warning: received a response with an unexpected id: 1659
Warning: received a response with an unexpected id: 1672
Warning: received a response with an unexpected id: 1670
Warning: received a response with an unexpected id: 1656
Warning: received a response with an unexpected id: 1658
Warning: received a response with an unexpected id: 1670
Warning: received a response with an unexpected id: 1678
Warning: received a response with an unexpected id: 1621
Warning: received a response with an unexpected id: 1630
Warning: received a response with an unexpected id: 1643
Warning: received a response with an unexpected id: 1677
Warning: received a response with an unexpected id: 1653
Warning: received a response with an unexpected id: 1651
Warning: received a response with an unexpected id: 1669
Warning: received a response with an unexpected id: 1679
Warning: received a response with an unexpected id: 1654
Warning: received a response with an unexpected id: 1649
Warning: received a response with an unexpected id: 1658
Warning: received a response with an unexpected id: 1677
Warning: received a response with an unexpected id: 1664
Warning: received a response with an unexpected id: 1644
Warning: received a response with an unexpected id: 1651
Warning: received a response with an unexpected id: 1653
Warning: received a response with an unexpected id: 1675
Warning: received a response with an unexpected id: 1664
Warning: received a response with an unexpected id: 1647
Warning: received a response with an unexpected id: 1667
Warning: received a response with an unexpected id: 1655
Warning: received a response with an unexpected id: 1625
Warning: received a response with an unexpected id: 1665
Warning: received a response with an unexpected id: 1678
Warning: received a response with an unexpected id: 1669
Warning: received a response with an unexpected id: 1677
Warning: received a response with an unexpected id: 1644
Warning: received a response with an unexpected id: 1653
Warning: received a response with an unexpected id: 1679
Warning: received a response with an unexpected id: 1656
Warning: received a response with an unexpected id: 1648
Warning: received a response with an unexpected id: 1676
Warning: received a response with an unexpected id: 1667
Warning: received a response with an unexpected id: 1658
Warning: received a response with an unexpected id: 1667
Warning: received a response with an unexpected id: 1675
Warning: received a response with an unexpected id: 1657
Warning: received a response with an unexpected id: 1679
Warning: received a response with an unexpected id: 1674
Warning: received a response with an unexpected id: 1652
Warning: received a response with an unexpected id: 1677
Warning: received a response with an unexpected id: 1653
Warning: received a response with an unexpected id: 1661
Warning: received a response with an unexpected id: 1626
Warning: received a response with an unexpected id: 1675
Warning: received a response with an unexpected id: 1673
Warning: received a response with an unexpected id: 1652
Warning: received a response with an unexpected id: 1672
Warning: received a response with an unexpected id: 1666
Warning: received a response with an unexpected id: 1645
Warning: received a response with an unexpected id: 1663
Warning: received a response with an unexpected id: 1673
Warning: received a response with an unexpected id: 1669
Warning: received a response with an unexpected id: 1662
Warning: received a response with an unexpected id: 1671
Warning: received a response with an unexpected id: 1668
Warning: received a response with an unexpected id: 1677
Warning: received a response with an unexpected id: 1657
Warning: received a response with an unexpected id: 1672
Warning: received a response with an unexpected id: 1675
Warning: received a response with an unexpected id: 1674
Warning: received a response with an unexpected id: 1666
Warning: received a response with an unexpected id: 1671
Warning: received a response with an unexpected id: 1677
Warning: received a response with an unexpected id: 1654
Warning: received a response with an unexpected id: 1662
Warning: received a response with an unexpected id: 1671
Warning: received a response with an unexpected id: 1668
Warning: received a response with an unexpected id: 1661
Warning: received a response with an unexpected id: 1675
Warning: received a response with an unexpected id: 1645
Warning: received a response with an unexpected id: 1676
Warning: received a response with an unexpected id: 1678
Warning: received a response with an unexpected id: 1679
Warning: received a response with an unexpected id: 1650
Warning: received a response with an unexpected id: 1649
Warning: received a response with an unexpected id: 1658
Warning: received a response with an unexpected id: 1669
Warning: received a response with an unexpected id: 1675
Warning: received a response with an unexpected id: 1676
Warning: received a response with an unexpected id: 1645
Warning: received a response with an unexpected id: 1674
Warning: received a response with an unexpected id: 1679
Warning: received a response with an unexpected id: 1674
Warning: received a response with an unexpected id: 1675
Warning: received a response with an unexpected id: 1669
Warning: received a response with an unexpected id: 1675
Warning: received a response with an unexpected id: 1660
Warning: received a response with an unexpected id: 1677
Warning: received a response with an unexpected id: 1663
Warning: received a response with an unexpected id: 1664
Warning: received a response with an unexpected id: 1679
Warning: received a response with an unexpected id: 1663
Warning: received a response with an unexpected id: 1671
Warning: received a response with an unexpected id: 1678
Warning: received a response with an unexpected id: 1679
Warning: received a response with an unexpected id: 1678
Warning: received a response with an unexpected id: 1675
Warning: received a response with an unexpected id: 1674
Warning: received a response with an unexpected id: 1669
Warning: received a response with an unexpected id: 1665
Warning: received a response with an unexpected id: 1676
Warning: received a response with an unexpected id: 1662
Warning: received a response with an unexpected id: 1679
Warning: received a response with an unexpected id: 1673
Warning: received a response with an unexpected id: 1679
Warning: received a response with an unexpected id: 1620
Warning: received a response with an unexpected id: 1676
Warning: received a response with an unexpected id: 1675
Warning: received a response with an unexpected id: 1678
Warning: received a response with an unexpected id: 1699
Warning: received a response with an unexpected id: 1696
Warning: received a response with an unexpected id: 1730
Warning: received a response with an unexpected id: 1706
Warning: received a response with an unexpected id: 1735
Warning: received a response with an unexpected id: 1683
Warning: received a response with an unexpected id: 1731
Warning: received a response with an unexpected id: 1754
Warning: received a response with an unexpected id: 1747
Warning: received a response with an unexpected id: 1754
Warning: received a response with an unexpected id: 1686
Warning: received a response with an unexpected id: 1748
Warning: received a response with an unexpected id: 1709
Warning: received a response with an unexpected id: 1692
Warning: received a response with an unexpected id: 1659
Warning: received a response with an unexpected id: 1663
Warning: received a response with an unexpected id: 1716
Warning: received a response with an unexpected id: 1764
Warning: received a response with an unexpected id: 1676
Warning: received a response with an unexpected id: 1650
Warning: received a response with an unexpected id: 1749
Warning: received a response with an unexpected id: 1699
Warning: received a response with an unexpected id: 1732
Warning: received a response with an unexpected id: 1724
Warning: received a response with an unexpected id: 1738
Warning: received a response with an unexpected id: 1764
Warning: received a response with an unexpected id: 1743
Warning: received a response with an unexpected id: 1656
Warning: received a response with an unexpected id: 1724
Warning: received a response with an unexpected id: 1717
Warning: received a response with an unexpected id: 1660
Warning: received a response with an unexpected id: 1770
Warning: received a response with an unexpected id: 1734
Warning: received a response with an unexpected id: 1700
Warning: received a response with an unexpected id: 1742
Warning: received a response with an unexpected id: 1820
Warning: received a response with an unexpected id: 1844
Warning: received a response with an unexpected id: 1831
Warning: received a response with an unexpected id: 1842
Warning: received a response with an unexpected id: 1827
Warning: received a response with an unexpected id: 1841
Warning: received a response with an unexpected id: 1820
Warning: received a response with an unexpected id: 1811
Warning: received a response with an unexpected id: 1821
Warning: received a response with an unexpected id: 1826
Warning: received a response with an unexpected id: 1828
Warning: received a response with an unexpected id: 1838
Warning: received a response with an unexpected id: 1822
Warning: received a response with an unexpected id: 1834
Warning: received a response with an unexpected id: 1830
Warning: received a response with an unexpected id: 1844
Warning: received a response with an unexpected id: 1818
Warning: received a response with an unexpected id: 1845
Warning: received a response with an unexpected id: 1836
Warning: received a response with an unexpected id: 1841
Warning: received a response with an unexpected id: 1771
Warning: received a response with an unexpected id: 1790
Warning: received a response with an unexpected id: 1792
Warning: received a response with an unexpected id: 1793
Warning: received a response with an unexpected id: 1801
Warning: received a response with an unexpected id: 1814
Warning: received a response with an unexpected id: 1818
Warning: received a response with an unexpected id: 1821
Warning: received a response with an unexpected id: 1839
Warning: received a response with an unexpected id: 1849
Warning: received a response with an unexpected id: 1824
Warning: received a response with an unexpected id: 1772
Warning: received a response with an unexpected id: 1774
Warning: received a response with an unexpected id: 1775
Warning: received a response with an unexpected id: 1781
Warning: received a response with an unexpected id: 1802
Warning: received a response with an unexpected id: 1807
Warning: received a response with an unexpected id: 1809
Warning: received a response with an unexpected id: 1812
Warning: received a response with an unexpected id: 1850
Warning: received a response with an unexpected id: 1852
Warning: received a response with an unexpected id: 1848
Warning: received a response with an unexpected id: 1852
Warning: received a response with an unexpected id: 1849
Warning: received a response with an unexpected id: 1844
Warning: received a response with an unexpected id: 1844
Warning: received a response with an unexpected id: 1854
Warning: received a response with an unexpected id: 1794
Warning: received a response with an unexpected id: 1851
Warning: received a response with an unexpected id: 1842
Warning: received a response with an unexpected id: 1845
Warning: received a response with an unexpected id: 1853
Warning: received a response with an unexpected id: 1828
Warning: received a response with an unexpected id: 1850
Warning: received a response with an unexpected id: 1817
Warning: received a response with an unexpected id: 1834
Warning: received a response with an unexpected id: 1839
Warning: received a response with an unexpected id: 1813
Warning: received a response with an unexpected id: 1855
Warning: received a response with an unexpected id: 1867
Warning: received a response with an unexpected id: 1804
Warning: received a response with an unexpected id: 1825
Warning: received a response with an unexpected id: 1819
Warning: received a response with an unexpected id: 1850
Warning: received a response with an unexpected id: 1784
Warning: received a response with an unexpected id: 1849
Warning: received a response with an unexpected id: 1868
Warning: received a response with an unexpected id: 1825
Warning: received a response with an unexpected id: 1808
Warning: received a response with an unexpected id: 1871
Warning: received a response with an unexpected id: 1863
Warning: received a response with an unexpected id: 1785
Warning: received a response with an unexpected id: 1861
Warning: received a response with an unexpected id: 1843
Warning: received a response with an unexpected id: 1850
Warning: received a response with an unexpected id: 1863
Warning: received a response with an unexpected id: 1831
Warning: received a response with an unexpected id: 1809
Warning: received a response with an unexpected id: 1829
Warning: received a response with an unexpected id: 1857
Warning: received a response with an unexpected id: 1864
Warning: received a response with an unexpected id: 1808
Warning: received a response with an unexpected id: 1838
Warning: received a response with an unexpected id: 1846
Warning: received a response with an unexpected id: 1847
Warning: received a response with an unexpected id: 1860
Warning: received a response with an unexpected id: 1862
Warning: received a response with an unexpected id: 1810
Warning: received a response with an unexpected id: 1817
Warning: received a response with an unexpected id: 1821
Warning: received a response with an unexpected id: 1853
Warning: received a response with an unexpected id: 1861
Warning: received a response with an unexpected id: 1861
Warning: received a response with an unexpected id: 1862
Warning: received a response with an unexpected id: 1851
Warning: received a response with an unexpected id: 1814
Warning: received a response with an unexpected id: 1825
Warning: received a response with an unexpected id: 1776
Warning: received a response with an unexpected id: 1857
Warning: received a response with an unexpected id: 1866
Warning: received a response with an unexpected id: 1867
Warning: received a response with an unexpected id: 1830
Warning: received a response with an unexpected id: 1854
Warning: received a response with an unexpected id: 1853
Warning: received a response with an unexpected id: 1871
Warning: received a response with an unexpected id: 1848
Warning: received a response with an unexpected id: 1858
Warning: received a response with an unexpected id: 1859
Warning: received a response with an unexpected id: 1845
Warning: received a response with an unexpected id: 1843
Warning: received a response with an unexpected id: 1853
Warning: received a response with an unexpected id: 1850
Warning: received a response with an unexpected id: 1819
Warning: received a response with an unexpected id: 1835
Warning: received a response with an unexpected id: 1830
Warning: received a response with an unexpected id: 1861
Warning: received a response with an unexpected id: 1858
Warning: received a response with an unexpected id: 1814
Warning: received a response with an unexpected id: 1875
Warning: received a response with an unexpected id: 1836
Warning: received a response with an unexpected id: 1872
Warning: received a response with an unexpected id: 1837
Warning: received a response with an unexpected id: 1826
Warning: received a response with an unexpected id: 1859
Warning: received a response with an unexpected id: 1834
Warning: received a response with an unexpected id: 1841
Warning: received a response with an unexpected id: 1832
Warning: received a response with an unexpected id: 1869
Warning: received a response with an unexpected id: 1823
Warning: received a response with an unexpected id: 1809
Warning: received a response with an unexpected id: 1867
Warning: received a response with an unexpected id: 1871
Warning: received a response with an unexpected id: 1827
Warning: received a response with an unexpected id: 1859
Warning: received a response with an unexpected id: 1840
Warning: received a response with an unexpected id: 1855
Warning: received a response with an unexpected id: 1866
Warning: received a response with an unexpected id: 1779
Warning: received a response with an unexpected id: 1866
Warning: received a response with an unexpected id: 1778
Warning: received a response with an unexpected id: 1877
Warning: received a response with an unexpected id: 1876
Warning: received a response with an unexpected id: 1861
Warning: received a response with an unexpected id: 1881
Warning: received a response with an unexpected id: 1857
Warning: received a response with an unexpected id: 1818
Warning: received a response with an unexpected id: 1845
Warning: received a response with an unexpected id: 1880
Warning: received a response with an unexpected id: 1854
Warning: received a response with an unexpected id: 1827
Warning: received a response with an unexpected id: 1816
Warning: received a response with an unexpected id: 1878
Warning: received a response with an unexpected id: 1883
Warning: received a response with an unexpected id: 1871
Warning: received a response with an unexpected id: 1883
Warning: received a response with an unexpected id: 1860
Warning: received a response with an unexpected id: 1876
Warning: received a response with an unexpected id: 1854
Warning: received a response with an unexpected id: 1871
Warning: received a response with an unexpected id: 1860
Warning: received a response with an unexpected id: 1848
Warning: received a response with an unexpected id: 1866
Warning: received a response with an unexpected id: 1873
Warning: received a response with an unexpected id: 1847
Warning: received a response with an unexpected id: 1872
Warning: received a response with an unexpected id: 1879
Warning: received a response with an unexpected id: 1823
Warning: received a response with an unexpected id: 1824
Warning: received a response with an unexpected id: 1856
Warning: received a response with an unexpected id: 1863
Warning: received a response with an unexpected id: 1883
Warning: received a response with an unexpected id: 1863
Warning: received a response with an unexpected id: 1871
Warning: received a response with an unexpected id: 1883
Warning: received a response with an unexpected id: 1823
Warning: received a response with an unexpected id: 1831
Warning: received a response with an unexpected id: 1835
Warning: received a response with an unexpected id: 1837
Warning: received a response with an unexpected id: 1838
Warning: received a response with an unexpected id: 1840
Warning: received a response with an unexpected id: 1845
Warning: received a response with an unexpected id: 1852
Warning: received a response with an unexpected id: 1855
Warning: received a response with an unexpected id: 1858
Warning: received a response with an unexpected id: 1863
Warning: received a response with an unexpected id: 1868
Warning: received a response with an unexpected id: 1861
Warning: received a response with an unexpected id: 1845
Warning: received a response with an unexpected id: 1870
Warning: received a response with an unexpected id: 1865
Warning: received a response with an unexpected id: 1868
Warning: received a response with an unexpected id: 1873
Warning: received a response with an unexpected id: 1876
Warning: received a response with an unexpected id: 1884
Warning: received a response with an unexpected id: 1865
Warning: received a response with an unexpected id: 1875
Warning: received a response with an unexpected id: 1863
Warning: received a response with an unexpected id: 1886
Warning: received a response with an unexpected id: 1799
Warning: received a response with an unexpected id: 1803
Warning: received a response with an unexpected id: 1843
Warning: received a response with an unexpected id: 1844
Warning: received a response with an unexpected id: 1815
Warning: received a response with an unexpected id: 1881
Warning: received a response with an unexpected id: 1880
Warning: received a response with an unexpected id: 1855
Warning: received a response with an unexpected id: 1862
Warning: received a response with an unexpected id: 1879
Warning: received a response with an unexpected id: 1839
Warning: received a response with an unexpected id: 1877
Warning: received a response with an unexpected id: 1877
Warning: received a response with an unexpected id: 1879
Warning: received a response with an unexpected id: 1862
Warning: received a response with an unexpected id: 1870
Warning: received a response with an unexpected id: 1859
Warning: received a response with an unexpected id: 1857
Warning: received a response with an unexpected id: 1888
Warning: received a response with an unexpected id: 1846
Warning: received a response with an unexpected id: 1882
Warning: received a response with an unexpected id: 1865
Warning: received a response with an unexpected id: 1880
Warning: received a response with an unexpected id: 1835
Warning: received a response with an unexpected id: 1873
Warning: received a response with an unexpected id: 1852
Warning: received a response with an unexpected id: 1856
Warning: received a response with an unexpected id: 1858
Warning: received a response with an unexpected id: 1876
Warning: received a response with an unexpected id: 1874
Warning: received a response with an unexpected id: 1861
Warning: received a response with an unexpected id: 1875
Warning: received a response with an unexpected id: 1885
Warning: received a response with an unexpected id: 1864
Warning: received a response with an unexpected id: 1875
Warning: received a response with an unexpected id: 1888
Warning: received a response with an unexpected id: 1878
Warning: received a response with an unexpected id: 1860
Warning: received a response with an unexpected id: 1862
Warning: received a response with an unexpected id: 1882
Warning: received a response with an unexpected id: 1855
Warning: received a response with an unexpected id: 1868
Warning: received a response with an unexpected id: 1865
Warning: received a response with an unexpected id: 1852
Warning: received a response with an unexpected id: 1835
Warning: received a response with an unexpected id: 1874
Warning: received a response with an unexpected id: 1864
Warning: received a response with an unexpected id: 1824
Warning: received a response with an unexpected id: 1880
Warning: received a response with an unexpected id: 1848
Warning: received a response with an unexpected id: 1861
Warning: received a response with an unexpected id: 1872
Warning: received a response with an unexpected id: 1850
Warning: received a response with an unexpected id: 1887
Warning: received a response with an unexpected id: 1881
Warning: received a response with an unexpected id: 1881
Warning: received a response with an unexpected id: 1861
Warning: received a response with an unexpected id: 1811
Warning: received a response with an unexpected id: 1838
Warning: received a response with an unexpected id: 1872
Warning: received a response with an unexpected id: 1846
Warning: received a response with an unexpected id: 1856
Warning: received a response with an unexpected id: 1833
Warning: received a response with an unexpected id: 1885
Warning: received a response with an unexpected id: 1845
Warning: received a response with an unexpected id: 1843
Warning: received a response with an unexpected id: 1815
Warning: received a response with an unexpected id: 1824
Warning: received a response with an unexpected id: 1866
Warning: received a response with an unexpected id: 1854
Warning: received a response with an unexpected id: 1882
Warning: received a response with an unexpected id: 1844
Warning: received a response with an unexpected id: 1845
Warning: received a response with an unexpected id: 1871
Warning: received a response with an unexpected id: 1842
Warning: received a response with an unexpected id: 1849
Warning: received a response with an unexpected id: 1877
Warning: received a response with an unexpected id: 1883
Warning: received a response with an unexpected id: 1843
Warning: received a response with an unexpected id: 1875
Warning: received a response with an unexpected id: 1861
Warning: received a response with an unexpected id: 1865
Warning: received a response with an unexpected id: 1851
Warning: received a response with an unexpected id: 1859
Warning: received a response with an unexpected id: 1864
Warning: received a response with an unexpected id: 1887
Warning: received a response with an unexpected id: 1869
Warning: received a response with an unexpected id: 1844
Warning: received a response with an unexpected id: 1829
Warning: received a response with an unexpected id: 1870
Warning: received a response with an unexpected id: 1856
Warning: received a response with an unexpected id: 1868
Warning: received a response with an unexpected id: 1860
Warning: received a response with an unexpected id: 1816
Warning: received a response with an unexpected id: 1879
Warning: received a response with an unexpected id: 1822
Warning: received a response with an unexpected id: 1858
Warning: received a response with an unexpected id: 1880
Warning: received a response with an unexpected id: 1844
Warning: received a response with an unexpected id: 1871
Warning: received a response with an unexpected id: 1868
Warning: received a response with an unexpected id: 1843
Warning: received a response with an unexpected id: 1867
Warning: received a response with an unexpected id: 1884
Warning: received a response with an unexpected id: 1841
Warning: received a response with an unexpected id: 1872
Warning: received a response with an unexpected id: 1848
Warning: received a response with an unexpected id: 1878
Warning: received a response with an unexpected id: 1833
Warning: received a response with an unexpected id: 1840
Warning: received a response with an unexpected id: 1879
Warning: received a response with an unexpected id: 1847
Warning: received a response with an unexpected id: 1822
Warning: received a response with an unexpected id: 1826
Warning: received a response with an unexpected id: 1850
Warning: received a response with an unexpected id: 1883
Warning: received a response with an unexpected id: 1883
Warning: received a response with an unexpected id: 1841
Warning: received a response with an unexpected id: 1855
Warning: received a response with an unexpected id: 1867
Warning: received a response with an unexpected id: 1821
Warning: received a response with an unexpected id: 1873
Warning: received a response with an unexpected id: 1875
Warning: received a response with an unexpected id: 1834
Warning: received a response with an unexpected id: 1881
Warning: received a response with an unexpected id: 1839
Warning: received a response with an unexpected id: 1863
Warning: received a response with an unexpected id: 1856
Warning: received a response with an unexpected id: 1870
Warning: received a response with an unexpected id: 1866
Warning: received a response with an unexpected id: 1871
Warning: received a response with an unexpected id: 1872
Warning: received a response with an unexpected id: 1880
Warning: received a response with an unexpected id: 1888
Warning: received a response with an unexpected id: 1852
Warning: received a response with an unexpected id: 1858
Warning: received a response with an unexpected id: 1853
Warning: received a response with an unexpected id: 1873
Warning: received a response with an unexpected id: 1855
Warning: received a response with an unexpected id: 1885
Warning: received a response with an unexpected id: 1867
Warning: received a response with an unexpected id: 1834
Warning: received a response with an unexpected id: 1832
Warning: received a response with an unexpected id: 1878
Warning: received a response with an unexpected id: 1846
Warning: received a response with an unexpected id: 1864
Warning: received a response with an unexpected id: 1826
Warning: received a response with an unexpected id: 1878
Warning: received a response with an unexpected id: 1858
Warning: received a response with an unexpected id: 1866
Warning: received a response with an unexpected id: 1891
Warning: received a response with an unexpected id: 1846
Warning: received a response with an unexpected id: 1887
Warning: received a response with an unexpected id: 1868
Warning: received a response with an unexpected id: 1874
Warning: received a response with an unexpected id: 1870
Warning: received a response with an unexpected id: 1874
Warning: received a response with an unexpected id: 1840
Warning: received a response with an unexpected id: 1860
Warning: received a response with an unexpected id: 1885
Warning: received a response with an unexpected id: 1893
Warning: received a response with an unexpected id: 1873
Warning: received a response with an unexpected id: 1831
Warning: received a response with an unexpected id: 1891
Warning: received a response with an unexpected id: 1852
Warning: received a response with an unexpected id: 1886
Warning: received a response with an unexpected id: 1866
Warning: received a response with an unexpected id: 1847
Warning: received a response with an unexpected id: 1865
Warning: received a response with an unexpected id: 1892
Warning: received a response with an unexpected id: 1869
Warning: received a response with an unexpected id: 1869
Warning: received a response with an unexpected id: 1874
Warning: received a response with an unexpected id: 1873
Warning: received a response with an unexpected id: 1851
Warning: received a response with an unexpected id: 1859
Warning: received a response with an unexpected id: 1856
Warning: received a response with an unexpected id: 1858
Warning: received a response with an unexpected id: 1847
Warning: received a response with an unexpected id: 1867
Warning: received a response with an unexpected id: 1890
Warning: received a response with an unexpected id: 1855
Warning: received a response with an unexpected id: 1849
Warning: received a response with an unexpected id: 1889
Warning: received a response with an unexpected id: 1892
Warning: received a response with an unexpected id: 1861
Warning: received a response with an unexpected id: 1853
Warning: received a response with an unexpected id: 1845
Warning: received a response with an unexpected id: 1866
Warning: received a response with an unexpected id: 1860
Warning: received a response with an unexpected id: 1885
Warning: received a response with an unexpected id: 1881
Warning: received a response with an unexpected id: 1860
Warning: received a response with an unexpected id: 1878
Warning: received a response with an unexpected id: 1870
Warning: received a response with an unexpected id: 1894
Warning: received a response with an unexpected id: 1885
Warning: received a response with an unexpected id: 1878
Warning: received a response with an unexpected id: 1823
Warning: received a response with an unexpected id: 1845
Warning: received a response with an unexpected id: 1865
Warning: received a response with an unexpected id: 1897
Warning: received a response with an unexpected id: 1895
Warning: received a response with an unexpected id: 1872
Warning: received a response with an unexpected id: 1869
Warning: received a response with an unexpected id: 1833
Warning: received a response with an unexpected id: 1856
Warning: received a response with an unexpected id: 1892
Warning: received a response with an unexpected id: 1896
Warning: received a response with an unexpected id: 1852
Warning: received a response with an unexpected id: 1869
Warning: received a response with an unexpected id: 1889
Warning: received a response with an unexpected id: 1857
Warning: received a response with an unexpected id: 1879
Warning: received a response with an unexpected id: 1892
Warning: received a response with an unexpected id: 1883
Warning: received a response with an unexpected id: 1870
Warning: received a response with an unexpected id: 1891
Warning: received a response with an unexpected id: 1890
Warning: received a response with an unexpected id: 1881
Warning: received a response with an unexpected id: 1898
Warning: received a response with an unexpected id: 1856
Warning: received a response with an unexpected id: 1861
Warning: received a response with an unexpected id: 1847
Warning: received a response with an unexpected id: 1836
Warning: received a response with an unexpected id: 1827
Warning: received a response with an unexpected id: 1855
Warning: received a response with an unexpected id: 1861
Warning: received a response with an unexpected id: 1843
Warning: received a response with an unexpected id: 1874
Warning: received a response with an unexpected id: 1825
Warning: received a response with an unexpected id: 1851
Warning: received a response with an unexpected id: 1821
Warning: received a response with an unexpected id: 1828
Warning: received a response with an unexpected id: 1852
Warning: received a response with an unexpected id: 1867
Warning: received a response with an unexpected id: 1858
Warning: received a response with an unexpected id: 1831
Warning: received a response with an unexpected id: 1861
Warning: received a response with an unexpected id: 1878
Warning: received a response with an unexpected id: 1832
Warning: received a response with an unexpected id: 1900
Warning: received a response with an unexpected id: 1906
Warning: received a response with an unexpected id: 1849
Warning: received a response with an unexpected id: 1867
Warning: received a response with an unexpected id: 1889
Warning: received a response with an unexpected id: 1824
Warning: received a response with an unexpected id: 1908
Warning: received a response with an unexpected id: 1853
Warning: received a response with an unexpected id: 1850
Warning: received a response with an unexpected id: 1876
Warning: received a response with an unexpected id: 1882
Warning: received a response with an unexpected id: 1894
Warning: received a response with an unexpected id: 1899
Warning: received a response with an unexpected id: 1862
Warning: received a response with an unexpected id: 1890
Warning: received a response with an unexpected id: 1880
Warning: received a response with an unexpected id: 1868
Warning: received a response with an unexpected id: 1885
Warning: received a response with an unexpected id: 1901
Warning: received a response with an unexpected id: 1909
Warning: received a response with an unexpected id: 1912
Warning: received a response with an unexpected id: 1861
Warning: received a response with an unexpected id: 1864
Warning: received a response with an unexpected id: 1899
Warning: received a response with an unexpected id: 1893
Warning: received a response with an unexpected id: 1864
Warning: received a response with an unexpected id: 1820
Warning: received a response with an unexpected id: 1812
Warning: received a response with an unexpected id: 1865
Warning: received a response with an unexpected id: 1876
Warning: received a response with an unexpected id: 1871
Warning: received a response with an unexpected id: 1913
Warning: received a response with an unexpected id: 1869
Warning: received a response with an unexpected id: 1886
Warning: received a response with an unexpected id: 1903
Warning: received a response with an unexpected id: 1862
Warning: received a response with an unexpected id: 1815
Warning: received a response with an unexpected id: 1838
Warning: received a response with an unexpected id: 1830
Warning: received a response with an unexpected id: 1904
Warning: received a response with an unexpected id: 1825
Warning: received a response with an unexpected id: 1911
Warning: received a response with an unexpected id: 1857
Warning: received a response with an unexpected id: 1879
Warning: received a response with an unexpected id: 1897
Warning: received a response with an unexpected id: 1857
Warning: received a response with an unexpected id: 1921
Warning: received a response with an unexpected id: 1900
Warning: received a response with an unexpected id: 1890
Warning: received a response with an unexpected id: 1914
Warning: received a response with an unexpected id: 1913
Warning: received a response with an unexpected id: 1895
Error: failed to receive packet: Bad file descriptor
