DNS Resolution Performance Testing Tool
Version 2.14.0

[Status] Command line: resperf -P 20250620-0726.gnuplot -M doh -s 79.127.218.224 -O doh-uri=https://protective.joindns4.eu/dns-query -d domains_shuffled.list -C 50 -m 1400 -b 1400 -q 500000 -R -r 10 -c 300 -t 30 -F 0
[Status] Sending
[Status] Ramp-up done, sending constant traffic
Warning: received a response with an unexpected id: 1746
Warning: received a response with an unexpected id: 1760
Warning: received a response with an unexpected id: 1750
Warning: received a response with an unexpected id: 1768
Warning: received a response with an unexpected id: 1807
Warning: received a response with an unexpected id: 1793
Warning: received a response with an unexpected id: 2154
Warning: received a response with an unexpected id: 2164
Warning: received a response with an unexpected id: 2184
Warning: received a response with an unexpected id: 2203
Warning: received a response with an unexpected id: 2140
Warning: received a response with an unexpected id: 2167
Warning: received a response with an unexpected id: 2220
Warning: received a response with an unexpected id: 2175
Warning: received a response with an unexpected id: 2205
Warning: received a response with an unexpected id: 2207
Warning: received a response with an unexpected id: 2237
Warning: received a response with an unexpected id: 2171
Warning: received a response with an unexpected id: 2218
Warning: received a response with an unexpected id: 2188
Warning: received a response with an unexpected id: 2211
Warning: received a response with an unexpected id: 2213
Warning: received a response with an unexpected id: 2215
Warning: received a response with an unexpected id: 2240
Warning: received a response with an unexpected id: 2238
Warning: received a response with an unexpected id: 2217
Warning: received a response with an unexpected id: 2214
Warning: received a response with an unexpected id: 2234
Warning: received a response with an unexpected id: 2219
Warning: received a response with an unexpected id: 2239
Warning: received a response with an unexpected id: 2233
Warning: received a response with an unexpected id: 2240
Warning: received a response with an unexpected id: 2155
Warning: received a response with an unexpected id: 2146
Warning: received a response with an unexpected id: 2147
Warning: received a response with an unexpected id: 2361
Warning: received a response with an unexpected id: 2358
Warning: received a response with an unexpected id: 2368
Warning: received a response with an unexpected id: 2351
Warning: received a response with an unexpected id: 2354
Warning: received a response with an unexpected id: 2356
Warning: received a response with an unexpected id: 2359
Warning: received a response with an unexpected id: 2360
Warning: received a response with an unexpected id: 2367
Warning: received a response with an unexpected id: 2368
Warning: received a response with an unexpected id: 2371
Warning: received a response with an unexpected id: 2358
Warning: received a response with an unexpected id: 2353
Warning: received a response with an unexpected id: 2362
Warning: received a response with an unexpected id: 2378
Warning: received a response with an unexpected id: 2374
Warning: received a response with an unexpected id: 2263
Warning: received a response with an unexpected id: 2275
Warning: received a response with an unexpected id: 2279
Warning: received a response with an unexpected id: 2306
Warning: received a response with an unexpected id: 2132
Warning: received a response with an unexpected id: 2324
Warning: received a response with an unexpected id: 2142
Warning: received a response with an unexpected id: 2148
Warning: received a response with an unexpected id: 2151
Warning: received a response with an unexpected id: 2174
Warning: received a response with an unexpected id: 2172
Warning: received a response with an unexpected id: 2176
Warning: received a response with an unexpected id: 2191
Warning: received a response with an unexpected id: 2196
Warning: received a response with an unexpected id: 2201
Warning: received a response with an unexpected id: 2204
Warning: received a response with an unexpected id: 2216
Warning: received a response with an unexpected id: 2221
Warning: received a response with an unexpected id: 2222
Warning: received a response with an unexpected id: 2227
Warning: received a response with an unexpected id: 2238
Warning: received a response with an unexpected id: 2241
Warning: received a response with an unexpected id: 2258
Warning: received a response with an unexpected id: 2264
Warning: received a response with an unexpected id: 2272
Warning: received a response with an unexpected id: 2273
Warning: received a response with an unexpected id: 2274
Warning: received a response with an unexpected id: 2277
Warning: received a response with an unexpected id: 2281
Warning: received a response with an unexpected id: 2282
Warning: received a response with an unexpected id: 2294
Warning: received a response with an unexpected id: 2303
Warning: received a response with an unexpected id: 2312
Warning: received a response with an unexpected id: 2313
Warning: received a response with an unexpected id: 2315
Warning: received a response with an unexpected id: 2316
Warning: received a response with an unexpected id: 2321
Warning: received a response with an unexpected id: 2335
Warning: received a response with an unexpected id: 2341
Warning: received a response with an unexpected id: 2347
Warning: received a response with an unexpected id: 2357
Warning: received a response with an unexpected id: 2358
Warning: received a response with an unexpected id: 2376
Warning: received a response with an unexpected id: 2217
Warning: received a response with an unexpected id: 2234
Warning: received a response with an unexpected id: 2336
Warning: received a response with an unexpected id: 2178
Warning: received a response with an unexpected id: 2229
Warning: received a response with an unexpected id: 2269
Warning: received a response with an unexpected id: 2139
Warning: received a response with an unexpected id: 2177
Warning: received a response with an unexpected id: 2247
Warning: received a response with an unexpected id: 2320
Warning: received a response with an unexpected id: 2400
Warning: received a response with an unexpected id: 2367
Warning: received a response with an unexpected id: 2184
Warning: received a response with an unexpected id: 2310
Warning: received a response with an unexpected id: 2327
Warning: received a response with an unexpected id: 2345
Warning: received a response with an unexpected id: 2406
Warning: received a response with an unexpected id: 2405
Warning: received a response with an unexpected id: 2266
Warning: received a response with an unexpected id: 2365
Warning: received a response with an unexpected id: 2129
Warning: received a response with an unexpected id: 2134
Warning: received a response with an unexpected id: 2141
Warning: received a response with an unexpected id: 2150
Warning: received a response with an unexpected id: 2403
Warning: received a response with an unexpected id: 2364
Warning: received a response with an unexpected id: 2288
Warning: received a response with an unexpected id: 2254
Warning: received a response with an unexpected id: 2232
Warning: received a response with an unexpected id: 2166
Warning: received a response with an unexpected id: 2394
Warning: received a response with an unexpected id: 2311
Warning: received a response with an unexpected id: 2407
Warning: received a response with an unexpected id: 2395
Warning: received a response with an unexpected id: 2280
Warning: received a response with an unexpected id: 2253
Warning: received a response with an unexpected id: 2186
Warning: received a response with an unexpected id: 2156
Warning: received a response with an unexpected id: 2159
Warning: received a response with an unexpected id: 2160
Warning: received a response with an unexpected id: 2161
Warning: received a response with an unexpected id: 2163
Warning: received a response with an unexpected id: 2165
Warning: received a response with an unexpected id: 2168
Warning: received a response with an unexpected id: 2396
Warning: received a response with an unexpected id: 2374
Warning: received a response with an unexpected id: 2403
Warning: received a response with an unexpected id: 2323
Warning: received a response with an unexpected id: 2350
Warning: received a response with an unexpected id: 2389
Warning: received a response with an unexpected id: 2408
Warning: received a response with an unexpected id: 2162
Warning: received a response with an unexpected id: 2374
Warning: received a response with an unexpected id: 2170
Warning: received a response with an unexpected id: 2319
Warning: received a response with an unexpected id: 2309
Warning: received a response with an unexpected id: 2415
Warning: received a response with an unexpected id: 2338
Warning: received a response with an unexpected id: 2427
Warning: received a response with an unexpected id: 2400
Warning: received a response with an unexpected id: 2393
Warning: received a response with an unexpected id: 2360
Warning: received a response with an unexpected id: 2418
Warning: received a response with an unexpected id: 2299
Warning: received a response with an unexpected id: 2409
Warning: received a response with an unexpected id: 2422
Warning: received a response with an unexpected id: 2416
Warning: received a response with an unexpected id: 2371
Warning: received a response with an unexpected id: 2401
Warning: received a response with an unexpected id: 2420
Warning: received a response with an unexpected id: 2442
Warning: received a response with an unexpected id: 2296
Warning: received a response with an unexpected id: 2355
Warning: received a response with an unexpected id: 2339
Warning: received a response with an unexpected id: 2149
Warning: received a response with an unexpected id: 2403
Warning: received a response with an unexpected id: 2328
Warning: received a response with an unexpected id: 2342
Warning: received a response with an unexpected id: 2378
Warning: received a response with an unexpected id: 2440
Warning: received a response with an unexpected id: 2399
Warning: received a response with an unexpected id: 2444
Warning: received a response with an unexpected id: 2355
Warning: received a response with an unexpected id: 2453
Warning: received a response with an unexpected id: 2441
Warning: received a response with an unexpected id: 2424
Warning: received a response with an unexpected id: 2410
Warning: received a response with an unexpected id: 2429
Warning: received a response with an unexpected id: 2454
Warning: received a response with an unexpected id: 2450
Warning: received a response with an unexpected id: 2451
Warning: received a response with an unexpected id: 2430
Warning: received a response with an unexpected id: 2437
Warning: received a response with an unexpected id: 2435
Warning: received a response with an unexpected id: 2457
Warning: received a response with an unexpected id: 2438
Warning: received a response with an unexpected id: 2408
Warning: received a response with an unexpected id: 2411
Warning: received a response with an unexpected id: 2455
Error: failed to receive packet: Bad file descriptor
