DNS Resolution Performance Testing Tool
Version 2.14.0

[Status] Command line: resperf -P 20250620-1115.gnuplot -M doh -s 79.127.218.224 -O doh-uri=https://protective.joindns4.eu/dns-query -d domains_shuffled.list -C 50 -m 1250 -b 1400 -q 1000000 -R -r 10 -c 600 -t 30 -F 0
[Status] Sending
[Status] Ramp-up done, sending constant traffic
Warning: received a response with an unexpected id: 1620
Warning: received a response with an unexpected id: 1824
Warning: received a response with an unexpected id: 1837
Warning: received a response with an unexpected id: 1825
Warning: received a response with an unexpected id: 1853
Warning: received a response with an unexpected id: 1848
Warning: received a response with an unexpected id: 1853
Warning: received a response with an unexpected id: 1834
Warning: received a response with an unexpected id: 1851
Warning: received a response with an unexpected id: 1858
Warning: received a response with an unexpected id: 1857
Warning: received a response with an unexpected id: 1833
Warning: received a response with an unexpected id: 1845
Warning: received a response with an unexpected id: 1850
Warning: received a response with an unexpected id: 1837
Warning: received a response with an unexpected id: 1856
Warning: received a response with an unexpected id: 1822
Warning: received a response with an unexpected id: 1828
Warning: received a response with an unexpected id: 2152
Warning: received a response with an unexpected id: 2122
Warning: received a response with an unexpected id: 2155
Warning: received a response with an unexpected id: 2160
Warning: received a response with an unexpected id: 2126
Warning: received a response with an unexpected id: 2134
Warning: received a response with an unexpected id: 2285
Warning: received a response with an unexpected id: 2705
Warning: received a response with an unexpected id: 2693
Warning: received a response with an unexpected id: 2698
Warning: received a response with an unexpected id: 2712
Warning: received a response with an unexpected id: 2696
Warning: received a response with an unexpected id: 2724
Warning: received a response with an unexpected id: 2721
Warning: received a response with an unexpected id: 2707
Warning: received a response with an unexpected id: 2717
Warning: received a response with an unexpected id: 2719
Warning: received a response with an unexpected id: 2683
Warning: received a response with an unexpected id: 2684
Warning: received a response with an unexpected id: 2706
Warning: received a response with an unexpected id: 2684
Warning: received a response with an unexpected id: 2721
Warning: received a response with an unexpected id: 2682
Warning: received a response with an unexpected id: 2722
Warning: received a response with an unexpected id: 2690
Warning: received a response with an unexpected id: 2729
Warning: received a response with an unexpected id: 2730
Warning: received a response with an unexpected id: 2721
Warning: received a response with an unexpected id: 2709
Warning: received a response with an unexpected id: 2735
Warning: received a response with an unexpected id: 2701
Warning: received a response with an unexpected id: 2735
Warning: received a response with an unexpected id: 2732
Warning: received a response with an unexpected id: 2703
Warning: received a response with an unexpected id: 2686
Warning: received a response with an unexpected id: 2734
Warning: received a response with an unexpected id: 2691
Warning: received a response with an unexpected id: 2733
Warning: received a response with an unexpected id: 2721
Warning: received a response with an unexpected id: 2683
Warning: received a response with an unexpected id: 2737
Warning: received a response with an unexpected id: 2693
Warning: received a response with an unexpected id: 2717
Warning: received a response with an unexpected id: 2711
Warning: received a response with an unexpected id: 2729
Warning: received a response with an unexpected id: 2681
Warning: received a response with an unexpected id: 2687
Warning: received a response with an unexpected id: 2743
Warning: received a response with an unexpected id: 2713
Warning: received a response with an unexpected id: 2701
Warning: received a response with an unexpected id: 2708
Warning: received a response with an unexpected id: 2699
Warning: received a response with an unexpected id: 2722
Warning: received a response with an unexpected id: 2734
Warning: received a response with an unexpected id: 2704
Warning: received a response with an unexpected id: 2720
Warning: received a response with an unexpected id: 2700
Warning: received a response with an unexpected id: 2756
Warning: received a response with an unexpected id: 2691
Warning: received a response with an unexpected id: 2710
Warning: received a response with an unexpected id: 2706
Warning: received a response with an unexpected id: 2732
Warning: received a response with an unexpected id: 2716
Warning: received a response with an unexpected id: 2727
Warning: received a response with an unexpected id: 2744
Warning: received a response with an unexpected id: 2731
Warning: received a response with an unexpected id: 2736
Warning: received a response with an unexpected id: 2745
Warning: received a response with an unexpected id: 2728
Warning: received a response with an unexpected id: 2749
Warning: received a response with an unexpected id: 2747
Warning: received a response with an unexpected id: 2753
Warning: received a response with an unexpected id: 2762
Warning: received a response with an unexpected id: 2972
Warning: received a response with an unexpected id: 3159
Warning: received a response with an unexpected id: 3158
Warning: received a response with an unexpected id: 3164
Warning: received a response with an unexpected id: 3157
Warning: received a response with an unexpected id: 3169
Warning: received a response with an unexpected id: 3164
Warning: received a response with an unexpected id: 3163
Warning: received a response with an unexpected id: 4075
Warning: received a response with an unexpected id: 7232
Warning: received a response with an unexpected id: 7236
Warning: received a response with an unexpected id: 7245
Warning: received a response with an unexpected id: 7253
Warning: received a response with an unexpected id: 7261
Warning: received a response with an unexpected id: 7245
Warning: received a response with an unexpected id: 7235
Warning: received a response with an unexpected id: 7288
Warning: received a response with an unexpected id: 7287
Warning: received a response with an unexpected id: 7248
Warning: received a response with an unexpected id: 7277
Warning: received a response with an unexpected id: 7282
Warning: received a response with an unexpected id: 7795
Warning: received a response with an unexpected id: 7788
Warning: received a response with an unexpected id: 8140
Warning: received a response with an unexpected id: 8135
Warning: received a response with an unexpected id: 8155
Warning: received a response with an unexpected id: 8133
Warning: received a response with an unexpected id: 8130
Warning: received a response with an unexpected id: 8151
Warning: received a response with an unexpected id: 8154
Warning: received a response with an unexpected id: 8125
Warning: received a response with an unexpected id: 8162
Warning: received a response with an unexpected id: 8160
Warning: received a response with an unexpected id: 8165
Warning: received a response with an unexpected id: 8166
Warning: received a response with an unexpected id: 8155
Warning: received a response with an unexpected id: 8171
Warning: received a response with an unexpected id: 8161
Warning: received a response with an unexpected id: 8131
Warning: received a response with an unexpected id: 8132
Warning: received a response with an unexpected id: 8178
Warning: received a response with an unexpected id: 8180
Warning: received a response with an unexpected id: 8292
Warning: received a response with an unexpected id: 8465
Warning: received a response with an unexpected id: 8628
Warning: received a response with an unexpected id: 8634
Warning: received a response with an unexpected id: 8631
Warning: received a response with an unexpected id: 8627
Warning: received a response with an unexpected id: 8647
Warning: received a response with an unexpected id: 8696
Warning: received a response with an unexpected id: 8731
Warning: received a response with an unexpected id: 9120
Warning: received a response with an unexpected id: 9392
Warning: received a response with an unexpected id: 9689
Warning: received a response with an unexpected id: 9703
Warning: received a response with an unexpected id: 9705
Warning: received a response with an unexpected id: 871
Warning: received a response with an unexpected id: 9742
[Status] Waiting for more responses
[Status] Testing complete

Statistics:

  Queries sent:         756249
  Queries completed:    754658
  Queries lost:         1591
  Response codes:       NOERROR 467939 (62.01%), SERVFAIL 68764 (9.11%), NXDOMAIN 217955 (28.88%)

  Run time (s):         622.512175
  Maximum throughput:   8624.000000 qps
  Lost at that point:   0.02%

  Connection attempts:  71 (70 successful, 98.59%)

DNS-over-HTTPS statistics:

  HTTP/2 return codes:  200: 754807

