DNS Resolution Performance Testing Tool
Version 2.14.0

[Status] Command line: resperf -P 20250620-0959.gnuplot -M doh -s 79.127.218.224 -O doh-uri=https://protective.joindns4.eu/dns-query -d domains_shuffled.list -C 50 -m 1300 -b 1400 -q 1000000 -R -r 10 -c 600 -t 30 -F 0
[Status] Sending
[Status] Ramp-up done, sending constant traffic
Warning: received a response with an unexpected id: 2043
Warning: received a response with an unexpected id: 3713
Warning: received a response with an unexpected id: 4121
Warning: received a response with an unexpected id: 4399
Warning: received a response with an unexpected id: 4809
Warning: received a response with an unexpected id: 4836
Warning: received a response with an unexpected id: 4834
Warning: received a response with an unexpected id: 5667
Warning: received a response with an unexpected id: 5681
Warning: received a response with an unexpected id: 5689
Warning: received a response with an unexpected id: 5698
Warning: received a response with an unexpected id: 5706
Warning: received a response with an unexpected id: 5666
Warning: received a response with an unexpected id: 5717
Warning: received a response with an unexpected id: 5711
Warning: received a response with an unexpected id: 6325
Warning: received a response with an unexpected id: 6330
Warning: received a response with an unexpected id: 6428
Warning: received a response with an unexpected id: 8918
Warning: received a response with an unexpected id: 8909
Warning: received a response with an unexpected id: 9007
Warning: received a response with an unexpected id: 9018
Warning: received a response with an unexpected id: 9022
Warning: received a response with an unexpected id: 9023
Warning: received a response with an unexpected id: 9002
Warning: received a response with an unexpected id: 9012
Warning: received a response with an unexpected id: 8998
Warning: received a response with an unexpected id: 8943
Warning: received a response with an unexpected id: 9003
Warning: received a response with an unexpected id: 8988
Warning: received a response with an unexpected id: 8993
Warning: received a response with an unexpected id: 8970
Warning: received a response with an unexpected id: 9000
Warning: received a response with an unexpected id: 8910
Warning: received a response with an unexpected id: 8961
Error: failed to receive packet: Bad file descriptor
