DNS Resolution Performance Testing Tool
Version 2.14.0

[Status] Command line: resperf -P 20250620-0826.gnuplot -M doh -s 79.127.218.224 -O doh-uri=https://protective.joindns4.eu/dns-query -d domains_shuffled.list -C 50 -m 1300 -b 1400 -q 500000 -R -r 10 -c 300 -t 30 -F 0
[Status] Sending
[Status] Ramp-up done, sending constant traffic
Warning: received a response with an unexpected id: 2581
Warning: received a response with an unexpected id: 2948
Warning: received a response with an unexpected id: 2950
[Status] Waiting for more responses
[Status] Testing complete

Statistics:

  Queries sent:         395840
  Queries completed:    394170
  Queries lost:         1670
  Response codes:       NOERROR 254801 (64.64%), SERVFAIL 23089 (5.86%), NXDOMAIN 116280 (29.50%)

  Run time (s):         339.454619
  Maximum throughput:   2512.000000 qps
  Lost at that point:   0.00%

  Connection attempts:  130 (130 successful, 100.00%)

DNS-over-HTTPS statistics:

  HTTP/2 return codes:  200: 394173

