DNS Resolution Performance Testing Tool
Version 2.14.0

[Status] Command line: resperf -P 20250620-0726.gnuplot -M doh -s 79.127.218.224 -O doh-uri=https://protective.joindns4.eu/dns-query -d domains_shuffled.list -C 50 -m 1400 -b 1400 -q 500000 -R -r 10 -c 300 -t 30 -F 0
[Status] Sending
[Status] Ramp-up done, sending constant traffic
Warning: received a response with an unexpected id: 1745
Warning: received a response with an unexpected id: 1750
Warning: received a response with an unexpected id: 1760
Warning: received a response with an unexpected id: 1741
Warning: received a response with an unexpected id: 1795
Warning: received a response with an unexpected id: 1807
Warning: received a response with an unexpected id: 1806
Warning: received a response with an unexpected id: 1812
Warning: received a response with an unexpected id: 1775
Warning: received a response with an unexpected id: 1786
Warning: received a response with an unexpected id: 1803
Warning: received a response with an unexpected id: 2053
Warning: received a response with an unexpected id: 2089
Warning: received a response with an unexpected id: 2091
Warning: received a response with an unexpected id: 2092
Warning: received a response with an unexpected id: 2066
Warning: received a response with an unexpected id: 2086
Warning: received a response with an unexpected id: 2078
Warning: received a response with an unexpected id: 2083
Warning: received a response with an unexpected id: 2063
Warning: received a response with an unexpected id: 2082
Warning: received a response with an unexpected id: 2076
Warning: received a response with an unexpected id: 2085
Warning: received a response with an unexpected id: 2096
Warning: received a response with an unexpected id: 2064
Warning: received a response with an unexpected id: 2118
Warning: received a response with an unexpected id: 2079
Warning: received a response with an unexpected id: 2101
Warning: received a response with an unexpected id: 2084
Warning: received a response with an unexpected id: 2117
Warning: received a response with an unexpected id: 2121
Warning: received a response with an unexpected id: 2095
Warning: received a response with an unexpected id: 2080
Warning: received a response with an unexpected id: 2108
Warning: received a response with an unexpected id: 2074
Warning: received a response with an unexpected id: 2126
Warning: received a response with an unexpected id: 2116
Warning: received a response with an unexpected id: 2094
Warning: received a response with an unexpected id: 2065
Warning: received a response with an unexpected id: 2156
Warning: received a response with an unexpected id: 2071
Warning: received a response with an unexpected id: 2149
Warning: received a response with an unexpected id: 2172
Warning: received a response with an unexpected id: 2100
Warning: received a response with an unexpected id: 2105
Warning: received a response with an unexpected id: 2178
Warning: received a response with an unexpected id: 2170
Warning: received a response with an unexpected id: 2176
Warning: received a response with an unexpected id: 2155
Warning: received a response with an unexpected id: 2171
Warning: received a response with an unexpected id: 2192
Warning: received a response with an unexpected id: 2175
Warning: received a response with an unexpected id: 2179
Warning: received a response with an unexpected id: 2194
Warning: received a response with an unexpected id: 2187
Warning: received a response with an unexpected id: 2198
Warning: nghttp2_session_send failed: The user callback function failed
Warning: received a response with an unexpected id: 2147
Warning: received a response with an unexpected id: 2185
Warning: received a response with an unexpected id: 2186
Warning: received a response with an unexpected id: 2193
Warning: received a response with an unexpected id: 2191
Warning: received a response with an unexpected id: 2189
Warning: received a response with an unexpected id: 2183
Warning: received a response with an unexpected id: 2182
Warning: received a response with an unexpected id: 2156
Warning: received a response with an unexpected id: 2159
Warning: received a response with an unexpected id: 2200
Warning: received a response with an unexpected id: 2181
Warning: received a response with an unexpected id: 2204
Warning: received a response with an unexpected id: 2168
Warning: received a response with an unexpected id: 2150
Warning: received a response with an unexpected id: 2165
Warning: received a response with an unexpected id: 2214
Warning: received a response with an unexpected id: 2167
Warning: received a response with an unexpected id: 2178
Warning: received a response with an unexpected id: 2179
Warning: received a response with an unexpected id: 2167
Warning: received a response with an unexpected id: 2163
Warning: received a response with an unexpected id: 2212
Warning: received a response with an unexpected id: 2162
Warning: received a response with an unexpected id: 2165
Warning: received a response with an unexpected id: 2153
Warning: received a response with an unexpected id: 2188
Warning: received a response with an unexpected id: 2219
Warning: received a response with an unexpected id: 2176
Warning: received a response with an unexpected id: 2150
Warning: received a response with an unexpected id: 2159
Warning: received a response with an unexpected id: 2182
Warning: received a response with an unexpected id: 2154
Warning: received a response with an unexpected id: 2164
Warning: received a response with an unexpected id: 2204
Warning: received a response with an unexpected id: 2183
Warning: received a response with an unexpected id: 2207
Warning: received a response with an unexpected id: 2188
Warning: received a response with an unexpected id: 2196
Warning: received a response with an unexpected id: 2211
Warning: received a response with an unexpected id: 2202
Warning: received a response with an unexpected id: 2207
Warning: received a response with an unexpected id: 2212
Warning: received a response with an unexpected id: 2195
Warning: received a response with an unexpected id: 2209
Warning: received a response with an unexpected id: 2216
Warning: received a response with an unexpected id: 2158
Warning: received a response with an unexpected id: 2225
Warning: received a response with an unexpected id: 2226
Warning: received a response with an unexpected id: 2180
Warning: received a response with an unexpected id: 2186
Warning: received a response with an unexpected id: 2148
Warning: received a response with an unexpected id: 2206
Warning: received a response with an unexpected id: 2149
Warning: received a response with an unexpected id: 2158
Warning: received a response with an unexpected id: 2251
Warning: received a response with an unexpected id: 2219
Warning: received a response with an unexpected id: 2245
Warning: received a response with an unexpected id: 2370
Warning: received a response with an unexpected id: 2373
Warning: received a response with an unexpected id: 2198
Warning: received a response with an unexpected id: 2304
Warning: received a response with an unexpected id: 2363
Warning: received a response with an unexpected id: 2368
Warning: received a response with an unexpected id: 2261
Warning: received a response with an unexpected id: 2322
Warning: received a response with an unexpected id: 2383
Warning: received a response with an unexpected id: 2375
Warning: received a response with an unexpected id: 2209
Warning: received a response with an unexpected id: 2323
Warning: received a response with an unexpected id: 2383
Warning: received a response with an unexpected id: 2309
Warning: received a response with an unexpected id: 2380
Warning: received a response with an unexpected id: 2381
Warning: received a response with an unexpected id: 2321
Warning: received a response with an unexpected id: 2331
Warning: received a response with an unexpected id: 2341
Warning: received a response with an unexpected id: 2309
Warning: received a response with an unexpected id: 2360
Warning: received a response with an unexpected id: 2335
Warning: received a response with an unexpected id: 2307
Warning: received a response with an unexpected id: 2306
Warning: received a response with an unexpected id: 2346
Warning: received a response with an unexpected id: 2367
Warning: received a response with an unexpected id: 2325
Warning: received a response with an unexpected id: 2361
Warning: received a response with an unexpected id: 2353
Warning: received a response with an unexpected id: 2174
Warning: received a response with an unexpected id: 2347
Warning: received a response with an unexpected id: 2391
Warning: received a response with an unexpected id: 2338
Warning: received a response with an unexpected id: 2282
Warning: received a response with an unexpected id: 2297
Warning: received a response with an unexpected id: 2296
Warning: received a response with an unexpected id: 2326
Warning: received a response with an unexpected id: 2341
Warning: received a response with an unexpected id: 2389
Warning: received a response with an unexpected id: 2334
Warning: received a response with an unexpected id: 2314
Warning: received a response with an unexpected id: 2280
Warning: received a response with an unexpected id: 2151
Warning: received a response with an unexpected id: 2169
Warning: received a response with an unexpected id: 2335
Warning: received a response with an unexpected id: 2388
Warning: received a response with an unexpected id: 2343
Warning: received a response with an unexpected id: 2345
Warning: received a response with an unexpected id: 2330
Warning: received a response with an unexpected id: 2352
Warning: received a response with an unexpected id: 2353
Warning: received a response with an unexpected id: 2354
Warning: received a response with an unexpected id: 2365
Warning: received a response with an unexpected id: 2368
Warning: received a response with an unexpected id: 2372
Warning: received a response with an unexpected id: 2380
Warning: received a response with an unexpected id: 2395
Warning: received a response with an unexpected id: 2399
Warning: received a response with an unexpected id: 2401
Warning: received a response with an unexpected id: 2402
Warning: received a response with an unexpected id: 2316
Warning: received a response with an unexpected id: 2314
Warning: received a response with an unexpected id: 2284
Warning: received a response with an unexpected id: 2329
Warning: received a response with an unexpected id: 2323
Warning: received a response with an unexpected id: 2339
Warning: received a response with an unexpected id: 2352
Warning: received a response with an unexpected id: 2394
Warning: received a response with an unexpected id: 2316
Warning: received a response with an unexpected id: 2405
Warning: received a response with an unexpected id: 2342
Warning: received a response with an unexpected id: 2385
Warning: received a response with an unexpected id: 2358
Warning: received a response with an unexpected id: 2364
Warning: received a response with an unexpected id: 2291
Warning: received a response with an unexpected id: 2361
Warning: received a response with an unexpected id: 2330
Warning: received a response with an unexpected id: 2408
Warning: received a response with an unexpected id: 2396
Warning: received a response with an unexpected id: 2366
Warning: received a response with an unexpected id: 2378
Warning: received a response with an unexpected id: 2331
Warning: received a response with an unexpected id: 2310
Warning: received a response with an unexpected id: 2409
Warning: received a response with an unexpected id: 2421
Warning: received a response with an unexpected id: 2355
Warning: received a response with an unexpected id: 2350
Warning: received a response with an unexpected id: 2384
Warning: received a response with an unexpected id: 2301
Warning: received a response with an unexpected id: 2414
Warning: received a response with an unexpected id: 2293
Warning: received a response with an unexpected id: 2429
Warning: received a response with an unexpected id: 2419
Warning: received a response with an unexpected id: 2328
Warning: received a response with an unexpected id: 2428
Warning: received a response with an unexpected id: 2422
Warning: received a response with an unexpected id: 2299
Warning: received a response with an unexpected id: 2417
Warning: received a response with an unexpected id: 2340
Warning: received a response with an unexpected id: 2427
Warning: received a response with an unexpected id: 2430
Warning: received a response with an unexpected id: 2415
Warning: received a response with an unexpected id: 2382
Warning: received a response with an unexpected id: 2411
Warning: received a response with an unexpected id: 2342
Warning: received a response with an unexpected id: 2439
Warning: received a response with an unexpected id: 2323
Warning: received a response with an unexpected id: 2319
Warning: received a response with an unexpected id: 2433
Warning: received a response with an unexpected id: 2333
Warning: received a response with an unexpected id: 2403
Warning: received a response with an unexpected id: 2318
Warning: received a response with an unexpected id: 2427
Warning: received a response with an unexpected id: 2433
Warning: received a response with an unexpected id: 2322
Warning: received a response with an unexpected id: 2348
Warning: received a response with an unexpected id: 2294
Warning: received a response with an unexpected id: 2421
Warning: received a response with an unexpected id: 2395
Warning: received a response with an unexpected id: 2438
Warning: received a response with an unexpected id: 2429
Warning: received a response with an unexpected id: 2435
Warning: received a response with an unexpected id: 2423
Warning: received a response with an unexpected id: 2285
Warning: received a response with an unexpected id: 2446
Warning: received a response with an unexpected id: 2286
Warning: received a response with an unexpected id: 2377
Warning: received a response with an unexpected id: 2417
Warning: received a response with an unexpected id: 2446
Warning: received a response with an unexpected id: 2406
Warning: received a response with an unexpected id: 2379
Warning: received a response with an unexpected id: 2378
Warning: received a response with an unexpected id: 2445
Warning: received a response with an unexpected id: 2442
Warning: received a response with an unexpected id: 2441
Warning: received a response with an unexpected id: 2454
Warning: received a response with an unexpected id: 2435
Warning: received a response with an unexpected id: 2437
Warning: received a response with an unexpected id: 2434
Warning: received a response with an unexpected id: 2418
Warning: received a response with an unexpected id: 2427
Warning: received a response with an unexpected id: 2437
Warning: received a response with an unexpected id: 2431
Warning: received a response with an unexpected id: 2432
Warning: received a response with an unexpected id: 2438
Warning: received a response with an unexpected id: 2412
Warning: received a response with an unexpected id: 2455
Warning: received a response with an unexpected id: 2470
Warning: received a response with an unexpected id: 2434
Warning: received a response with an unexpected id: 2464
Warning: received a response with an unexpected id: 2429
Warning: received a response with an unexpected id: 2436
Warning: received a response with an unexpected id: 2422
Warning: received a response with an unexpected id: 2455
Warning: received a response with an unexpected id: 2473
Warning: received a response with an unexpected id: 2425
Warning: received a response with an unexpected id: 2514
Warning: received a response with an unexpected id: 2527
Warning: received a response with an unexpected id: 2554
Warning: received a response with an unexpected id: 2555
Warning: received a response with an unexpected id: 2542
Warning: received a response with an unexpected id: 2564
Warning: received a response with an unexpected id: 2518
Warning: received a response with an unexpected id: 2483
Warning: received a response with an unexpected id: 2492
Warning: received a response with an unexpected id: 2493
Warning: received a response with an unexpected id: 2497
Warning: received a response with an unexpected id: 2530
Warning: received a response with an unexpected id: 2531
Warning: received a response with an unexpected id: 2544
Warning: received a response with an unexpected id: 2547
Warning: received a response with an unexpected id: 2553
Warning: received a response with an unexpected id: 2557
Warning: received a response with an unexpected id: 2560
Warning: received a response with an unexpected id: 2563
Warning: received a response with an unexpected id: 2524
Warning: received a response with an unexpected id: 2506
Warning: received a response with an unexpected id: 2550
Warning: received a response with an unexpected id: 2572
Warning: received a response with an unexpected id: 2532
Warning: received a response with an unexpected id: 2608
Warning: received a response with an unexpected id: 2488
Warning: received a response with an unexpected id: 2507
Warning: received a response with an unexpected id: 2611
Warning: received a response with an unexpected id: 2589
Warning: received a response with an unexpected id: 2600
Warning: received a response with an unexpected id: 2500
Warning: received a response with an unexpected id: 2616
Warning: received a response with an unexpected id: 2601
Warning: received a response with an unexpected id: 2583
Warning: received a response with an unexpected id: 2517
Warning: received a response with an unexpected id: 2545
Warning: received a response with an unexpected id: 2574
Warning: received a response with an unexpected id: 2536
Warning: received a response with an unexpected id: 2529
Warning: received a response with an unexpected id: 2597
Warning: received a response with an unexpected id: 2513
Warning: received a response with an unexpected id: 2546
Warning: received a response with an unexpected id: 2504
Warning: received a response with an unexpected id: 2526
Warning: received a response with an unexpected id: 2612
Warning: received a response with an unexpected id: 2495
Warning: received a response with an unexpected id: 2480
Warning: received a response with an unexpected id: 2578
Warning: received a response with an unexpected id: 2501
Warning: received a response with an unexpected id: 2565
Warning: received a response with an unexpected id: 2567
Warning: received a response with an unexpected id: 2620
Warning: received a response with an unexpected id: 2498
Warning: received a response with an unexpected id: 2510
Warning: received a response with an unexpected id: 2525
Warning: received a response with an unexpected id: 2519
Warning: received a response with an unexpected id: 2570
Warning: received a response with an unexpected id: 2569
Warning: received a response with an unexpected id: 2521
Warning: received a response with an unexpected id: 2508
Warning: received a response with an unexpected id: 2491
Warning: received a response with an unexpected id: 2592
Warning: received a response with an unexpected id: 2622
Warning: received a response with an unexpected id: 2598
Warning: received a response with an unexpected id: 2484
Warning: received a response with an unexpected id: 2485
Warning: received a response with an unexpected id: 2624
Warning: received a response with an unexpected id: 2606
Warning: received a response with an unexpected id: 2614
Warning: received a response with an unexpected id: 2624
Warning: received a response with an unexpected id: 2627
Warning: received a response with an unexpected id: 2635
Warning: received a response with an unexpected id: 2607
Warning: received a response with an unexpected id: 2635
Warning: received a response with an unexpected id: 2615
Warning: received a response with an unexpected id: 2638
Warning: received a response with an unexpected id: 2641
Warning: received a response with an unexpected id: 2629
Warning: received a response with an unexpected id: 2630
Warning: received a response with an unexpected id: 2634
Warning: received a response with an unexpected id: 2627
Warning: received a response with an unexpected id: 2618
Warning: received a response with an unexpected id: 2657
Warning: received a response with an unexpected id: 2630
Warning: received a response with an unexpected id: 2629
Warning: received a response with an unexpected id: 2626
Warning: received a response with an unexpected id: 2637
Warning: received a response with an unexpected id: 2635
Warning: received a response with an unexpected id: 2636
Warning: received a response with an unexpected id: 2668
Warning: received a response with an unexpected id: 2663
Warning: received a response with an unexpected id: 2632
Warning: received a response with an unexpected id: 2651
Warning: received a response with an unexpected id: 2653
Warning: received a response with an unexpected id: 2645
Warning: received a response with an unexpected id: 2674
Warning: received a response with an unexpected id: 2609
Warning: received a response with an unexpected id: 2667
Warning: received a response with an unexpected id: 2617
Warning: received a response with an unexpected id: 2673
Warning: received a response with an unexpected id: 2641
Warning: received a response with an unexpected id: 2660
Warning: received a response with an unexpected id: 2631
Warning: received a response with an unexpected id: 2624
Warning: received a response with an unexpected id: 2627
Warning: received a response with an unexpected id: 2675
Warning: received a response with an unexpected id: 2659
Warning: received a response with an unexpected id: 2636
Warning: received a response with an unexpected id: 2628
Warning: received a response with an unexpected id: 2632
Warning: received a response with an unexpected id: 2625
Warning: received a response with an unexpected id: 2637
Warning: received a response with an unexpected id: 2666
Warning: received a response with an unexpected id: 2792
Warning: received a response with an unexpected id: 25199
Warning: received a response with an unexpected id: 2810
Warning: nghttp2_session_send failed: The user callback function failed
[Status] Waiting for more responses
[Status] Testing complete

Statistics:

  Queries sent:         426999
  Queries completed:    414125
  Queries lost:         12874
  Response codes:       NOERROR 265608 (64.14%), SERVFAIL 27084 (6.54%), NXDOMAIN 121433 (29.32%)

  Run time (s):         322.892519
  Maximum throughput:   25866.000000 qps
  Lost at that point:   14.68%

  Connection attempts:  89 (88 successful, 98.88%)

DNS-over-HTTPS statistics:

  HTTP/2 return codes:  200: 414511

