DNS Resolution Performance Testing Tool
Version 2.14.0

[Status] Command line: resperf -P 20250620-0726.gnuplot -M doh -s 79.127.218.224 -O doh-uri=https://protective.joindns4.eu/dns-query -d domains_shuffled.list -C 50 -m 1400 -b 1400 -q 500000 -R -r 10 -c 300 -t 30 -F 0
[Status] Sending
[Status] Ramp-up done, sending constant traffic
Warning: received a response with an unexpected id: 1709
Warning: received a response with an unexpected id: 1712
Warning: received a response with an unexpected id: 1726
Warning: received a response with an unexpected id: 1750
Warning: received a response with an unexpected id: 1744
Warning: received a response with an unexpected id: 1707
Warning: received a response with an unexpected id: 1758
Warning: received a response with an unexpected id: 1708
Warning: received a response with an unexpected id: 1774
Warning: received a response with an unexpected id: 2016
Warning: received a response with an unexpected id: 2026
Warning: received a response with an unexpected id: 2027
Warning: received a response with an unexpected id: 2047
Warning: received a response with an unexpected id: 2022
Warning: received a response with an unexpected id: 2024
Warning: received a response with an unexpected id: 2046
Warning: received a response with an unexpected id: 2058
Warning: received a response with an unexpected id: 2047
Warning: received a response with an unexpected id: 2056
Warning: received a response with an unexpected id: 2038
Warning: received a response with an unexpected id: 2018
Warning: received a response with an unexpected id: 2039
Warning: received a response with an unexpected id: 2035
Warning: received a response with an unexpected id: 2046
Warning: received a response with an unexpected id: 2011
Warning: received a response with an unexpected id: 2037
Warning: received a response with an unexpected id: 2054
Warning: received a response with an unexpected id: 2061
Warning: received a response with an unexpected id: 2025
Warning: received a response with an unexpected id: 2073
Warning: received a response with an unexpected id: 2070
Warning: received a response with an unexpected id: 2032
Warning: received a response with an unexpected id: 2051
Warning: received a response with an unexpected id: 2082
Warning: received a response with an unexpected id: 2041
Warning: received a response with an unexpected id: 2052
Warning: received a response with an unexpected id: 2076
Warning: received a response with an unexpected id: 2083
Warning: received a response with an unexpected id: 2086
Warning: received a response with an unexpected id: 2071
Warning: received a response with an unexpected id: 2072
Warning: received a response with an unexpected id: 2031
Warning: received a response with an unexpected id: 2040
Warning: received a response with an unexpected id: 2057
Warning: received a response with an unexpected id: 2070
Warning: received a response with an unexpected id: 2040
Warning: received a response with an unexpected id: 2039
Warning: received a response with an unexpected id: 2044
Warning: received a response with an unexpected id: 2043
Warning: received a response with an unexpected id: 2096
Warning: received a response with an unexpected id: 2059
Warning: received a response with an unexpected id: 2100
Warning: received a response with an unexpected id: 2087
Warning: received a response with an unexpected id: 2093
Warning: received a response with an unexpected id: 2015
Warning: received a response with an unexpected id: 2053
Warning: received a response with an unexpected id: 2097
Warning: received a response with an unexpected id: 2098
Warning: received a response with an unexpected id: 2065
Warning: received a response with an unexpected id: 2042
Warning: received a response with an unexpected id: 2074
Warning: received a response with an unexpected id: 2049
Warning: received a response with an unexpected id: 2056
Warning: received a response with an unexpected id: 2102
Warning: received a response with an unexpected id: 2061
Warning: received a response with an unexpected id: 2102
Warning: received a response with an unexpected id: 2115
Warning: received a response with an unexpected id: 2113
Warning: received a response with an unexpected id: 2083
Warning: received a response with an unexpected id: 2111
Warning: received a response with an unexpected id: 2055
Warning: received a response with an unexpected id: 2041
Warning: received a response with an unexpected id: 2086
Warning: received a response with an unexpected id: 2115
Warning: received a response with an unexpected id: 2137
Warning: received a response with an unexpected id: 2140
Warning: received a response with an unexpected id: 2136
Warning: received a response with an unexpected id: 2141
Warning: received a response with an unexpected id: 2124
Warning: received a response with an unexpected id: 2126
Warning: received a response with an unexpected id: 2147
Warning: received a response with an unexpected id: 2155
Warning: received a response with an unexpected id: 2158
Warning: received a response with an unexpected id: 2160
Warning: received a response with an unexpected id: 2123
Warning: received a response with an unexpected id: 2125
Warning: received a response with an unexpected id: 2135
Warning: received a response with an unexpected id: 2131
Warning: received a response with an unexpected id: 2150
Warning: received a response with an unexpected id: 2151
Warning: received a response with an unexpected id: 2140
Warning: received a response with an unexpected id: 2145
Warning: received a response with an unexpected id: 2162
Warning: received a response with an unexpected id: 2158
Warning: received a response with an unexpected id: 2164
Warning: received a response with an unexpected id: 2161
Warning: received a response with an unexpected id: 2173
Warning: received a response with an unexpected id: 2175
Warning: received a response with an unexpected id: 2170
Warning: received a response with an unexpected id: 2160
Warning: received a response with an unexpected id: 2166
Warning: received a response with an unexpected id: 2167
Warning: received a response with an unexpected id: 2162
Warning: received a response with an unexpected id: 2169
Warning: received a response with an unexpected id: 2162
Warning: received a response with an unexpected id: 2176
Warning: received a response with an unexpected id: 2182
Warning: received a response with an unexpected id: 2185
Warning: received a response with an unexpected id: 2174
Warning: received a response with an unexpected id: 2168
Warning: received a response with an unexpected id: 2156
Warning: received a response with an unexpected id: 2184
Warning: received a response with an unexpected id: 2187
Warning: received a response with an unexpected id: 2190
Warning: received a response with an unexpected id: 2178
Warning: received a response with an unexpected id: 2225
Warning: received a response with an unexpected id: 2218
Warning: received a response with an unexpected id: 2175
Warning: received a response with an unexpected id: 2180
Warning: received a response with an unexpected id: 2094
Warning: received a response with an unexpected id: 2200
Warning: received a response with an unexpected id: 2093
Warning: received a response with an unexpected id: 2132
Warning: received a response with an unexpected id: 2138
Warning: received a response with an unexpected id: 2212
Warning: received a response with an unexpected id: 2203
Warning: received a response with an unexpected id: 2186
Warning: received a response with an unexpected id: 2229
Warning: received a response with an unexpected id: 2137
Warning: received a response with an unexpected id: 2118
Warning: received a response with an unexpected id: 2330
Warning: received a response with an unexpected id: 2317
Warning: received a response with an unexpected id: 2315
Warning: received a response with an unexpected id: 2315
Warning: received a response with an unexpected id: 2328
Warning: received a response with an unexpected id: 2335
Warning: received a response with an unexpected id: 2337
Warning: received a response with an unexpected id: 2342
Warning: received a response with an unexpected id: 2251
Warning: received a response with an unexpected id: 2252
Warning: received a response with an unexpected id: 2298
Warning: received a response with an unexpected id: 2277
Warning: received a response with an unexpected id: 2107
Warning: received a response with an unexpected id: 2209
Warning: received a response with an unexpected id: 2256
Warning: received a response with an unexpected id: 2276
Warning: received a response with an unexpected id: 2345
Warning: received a response with an unexpected id: 2332
Warning: received a response with an unexpected id: 2339
Warning: received a response with an unexpected id: 2176
Warning: received a response with an unexpected id: 2319
Warning: received a response with an unexpected id: 2344
Warning: received a response with an unexpected id: 2347
Warning: received a response with an unexpected id: 2321
Warning: received a response with an unexpected id: 2292
Warning: received a response with an unexpected id: 2139
Warning: received a response with an unexpected id: 2204
Warning: received a response with an unexpected id: 2331
Warning: received a response with an unexpected id: 2344
Warning: received a response with an unexpected id: 2347
Warning: received a response with an unexpected id: 2332
Warning: received a response with an unexpected id: 2289
Warning: received a response with an unexpected id: 2260
Warning: received a response with an unexpected id: 2189
Warning: received a response with an unexpected id: 2197
Warning: received a response with an unexpected id: 2198
Warning: received a response with an unexpected id: 2275
Warning: received a response with an unexpected id: 2277
Warning: received a response with an unexpected id: 2333
Warning: received a response with an unexpected id: 2326
Warning: received a response with an unexpected id: 2194
Warning: received a response with an unexpected id: 2349
Warning: received a response with an unexpected id: 2320
Warning: received a response with an unexpected id: 2351
Warning: received a response with an unexpected id: 2318
Warning: received a response with an unexpected id: 2279
Warning: received a response with an unexpected id: 2283
Warning: received a response with an unexpected id: 2288
Warning: received a response with an unexpected id: 2295
Warning: received a response with an unexpected id: 2300
Warning: received a response with an unexpected id: 2315
Warning: received a response with an unexpected id: 2322
Warning: received a response with an unexpected id: 2327
Warning: received a response with an unexpected id: 2332
Warning: received a response with an unexpected id: 2351
Warning: received a response with an unexpected id: 2346
Warning: received a response with an unexpected id: 2324
Warning: received a response with an unexpected id: 2318
Warning: received a response with an unexpected id: 2325
Warning: received a response with an unexpected id: 2317
Warning: received a response with an unexpected id: 2280
Warning: received a response with an unexpected id: 2300
Warning: received a response with an unexpected id: 2152
Warning: received a response with an unexpected id: 2226
Warning: received a response with an unexpected id: 2349
Warning: received a response with an unexpected id: 2235
Warning: received a response with an unexpected id: 2245
Warning: received a response with an unexpected id: 2293
Warning: received a response with an unexpected id: 2294
Warning: received a response with an unexpected id: 2328
Warning: received a response with an unexpected id: 26990
Warning: received a response with an unexpected id: 2165
Warning: received a response with an unexpected id: 2222
Warning: received a response with an unexpected id: 2057
Warning: received a response with an unexpected id: 2234
Warning: received a response with an unexpected id: 2182
Warning: received a response with an unexpected id: 2251
Warning: received a response with an unexpected id: 2248
Warning: received a response with an unexpected id: 2356
Warning: received a response with an unexpected id: 2305
Warning: received a response with an unexpected id: 2297
Warning: received a response with an unexpected id: 2244
Warning: received a response with an unexpected id: 2253
Warning: received a response with an unexpected id: 2293
Warning: received a response with an unexpected id: 2224
Warning: received a response with an unexpected id: 2255
Warning: received a response with an unexpected id: 2338
Warning: received a response with an unexpected id: 2176
Warning: received a response with an unexpected id: 2206
Warning: received a response with an unexpected id: 2339
Warning: received a response with an unexpected id: 2244
Warning: received a response with an unexpected id: 2218
Warning: received a response with an unexpected id: 2188
Warning: received a response with an unexpected id: 2163
Warning: received a response with an unexpected id: 2240
Warning: received a response with an unexpected id: 2259
Warning: received a response with an unexpected id: 2288
Warning: received a response with an unexpected id: 2299
Warning: received a response with an unexpected id: 2351
Warning: received a response with an unexpected id: 22145
Warning: received a response with an unexpected id: 2258
Warning: received a response with an unexpected id: 2237
Warning: received a response with an unexpected id: 2266
Warning: received a response with an unexpected id: 2303
Warning: received a response with an unexpected id: 2343
Warning: received a response with an unexpected id: 2153
Warning: received a response with an unexpected id: 2256
Warning: received a response with an unexpected id: 2261
Warning: received a response with an unexpected id: 2269
Warning: received a response with an unexpected id: 2295
Warning: received a response with an unexpected id: 2207
Warning: received a response with an unexpected id: 2229
Warning: received a response with an unexpected id: 2173
Warning: received a response with an unexpected id: 2193
Warning: received a response with an unexpected id: 2179
Warning: received a response with an unexpected id: 2299
Warning: received a response with an unexpected id: 2307
Warning: received a response with an unexpected id: 2312
Warning: received a response with an unexpected id: 2335
Warning: received a response with an unexpected id: 2172
Warning: received a response with an unexpected id: 2215
Warning: received a response with an unexpected id: 2246
Warning: received a response with an unexpected id: 2350
Warning: received a response with an unexpected id: 2317
Warning: received a response with an unexpected id: 2219
Warning: received a response with an unexpected id: 2282
Warning: received a response with an unexpected id: 2305
Warning: received a response with an unexpected id: 2332
Warning: received a response with an unexpected id: 2323
Warning: received a response with an unexpected id: 2329
Warning: received a response with an unexpected id: 2335
Warning: received a response with an unexpected id: 2363
Warning: received a response with an unexpected id: 2184
Warning: received a response with an unexpected id: 2319
Warning: received a response with an unexpected id: 2312
Warning: received a response with an unexpected id: 2314
Warning: received a response with an unexpected id: 2310
Warning: received a response with an unexpected id: 2232
Warning: received a response with an unexpected id: 2249
Warning: received a response with an unexpected id: 2280
Warning: received a response with an unexpected id: 2270
Warning: received a response with an unexpected id: 2271
Warning: received a response with an unexpected id: 2284
Warning: received a response with an unexpected id: 2340
Warning: received a response with an unexpected id: 2361
Warning: received a response with an unexpected id: 2364
Warning: received a response with an unexpected id: 2223
Warning: received a response with an unexpected id: 2225
Warning: received a response with an unexpected id: 2268
Warning: received a response with an unexpected id: 2222
Warning: received a response with an unexpected id: 2227
Warning: received a response with an unexpected id: 2263
Warning: received a response with an unexpected id: 2293
Warning: received a response with an unexpected id: 2166
Warning: received a response with an unexpected id: 2169
Warning: received a response with an unexpected id: 2346
Warning: received a response with an unexpected id: 2327
Warning: received a response with an unexpected id: 2187
Warning: received a response with an unexpected id: 2282
Warning: received a response with an unexpected id: 2328
Warning: received a response with an unexpected id: 2336
Warning: received a response with an unexpected id: 2222
Warning: received a response with an unexpected id: 2336
Warning: received a response with an unexpected id: 2334
Warning: received a response with an unexpected id: 2365
Warning: received a response with an unexpected id: 2173
Warning: received a response with an unexpected id: 2236
Warning: received a response with an unexpected id: 2344
Warning: received a response with an unexpected id: 2325
Warning: received a response with an unexpected id: 2371
Warning: received a response with an unexpected id: 2220
Warning: received a response with an unexpected id: 2235
Warning: received a response with an unexpected id: 2257
Warning: received a response with an unexpected id: 2258
Warning: received a response with an unexpected id: 2260
Warning: received a response with an unexpected id: 2269
Warning: received a response with an unexpected id: 2218
Warning: received a response with an unexpected id: 2367
Warning: received a response with an unexpected id: 2285
Warning: received a response with an unexpected id: 2181
Warning: received a response with an unexpected id: 2188
Warning: received a response with an unexpected id: 2250
Warning: received a response with an unexpected id: 2341
Warning: received a response with an unexpected id: 2342
Warning: received a response with an unexpected id: 2170
Warning: received a response with an unexpected id: 2333
Warning: received a response with an unexpected id: 2366
Warning: received a response with an unexpected id: 2380
Warning: received a response with an unexpected id: 2369
Warning: received a response with an unexpected id: 2234
Warning: received a response with an unexpected id: 2319
Warning: received a response with an unexpected id: 2316
Warning: received a response with an unexpected id: 2362
Warning: received a response with an unexpected id: 2370
Warning: received a response with an unexpected id: 2384
Warning: received a response with an unexpected id: 2263
Warning: received a response with an unexpected id: 2348
Warning: received a response with an unexpected id: 2194
Warning: received a response with an unexpected id: 2372
Warning: received a response with an unexpected id: 2172
Warning: received a response with an unexpected id: 2253
Warning: received a response with an unexpected id: 2292
Warning: received a response with an unexpected id: 2165
Warning: received a response with an unexpected id: 2184
Warning: received a response with an unexpected id: 2264
Warning: received a response with an unexpected id: 2314
Warning: received a response with an unexpected id: 2290
Warning: received a response with an unexpected id: 2384
Warning: received a response with an unexpected id: 2385
Warning: received a response with an unexpected id: 2376
Warning: received a response with an unexpected id: 2334
Warning: received a response with an unexpected id: 2354
Warning: received a response with an unexpected id: 2362
Warning: received a response with an unexpected id: 2369
Warning: received a response with an unexpected id: 2385
Warning: received a response with an unexpected id: 2324
Warning: received a response with an unexpected id: 2389
Warning: received a response with an unexpected id: 2345
Warning: received a response with an unexpected id: 2370
Warning: received a response with an unexpected id: 2380
Warning: received a response with an unexpected id: 2331
Warning: received a response with an unexpected id: 2390
Warning: received a response with an unexpected id: 2395
Warning: received a response with an unexpected id: 2355
Warning: received a response with an unexpected id: 2398
Warning: received a response with an unexpected id: 2337
Warning: received a response with an unexpected id: 2305
Warning: received a response with an unexpected id: 2243
Warning: received a response with an unexpected id: 2382
Warning: received a response with an unexpected id: 2316
Warning: received a response with an unexpected id: 2371
Warning: received a response with an unexpected id: 2381
Warning: received a response with an unexpected id: 2382
Warning: received a response with an unexpected id: 2324
Warning: received a response with an unexpected id: 2330
Warning: received a response with an unexpected id: 2391
Warning: received a response with an unexpected id: 2377
Warning: received a response with an unexpected id: 2376
Warning: received a response with an unexpected id: 2399
Warning: received a response with an unexpected id: 2367
Warning: received a response with an unexpected id: 2386
Warning: received a response with an unexpected id: 2384
Warning: received a response with an unexpected id: 2399
Warning: received a response with an unexpected id: 2380
Warning: received a response with an unexpected id: 2347
Warning: received a response with an unexpected id: 2346
Warning: received a response with an unexpected id: 2312
Warning: received a response with an unexpected id: 2373
Warning: received a response with an unexpected id: 2390
Warning: received a response with an unexpected id: 2327
Warning: received a response with an unexpected id: 2360
Warning: received a response with an unexpected id: 2382
Warning: received a response with an unexpected id: 2386
Warning: received a response with an unexpected id: 2399
Warning: received a response with an unexpected id: 2383
Warning: received a response with an unexpected id: 2375
Warning: received a response with an unexpected id: 2332
Warning: received a response with an unexpected id: 2401
Warning: received a response with an unexpected id: 2399
Warning: received a response with an unexpected id: 2378
Warning: received a response with an unexpected id: 2398
Warning: received a response with an unexpected id: 2402
Warning: received a response with an unexpected id: 2388
Warning: received a response with an unexpected id: 2405
Warning: received a response with an unexpected id: 2406
Warning: received a response with an unexpected id: 2333
Warning: received a response with an unexpected id: 2351
Warning: received a response with an unexpected id: 2366
Warning: received a response with an unexpected id: 2217
Warning: received a response with an unexpected id: 2393
Warning: received a response with an unexpected id: 2385
Warning: received a response with an unexpected id: 2403
Warning: received a response with an unexpected id: 2397
Warning: received a response with an unexpected id: 2410
Warning: received a response with an unexpected id: 2413
Warning: received a response with an unexpected id: 2377
Warning: received a response with an unexpected id: 2360
Warning: received a response with an unexpected id: 2379
Warning: received a response with an unexpected id: 2356
Warning: received a response with an unexpected id: 2411
Warning: received a response with an unexpected id: 2384
Warning: received a response with an unexpected id: 2347
Warning: received a response with an unexpected id: 2420
Warning: received a response with an unexpected id: 2399
Warning: received a response with an unexpected id: 2402
Warning: received a response with an unexpected id: 2383
Warning: received a response with an unexpected id: 2374
Warning: received a response with an unexpected id: 2365
Warning: received a response with an unexpected id: 2360
Warning: received a response with an unexpected id: 2376
Warning: received a response with an unexpected id: 2422
Warning: received a response with an unexpected id: 2401
Warning: received a response with an unexpected id: 2413
Warning: received a response with an unexpected id: 2406
Warning: received a response with an unexpected id: 2405
Warning: received a response with an unexpected id: 2402
Warning: received a response with an unexpected id: 2359
Warning: received a response with an unexpected id: 2326
Warning: received a response with an unexpected id: 2323
Warning: received a response with an unexpected id: 2415
Warning: received a response with an unexpected id: 2339
Warning: received a response with an unexpected id: 2338
Warning: received a response with an unexpected id: 2350
Warning: received a response with an unexpected id: 2437
Warning: received a response with an unexpected id: 2427
Warning: received a response with an unexpected id: 2362
Warning: received a response with an unexpected id: 2324
Warning: received a response with an unexpected id: 2312
Warning: received a response with an unexpected id: 2262
Warning: received a response with an unexpected id: 2328
Warning: received a response with an unexpected id: 0
Warning: received a response with an unexpected id: 29632
Warning: received a response with an unexpected id: 2484
Warning: received a response with an unexpected id: 2492
Warning: received a response with an unexpected id: 2509
Warning: received a response with an unexpected id: 2507
Warning: received a response with an unexpected id: 2521
Warning: received a response with an unexpected id: 2494
Warning: received a response with an unexpected id: 2576
Warning: received a response with an unexpected id: 2564
Warning: received a response with an unexpected id: 2567
Warning: received a response with an unexpected id: 2569
Warning: received a response with an unexpected id: 2571
Warning: received a response with an unexpected id: 2578
Warning: received a response with an unexpected id: 2579
Warning: received a response with an unexpected id: 2589
Warning: received a response with an unexpected id: 2535
Warning: received a response with an unexpected id: 2480
Warning: received a response with an unexpected id: 2583
Warning: received a response with an unexpected id: 2512
Warning: received a response with an unexpected id: 2581
Warning: received a response with an unexpected id: 2593
Warning: received a response with an unexpected id: 2530
Warning: received a response with an unexpected id: 2528
Warning: received a response with an unexpected id: 2477
Warning: received a response with an unexpected id: 2592
Warning: received a response with an unexpected id: 2500
Warning: received a response with an unexpected id: 2579
Warning: received a response with an unexpected id: 2620
Warning: received a response with an unexpected id: 2621
Warning: received a response with an unexpected id: 2563
Warning: received a response with an unexpected id: 2597
Warning: received a response with an unexpected id: 2523
Warning: received a response with an unexpected id: 2527
Warning: received a response with an unexpected id: 2537
Warning: received a response with an unexpected id: 2575
Warning: received a response with an unexpected id: 2576
Warning: received a response with an unexpected id: 2586
Warning: received a response with an unexpected id: 2476
Warning: received a response with an unexpected id: 2469
Warning: received a response with an unexpected id: 2465
Warning: received a response with an unexpected id: 2510
Warning: received a response with an unexpected id: 2526
Warning: received a response with an unexpected id: 2588
Warning: received a response with an unexpected id: 2589
Warning: received a response with an unexpected id: 2605
Warning: received a response with an unexpected id: 2625
Warning: received a response with an unexpected id: 2626
Warning: received a response with an unexpected id: 2479
Warning: received a response with an unexpected id: 2543
Warning: received a response with an unexpected id: 2522
Warning: received a response with an unexpected id: 2565
Warning: received a response with an unexpected id: 2496
Warning: received a response with an unexpected id: 2578
Warning: received a response with an unexpected id: 2559
Warning: received a response with an unexpected id: 2552
Warning: received a response with an unexpected id: 2600
Warning: received a response with an unexpected id: 2519
Warning: received a response with an unexpected id: 2651
Warning: received a response with an unexpected id: 2599
Warning: received a response with an unexpected id: 2542
Warning: received a response with an unexpected id: 2554
Warning: received a response with an unexpected id: 2515
Warning: received a response with an unexpected id: 2595
Warning: received a response with an unexpected id: 2483
Warning: received a response with an unexpected id: 2505
Warning: received a response with an unexpected id: 2647
Warning: received a response with an unexpected id: 2471
Warning: received a response with an unexpected id: 2466
Warning: received a response with an unexpected id: 2533
Warning: received a response with an unexpected id: 2551
Warning: received a response with an unexpected id: 2629
Warning: received a response with an unexpected id: 2603
Warning: received a response with an unexpected id: 2644
Warning: received a response with an unexpected id: 2499
Warning: received a response with an unexpected id: 2587
Warning: received a response with an unexpected id: 2566
Warning: received a response with an unexpected id: 2622
Warning: received a response with an unexpected id: 2654
Warning: received a response with an unexpected id: 2468
Warning: received a response with an unexpected id: 2511
Warning: received a response with an unexpected id: 2518
Warning: received a response with an unexpected id: 2488
Warning: received a response with an unexpected id: 2695
Warning: received a response with an unexpected id: 2645
Warning: received a response with an unexpected id: 2632
Warning: received a response with an unexpected id: 2501
Warning: received a response with an unexpected id: 2582
Warning: received a response with an unexpected id: 2491
Warning: received a response with an unexpected id: 2564
Warning: received a response with an unexpected id: 2660
Warning: received a response with an unexpected id: 2495
Warning: received a response with an unexpected id: 2590
Warning: received a response with an unexpected id: 2613
Warning: received a response with an unexpected id: 2652
Warning: received a response with an unexpected id: 2683
Warning: received a response with an unexpected id: 2702
Warning: received a response with an unexpected id: 2675
Warning: received a response with an unexpected id: 2673
Warning: received a response with an unexpected id: 2727
Warning: received a response with an unexpected id: 2728
Warning: received a response with an unexpected id: 2710
Warning: received a response with an unexpected id: 2746
Warning: received a response with an unexpected id: 2788
Warning: received a response with an unexpected id: 256
Error: failed to receive packet: Bad file descriptor
