DNS Resolution Performance Testing Tool
Version 2.14.0

[Status] Command line: resperf -P 20250620-0842.gnuplot -M doh -s 79.127.218.224 -O doh-uri=https://protective.joindns4.eu/dns-query -d domains_shuffled.list -C 50 -m 1300 -b 1400 -q 500000 -R -r 10 -c 300 -t 30 -F 0
[Status] Sending
[Status] Ramp-up done, sending constant traffic
Warning: received a response with an unexpected id: 3348
Warning: received a response with an unexpected id: 6795
[Status] Waiting for more responses
[Status] Testing complete

Statistics:

  Queries sent:         396499
  Queries completed:    396201
  Queries lost:         298
  Response codes:       NOERROR 256052 (64.63%), SERVFAIL 21886 (5.52%), NXDOMAIN 118263 (29.85%)

  Run time (s):         326.690683
  Maximum throughput:   1300.000000 qps
  Lost at that point:   0.00%

  Connection attempts:  65 (64 successful, 98.46%)

DNS-over-HTTPS statistics:

  HTTP/2 return codes:  200: 396203

