DNS Resolution Performance Testing Tool
Version 2.14.0

[Status] Command line: resperf -P 20250620-1045.gnuplot -M doh -s 79.127.218.224 -O doh-uri=https://protective.joindns4.eu/dns-query -d domains_shuffled.list -C 50 -m 1300 -b 1400 -q 1000000 -R -r 10 -c 300 -t 30 -F 0
[Status] Sending
[Status] Ramp-up done, sending constant traffic
Warning: received a response with an unexpected id: 5237
Warning: received a response with an unexpected id: 5682
[Status] Waiting for more responses
[Status] Testing complete

Statistics:

  Queries sent:         396499
  Queries completed:    396181
  Queries lost:         318
  Response codes:       NOERROR 245800 (62.04%), SERVFAIL 34183 (8.63%), NXDOMAIN 116198 (29.33%)

  Run time (s):         331.562256
  Maximum throughput:   1320.000000 qps
  Lost at that point:   0.00%

  Connection attempts:  86 (84 successful, 97.67%)

DNS-over-HTTPS statistics:

  HTTP/2 return codes:  200: 396183

