DNS Resolution Performance Testing Tool
Version 2.14.0

[Status] Command line: resperf -P 20250620-0648.gnuplot -M doh -s 79.127.218.224 -O doh-uri=https://protective.joindns4.eu/dns-query -d domains_shuffled.list -C 100 -m 1300 -b 1400 -q 500000 -R -r 10 -c 300 -t 30 -F 0
[Status] Sending
[Status] Ramp-up done, sending constant traffic
Warning: received a response with an unexpected id: 3352
Warning: received a response with an unexpected id: 3344
[Status] Waiting for more responses
[Status] Testing complete

Statistics:

  Queries sent:         396499
  Queries completed:    396497
  Queries lost:         2
  Response codes:       NOERROR 241430 (60.89%), SERVFAIL 41547 (10.48%), NXDOMAIN 113520 (28.63%)

  Run time (s):         326.679826
  Maximum throughput:   1300.000000 qps
  Lost at that point:   0.00%

  Connection attempts:  149 (143 successful, 95.97%)

DNS-over-HTTPS statistics:

  HTTP/2 return codes:  200: 396499

