DNS Resolution Performance Testing Tool
Version 2.14.0

[Status] Command line: resperf -P 20250620-0816.gnuplot -M doh -s 79.127.218.224 -O doh-uri=https://protective.joindns4.eu/dns-query -d domains_shuffled.list -C 100 -m 1300 -b 1400 -q 50000 -R -r 10 -c 300 -t 30 -F 0
[Status] Sending
[Status] Ramp-up done, sending constant traffic
Warning: received a response with an unexpected id: 81
Warning: received a response with an unexpected id: 90
Warning: received a response with an unexpected id: 64
Warning: received a response with an unexpected id: 42
Warning: received a response with an unexpected id: 479
Warning: received a response with an unexpected id: 119
Warning: received a response with an unexpected id: 83
Warning: received a response with an unexpected id: 316
Warning: received a response with an unexpected id: 67
Warning: received a response with an unexpected id: 499
Warning: received a response with an unexpected id: 153
Warning: received a response with an unexpected id: 429
Warning: received a response with an unexpected id: 178
Warning: received a response with an unexpected id: 100
Warning: received a response with an unexpected id: 112
Warning: received a response with an unexpected id: 82
Warning: received a response with an unexpected id: 471
Warning: received a response with an unexpected id: 181
Warning: received a response with an unexpected id: 47
Warning: received a response with an unexpected id: 453
Warning: received a response with an unexpected id: 464
Warning: received a response with an unexpected id: 192
Warning: received a response with an unexpected id: 80
Warning: received a response with an unexpected id: 32
Warning: received a response with an unexpected id: 114
Warning: received a response with an unexpected id: 59
Warning: received a response with an unexpected id: 498
Warning: received a response with an unexpected id: 162
Warning: received a response with an unexpected id: 153
Warning: received a response with an unexpected id: 15
Warning: received a response with an unexpected id: 429
Warning: received a response with an unexpected id: 356
Warning: received a response with an unexpected id: 492
Warning: received a response with an unexpected id: 27
Warning: received a response with an unexpected id: 478
Warning: received a response with an unexpected id: 317
Warning: received a response with an unexpected id: 483
Warning: received a response with an unexpected id: 474
Warning: received a response with an unexpected id: 103
Warning: received a response with an unexpected id: 26
Warning: received a response with an unexpected id: 433
Warning: received a response with an unexpected id: 83
Warning: received a response with an unexpected id: 234
Warning: received a response with an unexpected id: 276
Warning: received a response with an unexpected id: 309
Warning: received a response with an unexpected id: 163
Warning: received a response with an unexpected id: 43
Warning: received a response with an unexpected id: 258
Warning: received a response with an unexpected id: 232
Warning: received a response with an unexpected id: 139
Warning: received a response with an unexpected id: 232
Warning: received a response with an unexpected id: 309
Warning: received a response with an unexpected id: 159
Warning: received a response with an unexpected id: 257
Warning: received a response with an unexpected id: 34
Warning: received a response with an unexpected id: 304
Warning: received a response with an unexpected id: 187
Warning: received a response with an unexpected id: 316
Warning: received a response with an unexpected id: 108
Warning: received a response with an unexpected id: 126
Warning: received a response with an unexpected id: 186
Warning: received a response with an unexpected id: 93
Warning: received a response with an unexpected id: 233
Warning: received a response with an unexpected id: 167
Warning: received a response with an unexpected id: 201
Warning: received a response with an unexpected id: 156
Warning: received a response with an unexpected id: 162
Warning: received a response with an unexpected id: 201
Warning: received a response with an unexpected id: 144
Warning: received a response with an unexpected id: 375
Warning: received a response with an unexpected id: 228
Warning: received a response with an unexpected id: 147
Warning: received a response with an unexpected id: 71
Warning: received a response with an unexpected id: 318
Warning: received a response with an unexpected id: 391
Warning: received a response with an unexpected id: 389
Warning: received a response with an unexpected id: 159
Warning: received a response with an unexpected id: 31
Warning: received a response with an unexpected id: 143
Warning: received a response with an unexpected id: 110
Warning: received a response with an unexpected id: 311
Warning: received a response with an unexpected id: 247
Warning: received a response with an unexpected id: 274
Warning: received a response with an unexpected id: 168
Warning: received a response with an unexpected id: 59
Warning: received a response with an unexpected id: 218
Warning: received a response with an unexpected id: 180
Warning: received a response with an unexpected id: 226
Warning: received a response with an unexpected id: 191
Warning: received a response with an unexpected id: 353
Warning: received a response with an unexpected id: 78
Warning: received a response with an unexpected id: 137
Warning: received a response with an unexpected id: 114
Warning: received a response with an unexpected id: 74
Warning: received a response with an unexpected id: 149
Warning: received a response with an unexpected id: 298
Warning: received a response with an unexpected id: 87
Warning: received a response with an unexpected id: 170
Warning: received a response with an unexpected id: 188
Warning: received a response with an unexpected id: 193
Warning: received a response with an unexpected id: 339
Warning: received a response with an unexpected id: 110
Warning: received a response with an unexpected id: 354
Warning: received a response with an unexpected id: 134
Warning: received a response with an unexpected id: 139
Warning: received a response with an unexpected id: 64
Warning: received a response with an unexpected id: 186
Warning: received a response with an unexpected id: 286
Warning: received a response with an unexpected id: 148
Warning: received a response with an unexpected id: 147
Warning: received a response with an unexpected id: 342
Warning: received a response with an unexpected id: 217
Warning: received a response with an unexpected id: 166
Warning: received a response with an unexpected id: 358
Warning: received a response with an unexpected id: 238
Warning: received a response with an unexpected id: 269
Warning: received a response with an unexpected id: 94
Warning: received a response with an unexpected id: 72
Warning: received a response with an unexpected id: 239
Warning: received a response with an unexpected id: 236
Warning: received a response with an unexpected id: 245
Warning: received a response with an unexpected id: 36
Warning: received a response with an unexpected id: 383
Warning: received a response with an unexpected id: 345
Warning: received a response with an unexpected id: 132
Warning: received a response with an unexpected id: 163
Warning: received a response with an unexpected id: 180
Warning: received a response with an unexpected id: 102
Warning: received a response with an unexpected id: 253
Warning: received a response with an unexpected id: 128
Warning: received a response with an unexpected id: 209
Warning: received a response with an unexpected id: 373
Warning: received a response with an unexpected id: 112
Warning: received a response with an unexpected id: 81
Warning: received a response with an unexpected id: 198
Warning: received a response with an unexpected id: 227
Warning: received a response with an unexpected id: 210
Warning: received a response with an unexpected id: 81
Warning: received a response with an unexpected id: 204
Warning: received a response with an unexpected id: 298
Warning: received a response with an unexpected id: 185
Warning: received a response with an unexpected id: 208
Warning: received a response with an unexpected id: 159
Warning: received a response with an unexpected id: 222
Warning: received a response with an unexpected id: 245
Warning: received a response with an unexpected id: 200
Warning: received a response with an unexpected id: 239
Warning: received a response with an unexpected id: 66
Warning: received a response with an unexpected id: 73
Warning: received a response with an unexpected id: 200
Warning: received a response with an unexpected id: 258
Warning: received a response with an unexpected id: 53
Warning: received a response with an unexpected id: 127
Warning: received a response with an unexpected id: 202
Warning: received a response with an unexpected id: 49
Warning: received a response with an unexpected id: 119
Warning: received a response with an unexpected id: 261
Warning: received a response with an unexpected id: 95
Warning: received a response with an unexpected id: 104
Warning: received a response with an unexpected id: 91
Warning: received a response with an unexpected id: 95
Warning: received a response with an unexpected id: 43
Warning: received a response with an unexpected id: 245
Warning: received a response with an unexpected id: 222
Warning: received a response with an unexpected id: 246
Warning: received a response with an unexpected id: 204
Warning: received a response with an unexpected id: 141
Warning: received a response with an unexpected id: 181
Warning: received a response with an unexpected id: 234
Warning: received a response with an unexpected id: 355
Warning: received a response with an unexpected id: 116
Warning: received a response with an unexpected id: 202
Warning: received a response with an unexpected id: 181
Warning: received a response with an unexpected id: 227
Warning: received a response with an unexpected id: 126
Warning: received a response with an unexpected id: 201
Warning: received a response with an unexpected id: 340
Warning: received a response with an unexpected id: 104
Warning: received a response with an unexpected id: 43
Warning: received a response with an unexpected id: 193
Warning: received a response with an unexpected id: 220
Warning: received a response with an unexpected id: 207
Warning: received a response with an unexpected id: 5
Warning: received a response with an unexpected id: 295
Warning: received a response with an unexpected id: 483
Warning: received a response with an unexpected id: 95
Warning: received a response with an unexpected id: 228
Warning: received a response with an unexpected id: 190
Warning: received a response with an unexpected id: 362
Warning: received a response with an unexpected id: 482
Warning: received a response with an unexpected id: 55
Warning: received a response with an unexpected id: 16
Warning: received a response with an unexpected id: 33
Warning: received a response with an unexpected id: 321
Warning: received a response with an unexpected id: 240
Warning: received a response with an unexpected id: 17
Warning: received a response with an unexpected id: 343
Warning: received a response with an unexpected id: 412
Warning: received a response with an unexpected id: 337
Warning: received a response with an unexpected id: 287
Warning: received a response with an unexpected id: 272
Warning: received a response with an unexpected id: 12
Warning: received a response with an unexpected id: 363
Warning: received a response with an unexpected id: 201
Warning: received a response with an unexpected id: 465
Warning: received a response with an unexpected id: 213
Warning: received a response with an unexpected id: 78
Warning: received a response with an unexpected id: 381
Warning: received a response with an unexpected id: 327
Warning: received a response with an unexpected id: 426
Warning: received a response with an unexpected id: 72
Warning: received a response with an unexpected id: 385
Warning: received a response with an unexpected id: 250
Warning: received a response with an unexpected id: 427
Warning: received a response with an unexpected id: 241
Warning: received a response with an unexpected id: 253
Warning: received a response with an unexpected id: 349
Warning: received a response with an unexpected id: 98
Warning: received a response with an unexpected id: 455
Warning: received a response with an unexpected id: 41
Warning: received a response with an unexpected id: 433
Warning: received a response with an unexpected id: 74
Warning: received a response with an unexpected id: 19
Warning: received a response with an unexpected id: 383
Warning: received a response with an unexpected id: 370
Warning: received a response with an unexpected id: 198
Warning: received a response with an unexpected id: 378
Warning: received a response with an unexpected id: 295
Warning: received a response with an unexpected id: 316
Warning: received a response with an unexpected id: 91
Warning: received a response with an unexpected id: 96
Warning: received a response with an unexpected id: 87
Warning: received a response with an unexpected id: 294
Warning: received a response with an unexpected id: 397
Warning: received a response with an unexpected id: 93
Warning: received a response with an unexpected id: 385
Warning: received a response with an unexpected id: 390
Warning: received a response with an unexpected id: 311
Warning: received a response with an unexpected id: 413
Warning: received a response with an unexpected id: 50
Warning: received a response with an unexpected id: 94
Warning: received a response with an unexpected id: 9
Warning: received a response with an unexpected id: 422
Warning: received a response with an unexpected id: 487
Warning: received a response with an unexpected id: 394
Warning: received a response with an unexpected id: 294
Warning: received a response with an unexpected id: 457
Warning: received a response with an unexpected id: 6
Warning: received a response with an unexpected id: 446
Warning: received a response with an unexpected id: 381
Warning: received a response with an unexpected id: 80
Warning: received a response with an unexpected id: 331
Warning: received a response with an unexpected id: 413
Warning: received a response with an unexpected id: 396
Warning: received a response with an unexpected id: 476
Warning: received a response with an unexpected id: 52
Warning: received a response with an unexpected id: 430
Warning: received a response with an unexpected id: 332
Warning: received a response with an unexpected id: 409
Warning: received a response with an unexpected id: 402
Warning: received a response with an unexpected id: 349
Warning: received a response with an unexpected id: 86
Warning: received a response with an unexpected id: 45
Warning: received a response with an unexpected id: 32
Warning: received a response with an unexpected id: 416
Warning: received a response with an unexpected id: 70
Warning: received a response with an unexpected id: 80
Warning: received a response with an unexpected id: 92
Warning: received a response with an unexpected id: 458
Warning: received a response with an unexpected id: 32
Warning: received a response with an unexpected id: 12
Warning: received a response with an unexpected id: 84
Warning: received a response with an unexpected id: 72
Warning: received a response with an unexpected id: 38
Warning: received a response with an unexpected id: 75
Warning: received a response with an unexpected id: 417
Warning: received a response with an unexpected id: 22
Warning: received a response with an unexpected id: 11
Warning: received a response with an unexpected id: 377
Warning: received a response with an unexpected id: 36
Warning: received a response with an unexpected id: 314
Warning: received a response with an unexpected id: 1
Warning: received a response with an unexpected id: 99
Warning: received a response with an unexpected id: 194
Warning: received a response with an unexpected id: 19
Warning: received a response with an unexpected id: 390
Warning: received a response with an unexpected id: 334
Warning: received a response with an unexpected id: 38
Warning: received a response with an unexpected id: 344
Warning: received a response with an unexpected id: 305
Warning: received a response with an unexpected id: 447
Warning: received a response with an unexpected id: 354
Warning: received a response with an unexpected id: 257
Warning: received a response with an unexpected id: 307
Warning: received a response with an unexpected id: 463
Warning: received a response with an unexpected id: 355
Warning: received a response with an unexpected id: 298
Warning: received a response with an unexpected id: 461
Warning: received a response with an unexpected id: 337
Warning: received a response with an unexpected id: 45
Warning: received a response with an unexpected id: 385
Warning: received a response with an unexpected id: 409
Warning: received a response with an unexpected id: 363
Warning: received a response with an unexpected id: 479
Warning: received a response with an unexpected id: 203
Warning: received a response with an unexpected id: 322
Warning: received a response with an unexpected id: 478
Warning: received a response with an unexpected id: 356
Warning: received a response with an unexpected id: 404
Warning: received a response with an unexpected id: 430
Warning: received a response with an unexpected id: 441
Warning: received a response with an unexpected id: 39
Warning: received a response with an unexpected id: 277
Warning: received a response with an unexpected id: 354
Warning: received a response with an unexpected id: 15
Warning: received a response with an unexpected id: 366
Warning: received a response with an unexpected id: 17
Warning: received a response with an unexpected id: 491
Warning: received a response with an unexpected id: 314
Warning: received a response with an unexpected id: 397
Warning: received a response with an unexpected id: 387
Warning: received a response with an unexpected id: 202
Warning: received a response with an unexpected id: 381
Warning: received a response with an unexpected id: 465
Warning: received a response with an unexpected id: 435
Warning: received a response with an unexpected id: 404
Warning: received a response with an unexpected id: 4
Warning: received a response with an unexpected id: 292
Warning: received a response with an unexpected id: 175
Warning: received a response with an unexpected id: 330
Warning: received a response with an unexpected id: 352
Warning: received a response with an unexpected id: 458
Warning: received a response with an unexpected id: 445
Warning: received a response with an unexpected id: 301
Warning: received a response with an unexpected id: 381
Warning: received a response with an unexpected id: 264
Warning: received a response with an unexpected id: 420
Warning: received a response with an unexpected id: 322
Warning: received a response with an unexpected id: 472
Warning: received a response with an unexpected id: 230
Warning: received a response with an unexpected id: 388
Warning: received a response with an unexpected id: 496
Warning: received a response with an unexpected id: 358
Warning: received a response with an unexpected id: 45
Warning: received a response with an unexpected id: 290
Warning: received a response with an unexpected id: 282
Warning: received a response with an unexpected id: 340
Warning: received a response with an unexpected id: 391
Warning: received a response with an unexpected id: 422
Warning: received a response with an unexpected id: 87
Warning: received a response with an unexpected id: 32
Warning: received a response with an unexpected id: 103
Warning: received a response with an unexpected id: 79
Warning: received a response with an unexpected id: 36
Warning: received a response with an unexpected id: 82
Warning: received a response with an unexpected id: 75
Warning: received a response with an unexpected id: 85
Warning: received a response with an unexpected id: 88
Warning: received a response with an unexpected id: 52
Warning: received a response with an unexpected id: 50
Warning: received a response with an unexpected id: 70
Warning: received a response with an unexpected id: 77
Warning: received a response with an unexpected id: 26
Warning: received a response with an unexpected id: 31
Warning: received a response with an unexpected id: 74
Warning: received a response with an unexpected id: 15
Warning: received a response with an unexpected id: 302
Warning: received a response with an unexpected id: 406
Warning: received a response with an unexpected id: 419
Warning: received a response with an unexpected id: 455
Warning: received a response with an unexpected id: 387
Warning: received a response with an unexpected id: 355
Warning: received a response with an unexpected id: 378
Warning: received a response with an unexpected id: 453
Warning: received a response with an unexpected id: 349
Warning: received a response with an unexpected id: 319
Warning: received a response with an unexpected id: 483
Warning: received a response with an unexpected id: 342
Warning: received a response with an unexpected id: 54
Warning: received a response with an unexpected id: 308
Warning: received a response with an unexpected id: 384
Warning: received a response with an unexpected id: 231
Warning: received a response with an unexpected id: 73
Warning: received a response with an unexpected id: 448
Warning: received a response with an unexpected id: 410
Warning: received a response with an unexpected id: 464
Warning: received a response with an unexpected id: 432
Warning: received a response with an unexpected id: 316
Warning: received a response with an unexpected id: 429
Warning: received a response with an unexpected id: 90
Warning: received a response with an unexpected id: 350
Warning: received a response with an unexpected id: 462
Warning: received a response with an unexpected id: 431
Warning: received a response with an unexpected id: 356
Warning: received a response with an unexpected id: 459
Warning: received a response with an unexpected id: 316
Warning: received a response with an unexpected id: 337
Warning: received a response with an unexpected id: 388
Warning: received a response with an unexpected id: 116
Warning: received a response with an unexpected id: 74
Warning: received a response with an unexpected id: 86
Warning: received a response with an unexpected id: 263
Warning: received a response with an unexpected id: 394
Warning: received a response with an unexpected id: 432
Warning: received a response with an unexpected id: 49
Warning: received a response with an unexpected id: 55
Warning: received a response with an unexpected id: 35
Warning: received a response with an unexpected id: 434
Warning: received a response with an unexpected id: 103
Warning: received a response with an unexpected id: 124
Warning: received a response with an unexpected id: 446
Warning: received a response with an unexpected id: 307
Warning: received a response with an unexpected id: 498
Warning: received a response with an unexpected id: 462
Warning: received a response with an unexpected id: 472
Warning: received a response with an unexpected id: 90
Warning: received a response with an unexpected id: 59
Warning: received a response with an unexpected id: 467
Warning: received a response with an unexpected id: 443
Warning: received a response with an unexpected id: 42
Warning: received a response with an unexpected id: 494
Warning: received a response with an unexpected id: 26
Warning: received a response with an unexpected id: 81
Warning: received a response with an unexpected id: 485
Warning: received a response with an unexpected id: 118
Warning: received a response with an unexpected id: 75
Warning: received a response with an unexpected id: 328
Warning: received a response with an unexpected id: 22
Warning: received a response with an unexpected id: 424
Warning: received a response with an unexpected id: 462
Warning: received a response with an unexpected id: 54
Warning: received a response with an unexpected id: 451
Warning: received a response with an unexpected id: 78
Warning: received a response with an unexpected id: 71
Warning: received a response with an unexpected id: 16
Warning: received a response with an unexpected id: 142
Warning: received a response with an unexpected id: 120
Warning: received a response with an unexpected id: 426
Warning: received a response with an unexpected id: 53
Warning: received a response with an unexpected id: 481
Warning: received a response with an unexpected id: 428
Warning: received a response with an unexpected id: 456
Warning: received a response with an unexpected id: 61
Warning: received a response with an unexpected id: 134
Warning: received a response with an unexpected id: 6
Warning: received a response with an unexpected id: 62
Warning: received a response with an unexpected id: 269
Warning: received a response with an unexpected id: 432
Warning: received a response with an unexpected id: 280
Warning: received a response with an unexpected id: 379
Warning: received a response with an unexpected id: 106
Warning: received a response with an unexpected id: 338
Warning: received a response with an unexpected id: 141
Warning: received a response with an unexpected id: 91
Warning: received a response with an unexpected id: 22
Warning: received a response with an unexpected id: 453
Warning: received a response with an unexpected id: 395
Warning: received a response with an unexpected id: 40
Warning: received a response with an unexpected id: 37
Warning: received a response with an unexpected id: 86
Warning: received a response with an unexpected id: 64
Warning: received a response with an unexpected id: 474
Warning: received a response with an unexpected id: 85
Warning: received a response with an unexpected id: 412
Warning: received a response with an unexpected id: 489
Warning: received a response with an unexpected id: 28
Warning: received a response with an unexpected id: 437
Warning: received a response with an unexpected id: 109
Warning: received a response with an unexpected id: 90
Warning: received a response with an unexpected id: 102
Warning: received a response with an unexpected id: 388
Warning: received a response with an unexpected id: 445
Warning: received a response with an unexpected id: 95
Warning: received a response with an unexpected id: 453
Warning: received a response with an unexpected id: 460
Warning: received a response with an unexpected id: 481
Warning: received a response with an unexpected id: 377
Warning: received a response with an unexpected id: 94
Warning: received a response with an unexpected id: 353
Warning: received a response with an unexpected id: 415
Warning: received a response with an unexpected id: 275
Warning: received a response with an unexpected id: 42
Warning: received a response with an unexpected id: 42
Warning: received a response with an unexpected id: 437
Warning: received a response with an unexpected id: 16
Warning: received a response with an unexpected id: 443
Warning: received a response with an unexpected id: 317
Warning: received a response with an unexpected id: 3
Warning: received a response with an unexpected id: 403
Warning: received a response with an unexpected id: 51
Warning: received a response with an unexpected id: 318
Warning: received a response with an unexpected id: 278
Warning: received a response with an unexpected id: 490
Warning: received a response with an unexpected id: 466
Warning: received a response with an unexpected id: 491
Warning: received a response with an unexpected id: 431
Warning: received a response with an unexpected id: 54
Error: failed to receive packet: Bad file descriptor
