DNS Resolution Performance Testing Tool
Version 2.14.0

[Status] Command line: resperf -P 20250620-0716.gnuplot -M doh -s 79.127.218.224 -O doh-uri=https://protective.joindns4.eu/dns-query -d domains_shuffled.list -C 100 -m 1400 -b 1400 -q 500000 -R -r 10 -c 300 -t 30 -F 0
[Status] Sending
[Status] Ramp-up done, sending constant traffic
Warning: received a response with an unexpected id: 807
Warning: received a response with an unexpected id: 805
Warning: received a response with an unexpected id: 803
Warning: received a response with an unexpected id: 808
Warning: received a response with an unexpected id: 809
Warning: received a response with an unexpected id: 810
Warning: received a response with an unexpected id: 812
Warning: received a response with an unexpected id: 810
Warning: received a response with an unexpected id: 818
Warning: received a response with an unexpected id: 813
Warning: received a response with an unexpected id: 830
Warning: received a response with an unexpected id: 816
Warning: received a response with an unexpected id: 809
Warning: received a response with an unexpected id: 808
Warning: received a response with an unexpected id: 828
Warning: received a response with an unexpected id: 829
Warning: received a response with an unexpected id: 828
Warning: received a response with an unexpected id: 824
Warning: received a response with an unexpected id: 829
Warning: received a response with an unexpected id: 829
Warning: received a response with an unexpected id: 831
Warning: received a response with an unexpected id: 840
Warning: received a response with an unexpected id: 846
Warning: received a response with an unexpected id: 847
Warning: received a response with an unexpected id: 845
Warning: received a response with an unexpected id: 839
Warning: received a response with an unexpected id: 862
Warning: received a response with an unexpected id: 864
Warning: received a response with an unexpected id: 868
Warning: received a response with an unexpected id: 869
Warning: received a response with an unexpected id: 865
Warning: received a response with an unexpected id: 870
Warning: received a response with an unexpected id: 870
Warning: received a response with an unexpected id: 858
Warning: received a response with an unexpected id: 877
Warning: received a response with an unexpected id: 869
Warning: received a response with an unexpected id: 864
Warning: received a response with an unexpected id: 868
Warning: received a response with an unexpected id: 852
Warning: received a response with an unexpected id: 879
Warning: received a response with an unexpected id: 854
Warning: received a response with an unexpected id: 873
Warning: received a response with an unexpected id: 853
Warning: received a response with an unexpected id: 856
Warning: received a response with an unexpected id: 854
Warning: received a response with an unexpected id: 857
Warning: received a response with an unexpected id: 859
Warning: received a response with an unexpected id: 862
Warning: received a response with an unexpected id: 865
Warning: received a response with an unexpected id: 866
Warning: received a response with an unexpected id: 867
Warning: received a response with an unexpected id: 868
Warning: received a response with an unexpected id: 869
Warning: received a response with an unexpected id: 871
Warning: received a response with an unexpected id: 875
Warning: received a response with an unexpected id: 878
Warning: received a response with an unexpected id: 879
Warning: received a response with an unexpected id: 881
Warning: received a response with an unexpected id: 876
Warning: received a response with an unexpected id: 877
Warning: received a response with an unexpected id: 866
Warning: received a response with an unexpected id: 863
Warning: received a response with an unexpected id: 880
Warning: received a response with an unexpected id: 860
Warning: received a response with an unexpected id: 874
Warning: received a response with an unexpected id: 876
Warning: received a response with an unexpected id: 865
Warning: received a response with an unexpected id: 863
Warning: received a response with an unexpected id: 864
Warning: received a response with an unexpected id: 857
Warning: received a response with an unexpected id: 856
Warning: received a response with an unexpected id: 878
Warning: received a response with an unexpected id: 871
Warning: received a response with an unexpected id: 874
Warning: received a response with an unexpected id: 855
Warning: received a response with an unexpected id: 861
Warning: received a response with an unexpected id: 878
Warning: received a response with an unexpected id: 880
Warning: received a response with an unexpected id: 883
Warning: received a response with an unexpected id: 866
Warning: received a response with an unexpected id: 865
Warning: received a response with an unexpected id: 872
Warning: received a response with an unexpected id: 875
Warning: received a response with an unexpected id: 881
Warning: received a response with an unexpected id: 884
Warning: received a response with an unexpected id: 889
Warning: received a response with an unexpected id: 849
Warning: received a response with an unexpected id: 852
Warning: received a response with an unexpected id: 857
Warning: received a response with an unexpected id: 863
Warning: received a response with an unexpected id: 864
Warning: received a response with an unexpected id: 867
Warning: received a response with an unexpected id: 868
Warning: received a response with an unexpected id: 869
Warning: received a response with an unexpected id: 885
Warning: received a response with an unexpected id: 888
Warning: received a response with an unexpected id: 851
Warning: received a response with an unexpected id: 855
Warning: received a response with an unexpected id: 866
Warning: received a response with an unexpected id: 867
Warning: received a response with an unexpected id: 869
Warning: received a response with an unexpected id: 875
Warning: received a response with an unexpected id: 877
Warning: received a response with an unexpected id: 879
Warning: received a response with an unexpected id: 884
Warning: received a response with an unexpected id: 886
Warning: received a response with an unexpected id: 892
Warning: received a response with an unexpected id: 860
Warning: received a response with an unexpected id: 862
Warning: received a response with an unexpected id: 868
Warning: received a response with an unexpected id: 871
Warning: received a response with an unexpected id: 872
Warning: received a response with an unexpected id: 888
Warning: received a response with an unexpected id: 878
Warning: received a response with an unexpected id: 881
Warning: received a response with an unexpected id: 882
Warning: received a response with an unexpected id: 883
Warning: received a response with an unexpected id: 885
Warning: received a response with an unexpected id: 889
Warning: received a response with an unexpected id: 856
Warning: received a response with an unexpected id: 855
Warning: received a response with an unexpected id: 859
Warning: received a response with an unexpected id: 862
Warning: received a response with an unexpected id: 874
Warning: received a response with an unexpected id: 876
Warning: received a response with an unexpected id: 877
Warning: received a response with an unexpected id: 884
Warning: received a response with an unexpected id: 890
Warning: received a response with an unexpected id: 896
Warning: received a response with an unexpected id: 860
Warning: received a response with an unexpected id: 865
Warning: received a response with an unexpected id: 867
Warning: received a response with an unexpected id: 879
Warning: received a response with an unexpected id: 881
Warning: received a response with an unexpected id: 887
Warning: received a response with an unexpected id: 892
Warning: received a response with an unexpected id: 922
Warning: received a response with an unexpected id: 927
Warning: received a response with an unexpected id: 916
Warning: received a response with an unexpected id: 926
Warning: received a response with an unexpected id: 914
Warning: received a response with an unexpected id: 918
Warning: received a response with an unexpected id: 920
Warning: received a response with an unexpected id: 914
Warning: received a response with an unexpected id: 922
Warning: received a response with an unexpected id: 923
Warning: received a response with an unexpected id: 930
Warning: received a response with an unexpected id: 931
Warning: received a response with an unexpected id: 978
Warning: received a response with an unexpected id: 941
Warning: received a response with an unexpected id: 998
Warning: received a response with an unexpected id: 915
Warning: received a response with an unexpected id: 926
Warning: received a response with an unexpected id: 988
Warning: received a response with an unexpected id: 985
Warning: received a response with an unexpected id: 979
Warning: received a response with an unexpected id: 963
Warning: received a response with an unexpected id: 1003
Warning: received a response with an unexpected id: 1009
Warning: received a response with an unexpected id: 930
Warning: received a response with an unexpected id: 949
Warning: received a response with an unexpected id: 937
Warning: received a response with an unexpected id: 955
Warning: received a response with an unexpected id: 953
Warning: received a response with an unexpected id: 978
Warning: received a response with an unexpected id: 922
Warning: received a response with an unexpected id: 990
Warning: received a response with an unexpected id: 923
Warning: received a response with an unexpected id: 953
Warning: received a response with an unexpected id: 933
Warning: received a response with an unexpected id: 971
Warning: received a response with an unexpected id: 973
Warning: received a response with an unexpected id: 981
Warning: received a response with an unexpected id: 992
Warning: received a response with an unexpected id: 988
Warning: received a response with an unexpected id: 928
Warning: received a response with an unexpected id: 961
Warning: received a response with an unexpected id: 969
Warning: received a response with an unexpected id: 978
Warning: received a response with an unexpected id: 1004
Warning: received a response with an unexpected id: 951
Warning: received a response with an unexpected id: 985
Warning: received a response with an unexpected id: 1001
Warning: received a response with an unexpected id: 941
Warning: received a response with an unexpected id: 977
Warning: received a response with an unexpected id: 937
Warning: received a response with an unexpected id: 950
Warning: received a response with an unexpected id: 940
Warning: received a response with an unexpected id: 1002
Warning: received a response with an unexpected id: 965
Warning: received a response with an unexpected id: 979
Warning: received a response with an unexpected id: 999
Warning: received a response with an unexpected id: 955
Warning: received a response with an unexpected id: 947
Warning: received a response with an unexpected id: 930
Warning: received a response with an unexpected id: 958
Warning: received a response with an unexpected id: 986
Warning: received a response with an unexpected id: 989
Warning: received a response with an unexpected id: 1023
Warning: received a response with an unexpected id: 973
Warning: received a response with an unexpected id: 974
Warning: received a response with an unexpected id: 932
Warning: received a response with an unexpected id: 998
Warning: received a response with an unexpected id: 1007
Warning: received a response with an unexpected id: 954
Warning: received a response with an unexpected id: 1015
Warning: received a response with an unexpected id: 1016
Warning: received a response with an unexpected id: 980
Warning: received a response with an unexpected id: 1025
Warning: received a response with an unexpected id: 1004
Warning: received a response with an unexpected id: 937
Warning: received a response with an unexpected id: 970
Warning: received a response with an unexpected id: 927
Warning: received a response with an unexpected id: 952
Warning: received a response with an unexpected id: 997
Warning: received a response with an unexpected id: 1002
Warning: received a response with an unexpected id: 1010
Warning: received a response with an unexpected id: 1012
Warning: received a response with an unexpected id: 928
Warning: received a response with an unexpected id: 935
Warning: received a response with an unexpected id: 939
Warning: received a response with an unexpected id: 953
Warning: received a response with an unexpected id: 968
Warning: received a response with an unexpected id: 970
Warning: received a response with an unexpected id: 972
Warning: received a response with an unexpected id: 973
Warning: received a response with an unexpected id: 976
Warning: received a response with an unexpected id: 977
Warning: received a response with an unexpected id: 979
Warning: received a response with an unexpected id: 982
Warning: received a response with an unexpected id: 986
Warning: received a response with an unexpected id: 987
Warning: received a response with an unexpected id: 988
Warning: received a response with an unexpected id: 998
Warning: received a response with an unexpected id: 1002
Warning: received a response with an unexpected id: 1003
Warning: received a response with an unexpected id: 1005
Warning: received a response with an unexpected id: 1006
Warning: received a response with an unexpected id: 1008
Warning: received a response with an unexpected id: 1013
Warning: received a response with an unexpected id: 955
Warning: received a response with an unexpected id: 1026
Warning: received a response with an unexpected id: 1025
Warning: received a response with an unexpected id: 940
Warning: received a response with an unexpected id: 1022
Warning: received a response with an unexpected id: 976
Warning: received a response with an unexpected id: 1021
Warning: received a response with an unexpected id: 996
Warning: received a response with an unexpected id: 1020
Warning: received a response with an unexpected id: 1016
Warning: received a response with an unexpected id: 917
Warning: received a response with an unexpected id: 978
Warning: received a response with an unexpected id: 1017
Warning: received a response with an unexpected id: 1028
Warning: received a response with an unexpected id: 1027
Warning: received a response with an unexpected id: 1022
Warning: received a response with an unexpected id: 993
Warning: received a response with an unexpected id: 987
Warning: received a response with an unexpected id: 941
Warning: received a response with an unexpected id: 991
Warning: received a response with an unexpected id: 948
Warning: received a response with an unexpected id: 941
Warning: received a response with an unexpected id: 978
Warning: received a response with an unexpected id: 938
Warning: received a response with an unexpected id: 1027
Warning: received a response with an unexpected id: 1014
Warning: received a response with an unexpected id: 938
Warning: received a response with an unexpected id: 1018
Warning: received a response with an unexpected id: 1000
Warning: received a response with an unexpected id: 948
Warning: received a response with an unexpected id: 960
Warning: received a response with an unexpected id: 1018
Warning: received a response with an unexpected id: 972
Warning: received a response with an unexpected id: 974
Warning: received a response with an unexpected id: 917
Warning: received a response with an unexpected id: 920
Warning: received a response with an unexpected id: 980
Warning: received a response with an unexpected id: 1028
Warning: received a response with an unexpected id: 976
Warning: received a response with an unexpected id: 1013
Warning: received a response with an unexpected id: 1015
Warning: received a response with an unexpected id: 1020
Warning: received a response with an unexpected id: 1030
Warning: received a response with an unexpected id: 929
Warning: received a response with an unexpected id: 936
Warning: received a response with an unexpected id: 937
Warning: received a response with an unexpected id: 946
Warning: received a response with an unexpected id: 948
Warning: received a response with an unexpected id: 950
Warning: received a response with an unexpected id: 954
Warning: received a response with an unexpected id: 963
Warning: received a response with an unexpected id: 975
Warning: received a response with an unexpected id: 976
Warning: received a response with an unexpected id: 984
Warning: received a response with an unexpected id: 992
Warning: received a response with an unexpected id: 993
Warning: received a response with an unexpected id: 997
Warning: received a response with an unexpected id: 1002
Warning: received a response with an unexpected id: 1003
Warning: received a response with an unexpected id: 1012
Warning: received a response with an unexpected id: 1017
Warning: received a response with an unexpected id: 1029
Warning: received a response with an unexpected id: 1034
Warning: received a response with an unexpected id: 961
Warning: received a response with an unexpected id: 1000
Warning: received a response with an unexpected id: 918
Warning: received a response with an unexpected id: 949
Warning: received a response with an unexpected id: 1029
Warning: received a response with an unexpected id: 990
Warning: received a response with an unexpected id: 943
Warning: received a response with an unexpected id: 931
Warning: received a response with an unexpected id: 1004
Warning: received a response with an unexpected id: 1017
Warning: received a response with an unexpected id: 1000
Warning: received a response with an unexpected id: 995
Warning: received a response with an unexpected id: 919
Warning: received a response with an unexpected id: 938
Warning: received a response with an unexpected id: 997
Warning: received a response with an unexpected id: 946
Warning: received a response with an unexpected id: 1014
Warning: received a response with an unexpected id: 954
Warning: received a response with an unexpected id: 943
Warning: received a response with an unexpected id: 1009
Warning: received a response with an unexpected id: 946
Warning: received a response with an unexpected id: 1002
Warning: received a response with an unexpected id: 1030
Warning: received a response with an unexpected id: 966
Warning: received a response with an unexpected id: 953
Warning: received a response with an unexpected id: 965
Warning: received a response with an unexpected id: 920
Warning: received a response with an unexpected id: 937
Warning: received a response with an unexpected id: 981
Warning: received a response with an unexpected id: 975
Warning: received a response with an unexpected id: 993
Warning: received a response with an unexpected id: 1036
Warning: received a response with an unexpected id: 1018
Warning: received a response with an unexpected id: 1005
Warning: received a response with an unexpected id: 944
Warning: received a response with an unexpected id: 990
Warning: received a response with an unexpected id: 1033
Warning: received a response with an unexpected id: 973
Warning: received a response with an unexpected id: 996
Warning: received a response with an unexpected id: 977
Warning: received a response with an unexpected id: 932
Warning: received a response with an unexpected id: 919
Warning: received a response with an unexpected id: 1007
Warning: received a response with an unexpected id: 965
Warning: received a response with an unexpected id: 971
Warning: received a response with an unexpected id: 1023
Warning: received a response with an unexpected id: 966
Warning: received a response with an unexpected id: 1022
Warning: received a response with an unexpected id: 925
Warning: received a response with an unexpected id: 1023
Warning: received a response with an unexpected id: 958
Warning: received a response with an unexpected id: 974
Warning: received a response with an unexpected id: 932
Warning: received a response with an unexpected id: 934
Warning: received a response with an unexpected id: 992
Warning: received a response with an unexpected id: 1012
Warning: received a response with an unexpected id: 989
Warning: received a response with an unexpected id: 934
Warning: received a response with an unexpected id: 966
Warning: received a response with an unexpected id: 975
Warning: received a response with an unexpected id: 999
Warning: received a response with an unexpected id: 1032
Warning: received a response with an unexpected id: 966
Warning: received a response with an unexpected id: 992
Warning: received a response with an unexpected id: 1041
Warning: received a response with an unexpected id: 991
Warning: received a response with an unexpected id: 956
Warning: received a response with an unexpected id: 950
Warning: received a response with an unexpected id: 949
Warning: received a response with an unexpected id: 1006
Warning: received a response with an unexpected id: 1001
Warning: received a response with an unexpected id: 994
Warning: received a response with an unexpected id: 1022
Warning: received a response with an unexpected id: 915
Warning: received a response with an unexpected id: 995
Warning: received a response with an unexpected id: 942
Warning: received a response with an unexpected id: 1007
Warning: received a response with an unexpected id: 1028
Warning: received a response with an unexpected id: 950
Warning: received a response with an unexpected id: 963
Warning: received a response with an unexpected id: 995
Warning: received a response with an unexpected id: 934
Warning: received a response with an unexpected id: 1020
Warning: received a response with an unexpected id: 1004
Warning: received a response with an unexpected id: 984
Warning: received a response with an unexpected id: 969
Warning: received a response with an unexpected id: 935
Warning: received a response with an unexpected id: 947
Warning: received a response with an unexpected id: 970
Warning: received a response with an unexpected id: 942
Warning: received a response with an unexpected id: 952
Warning: received a response with an unexpected id: 1017
Warning: received a response with an unexpected id: 1038
Warning: received a response with an unexpected id: 1024
Warning: received a response with an unexpected id: 1032
Warning: received a response with an unexpected id: 1015
Warning: received a response with an unexpected id: 914
Warning: received a response with an unexpected id: 926
Warning: received a response with an unexpected id: 1027
Warning: received a response with an unexpected id: 942
Warning: received a response with an unexpected id: 961
Warning: received a response with an unexpected id: 996
Warning: received a response with an unexpected id: 993
Warning: received a response with an unexpected id: 1014
Warning: received a response with an unexpected id: 975
Warning: received a response with an unexpected id: 1025
Warning: received a response with an unexpected id: 1036
Warning: received a response with an unexpected id: 995
Warning: received a response with an unexpected id: 991
Warning: received a response with an unexpected id: 1023
Warning: received a response with an unexpected id: 1018
Warning: received a response with an unexpected id: 961
Warning: received a response with an unexpected id: 1009
Warning: received a response with an unexpected id: 982
Warning: received a response with an unexpected id: 1006
Warning: received a response with an unexpected id: 1017
Warning: received a response with an unexpected id: 969
Warning: received a response with an unexpected id: 1001
Warning: received a response with an unexpected id: 931
Warning: received a response with an unexpected id: 983
Warning: received a response with an unexpected id: 1000
Warning: received a response with an unexpected id: 1026
Warning: received a response with an unexpected id: 988
Warning: received a response with an unexpected id: 965
Warning: received a response with an unexpected id: 1024
Warning: received a response with an unexpected id: 1019
Warning: received a response with an unexpected id: 949
Warning: received a response with an unexpected id: 939
Warning: received a response with an unexpected id: 1012
Warning: received a response with an unexpected id: 984
Warning: received a response with an unexpected id: 1029
Warning: received a response with an unexpected id: 987
Warning: received a response with an unexpected id: 1043
Warning: received a response with an unexpected id: 1007
Warning: received a response with an unexpected id: 997
Warning: received a response with an unexpected id: 1045
Warning: received a response with an unexpected id: 1028
Warning: received a response with an unexpected id: 1046
Warning: received a response with an unexpected id: 1019
Warning: received a response with an unexpected id: 1025
Warning: received a response with an unexpected id: 1014
Warning: received a response with an unexpected id: 983
Warning: received a response with an unexpected id: 1039
Warning: received a response with an unexpected id: 994
Warning: received a response with an unexpected id: 1004
Warning: received a response with an unexpected id: 1044
Warning: received a response with an unexpected id: 1019
Warning: received a response with an unexpected id: 1016
Warning: received a response with an unexpected id: 977
Warning: received a response with an unexpected id: 938
Warning: received a response with an unexpected id: 1047
Warning: received a response with an unexpected id: 1052
Warning: received a response with an unexpected id: 1045
Warning: received a response with an unexpected id: 1024
Warning: received a response with an unexpected id: 992
Warning: received a response with an unexpected id: 1020
Warning: received a response with an unexpected id: 1031
Warning: received a response with an unexpected id: 1046
Warning: received a response with an unexpected id: 1000
Warning: received a response with an unexpected id: 1008
Warning: received a response with an unexpected id: 999
Warning: received a response with an unexpected id: 1040
Warning: received a response with an unexpected id: 1015
Warning: received a response with an unexpected id: 998
Warning: received a response with an unexpected id: 1052
Warning: received a response with an unexpected id: 1011
Warning: received a response with an unexpected id: 1038
Warning: received a response with an unexpected id: 995
Warning: received a response with an unexpected id: 1053
Warning: received a response with an unexpected id: 1051
Warning: received a response with an unexpected id: 1027
Warning: received a response with an unexpected id: 1000
Warning: received a response with an unexpected id: 1026
Warning: received a response with an unexpected id: 1024
Warning: received a response with an unexpected id: 1062
Warning: received a response with an unexpected id: 1065
Warning: received a response with an unexpected id: 1035
Warning: received a response with an unexpected id: 1018
Warning: received a response with an unexpected id: 1040
Warning: received a response with an unexpected id: 1050
Warning: received a response with an unexpected id: 1054
Warning: received a response with an unexpected id: 998
Warning: received a response with an unexpected id: 999
Warning: received a response with an unexpected id: 1004
Warning: received a response with an unexpected id: 1010
Warning: received a response with an unexpected id: 1014
Warning: received a response with an unexpected id: 1019
Warning: received a response with an unexpected id: 1039
Warning: received a response with an unexpected id: 1041
Warning: received a response with an unexpected id: 1057
Warning: received a response with an unexpected id: 1059
Warning: received a response with an unexpected id: 1067
Warning: received a response with an unexpected id: 1020
Warning: received a response with an unexpected id: 1041
Warning: received a response with an unexpected id: 1042
Warning: received a response with an unexpected id: 993
Warning: received a response with an unexpected id: 997
Warning: received a response with an unexpected id: 1006
Warning: received a response with an unexpected id: 1018
Warning: received a response with an unexpected id: 1025
Warning: received a response with an unexpected id: 1027
Warning: received a response with an unexpected id: 1029
Warning: received a response with an unexpected id: 1036
Warning: received a response with an unexpected id: 1053
Warning: received a response with an unexpected id: 1065
Warning: received a response with an unexpected id: 1070
Warning: received a response with an unexpected id: 1038
Warning: received a response with an unexpected id: 1058
Warning: received a response with an unexpected id: 1047
Warning: received a response with an unexpected id: 994
Warning: received a response with an unexpected id: 1005
Warning: received a response with an unexpected id: 1008
Warning: received a response with an unexpected id: 1036
Warning: received a response with an unexpected id: 1045
Warning: received a response with an unexpected id: 1033
Warning: received a response with an unexpected id: 1106
Warning: received a response with an unexpected id: 1128
Warning: received a response with an unexpected id: 1110
Warning: received a response with an unexpected id: 1110
Warning: received a response with an unexpected id: 1100
Warning: received a response with an unexpected id: 1128
Warning: received a response with an unexpected id: 1034
Warning: received a response with an unexpected id: 1003
Warning: received a response with an unexpected id: 1131
Warning: received a response with an unexpected id: 1132
Warning: received a response with an unexpected id: 1119
Warning: received a response with an unexpected id: 1124
Warning: received a response with an unexpected id: 1112
Warning: received a response with an unexpected id: 1140
Warning: received a response with an unexpected id: 1139
Warning: received a response with an unexpected id: 1144
Warning: received a response with an unexpected id: 1153
Warning: received a response with an unexpected id: 1113
Warning: received a response with an unexpected id: 1153
Warning: received a response with an unexpected id: 1154
Warning: received a response with an unexpected id: 1069
Warning: received a response with an unexpected id: 1071
Warning: received a response with an unexpected id: 1072
Warning: received a response with an unexpected id: 1073
Warning: received a response with an unexpected id: 1075
Warning: received a response with an unexpected id: 1076
Warning: received a response with an unexpected id: 1077
Warning: received a response with an unexpected id: 1080
Warning: received a response with an unexpected id: 1083
Warning: received a response with an unexpected id: 1086
Warning: received a response with an unexpected id: 1087
Warning: received a response with an unexpected id: 1088
Warning: received a response with an unexpected id: 1091
Warning: received a response with an unexpected id: 1093
Warning: received a response with an unexpected id: 1095
Warning: received a response with an unexpected id: 1100
Warning: received a response with an unexpected id: 1101
Warning: received a response with an unexpected id: 1102
Warning: received a response with an unexpected id: 1103
Warning: received a response with an unexpected id: 1107
Warning: received a response with an unexpected id: 1108
Warning: received a response with an unexpected id: 1112
Warning: received a response with an unexpected id: 1114
Warning: received a response with an unexpected id: 1115
Warning: received a response with an unexpected id: 1116
Warning: received a response with an unexpected id: 1117
Warning: received a response with an unexpected id: 1120
Warning: received a response with an unexpected id: 1123
Warning: received a response with an unexpected id: 1124
Warning: received a response with an unexpected id: 1125
Warning: received a response with an unexpected id: 1126
Warning: received a response with an unexpected id: 1127
Warning: received a response with an unexpected id: 1128
Warning: received a response with an unexpected id: 1129
Warning: received a response with an unexpected id: 1140
Warning: received a response with an unexpected id: 1147
Warning: received a response with an unexpected id: 1148
Warning: received a response with an unexpected id: 1152
Warning: received a response with an unexpected id: 1120
Warning: received a response with an unexpected id: 1122
Warning: received a response with an unexpected id: 1144
Warning: received a response with an unexpected id: 1108
Warning: received a response with an unexpected id: 1130
Warning: received a response with an unexpected id: 1140
Warning: received a response with an unexpected id: 1159
Warning: received a response with an unexpected id: 1119
Warning: received a response with an unexpected id: 1160
Warning: received a response with an unexpected id: 1126
Warning: received a response with an unexpected id: 1151
Warning: received a response with an unexpected id: 1153
Warning: received a response with an unexpected id: 1138
Warning: received a response with an unexpected id: 1167
Warning: received a response with an unexpected id: 1146
Warning: received a response with an unexpected id: 1142
Warning: received a response with an unexpected id: 1157
Warning: received a response with an unexpected id: 1119
Warning: received a response with an unexpected id: 1117
Warning: received a response with an unexpected id: 1051
Warning: received a response with an unexpected id: 1013
Warning: received a response with an unexpected id: 1017
Warning: received a response with an unexpected id: 1095
Warning: received a response with an unexpected id: 1167
Warning: received a response with an unexpected id: 1142
Warning: received a response with an unexpected id: 1104
Warning: received a response with an unexpected id: 1118
Warning: received a response with an unexpected id: 1134
Warning: received a response with an unexpected id: 1160
Warning: received a response with an unexpected id: 1133
Warning: received a response with an unexpected id: 1135
Warning: received a response with an unexpected id: 1146
Warning: received a response with an unexpected id: 1151
Warning: received a response with an unexpected id: 1158
Warning: received a response with an unexpected id: 1077
Warning: received a response with an unexpected id: 1078
Warning: received a response with an unexpected id: 1167
Warning: received a response with an unexpected id: 1111
Warning: received a response with an unexpected id: 1162
Warning: received a response with an unexpected id: 1132
Warning: received a response with an unexpected id: 1135
Warning: received a response with an unexpected id: 1106
Warning: received a response with an unexpected id: 1147
Warning: received a response with an unexpected id: 1171
Warning: received a response with an unexpected id: 1168
Warning: received a response with an unexpected id: 1125
Warning: received a response with an unexpected id: 1164
Warning: received a response with an unexpected id: 1103
Warning: received a response with an unexpected id: 1165
Warning: received a response with an unexpected id: 1154
Warning: received a response with an unexpected id: 1115
Warning: received a response with an unexpected id: 1136
Warning: received a response with an unexpected id: 1144
Warning: received a response with an unexpected id: 1149
Warning: received a response with an unexpected id: 1164
Warning: received a response with an unexpected id: 1172
Warning: received a response with an unexpected id: 1107
Warning: received a response with an unexpected id: 1142
Warning: received a response with an unexpected id: 1143
Warning: received a response with an unexpected id: 1145
Warning: received a response with an unexpected id: 1147
Warning: received a response with an unexpected id: 1155
Warning: received a response with an unexpected id: 1178
Warning: received a response with an unexpected id: 1162
Warning: received a response with an unexpected id: 1165
Warning: received a response with an unexpected id: 1154
Warning: received a response with an unexpected id: 1124
Warning: received a response with an unexpected id: 1119
Warning: received a response with an unexpected id: 1163
Warning: received a response with an unexpected id: 1162
Warning: received a response with an unexpected id: 1171
Warning: received a response with an unexpected id: 1182
Warning: received a response with an unexpected id: 1162
Warning: received a response with an unexpected id: 1053
Warning: received a response with an unexpected id: 1149
Warning: received a response with an unexpected id: 1148
Warning: received a response with an unexpected id: 1092
Warning: received a response with an unexpected id: 1107
Warning: received a response with an unexpected id: 1150
Warning: received a response with an unexpected id: 1132
Warning: received a response with an unexpected id: 1187
Warning: received a response with an unexpected id: 1157
Warning: received a response with an unexpected id: 1188
Warning: received a response with an unexpected id: 1138
Warning: received a response with an unexpected id: 1139
Warning: received a response with an unexpected id: 1074
Warning: received a response with an unexpected id: 1086
Warning: received a response with an unexpected id: 1185
Warning: received a response with an unexpected id: 1076
Warning: received a response with an unexpected id: 1112
Warning: received a response with an unexpected id: 1155
Warning: received a response with an unexpected id: 1171
Warning: received a response with an unexpected id: 1193
Warning: received a response with an unexpected id: 1180
Warning: received a response with an unexpected id: 1165
Warning: received a response with an unexpected id: 1139
Warning: received a response with an unexpected id: 1183
Warning: received a response with an unexpected id: 1094
Warning: received a response with an unexpected id: 1200
Warning: received a response with an unexpected id: 1110
Warning: received a response with an unexpected id: 1202
Warning: received a response with an unexpected id: 1116
Warning: received a response with an unexpected id: 1208
Warning: received a response with an unexpected id: 1198
Warning: received a response with an unexpected id: 1208
Warning: received a response with an unexpected id: 1164
Warning: received a response with an unexpected id: 1164
Warning: received a response with an unexpected id: 1078
Warning: received a response with an unexpected id: 1162
Warning: received a response with an unexpected id: 1170
Warning: received a response with an unexpected id: 1159
Warning: received a response with an unexpected id: 1187
Warning: received a response with an unexpected id: 1206
Warning: received a response with an unexpected id: 1097
Warning: received a response with an unexpected id: 1183
Warning: received a response with an unexpected id: 1230
Warning: received a response with an unexpected id: 1197
Warning: received a response with an unexpected id: 1188
Warning: received a response with an unexpected id: 1238
Warning: received a response with an unexpected id: 1125
Warning: received a response with an unexpected id: 1087
Warning: received a response with an unexpected id: 1172
Warning: received a response with an unexpected id: 1178
Warning: received a response with an unexpected id: 1106
Warning: received a response with an unexpected id: 1227
Warning: received a response with an unexpected id: 1098
Warning: received a response with an unexpected id: 1095
Warning: received a response with an unexpected id: 1177
Warning: received a response with an unexpected id: 1122
Warning: received a response with an unexpected id: 1228
Warning: received a response with an unexpected id: 1099
Warning: received a response with an unexpected id: 1187
Warning: received a response with an unexpected id: 1209
Warning: received a response with an unexpected id: 1142
Warning: received a response with an unexpected id: 1236
Warning: received a response with an unexpected id: 1167
Warning: received a response with an unexpected id: 1224
Warning: received a response with an unexpected id: 1162
Warning: received a response with an unexpected id: 1127
Warning: received a response with an unexpected id: 1147
Warning: received a response with an unexpected id: 1117
Warning: received a response with an unexpected id: 1206
Warning: received a response with an unexpected id: 1169
Warning: received a response with an unexpected id: 1106
Warning: received a response with an unexpected id: 1242
Warning: received a response with an unexpected id: 1127
Warning: received a response with an unexpected id: 1128
Warning: received a response with an unexpected id: 1218
Warning: received a response with an unexpected id: 1259
Warning: received a response with an unexpected id: 1221
Warning: received a response with an unexpected id: 1248
Warning: received a response with an unexpected id: 1251
Warning: received a response with an unexpected id: 1264
Warning: received a response with an unexpected id: 1265
Warning: received a response with an unexpected id: 1259
Warning: received a response with an unexpected id: 1265
Warning: received a response with an unexpected id: 1261
Warning: received a response with an unexpected id: 1257
Warning: received a response with an unexpected id: 1260
Warning: received a response with an unexpected id: 1243
Warning: received a response with an unexpected id: 1249
Warning: received a response with an unexpected id: 1152
Warning: received a response with an unexpected id: 1257
Warning: received a response with an unexpected id: 1265
Warning: received a response with an unexpected id: 1145
Warning: received a response with an unexpected id: 1234
Warning: received a response with an unexpected id: 1242
Warning: received a response with an unexpected id: 1234
Warning: received a response with an unexpected id: 1255
Warning: received a response with an unexpected id: 1135
Warning: received a response with an unexpected id: 1150
Warning: received a response with an unexpected id: 1205
Warning: received a response with an unexpected id: 1252
Warning: received a response with an unexpected id: 1265
Warning: received a response with an unexpected id: 1265
Warning: received a response with an unexpected id: 1245
Warning: received a response with an unexpected id: 1239
Warning: received a response with an unexpected id: 1272
Warning: received a response with an unexpected id: 1267
Warning: received a response with an unexpected id: 1239
Warning: received a response with an unexpected id: 1270
Warning: received a response with an unexpected id: 1268
Warning: received a response with an unexpected id: 1250
Warning: received a response with an unexpected id: 1265
Warning: received a response with an unexpected id: 1277
Warning: received a response with an unexpected id: 1182
Warning: received a response with an unexpected id: 1282
Warning: received a response with an unexpected id: 1261
Warning: received a response with an unexpected id: 1283
Warning: received a response with an unexpected id: 1234
Warning: received a response with an unexpected id: 1295
Warning: received a response with an unexpected id: 1136
Warning: received a response with an unexpected id: 1275
Warning: received a response with an unexpected id: 1271
Warning: received a response with an unexpected id: 1297
Warning: received a response with an unexpected id: 1269
Warning: received a response with an unexpected id: 1293
Warning: received a response with an unexpected id: 1122
Warning: received a response with an unexpected id: 1277
Warning: received a response with an unexpected id: 1262
Warning: received a response with an unexpected id: 1292
Warning: received a response with an unexpected id: 1266
Warning: received a response with an unexpected id: 1260
Warning: received a response with an unexpected id: 1268
Warning: received a response with an unexpected id: 1256
Warning: received a response with an unexpected id: 1295
Warning: received a response with an unexpected id: 1293
Warning: received a response with an unexpected id: 1270
Warning: received a response with an unexpected id: 1284
Warning: received a response with an unexpected id: 1296
Warning: received a response with an unexpected id: 1298
Warning: received a response with an unexpected id: 1292
Warning: received a response with an unexpected id: 1244
Warning: received a response with an unexpected id: 1201
Warning: received a response with an unexpected id: 1243
Warning: received a response with an unexpected id: 1238
Warning: received a response with an unexpected id: 1298
Warning: received a response with an unexpected id: 1156
Warning: received a response with an unexpected id: 1296
Warning: received a response with an unexpected id: 1299
Warning: received a response with an unexpected id: 1275
Warning: received a response with an unexpected id: 1245
Warning: received a response with an unexpected id: 1285
Warning: received a response with an unexpected id: 1104
Warning: received a response with an unexpected id: 1240
Warning: received a response with an unexpected id: 1244
Warning: received a response with an unexpected id: 1276
Warning: received a response with an unexpected id: 1278
Warning: received a response with an unexpected id: 1271
Warning: received a response with an unexpected id: 1248
Warning: received a response with an unexpected id: 1259
Warning: received a response with an unexpected id: 1258
Warning: received a response with an unexpected id: 1294
Warning: received a response with an unexpected id: 1295
Warning: received a response with an unexpected id: 1234
Warning: received a response with an unexpected id: 1274
Warning: received a response with an unexpected id: 1249
Warning: received a response with an unexpected id: 1282
Warning: received a response with an unexpected id: 1265
Warning: received a response with an unexpected id: 1268
Warning: received a response with an unexpected id: 1261
Warning: received a response with an unexpected id: 1085
Warning: received a response with an unexpected id: 1263
Warning: received a response with an unexpected id: 1283
Warning: received a response with an unexpected id: 1254
Warning: received a response with an unexpected id: 1290
Warning: received a response with an unexpected id: 1120
Warning: received a response with an unexpected id: 1237
Warning: received a response with an unexpected id: 1291
Warning: received a response with an unexpected id: 1295
Warning: received a response with an unexpected id: 1289
Warning: received a response with an unexpected id: 1247
Warning: received a response with an unexpected id: 1231
Warning: received a response with an unexpected id: 1100
Warning: received a response with an unexpected id: 1247
Warning: received a response with an unexpected id: 1263
Warning: received a response with an unexpected id: 1249
Warning: received a response with an unexpected id: 1247
Warning: received a response with an unexpected id: 1128
Warning: received a response with an unexpected id: 1251
Warning: received a response with an unexpected id: 1271
Warning: received a response with an unexpected id: 1252
Warning: received a response with an unexpected id: 1268
Warning: received a response with an unexpected id: 1270
Warning: received a response with an unexpected id: 1295
Warning: received a response with an unexpected id: 1297
Warning: received a response with an unexpected id: 1279
Warning: received a response with an unexpected id: 1256
Warning: received a response with an unexpected id: 1164
Warning: received a response with an unexpected id: 1276
Warning: received a response with an unexpected id: 1281
Warning: received a response with an unexpected id: 1262
Warning: received a response with an unexpected id: 1261
Warning: received a response with an unexpected id: 1284
Warning: received a response with an unexpected id: 1264
Warning: received a response with an unexpected id: 1248
Warning: received a response with an unexpected id: 1285
Warning: received a response with an unexpected id: 1268
Warning: received a response with an unexpected id: 1250
Warning: received a response with an unexpected id: 1269
Warning: received a response with an unexpected id: 1270
Warning: received a response with an unexpected id: 1240
Warning: received a response with an unexpected id: 1284
Warning: received a response with an unexpected id: 1273
Warning: received a response with an unexpected id: 1233
Warning: received a response with an unexpected id: 1289
Warning: received a response with an unexpected id: 1259
Warning: received a response with an unexpected id: 1292
Warning: received a response with an unexpected id: 1296
Warning: received a response with an unexpected id: 1293
Warning: received a response with an unexpected id: 1294
Warning: received a response with an unexpected id: 1246
Warning: received a response with an unexpected id: 1276
Warning: received a response with an unexpected id: 1261
Warning: received a response with an unexpected id: 1280
Warning: received a response with an unexpected id: 1238
Warning: received a response with an unexpected id: 1278
Warning: received a response with an unexpected id: 1290
Warning: received a response with an unexpected id: 1286
Warning: received a response with an unexpected id: 1298
Warning: received a response with an unexpected id: 1300
Warning: received a response with an unexpected id: 1274
Warning: received a response with an unexpected id: 1277
Warning: received a response with an unexpected id: 1278
Warning: received a response with an unexpected id: 1280
Warning: received a response with an unexpected id: 1282
Warning: received a response with an unexpected id: 1283
Warning: received a response with an unexpected id: 1300
Warning: received a response with an unexpected id: 1304
Warning: received a response with an unexpected id: 1284
Warning: received a response with an unexpected id: 1312
Warning: received a response with an unexpected id: 1285
Warning: received a response with an unexpected id: 1302
Warning: received a response with an unexpected id: 1299
Warning: received a response with an unexpected id: 1293
Warning: received a response with an unexpected id: 1295
Warning: received a response with an unexpected id: 1290
Warning: received a response with an unexpected id: 1309
Warning: received a response with an unexpected id: 1296
Warning: received a response with an unexpected id: 1289
Warning: received a response with an unexpected id: 1293
Warning: received a response with an unexpected id: 1288
Warning: received a response with an unexpected id: 1287
Warning: received a response with an unexpected id: 1281
Warning: received a response with an unexpected id: 1297
Warning: nghttp2_session_send failed: The user callback function failed
Warning: nghttp2_session_send failed: The user callback function failed
Error: failed to receive packet: Bad file descriptor
