DNS Resolution Performance Testing Tool
Version 2.14.0

[Status] Command line: resperf -P 20250620-1343.gnuplot -M dot -s 79.127.218.224 -d domains_shuffled.list -C 500 -m 1400 -b 1400 -q 500000 -R -r 10 -c 180 -t 30 -F 0 -i 1
[Status] Sending
[Status] Ramp-up done, sending constant traffic
Warning: received a response with an unexpected id: 197
Warning: received a response with an unexpected id: 193
Warning: received a response with an unexpected id: 193
Warning: received a response with an unexpected id: 200
Warning: received a response with an unexpected id: 201
Warning: received a response with an unexpected id: 203
Warning: received a response with an unexpected id: 200
Warning: received a response with an unexpected id: 197
Warning: received a response with an unexpected id: 185
Warning: received a response with an unexpected id: 194
Warning: received a response with an unexpected id: 202
Warning: received a response with an unexpected id: 197
Warning: received a response with an unexpected id: 196
Warning: received a response with an unexpected id: 199
Warning: received a response with an unexpected id: 204
Warning: received a response with an unexpected id: 192
Warning: received a response with an unexpected id: 190
Warning: received a response with an unexpected id: 204
Warning: received a response with an unexpected id: 205
Warning: received a response with an unexpected id: 205
Warning: received a response with an unexpected id: 198
Warning: received a response with an unexpected id: 202
Warning: received a response with an unexpected id: 196
Warning: received a response with an unexpected id: 205
Warning: received a response with an unexpected id: 197
Warning: received a response with an unexpected id: 203
Warning: received a response with an unexpected id: 204
Warning: received a response with an unexpected id: 193
Warning: received a response with an unexpected id: 195
Warning: received a response with an unexpected id: 205
Warning: received a response with an unexpected id: 203
Warning: received a response with an unexpected id: 198
Warning: received a response with an unexpected id: 206
Warning: received a response with an unexpected id: 200
Warning: received a response with an unexpected id: 198
Warning: received a response with an unexpected id: 198
Warning: received a response with an unexpected id: 201
Warning: received a response with an unexpected id: 192
Warning: received a response with an unexpected id: 199
Warning: received a response with an unexpected id: 199
Warning: received a response with an unexpected id: 206
Warning: received a response with an unexpected id: 204
Warning: received a response with an unexpected id: 197
Warning: received a response with an unexpected id: 205
Warning: received a response with an unexpected id: 206
Warning: received a response with an unexpected id: 204
Warning: received a response with an unexpected id: 205
Warning: received a response with an unexpected id: 206
Warning: received a response with an unexpected id: 206
Warning: received a response with an unexpected id: 204
Warning: received a response with an unexpected id: 207
Warning: received a response with an unexpected id: 207
Warning: received a response with an unexpected id: 201
Warning: received a response with an unexpected id: 197
Warning: received a response with an unexpected id: 206
Warning: received a response with an unexpected id: 207
Warning: received a response with an unexpected id: 202
Warning: received a response with an unexpected id: 203
Warning: received a response with an unexpected id: 196
Warning: received a response with an unexpected id: 203
Warning: received a response with an unexpected id: 199
Warning: received a response with an unexpected id: 190
Warning: received a response with an unexpected id: 205
Warning: received a response with an unexpected id: 206
Warning: received a response with an unexpected id: 205
Warning: received a response with an unexpected id: 207
Warning: received a response with an unexpected id: 204
Warning: received a response with an unexpected id: 208
Warning: received a response with an unexpected id: 207
Warning: received a response with an unexpected id: 206
Warning: received a response with an unexpected id: 199
Warning: received a response with an unexpected id: 195
Warning: received a response with an unexpected id: 207
Warning: received a response with an unexpected id: 206
Warning: received a response with an unexpected id: 205
Warning: received a response with an unexpected id: 197
Warning: received a response with an unexpected id: 209
Warning: received a response with an unexpected id: 209
Warning: received a response with an unexpected id: 208
Warning: received a response with an unexpected id: 207
Warning: received a response with an unexpected id: 208
Warning: received a response with an unexpected id: 208
Warning: received a response with an unexpected id: 205
Warning: received a response with an unexpected id: 209
Warning: received a response with an unexpected id: 207
Warning: received a response with an unexpected id: 206
Warning: received a response with an unexpected id: 209
Warning: received a response with an unexpected id: 200
Warning: received a response with an unexpected id: 205
Warning: received a response with an unexpected id: 207
Warning: received a response with an unexpected id: 207
Warning: received a response with an unexpected id: 209
Warning: received a response with an unexpected id: 204
Warning: received a response with an unexpected id: 203
Warning: received a response with an unexpected id: 196
Warning: received a response with an unexpected id: 207
Warning: received a response with an unexpected id: 206
Warning: received a response with an unexpected id: 209
Warning: received a response with an unexpected id: 208
Warning: received a response with an unexpected id: 204
Warning: received a response with an unexpected id: 207
Warning: received a response with an unexpected id: 208
Warning: received a response with an unexpected id: 200
Warning: received a response with an unexpected id: 207
Warning: received a response with an unexpected id: 207
Warning: received a response with an unexpected id: 205
Warning: received a response with an unexpected id: 208
Warning: received a response with an unexpected id: 191
Warning: received a response with an unexpected id: 209
Warning: received a response with an unexpected id: 209
Warning: received a response with an unexpected id: 205
Warning: received a response with an unexpected id: 210
Warning: received a response with an unexpected id: 208
Warning: received a response with an unexpected id: 203
Warning: received a response with an unexpected id: 203
Warning: received a response with an unexpected id: 204
Warning: received a response with an unexpected id: 209
Warning: received a response with an unexpected id: 208
Warning: received a response with an unexpected id: 200
Warning: received a response with an unexpected id: 193
Warning: received a response with an unexpected id: 207
Warning: received a response with an unexpected id: 211
Warning: received a response with an unexpected id: 205
Warning: received a response with an unexpected id: 202
Warning: received a response with an unexpected id: 204
Warning: received a response with an unexpected id: 210
Warning: received a response with an unexpected id: 207
Warning: received a response with an unexpected id: 208
Warning: received a response with an unexpected id: 199
Warning: received a response with an unexpected id: 197
Warning: received a response with an unexpected id: 208
Warning: received a response with an unexpected id: 205
Warning: received a response with an unexpected id: 207
Warning: received a response with an unexpected id: 206
Warning: received a response with an unexpected id: 201
Warning: received a response with an unexpected id: 208
Warning: received a response with an unexpected id: 208
Warning: received a response with an unexpected id: 210
Warning: received a response with an unexpected id: 208
Warning: received a response with an unexpected id: 206
Warning: received a response with an unexpected id: 208
Warning: received a response with an unexpected id: 211
Warning: received a response with an unexpected id: 195
Warning: received a response with an unexpected id: 195
Warning: received a response with an unexpected id: 194
Warning: received a response with an unexpected id: 210
Warning: received a response with an unexpected id: 193
Warning: received a response with an unexpected id: 212
Warning: received a response with an unexpected id: 207
Warning: received a response with an unexpected id: 203
Warning: received a response with an unexpected id: 193
Warning: received a response with an unexpected id: 203
Warning: received a response with an unexpected id: 195
Warning: received a response with an unexpected id: 204
Warning: received a response with an unexpected id: 208
Warning: received a response with an unexpected id: 204
Warning: received a response with an unexpected id: 212
Warning: received a response with an unexpected id: 209
Warning: received a response with an unexpected id: 206
Warning: received a response with an unexpected id: 193
Warning: received a response with an unexpected id: 210
Warning: received a response with an unexpected id: 201
Warning: received a response with an unexpected id: 199
Warning: received a response with an unexpected id: 204
Warning: received a response with an unexpected id: 193
Warning: received a response with an unexpected id: 210
Warning: received a response with an unexpected id: 207
Warning: received a response with an unexpected id: 206
Warning: received a response with an unexpected id: 208
Warning: received a response with an unexpected id: 207
Warning: received a response with an unexpected id: 210
Warning: received a response with an unexpected id: 208
Warning: received a response with an unexpected id: 211
Warning: received a response with an unexpected id: 210
Warning: received a response with an unexpected id: 211
Warning: received a response with an unexpected id: 211
Warning: received a response with an unexpected id: 210
Warning: received a response with an unexpected id: 214
Warning: received a response with an unexpected id: 212
Warning: received a response with an unexpected id: 211
Warning: received a response with an unexpected id: 210
Warning: received a response with an unexpected id: 212
Warning: received a response with an unexpected id: 213
Warning: received a response with an unexpected id: 204
Warning: received a response with an unexpected id: 210
Warning: received a response with an unexpected id: 209
Warning: received a response with an unexpected id: 200
Warning: received a response with an unexpected id: 212
Warning: received a response with an unexpected id: 211
Warning: received a response with an unexpected id: 211
Warning: received a response with an unexpected id: 209
Warning: received a response with an unexpected id: 214
Warning: received a response with an unexpected id: 212
Warning: received a response with an unexpected id: 208
Warning: received a response with an unexpected id: 212
Warning: received a response with an unexpected id: 211
Warning: received a response with an unexpected id: 210
Warning: received a response with an unexpected id: 206
Warning: received a response with an unexpected id: 208
Warning: received a response with an unexpected id: 211
Warning: received a response with an unexpected id: 212
Warning: received a response with an unexpected id: 204
Warning: received a response with an unexpected id: 207
Warning: received a response with an unexpected id: 213
Warning: received a response with an unexpected id: 207
Warning: received a response with an unexpected id: 210
Warning: received a response with an unexpected id: 210
Warning: received a response with an unexpected id: 209
Warning: received a response with an unexpected id: 214
Warning: received a response with an unexpected id: 197
Warning: received a response with an unexpected id: 206
Warning: received a response with an unexpected id: 215
Warning: received a response with an unexpected id: 200
Warning: received a response with an unexpected id: 213
Warning: received a response with an unexpected id: 193
Warning: received a response with an unexpected id: 208
Warning: received a response with an unexpected id: 204
Warning: received a response with an unexpected id: 207
Warning: received a response with an unexpected id: 203
Warning: received a response with an unexpected id: 213
Warning: received a response with an unexpected id: 205
Warning: received a response with an unexpected id: 212
Warning: received a response with an unexpected id: 202
Warning: received a response with an unexpected id: 208
Warning: received a response with an unexpected id: 212
Warning: received a response with an unexpected id: 213
Warning: received a response with an unexpected id: 201
Warning: received a response with an unexpected id: 210
Warning: received a response with an unexpected id: 202
Warning: received a response with an unexpected id: 203
Warning: received a response with an unexpected id: 204
Warning: received a response with an unexpected id: 203
Warning: received a response with an unexpected id: 207
Warning: received a response with an unexpected id: 196
Warning: received a response with an unexpected id: 210
Warning: received a response with an unexpected id: 203
Warning: received a response with an unexpected id: 214
Warning: received a response with an unexpected id: 213
Warning: received a response with an unexpected id: 205
Warning: received a response with an unexpected id: 211
Warning: received a response with an unexpected id: 212
Warning: received a response with an unexpected id: 213
Warning: received a response with an unexpected id: 210
Warning: received a response with an unexpected id: 215
Warning: received a response with an unexpected id: 203
Warning: received a response with an unexpected id: 214
Warning: received a response with an unexpected id: 205
Warning: received a response with an unexpected id: 208
Warning: received a response with an unexpected id: 213
Warning: received a response with an unexpected id: 206
Warning: received a response with an unexpected id: 208
Warning: received a response with an unexpected id: 201
Warning: received a response with an unexpected id: 215
Warning: received a response with an unexpected id: 209
Warning: received a response with an unexpected id: 212
Warning: received a response with an unexpected id: 214
Warning: received a response with an unexpected id: 209
Warning: received a response with an unexpected id: 213
Warning: received a response with an unexpected id: 203
Warning: received a response with an unexpected id: 213
Warning: received a response with an unexpected id: 199
Warning: received a response with an unexpected id: 208
Warning: received a response with an unexpected id: 205
Warning: received a response with an unexpected id: 212
Warning: received a response with an unexpected id: 203
Warning: received a response with an unexpected id: 206
Warning: received a response with an unexpected id: 214
Warning: received a response with an unexpected id: 194
Warning: received a response with an unexpected id: 213
Warning: received a response with an unexpected id: 211
Warning: received a response with an unexpected id: 203
Warning: received a response with an unexpected id: 193
Warning: received a response with an unexpected id: 208
Warning: received a response with an unexpected id: 200
Warning: received a response with an unexpected id: 214
Warning: received a response with an unexpected id: 213
Warning: received a response with an unexpected id: 206
Warning: received a response with an unexpected id: 212
Warning: received a response with an unexpected id: 208
Warning: received a response with an unexpected id: 211
Warning: received a response with an unexpected id: 209
Warning: received a response with an unexpected id: 212
Warning: received a response with an unexpected id: 210
Warning: received a response with an unexpected id: 212
Warning: received a response with an unexpected id: 208
Warning: received a response with an unexpected id: 207
Warning: received a response with an unexpected id: 216
Warning: received a response with an unexpected id: 211
Warning: received a response with an unexpected id: 208
Warning: received a response with an unexpected id: 213
Warning: received a response with an unexpected id: 215
Warning: received a response with an unexpected id: 214
Warning: received a response with an unexpected id: 205
Warning: received a response with an unexpected id: 217
Warning: received a response with an unexpected id: 213
Warning: received a response with an unexpected id: 212
Warning: received a response with an unexpected id: 209
Warning: received a response with an unexpected id: 215
Warning: received a response with an unexpected id: 214
Warning: received a response with an unexpected id: 204
Warning: received a response with an unexpected id: 222
Warning: received a response with an unexpected id: 223
Warning: received a response with an unexpected id: 235
Warning: received a response with an unexpected id: 235
Warning: received a response with an unexpected id: 234
Warning: received a response with an unexpected id: 237
Warning: received a response with an unexpected id: 237
Warning: received a response with an unexpected id: 235
Warning: received a response with an unexpected id: 234
Warning: received a response with an unexpected id: 236
Warning: received a response with an unexpected id: 237
Warning: received a response with an unexpected id: 235
Warning: received a response with an unexpected id: 238
Warning: received a response with an unexpected id: 239
Warning: received a response with an unexpected id: 234
Warning: received a response with an unexpected id: 238
Warning: received a response with an unexpected id: 232
Warning: received a response with an unexpected id: 234
Warning: received a response with an unexpected id: 238
Warning: received a response with an unexpected id: 231
Warning: received a response with an unexpected id: 238
Warning: received a response with an unexpected id: 235
Warning: received a response with an unexpected id: 240
Warning: received a response with an unexpected id: 236
Warning: received a response with an unexpected id: 245
Warning: received a response with an unexpected id: 237
Warning: received a response with an unexpected id: 245
Warning: received a response with an unexpected id: 240
Warning: received a response with an unexpected id: 236
Warning: received a response with an unexpected id: 239
Warning: received a response with an unexpected id: 249
Warning: received a response with an unexpected id: 246
Warning: received a response with an unexpected id: 236
Warning: received a response with an unexpected id: 235
Warning: received a response with an unexpected id: 248
Warning: received a response with an unexpected id: 234
Warning: received a response with an unexpected id: 251
Warning: received a response with an unexpected id: 252
Warning: received a response with an unexpected id: 250
Warning: received a response with an unexpected id: 238
Warning: received a response with an unexpected id: 252
Warning: received a response with an unexpected id: 244
Warning: received a response with an unexpected id: 242
Warning: received a response with an unexpected id: 248
Warning: received a response with an unexpected id: 237
Warning: received a response with an unexpected id: 235
Warning: received a response with an unexpected id: 245
Warning: received a response with an unexpected id: 248
Warning: received a response with an unexpected id: 236
Warning: received a response with an unexpected id: 252
Warning: received a response with an unexpected id: 254
Warning: received a response with an unexpected id: 249
Warning: received a response with an unexpected id: 248
Warning: received a response with an unexpected id: 254
Warning: received a response with an unexpected id: 250
Warning: received a response with an unexpected id: 247
Warning: received a response with an unexpected id: 246
Warning: received a response with an unexpected id: 250
Warning: received a response with an unexpected id: 253
Warning: received a response with an unexpected id: 254
Warning: received a response with an unexpected id: 250
Warning: received a response with an unexpected id: 247
Warning: received a response with an unexpected id: 247
Warning: received a response with an unexpected id: 251
Warning: received a response with an unexpected id: 249
Warning: received a response with an unexpected id: 255
Warning: received a response with an unexpected id: 250
Warning: received a response with an unexpected id: 249
Warning: received a response with an unexpected id: 247
Warning: received a response with an unexpected id: 235
Warning: received a response with an unexpected id: 254
Warning: received a response with an unexpected id: 247
Warning: received a response with an unexpected id: 256
Warning: received a response with an unexpected id: 250
Warning: received a response with an unexpected id: 244
Warning: received a response with an unexpected id: 251
Warning: received a response with an unexpected id: 251
Warning: received a response with an unexpected id: 254
Warning: received a response with an unexpected id: 248
Warning: received a response with an unexpected id: 246
Warning: received a response with an unexpected id: 243
Warning: received a response with an unexpected id: 244
Warning: received a response with an unexpected id: 250
Warning: received a response with an unexpected id: 256
Warning: received a response with an unexpected id: 251
Warning: received a response with an unexpected id: 249
Warning: received a response with an unexpected id: 253
Warning: received a response with an unexpected id: 245
Warning: received a response with an unexpected id: 251
Warning: received a response with an unexpected id: 254
Warning: received a response with an unexpected id: 242
Warning: received a response with an unexpected id: 256
Warning: received a response with an unexpected id: 255
Warning: received a response with an unexpected id: 257
Warning: received a response with an unexpected id: 256
Warning: received a response with an unexpected id: 245
Warning: received a response with an unexpected id: 252
Warning: received a response with an unexpected id: 238
Warning: received a response with an unexpected id: 248
Warning: received a response with an unexpected id: 251
Warning: received a response with an unexpected id: 256
Warning: received a response with an unexpected id: 256
Warning: received a response with an unexpected id: 243
Warning: received a response with an unexpected id: 244
Warning: received a response with an unexpected id: 255
Warning: received a response with an unexpected id: 243
Warning: received a response with an unexpected id: 252
Warning: received a response with an unexpected id: 255
Warning: received a response with an unexpected id: 242
Warning: received a response with an unexpected id: 256
Warning: received a response with an unexpected id: 252
Warning: received a response with an unexpected id: 252
Warning: received a response with an unexpected id: 254
Warning: received a response with an unexpected id: 253
Warning: received a response with an unexpected id: 246
Warning: received a response with an unexpected id: 237
Warning: received a response with an unexpected id: 242
Warning: received a response with an unexpected id: 245
Warning: received a response with an unexpected id: 251
Warning: received a response with an unexpected id: 245
Warning: received a response with an unexpected id: 249
Warning: received a response with an unexpected id: 240
Warning: received a response with an unexpected id: 253
Warning: received a response with an unexpected id: 244
Warning: received a response with an unexpected id: 248
Warning: received a response with an unexpected id: 252
Warning: received a response with an unexpected id: 252
Warning: received a response with an unexpected id: 250
Warning: received a response with an unexpected id: 247
Warning: received a response with an unexpected id: 236
Warning: received a response with an unexpected id: 247
Warning: received a response with an unexpected id: 256
Warning: received a response with an unexpected id: 254
Warning: received a response with an unexpected id: 236
Warning: received a response with an unexpected id: 250
Warning: received a response with an unexpected id: 258
Warning: received a response with an unexpected id: 238
Warning: received a response with an unexpected id: 237
Warning: received a response with an unexpected id: 243
Warning: received a response with an unexpected id: 240
Warning: received a response with an unexpected id: 248
Warning: received a response with an unexpected id: 239
Warning: received a response with an unexpected id: 259
Warning: received a response with an unexpected id: 253
Warning: received a response with an unexpected id: 260
Warning: received a response with an unexpected id: 261
Warning: received a response with an unexpected id: 254
Warning: received a response with an unexpected id: 255
Warning: received a response with an unexpected id: 258
Warning: received a response with an unexpected id: 235
Warning: received a response with an unexpected id: 260
Warning: received a response with an unexpected id: 254
Warning: received a response with an unexpected id: 258
Warning: received a response with an unexpected id: 240
Warning: received a response with an unexpected id: 260
Warning: received a response with an unexpected id: 235
Warning: received a response with an unexpected id: 259
Warning: received a response with an unexpected id: 251
Warning: received a response with an unexpected id: 260
Warning: received a response with an unexpected id: 241
Warning: received a response with an unexpected id: 257
Warning: received a response with an unexpected id: 246
Warning: received a response with an unexpected id: 244
Warning: received a response with an unexpected id: 256
Warning: received a response with an unexpected id: 241
Warning: received a response with an unexpected id: 248
Warning: received a response with an unexpected id: 242
Warning: received a response with an unexpected id: 261
Warning: received a response with an unexpected id: 259
Warning: received a response with an unexpected id: 260
Warning: received a response with an unexpected id: 237
Warning: received a response with an unexpected id: 261
Warning: received a response with an unexpected id: 259
Warning: received a response with an unexpected id: 262
Warning: received a response with an unexpected id: 262
Warning: received a response with an unexpected id: 261
Warning: received a response with an unexpected id: 246
Warning: received a response with an unexpected id: 262
Warning: received a response with an unexpected id: 248
Warning: received a response with an unexpected id: 236
Warning: received a response with an unexpected id: 257
Warning: received a response with an unexpected id: 262
Warning: received a response with an unexpected id: 247
Warning: received a response with an unexpected id: 260
Warning: received a response with an unexpected id: 253
Warning: received a response with an unexpected id: 263
Warning: received a response with an unexpected id: 239
Warning: received a response with an unexpected id: 261
Warning: received a response with an unexpected id: 239
Warning: received a response with an unexpected id: 252
Warning: received a response with an unexpected id: 237
Warning: received a response with an unexpected id: 242
Warning: received a response with an unexpected id: 254
Warning: received a response with an unexpected id: 262
Warning: received a response with an unexpected id: 260
Warning: received a response with an unexpected id: 244
Warning: received a response with an unexpected id: 250
Warning: received a response with an unexpected id: 261
Warning: received a response with an unexpected id: 263
Warning: received a response with an unexpected id: 263
Warning: received a response with an unexpected id: 259
Warning: received a response with an unexpected id: 261
Warning: received a response with an unexpected id: 245
Warning: received a response with an unexpected id: 246
Warning: received a response with an unexpected id: 248
Warning: received a response with an unexpected id: 261
Warning: received a response with an unexpected id: 259
Warning: received a response with an unexpected id: 243
Warning: received a response with an unexpected id: 258
Warning: received a response with an unexpected id: 253
Warning: received a response with an unexpected id: 263
Warning: received a response with an unexpected id: 254
Warning: received a response with an unexpected id: 239
Warning: received a response with an unexpected id: 255
Warning: received a response with an unexpected id: 239
Warning: received a response with an unexpected id: 251
Warning: received a response with an unexpected id: 259
Warning: received a response with an unexpected id: 240
Warning: received a response with an unexpected id: 245
Warning: received a response with an unexpected id: 258
Warning: received a response with an unexpected id: 242
Warning: received a response with an unexpected id: 259
Warning: received a response with an unexpected id: 246
Warning: received a response with an unexpected id: 255
Warning: received a response with an unexpected id: 238
Warning: received a response with an unexpected id: 237
Warning: received a response with an unexpected id: 261
Warning: received a response with an unexpected id: 255
Warning: received a response with an unexpected id: 243
Warning: received a response with an unexpected id: 259
Warning: received a response with an unexpected id: 245
Warning: received a response with an unexpected id: 263
Warning: received a response with an unexpected id: 261
Warning: received a response with an unexpected id: 249
Warning: received a response with an unexpected id: 262
Warning: received a response with an unexpected id: 250
Warning: received a response with an unexpected id: 241
Warning: received a response with an unexpected id: 259
Warning: received a response with an unexpected id: 259
Warning: received a response with an unexpected id: 259
Warning: received a response with an unexpected id: 258
Warning: received a response with an unexpected id: 260
Warning: received a response with an unexpected id: 258
Warning: received a response with an unexpected id: 261
Warning: received a response with an unexpected id: 249
Warning: received a response with an unexpected id: 253
Warning: received a response with an unexpected id: 259
Warning: received a response with an unexpected id: 263
Warning: received a response with an unexpected id: 261
Warning: received a response with an unexpected id: 261
Warning: received a response with an unexpected id: 248
Warning: received a response with an unexpected id: 244
Warning: received a response with an unexpected id: 262
Warning: received a response with an unexpected id: 263
Warning: received a response with an unexpected id: 256
Warning: received a response with an unexpected id: 262
Warning: received a response with an unexpected id: 252
Warning: received a response with an unexpected id: 255
Warning: received a response with an unexpected id: 248
Warning: received a response with an unexpected id: 257
Warning: received a response with an unexpected id: 261
Warning: received a response with an unexpected id: 249
Warning: received a response with an unexpected id: 252
Warning: received a response with an unexpected id: 240
Warning: received a response with an unexpected id: 255
Warning: received a response with an unexpected id: 262
Warning: received a response with an unexpected id: 260
Warning: received a response with an unexpected id: 259
Warning: received a response with an unexpected id: 264
Warning: received a response with an unexpected id: 240
Warning: received a response with an unexpected id: 252
Warning: received a response with an unexpected id: 259
Warning: received a response with an unexpected id: 257
Warning: received a response with an unexpected id: 247
Warning: received a response with an unexpected id: 257
Warning: received a response with an unexpected id: 249
Warning: received a response with an unexpected id: 260
Warning: received a response with an unexpected id: 264
Warning: received a response with an unexpected id: 262
Warning: received a response with an unexpected id: 263
Warning: received a response with an unexpected id: 260
Warning: received a response with an unexpected id: 263
Warning: received a response with an unexpected id: 255
Warning: received a response with an unexpected id: 244
Warning: received a response with an unexpected id: 250
Warning: received a response with an unexpected id: 238
Warning: received a response with an unexpected id: 245
Warning: received a response with an unexpected id: 249
Warning: received a response with an unexpected id: 249
Warning: received a response with an unexpected id: 261
Warning: received a response with an unexpected id: 256
Warning: received a response with an unexpected id: 258
Warning: received a response with an unexpected id: 255
Warning: received a response with an unexpected id: 261
Warning: received a response with an unexpected id: 258
Warning: received a response with an unexpected id: 263
Warning: received a response with an unexpected id: 237
Warning: received a response with an unexpected id: 239
Warning: received a response with an unexpected id: 236
Warning: received a response with an unexpected id: 262
Warning: received a response with an unexpected id: 262
Warning: received a response with an unexpected id: 263
Warning: received a response with an unexpected id: 246
Warning: received a response with an unexpected id: 237
Warning: received a response with an unexpected id: 237
Warning: received a response with an unexpected id: 244
Warning: received a response with an unexpected id: 241
Warning: received a response with an unexpected id: 258
Warning: received a response with an unexpected id: 258
Warning: received a response with an unexpected id: 244
Warning: received a response with an unexpected id: 265
Warning: received a response with an unexpected id: 238
Warning: received a response with an unexpected id: 252
Warning: received a response with an unexpected id: 244
Warning: received a response with an unexpected id: 236
Warning: received a response with an unexpected id: 258
Warning: received a response with an unexpected id: 235
Warning: received a response with an unexpected id: 259
Warning: received a response with an unexpected id: 238
Warning: received a response with an unexpected id: 256
Warning: received a response with an unexpected id: 243
Warning: received a response with an unexpected id: 249
Warning: received a response with an unexpected id: 249
Warning: received a response with an unexpected id: 261
Warning: received a response with an unexpected id: 244
Warning: received a response with an unexpected id: 250
Warning: received a response with an unexpected id: 251
Warning: received a response with an unexpected id: 243
Warning: received a response with an unexpected id: 265
Warning: received a response with an unexpected id: 258
Warning: received a response with an unexpected id: 265
Warning: received a response with an unexpected id: 256
Warning: received a response with an unexpected id: 264
Warning: received a response with an unexpected id: 254
Warning: received a response with an unexpected id: 259
Warning: received a response with an unexpected id: 255
Warning: received a response with an unexpected id: 262
Warning: received a response with an unexpected id: 265
Warning: received a response with an unexpected id: 264
Warning: received a response with an unexpected id: 235
Warning: received a response with an unexpected id: 236
Warning: received a response with an unexpected id: 241
Warning: received a response with an unexpected id: 251
Warning: received a response with an unexpected id: 245
Warning: received a response with an unexpected id: 235
Warning: received a response with an unexpected id: 254
Warning: received a response with an unexpected id: 248
Warning: received a response with an unexpected id: 263
Warning: received a response with an unexpected id: 237
Warning: received a response with an unexpected id: 242
Warning: received a response with an unexpected id: 250
Warning: received a response with an unexpected id: 240
Warning: received a response with an unexpected id: 252
Warning: received a response with an unexpected id: 251
Warning: received a response with an unexpected id: 236
Warning: received a response with an unexpected id: 265
Warning: received a response with an unexpected id: 264
Warning: received a response with an unexpected id: 245
Warning: received a response with an unexpected id: 255
Warning: received a response with an unexpected id: 266
Warning: received a response with an unexpected id: 235
Warning: received a response with an unexpected id: 249
Warning: received a response with an unexpected id: 261
Warning: received a response with an unexpected id: 241
Warning: received a response with an unexpected id: 244
Warning: received a response with an unexpected id: 259
Warning: received a response with an unexpected id: 238
Warning: received a response with an unexpected id: 256
Warning: received a response with an unexpected id: 258
Warning: received a response with an unexpected id: 248
Warning: received a response with an unexpected id: 249
Warning: received a response with an unexpected id: 235
Warning: received a response with an unexpected id: 237
Warning: received a response with an unexpected id: 244
Warning: received a response with an unexpected id: 252
Warning: received a response with an unexpected id: 237
Warning: received a response with an unexpected id: 264
Warning: received a response with an unexpected id: 254
Warning: received a response with an unexpected id: 246
Warning: received a response with an unexpected id: 237
Warning: received a response with an unexpected id: 265
Warning: received a response with an unexpected id: 262
Warning: received a response with an unexpected id: 255
Warning: received a response with an unexpected id: 249
Warning: received a response with an unexpected id: 243
Warning: received a response with an unexpected id: 245
Warning: received a response with an unexpected id: 265
Warning: received a response with an unexpected id: 265
Warning: received a response with an unexpected id: 259
Warning: received a response with an unexpected id: 252
Warning: received a response with an unexpected id: 246
Warning: received a response with an unexpected id: 265
Warning: received a response with an unexpected id: 257
Warning: received a response with an unexpected id: 266
Warning: received a response with an unexpected id: 246
Warning: received a response with an unexpected id: 248
Warning: received a response with an unexpected id: 256
Warning: received a response with an unexpected id: 256
Warning: received a response with an unexpected id: 257
Warning: received a response with an unexpected id: 259
Warning: received a response with an unexpected id: 258
Warning: received a response with an unexpected id: 262
Warning: received a response with an unexpected id: 266
Warning: received a response with an unexpected id: 262
Warning: received a response with an unexpected id: 257
Warning: received a response with an unexpected id: 264
Warning: received a response with an unexpected id: 260
Warning: received a response with an unexpected id: 257
Warning: received a response with an unexpected id: 260
Warning: received a response with an unexpected id: 253
Warning: received a response with an unexpected id: 259
Warning: received a response with an unexpected id: 266
Warning: received a response with an unexpected id: 260
Warning: received a response with an unexpected id: 262
Warning: received a response with an unexpected id: 261
Warning: received a response with an unexpected id: 267
Warning: received a response with an unexpected id: 260
Warning: received a response with an unexpected id: 258
Warning: received a response with an unexpected id: 260
Warning: received a response with an unexpected id: 260
Warning: received a response with an unexpected id: 265
Warning: received a response with an unexpected id: 263
Warning: received a response with an unexpected id: 262
Warning: received a response with an unexpected id: 259
Warning: received a response with an unexpected id: 261
Warning: received a response with an unexpected id: 264
Warning: received a response with an unexpected id: 258
Warning: received a response with an unexpected id: 265
Warning: received a response with an unexpected id: 260
Warning: received a response with an unexpected id: 265
Warning: received a response with an unexpected id: 263
Warning: received a response with an unexpected id: 262
Warning: received a response with an unexpected id: 254
Warning: received a response with an unexpected id: 259
Warning: received a response with an unexpected id: 263
Warning: received a response with an unexpected id: 267
Warning: received a response with an unexpected id: 267
Warning: received a response with an unexpected id: 258
Warning: received a response with an unexpected id: 259
Warning: received a response with an unexpected id: 267
Warning: received a response with an unexpected id: 267
Warning: received a response with an unexpected id: 250
Warning: received a response with an unexpected id: 261
Warning: received a response with an unexpected id: 264
Warning: received a response with an unexpected id: 265
Warning: received a response with an unexpected id: 264
Warning: received a response with an unexpected id: 265
Warning: received a response with an unexpected id: 256
Warning: received a response with an unexpected id: 260
Warning: received a response with an unexpected id: 256
Warning: received a response with an unexpected id: 255
Warning: received a response with an unexpected id: 265
Warning: received a response with an unexpected id: 260
Warning: received a response with an unexpected id: 263
Warning: received a response with an unexpected id: 258
Warning: received a response with an unexpected id: 259
Warning: received a response with an unexpected id: 257
Warning: received a response with an unexpected id: 244
Warning: received a response with an unexpected id: 250
Warning: received a response with an unexpected id: 262
Warning: received a response with an unexpected id: 262
Warning: received a response with an unexpected id: 244
Warning: received a response with an unexpected id: 266
Warning: received a response with an unexpected id: 255
Warning: received a response with an unexpected id: 260
Warning: received a response with an unexpected id: 251
Warning: received a response with an unexpected id: 252
Warning: received a response with an unexpected id: 251
Warning: received a response with an unexpected id: 247
Warning: received a response with an unexpected id: 255
Warning: received a response with an unexpected id: 268
Warning: received a response with an unexpected id: 258
Warning: received a response with an unexpected id: 247
Warning: received a response with an unexpected id: 253
Warning: received a response with an unexpected id: 259
Warning: received a response with an unexpected id: 253
Warning: received a response with an unexpected id: 264
Warning: received a response with an unexpected id: 256
Warning: received a response with an unexpected id: 259
Warning: received a response with an unexpected id: 267
Warning: received a response with an unexpected id: 246
Warning: received a response with an unexpected id: 264
Warning: received a response with an unexpected id: 246
Warning: received a response with an unexpected id: 244
Warning: received a response with an unexpected id: 247
Warning: received a response with an unexpected id: 253
Warning: received a response with an unexpected id: 250
Warning: received a response with an unexpected id: 265
Warning: received a response with an unexpected id: 263
Warning: received a response with an unexpected id: 258
Warning: received a response with an unexpected id: 268
Warning: received a response with an unexpected id: 247
Warning: received a response with an unexpected id: 251
Warning: received a response with an unexpected id: 249
Warning: received a response with an unexpected id: 250
Warning: received a response with an unexpected id: 251
Warning: received a response with an unexpected id: 264
Warning: received a response with an unexpected id: 253
Warning: received a response with an unexpected id: 248
Warning: received a response with an unexpected id: 260
Warning: received a response with an unexpected id: 267
Warning: received a response with an unexpected id: 262
Warning: received a response with an unexpected id: 244
Warning: received a response with an unexpected id: 263
Warning: received a response with an unexpected id: 253
Warning: received a response with an unexpected id: 253
Warning: received a response with an unexpected id: 244
Warning: received a response with an unexpected id: 267
Warning: received a response with an unexpected id: 241
Warning: received a response with an unexpected id: 257
Warning: received a response with an unexpected id: 254
Warning: received a response with an unexpected id: 250
Warning: received a response with an unexpected id: 263
Warning: received a response with an unexpected id: 253
Warning: received a response with an unexpected id: 268
Warning: received a response with an unexpected id: 252
Warning: received a response with an unexpected id: 250
Warning: received a response with an unexpected id: 244
Warning: received a response with an unexpected id: 257
Warning: received a response with an unexpected id: 250
Warning: received a response with an unexpected id: 257
Warning: received a response with an unexpected id: 256
Warning: received a response with an unexpected id: 245
Warning: received a response with an unexpected id: 264
Warning: received a response with an unexpected id: 245
Warning: received a response with an unexpected id: 268
Warning: received a response with an unexpected id: 265
Warning: received a response with an unexpected id: 248
Warning: received a response with an unexpected id: 244
Warning: received a response with an unexpected id: 250
Warning: received a response with an unexpected id: 242
Warning: received a response with an unexpected id: 253
Warning: received a response with an unexpected id: 267
Warning: received a response with an unexpected id: 241
Warning: received a response with an unexpected id: 244
Warning: received a response with an unexpected id: 246
Warning: received a response with an unexpected id: 255
Warning: received a response with an unexpected id: 263
Warning: received a response with an unexpected id: 264
Warning: received a response with an unexpected id: 259
Warning: received a response with an unexpected id: 261
Warning: received a response with an unexpected id: 267
Warning: received a response with an unexpected id: 251
Warning: received a response with an unexpected id: 256
Warning: received a response with an unexpected id: 311
Warning: received a response with an unexpected id: 314
Warning: received a response with an unexpected id: 313
Warning: received a response with an unexpected id: 314
Warning: received a response with an unexpected id: 313
Warning: received a response with an unexpected id: 313
Warning: received a response with an unexpected id: 314
Warning: received a response with an unexpected id: 371
Warning: received a response with an unexpected id: 371
Warning: received a response with an unexpected id: 365
Warning: received a response with an unexpected id: 371
Warning: received a response with an unexpected id: 365
Warning: received a response with an unexpected id: 365
Warning: received a response with an unexpected id: 368
Warning: received a response with an unexpected id: 372
Warning: received a response with an unexpected id: 364
Warning: received a response with an unexpected id: 369
Warning: received a response with an unexpected id: 365
Warning: received a response with an unexpected id: 365
Warning: received a response with an unexpected id: 368
Warning: received a response with an unexpected id: 371
Warning: received a response with an unexpected id: 372
Warning: received a response with an unexpected id: 366
Warning: received a response with an unexpected id: 368
Warning: received a response with an unexpected id: 367
Warning: received a response with an unexpected id: 371
Warning: received a response with an unexpected id: 374
Warning: received a response with an unexpected id: 370
Warning: received a response with an unexpected id: 372
Warning: received a response with an unexpected id: 367
Warning: received a response with an unexpected id: 366
Warning: received a response with an unexpected id: 369
Warning: received a response with an unexpected id: 371
Warning: received a response with an unexpected id: 373
Warning: received a response with an unexpected id: 368
Warning: received a response with an unexpected id: 367
Warning: received a response with an unexpected id: 369
Warning: received a response with an unexpected id: 370
Warning: received a response with an unexpected id: 374
Warning: received a response with an unexpected id: 369
Warning: received a response with an unexpected id: 373
Warning: received a response with an unexpected id: 370
Warning: received a response with an unexpected id: 370
Warning: received a response with an unexpected id: 366
Warning: received a response with an unexpected id: 372
Warning: received a response with an unexpected id: 373
Warning: received a response with an unexpected id: 366
Warning: received a response with an unexpected id: 372
Warning: received a response with an unexpected id: 365
Warning: received a response with an unexpected id: 373
Warning: received a response with an unexpected id: 371
Warning: received a response with an unexpected id: 374
Warning: received a response with an unexpected id: 365
Warning: received a response with an unexpected id: 370
Warning: received a response with an unexpected id: 370
Warning: received a response with an unexpected id: 373
Warning: received a response with an unexpected id: 372
Warning: received a response with an unexpected id: 375
Warning: received a response with an unexpected id: 369
Warning: received a response with an unexpected id: 373
Warning: received a response with an unexpected id: 363
Warning: received a response with an unexpected id: 371
Warning: received a response with an unexpected id: 372
Warning: received a response with an unexpected id: 370
Warning: received a response with an unexpected id: 369
Warning: received a response with an unexpected id: 368
Warning: received a response with an unexpected id: 363
Warning: received a response with an unexpected id: 370
Warning: received a response with an unexpected id: 368
Warning: received a response with an unexpected id: 366
Warning: received a response with an unexpected id: 373
Warning: received a response with an unexpected id: 376
Warning: received a response with an unexpected id: 369
Warning: received a response with an unexpected id: 367
Warning: received a response with an unexpected id: 371
Warning: received a response with an unexpected id: 370
Warning: received a response with an unexpected id: 374
Warning: received a response with an unexpected id: 423
[Status] Waiting for more responses
[Status] Testing complete

Statistics:

  Queries sent:         258999
  Queries completed:    258077
  Queries lost:         922
  Response codes:       NOERROR 120218 (46.58%), SERVFAIL 78305 (30.34%), NXDOMAIN 59554 (23.08%)

  Run time (s):         203.472603
  Maximum throughput:   1400.000000 qps
  Lost at that point:   0.00%

  Connection attempts:  500 (500 successful, 100.00%)

