DNS Resolution Performance Testing Tool
Version 2.14.0

[Status] Command line: resperf -P 20250620-0726.gnuplot -M doh -s 79.127.218.224 -O doh-uri=https://protective.joindns4.eu/dns-query -d domains_shuffled.list -C 50 -m 1400 -b 1400 -q 500000 -R -r 10 -c 300 -t 30 -F 0
[Status] Sending
[Status] Ramp-up done, sending constant traffic
Warning: received a response with an unexpected id: 1694
Warning: received a response with an unexpected id: 1691
Warning: received a response with an unexpected id: 1692
Warning: received a response with an unexpected id: 1701
Warning: received a response with an unexpected id: 1687
Warning: received a response with an unexpected id: 1703
Warning: received a response with an unexpected id: 1706
Warning: received a response with an unexpected id: 1702
Warning: received a response with an unexpected id: 1751
Warning: received a response with an unexpected id: 1697
Warning: received a response with an unexpected id: 1754
Warning: received a response with an unexpected id: 1728
Warning: received a response with an unexpected id: 1766
Warning: received a response with an unexpected id: 2014
Warning: received a response with an unexpected id: 1780
Warning: received a response with an unexpected id: 1785
Warning: received a response with an unexpected id: 2016
Warning: received a response with an unexpected id: 1939
Warning: received a response with an unexpected id: 1966
Warning: received a response with an unexpected id: 1810
Warning: received a response with an unexpected id: 1782
Warning: received a response with an unexpected id: 1936
Warning: received a response with an unexpected id: 1901
Warning: received a response with an unexpected id: 1949
Warning: received a response with an unexpected id: 1985
Warning: received a response with an unexpected id: 1822
Warning: received a response with an unexpected id: 2001
Warning: received a response with an unexpected id: 1975
Warning: received a response with an unexpected id: 1917
Warning: received a response with an unexpected id: 2033
Warning: received a response with an unexpected id: 33280
Warning: received a response with an unexpected id: 2027
Warning: received a response with an unexpected id: 2040
Warning: received a response with an unexpected id: 2032
Warning: received a response with an unexpected id: 2017
Warning: received a response with an unexpected id: 2018
Warning: received a response with an unexpected id: 2038
Warning: received a response with an unexpected id: 2039
Warning: received a response with an unexpected id: 2013
Warning: received a response with an unexpected id: 2029
Warning: received a response with an unexpected id: 2038
Warning: received a response with an unexpected id: 2031
Warning: received a response with an unexpected id: 2043
Warning: received a response with an unexpected id: 2054
Warning: received a response with an unexpected id: 2010
Warning: received a response with an unexpected id: 2064
Warning: received a response with an unexpected id: 2042
Warning: received a response with an unexpected id: 2008
Warning: received a response with an unexpected id: 2012
Warning: received a response with an unexpected id: 2066
Warning: received a response with an unexpected id: 2070
Warning: received a response with an unexpected id: 2011
Warning: received a response with an unexpected id: 2036
Warning: received a response with an unexpected id: 2030
Warning: received a response with an unexpected id: 2058
Warning: received a response with an unexpected id: 2086
Warning: received a response with an unexpected id: 2034
Warning: received a response with an unexpected id: 2081
Warning: received a response with an unexpected id: 2063
Warning: received a response with an unexpected id: 2015
Warning: received a response with an unexpected id: 2048
Warning: received a response with an unexpected id: 2026
Warning: received a response with an unexpected id: 2100
Warning: received a response with an unexpected id: 2095
Warning: received a response with an unexpected id: 2080
Warning: received a response with an unexpected id: 2087
Warning: received a response with an unexpected id: 2019
Warning: received a response with an unexpected id: 2014
Warning: received a response with an unexpected id: 2028
Warning: received a response with an unexpected id: 2113
Warning: received a response with an unexpected id: 2116
Warning: received a response with an unexpected id: 2127
Warning: received a response with an unexpected id: 2133
Warning: received a response with an unexpected id: 2130
Warning: received a response with an unexpected id: 2122
Warning: received a response with an unexpected id: 2127
Warning: received a response with an unexpected id: 2120
Warning: received a response with an unexpected id: 2140
Warning: received a response with an unexpected id: 2152
Warning: received a response with an unexpected id: 2149
Warning: received a response with an unexpected id: 2155
Warning: received a response with an unexpected id: 2124
Warning: received a response with an unexpected id: 2123
Warning: received a response with an unexpected id: 2146
Warning: received a response with an unexpected id: 2097
Warning: received a response with an unexpected id: 2156
Warning: received a response with an unexpected id: 2136
Warning: received a response with an unexpected id: 2131
Warning: received a response with an unexpected id: 2160
Warning: received a response with an unexpected id: 2141
Warning: received a response with an unexpected id: 2148
Warning: received a response with an unexpected id: 2130
Warning: received a response with an unexpected id: 2135
Warning: received a response with an unexpected id: 2124
Warning: received a response with an unexpected id: 2151
Warning: received a response with an unexpected id: 2132
Warning: received a response with an unexpected id: 2116
Warning: received a response with an unexpected id: 2117
Warning: received a response with an unexpected id: 2118
Warning: received a response with an unexpected id: 2119
Warning: received a response with an unexpected id: 2100
Warning: received a response with an unexpected id: 2103
Warning: received a response with an unexpected id: 2104
Warning: received a response with an unexpected id: 2106
Warning: received a response with an unexpected id: 2109
Warning: received a response with an unexpected id: 2110
Warning: received a response with an unexpected id: 2153
Warning: received a response with an unexpected id: 2126
Warning: received a response with an unexpected id: 2156
Warning: received a response with an unexpected id: 2167
Warning: received a response with an unexpected id: 2161
Warning: received a response with an unexpected id: 2139
Warning: received a response with an unexpected id: 2168
Warning: received a response with an unexpected id: 2092
Warning: received a response with an unexpected id: 2163
Warning: received a response with an unexpected id: 2168
Warning: received a response with an unexpected id: 2112
Warning: received a response with an unexpected id: 2136
Warning: received a response with an unexpected id: 2149
Warning: received a response with an unexpected id: 2155
Warning: received a response with an unexpected id: 2149
Warning: received a response with an unexpected id: 2175
Warning: received a response with an unexpected id: 2151
Warning: received a response with an unexpected id: 2170
Warning: received a response with an unexpected id: 2142
Warning: received a response with an unexpected id: 2140
Warning: received a response with an unexpected id: 2164
Warning: received a response with an unexpected id: 2093
Warning: received a response with an unexpected id: 2108
Warning: received a response with an unexpected id: 2163
Warning: received a response with an unexpected id: 2159
Warning: received a response with an unexpected id: 2152
Warning: received a response with an unexpected id: 2088
Warning: received a response with an unexpected id: 2143
Warning: received a response with an unexpected id: 2121
Warning: received a response with an unexpected id: 2124
Warning: received a response with an unexpected id: 2147
Warning: received a response with an unexpected id: 2168
Warning: received a response with an unexpected id: 2169
Warning: received a response with an unexpected id: 2091
Warning: received a response with an unexpected id: 2167
Warning: received a response with an unexpected id: 2177
Warning: received a response with an unexpected id: 2154
Warning: received a response with an unexpected id: 2155
Warning: received a response with an unexpected id: 2094
Warning: received a response with an unexpected id: 2182
Warning: received a response with an unexpected id: 2158
Warning: received a response with an unexpected id: 2143
Warning: received a response with an unexpected id: 2187
Warning: received a response with an unexpected id: 2152
Warning: received a response with an unexpected id: 2172
Warning: received a response with an unexpected id: 2173
Warning: received a response with an unexpected id: 2178
Warning: received a response with an unexpected id: 2187
Warning: received a response with an unexpected id: 2183
Warning: received a response with an unexpected id: 2190
Warning: received a response with an unexpected id: 2147
Warning: received a response with an unexpected id: 2099
Warning: received a response with an unexpected id: 2148
Warning: received a response with an unexpected id: 2144
Warning: received a response with an unexpected id: 2157
Warning: received a response with an unexpected id: 2138
Warning: received a response with an unexpected id: 2120
Warning: received a response with an unexpected id: 2126
Warning: received a response with an unexpected id: 2163
Warning: received a response with an unexpected id: 2105
Warning: received a response with an unexpected id: 2154
Warning: received a response with an unexpected id: 2138
Warning: received a response with an unexpected id: 2142
Warning: received a response with an unexpected id: 2131
Warning: received a response with an unexpected id: 2186
Warning: received a response with an unexpected id: 2153
Warning: received a response with an unexpected id: 2166
Warning: received a response with an unexpected id: 2199
Warning: received a response with an unexpected id: 2215
Warning: received a response with an unexpected id: 2184
Warning: received a response with an unexpected id: 2153
Warning: received a response with an unexpected id: 2205
Warning: received a response with an unexpected id: 2147
Warning: received a response with an unexpected id: 2162
Warning: received a response with an unexpected id: 2180
Warning: received a response with an unexpected id: 2164
Warning: received a response with an unexpected id: 2226
Warning: received a response with an unexpected id: 2196
Warning: received a response with an unexpected id: 2099
Warning: received a response with an unexpected id: 2154
Warning: received a response with an unexpected id: 2127
Warning: received a response with an unexpected id: 2184
Warning: received a response with an unexpected id: 2154
Warning: received a response with an unexpected id: 2176
Warning: received a response with an unexpected id: 2155
Warning: received a response with an unexpected id: 2166
Warning: received a response with an unexpected id: 2161
Warning: received a response with an unexpected id: 2171
Warning: received a response with an unexpected id: 2318
Warning: received a response with an unexpected id: 2318
Warning: received a response with an unexpected id: 2325
Warning: received a response with an unexpected id: 2288
Warning: received a response with an unexpected id: 2158
Warning: received a response with an unexpected id: 2294
Warning: received a response with an unexpected id: 2122
Warning: received a response with an unexpected id: 2319
Warning: received a response with an unexpected id: 2174
Warning: received a response with an unexpected id: 2217
Warning: received a response with an unexpected id: 2266
Warning: received a response with an unexpected id: 2279
Warning: received a response with an unexpected id: 2315
Warning: received a response with an unexpected id: 2181
Warning: received a response with an unexpected id: 2288
Warning: received a response with an unexpected id: 2226
Warning: received a response with an unexpected id: 2332
Warning: received a response with an unexpected id: 2331
Warning: received a response with an unexpected id: 2279
Warning: received a response with an unexpected id: 2320
Warning: received a response with an unexpected id: 2158
Warning: received a response with an unexpected id: 2305
Warning: received a response with an unexpected id: 2307
Warning: received a response with an unexpected id: 2269
Warning: received a response with an unexpected id: 2298
Warning: received a response with an unexpected id: 2171
Warning: received a response with an unexpected id: 2265
Warning: received a response with an unexpected id: 2135
Warning: received a response with an unexpected id: 2150
Warning: received a response with an unexpected id: 2151
Warning: received a response with an unexpected id: 2192
Warning: received a response with an unexpected id: 2299
Warning: received a response with an unexpected id: 2304
Warning: received a response with an unexpected id: 2318
Warning: received a response with an unexpected id: 2301
Warning: received a response with an unexpected id: 2102
Warning: received a response with an unexpected id: 2151
Warning: received a response with an unexpected id: 2152
Warning: received a response with an unexpected id: 2155
Warning: received a response with an unexpected id: 2156
Warning: received a response with an unexpected id: 2164
Warning: received a response with an unexpected id: 2171
Warning: received a response with an unexpected id: 2293
Warning: received a response with an unexpected id: 2174
Warning: received a response with an unexpected id: 2176
Warning: received a response with an unexpected id: 2182
Warning: received a response with an unexpected id: 2189
Warning: received a response with an unexpected id: 2192
Warning: received a response with an unexpected id: 2202
Warning: received a response with an unexpected id: 2208
Warning: received a response with an unexpected id: 2212
Warning: received a response with an unexpected id: 2213
Warning: received a response with an unexpected id: 2233
Warning: received a response with an unexpected id: 2237
Warning: received a response with an unexpected id: 2241
Warning: received a response with an unexpected id: 2248
Warning: received a response with an unexpected id: 2251
Warning: received a response with an unexpected id: 2148
Warning: received a response with an unexpected id: 2255
Warning: received a response with an unexpected id: 2160
Warning: received a response with an unexpected id: 2257
Warning: received a response with an unexpected id: 2130
Warning: received a response with an unexpected id: 2263
Warning: received a response with an unexpected id: 2268
Warning: received a response with an unexpected id: 2269
Warning: received a response with an unexpected id: 2274
Warning: received a response with an unexpected id: 2290
Warning: received a response with an unexpected id: 2315
Warning: received a response with an unexpected id: 2318
Warning: received a response with an unexpected id: 2334
Warning: received a response with an unexpected id: 2246
Warning: received a response with an unexpected id: 2252
Warning: received a response with an unexpected id: 2254
Warning: received a response with an unexpected id: 2260
Warning: received a response with an unexpected id: 2265
Warning: received a response with an unexpected id: 2270
Warning: received a response with an unexpected id: 2276
Warning: received a response with an unexpected id: 2277
Warning: received a response with an unexpected id: 2281
Warning: received a response with an unexpected id: 2283
Warning: received a response with an unexpected id: 2100
Warning: received a response with an unexpected id: 2102
Warning: received a response with an unexpected id: 2312
Warning: received a response with an unexpected id: 2145
Warning: received a response with an unexpected id: 2156
Warning: received a response with an unexpected id: 2157
Warning: received a response with an unexpected id: 2161
Warning: received a response with an unexpected id: 2138
Warning: received a response with an unexpected id: 2265
Warning: received a response with an unexpected id: 2179
Warning: received a response with an unexpected id: 2303
Warning: received a response with an unexpected id: 2194
Warning: received a response with an unexpected id: 2305
Warning: received a response with an unexpected id: 2195
Warning: received a response with an unexpected id: 2308
Warning: received a response with an unexpected id: 2201
Warning: received a response with an unexpected id: 2317
Warning: received a response with an unexpected id: 2204
Warning: received a response with an unexpected id: 2327
Warning: received a response with an unexpected id: 2208
Warning: received a response with an unexpected id: 2165
Warning: received a response with an unexpected id: 2332
Warning: received a response with an unexpected id: 2338
Warning: received a response with an unexpected id: 2323
Warning: received a response with an unexpected id: 2145
Warning: received a response with an unexpected id: 2193
Warning: received a response with an unexpected id: 2107
Warning: received a response with an unexpected id: 2146
Warning: received a response with an unexpected id: 2206
Warning: received a response with an unexpected id: 2329
Warning: received a response with an unexpected id: 2182
Warning: received a response with an unexpected id: 2316
Warning: received a response with an unexpected id: 2315
Warning: received a response with an unexpected id: 2330
Warning: received a response with an unexpected id: 2334
Warning: received a response with an unexpected id: 2317
Warning: received a response with an unexpected id: 2341
Warning: received a response with an unexpected id: 2210
Warning: received a response with an unexpected id: 2115
Warning: received a response with an unexpected id: 2211
Warning: received a response with an unexpected id: 2239
Warning: received a response with an unexpected id: 2215
Warning: received a response with an unexpected id: 2272
Warning: received a response with an unexpected id: 2283
Warning: received a response with an unexpected id: 2196
Warning: received a response with an unexpected id: 2116
Warning: received a response with an unexpected id: 2253
Warning: received a response with an unexpected id: 2304
Warning: received a response with an unexpected id: 2145
Warning: received a response with an unexpected id: 2170
Warning: received a response with an unexpected id: 2177
Warning: received a response with an unexpected id: 2254
Warning: received a response with an unexpected id: 2270
Warning: received a response with an unexpected id: 2218
Warning: received a response with an unexpected id: 2296
Warning: received a response with an unexpected id: 2347
Warning: received a response with an unexpected id: 2298
Warning: received a response with an unexpected id: 2098
Warning: received a response with an unexpected id: 2282
Warning: received a response with an unexpected id: 2286
Warning: received a response with an unexpected id: 2342
Warning: received a response with an unexpected id: 2332
Warning: received a response with an unexpected id: 2344
Warning: received a response with an unexpected id: 2350
Warning: received a response with an unexpected id: 2256
Warning: received a response with an unexpected id: 2262
Warning: received a response with an unexpected id: 2276
Warning: received a response with an unexpected id: 2277
Warning: received a response with an unexpected id: 2280
Warning: received a response with an unexpected id: 2243
Warning: received a response with an unexpected id: 2278
Warning: received a response with an unexpected id: 2094
Warning: received a response with an unexpected id: 2336
Warning: received a response with an unexpected id: 2247
Warning: received a response with an unexpected id: 2248
Warning: received a response with an unexpected id: 2356
Warning: received a response with an unexpected id: 2349
Warning: received a response with an unexpected id: 2217
Warning: received a response with an unexpected id: 2218
Warning: received a response with an unexpected id: 2219
Warning: received a response with an unexpected id: 2287
Warning: received a response with an unexpected id: 2309
Warning: received a response with an unexpected id: 2290
Warning: received a response with an unexpected id: 2330
Warning: received a response with an unexpected id: 2319
Warning: received a response with an unexpected id: 2324
Warning: received a response with an unexpected id: 2296
Warning: received a response with an unexpected id: 2303
Warning: received a response with an unexpected id: 2309
Warning: received a response with an unexpected id: 2170
Warning: received a response with an unexpected id: 2260
Warning: received a response with an unexpected id: 2275
Warning: received a response with an unexpected id: 2341
Warning: received a response with an unexpected id: 2270
Warning: received a response with an unexpected id: 2178
Warning: received a response with an unexpected id: 2169
Warning: received a response with an unexpected id: 2186
Warning: received a response with an unexpected id: 2188
Warning: received a response with an unexpected id: 2213
Warning: received a response with an unexpected id: 2193
Warning: received a response with an unexpected id: 2197
Warning: received a response with an unexpected id: 2219
Warning: received a response with an unexpected id: 2355
Warning: received a response with an unexpected id: 2208
Warning: received a response with an unexpected id: 2356
Warning: received a response with an unexpected id: 2202
Warning: received a response with an unexpected id: 2205
Warning: received a response with an unexpected id: 2206
Warning: received a response with an unexpected id: 2172
Warning: received a response with an unexpected id: 2173
Warning: received a response with an unexpected id: 2177
Warning: received a response with an unexpected id: 2230
Warning: received a response with an unexpected id: 2281
Warning: received a response with an unexpected id: 2283
Warning: received a response with an unexpected id: 2292
Warning: received a response with an unexpected id: 2282
Warning: received a response with an unexpected id: 2298
Warning: received a response with an unexpected id: 2300
Warning: received a response with an unexpected id: 2238
Warning: received a response with an unexpected id: 2240
Warning: received a response with an unexpected id: 2361
Warning: received a response with an unexpected id: 2242
Warning: received a response with an unexpected id: 2311
Warning: received a response with an unexpected id: 2312
Warning: received a response with an unexpected id: 2327
Warning: received a response with an unexpected id: 2150
Warning: received a response with an unexpected id: 2338
Warning: received a response with an unexpected id: 2284
Warning: received a response with an unexpected id: 2285
Warning: received a response with an unexpected id: 2286
Warning: received a response with an unexpected id: 2287
Warning: received a response with an unexpected id: 2294
Warning: received a response with an unexpected id: 2295
Warning: received a response with an unexpected id: 2296
Warning: received a response with an unexpected id: 2297
Warning: received a response with an unexpected id: 2301
Warning: received a response with an unexpected id: 2103
Warning: received a response with an unexpected id: 2105
Warning: received a response with an unexpected id: 2106
Warning: received a response with an unexpected id: 2187
Warning: received a response with an unexpected id: 2188
Warning: received a response with an unexpected id: 2190
Warning: received a response with an unexpected id: 2202
Warning: received a response with an unexpected id: 2223
Warning: received a response with an unexpected id: 2227
Warning: received a response with an unexpected id: 2233
Warning: received a response with an unexpected id: 2239
Warning: received a response with an unexpected id: 2242
Warning: received a response with an unexpected id: 2244
Warning: received a response with an unexpected id: 2159
Warning: received a response with an unexpected id: 2097
Warning: received a response with an unexpected id: 2180
Warning: received a response with an unexpected id: 2184
Warning: received a response with an unexpected id: 2343
Warning: received a response with an unexpected id: 2349
Warning: received a response with an unexpected id: 2356
Warning: received a response with an unexpected id: 2357
Warning: received a response with an unexpected id: 2281
Warning: received a response with an unexpected id: 2324
Warning: received a response with an unexpected id: 2358
Warning: received a response with an unexpected id: 2221
Warning: received a response with an unexpected id: 2211
Warning: received a response with an unexpected id: 2218
Warning: received a response with an unexpected id: 2228
Warning: received a response with an unexpected id: 2330
Warning: received a response with an unexpected id: 2258
Warning: received a response with an unexpected id: 2316
Warning: received a response with an unexpected id: 2313
Warning: received a response with an unexpected id: 2355
Warning: received a response with an unexpected id: 2240
Warning: received a response with an unexpected id: 2259
Warning: received a response with an unexpected id: 2186
Warning: received a response with an unexpected id: 2204
Warning: received a response with an unexpected id: 2367
Warning: received a response with an unexpected id: 2231
Warning: received a response with an unexpected id: 2233
Warning: received a response with an unexpected id: 2249
Warning: received a response with an unexpected id: 2290
Warning: received a response with an unexpected id: 2335
Warning: received a response with an unexpected id: 2361
Warning: received a response with an unexpected id: 2117
Warning: received a response with an unexpected id: 2292
Warning: received a response with an unexpected id: 2109
Warning: received a response with an unexpected id: 2166
Warning: received a response with an unexpected id: 2275
Warning: received a response with an unexpected id: 2302
Warning: received a response with an unexpected id: 2340
Warning: received a response with an unexpected id: 2267
Warning: received a response with an unexpected id: 2244
Warning: received a response with an unexpected id: 2236
Warning: received a response with an unexpected id: 2173
Warning: received a response with an unexpected id: 2292
Warning: received a response with an unexpected id: 2278
Warning: received a response with an unexpected id: 2253
Warning: received a response with an unexpected id: 2371
Warning: received a response with an unexpected id: 2328
Warning: received a response with an unexpected id: 2161
Warning: received a response with an unexpected id: 2362
Warning: received a response with an unexpected id: 2345
Warning: received a response with an unexpected id: 2369
Warning: received a response with an unexpected id: 2260
Warning: received a response with an unexpected id: 2255
Warning: received a response with an unexpected id: 2377
Warning: received a response with an unexpected id: 2341
Warning: received a response with an unexpected id: 2365
Warning: received a response with an unexpected id: 2366
Warning: received a response with an unexpected id: 2367
Warning: received a response with an unexpected id: 2355
Warning: received a response with an unexpected id: 2384
Warning: received a response with an unexpected id: 2362
Warning: received a response with an unexpected id: 2371
Warning: received a response with an unexpected id: 2300
Warning: received a response with an unexpected id: 2256
Warning: received a response with an unexpected id: 2372
Warning: received a response with an unexpected id: 2291
Warning: received a response with an unexpected id: 2213
Warning: received a response with an unexpected id: 2257
Warning: received a response with an unexpected id: 2354
Warning: received a response with an unexpected id: 2238
Warning: received a response with an unexpected id: 2379
Warning: received a response with an unexpected id: 2381
Warning: received a response with an unexpected id: 2301
Warning: received a response with an unexpected id: 2390
Warning: received a response with an unexpected id: 2275
Warning: received a response with an unexpected id: 2304
Warning: received a response with an unexpected id: 2388
Warning: received a response with an unexpected id: 2364
Warning: received a response with an unexpected id: 2380
Warning: received a response with an unexpected id: 2259
Warning: received a response with an unexpected id: 2172
Warning: received a response with an unexpected id: 2384
Warning: received a response with an unexpected id: 2252
Warning: received a response with an unexpected id: 2360
Warning: received a response with an unexpected id: 2274
Warning: received a response with an unexpected id: 2382
Warning: received a response with an unexpected id: 2316
Warning: received a response with an unexpected id: 2289
Warning: received a response with an unexpected id: 2312
Warning: received a response with an unexpected id: 2354
Warning: received a response with an unexpected id: 2383
Warning: received a response with an unexpected id: 2391
Warning: received a response with an unexpected id: 2390
Warning: received a response with an unexpected id: 2387
Warning: received a response with an unexpected id: 2351
Warning: received a response with an unexpected id: 2345
Warning: received a response with an unexpected id: 2232
Warning: received a response with an unexpected id: 2196
Warning: received a response with an unexpected id: 2398
Warning: received a response with an unexpected id: 2328
Warning: received a response with an unexpected id: 2388
Warning: received a response with an unexpected id: 2391
Warning: received a response with an unexpected id: 2380
Warning: received a response with an unexpected id: 2403
Warning: received a response with an unexpected id: 2345
Warning: received a response with an unexpected id: 2389
Warning: received a response with an unexpected id: 2400
Warning: received a response with an unexpected id: 2391
Warning: received a response with an unexpected id: 2409
Warning: received a response with an unexpected id: 2412
Warning: received a response with an unexpected id: 2343
Warning: received a response with an unexpected id: 2419
Warning: received a response with an unexpected id: 2421
Warning: received a response with an unexpected id: 2128
Warning: received a response with an unexpected id: 2422
Warning: received a response with an unexpected id: 2296
Warning: received a response with an unexpected id: 2259
Warning: received short response
Warning: received a response with an unexpected id: 2199
Warning: received a response with an unexpected id: 2218
Warning: received a response with an unexpected id: 2225
Warning: received a response with an unexpected id: 2243
Warning: received a response with an unexpected id: 2244
Warning: received a response with an unexpected id: 2279
Warning: received a response with an unexpected id: 2285
Warning: received a response with an unexpected id: 2287
Warning: received a response with an unexpected id: 2295
Warning: received a response with an unexpected id: 2308
Warning: received a response with an unexpected id: 2310
Warning: received a response with an unexpected id: 2320
Warning: received a response with an unexpected id: 2327
Warning: received a response with an unexpected id: 2329
Warning: received a response with an unexpected id: 2338
Warning: received a response with an unexpected id: 2341
Warning: received a response with an unexpected id: 2342
Warning: received a response with an unexpected id: 2145
Warning: received a response with an unexpected id: 2153
Warning: received a response with an unexpected id: 2252
Warning: received a response with an unexpected id: 2345
Warning: received a response with an unexpected id: 2328
Warning: received a response with an unexpected id: 2189
Warning: received a response with an unexpected id: 2183
Warning: received a response with an unexpected id: 2430
Warning: received a response with an unexpected id: 2200
Warning: received a response with an unexpected id: 2169
Warning: received a response with an unexpected id: 2160
Warning: received a response with an unexpected id: 2204
Warning: received a response with an unexpected id: 2318
Warning: received a response with an unexpected id: 2450
Warning: received a response with an unexpected id: 2278
Warning: received a response with an unexpected id: 2267
Warning: received a response with an unexpected id: 2348
Warning: received a response with an unexpected id: 2366
Warning: received a response with an unexpected id: 2434
Warning: received a response with an unexpected id: 2340
Warning: received a response with an unexpected id: 2294
Warning: received a response with an unexpected id: 2306
Warning: received a response with an unexpected id: 2316
Warning: received a response with an unexpected id: 2194
Warning: received a response with an unexpected id: 29545
Warning: received a response with an unexpected id: 2495
Warning: received a response with an unexpected id: 2456
Warning: received a response with an unexpected id: 2474
Warning: received a response with an unexpected id: 2476
Warning: received a response with an unexpected id: 2449
Warning: received a response with an unexpected id: 2518
Warning: received a response with an unexpected id: 2436
Warning: received a response with an unexpected id: 2506
Warning: received a response with an unexpected id: 2442
Warning: received a response with an unexpected id: 2501
Warning: received a response with an unexpected id: 2524
Warning: received a response with an unexpected id: 2427
Warning: received a response with an unexpected id: 2516
Warning: received a response with an unexpected id: 2504
Warning: received a response with an unexpected id: 2467
Warning: received a response with an unexpected id: 2507
Warning: received a response with an unexpected id: 2483
Warning: received a response with an unexpected id: 2430
Warning: received a response with an unexpected id: 2434
Warning: received a response with an unexpected id: 2437
Warning: received a response with an unexpected id: 2440
Warning: received a response with an unexpected id: 2441
Warning: received a response with an unexpected id: 2443
Warning: received a response with an unexpected id: 2445
Warning: received a response with an unexpected id: 2458
Warning: received a response with an unexpected id: 2470
Warning: received a response with an unexpected id: 2471
Warning: received a response with an unexpected id: 2481
Warning: received a response with an unexpected id: 2482
Warning: received a response with an unexpected id: 2488
Warning: received a response with an unexpected id: 2491
Warning: received a response with an unexpected id: 2492
Warning: received a response with an unexpected id: 2498
Warning: received a response with an unexpected id: 2513
Warning: received a response with an unexpected id: 2515
Warning: received a response with an unexpected id: 2519
Warning: received a response with an unexpected id: 2528
Warning: received a response with an unexpected id: 2529
Warning: received a response with an unexpected id: 2540
Warning: received a response with an unexpected id: 2543
Warning: received a response with an unexpected id: 2545
Warning: received a response with an unexpected id: 2555
Warning: received a response with an unexpected id: 2468
Warning: received a response with an unexpected id: 2459
Warning: received a response with an unexpected id: 2426
Warning: received a response with an unexpected id: 2433
Warning: received a response with an unexpected id: 2446
Warning: received a response with an unexpected id: 2477
Warning: received a response with an unexpected id: 2496
Warning: received a response with an unexpected id: 2562
Warning: received a response with an unexpected id: 2490
Warning: received a response with an unexpected id: 2533
Warning: received a response with an unexpected id: 2559
Warning: received a response with an unexpected id: 2451
Warning: received a response with an unexpected id: 2460
Warning: received a response with an unexpected id: 2480
Warning: received a response with an unexpected id: 2536
Warning: received a response with an unexpected id: 2537
Warning: received a response with an unexpected id: 2559
Warning: received a response with an unexpected id: 2564
Warning: received a response with an unexpected id: 2565
Warning: received a response with an unexpected id: 2575
Warning: received a response with an unexpected id: 2574
Warning: received a response with an unexpected id: 2572
Warning: received a response with an unexpected id: 2577
Warning: received a response with an unexpected id: 2580
Warning: received a response with an unexpected id: 2583
Warning: received a response with an unexpected id: 2555
Warning: received a response with an unexpected id: 2560
Warning: received a response with an unexpected id: 2563
Warning: received a response with an unexpected id: 2556
Warning: received a response with an unexpected id: 2554
Warning: received a response with an unexpected id: 2557
Warning: received a response with an unexpected id: 2585
Warning: received a response with an unexpected id: 2557
Warning: received a response with an unexpected id: 2564
Warning: received a response with an unexpected id: 2573
Warning: received a response with an unexpected id: 2578
Warning: received a response with an unexpected id: 2568
Warning: received a response with an unexpected id: 2602
Warning: received a response with an unexpected id: 2573
Warning: received a response with an unexpected id: 2604
Warning: received a response with an unexpected id: 2634
Warning: received a response with an unexpected id: 2562
Warning: received a response with an unexpected id: 2567
Warning: received a response with an unexpected id: 2625
Warning: received a response with an unexpected id: 2631
Warning: received a response with an unexpected id: 2637
Warning: received a response with an unexpected id: 2629
Warning: received a response with an unexpected id: 2603
Warning: received a response with an unexpected id: 2605
Warning: nghttp2_session_send failed: The user callback function failed
Warning: received a response with an unexpected id: 2691
Warning: received a response with an unexpected id: 2713
Warning: received a response with an unexpected id: 2711
Warning: received a response with an unexpected id: 2725
Warning: received a response with an unexpected id: 2714
Warning: received a response with an unexpected id: 2720
Warning: received a response with an unexpected id: 2739
Warning: received a response with an unexpected id: 2732
Warning: received a response with an unexpected id: 2700
Warning: received a response with an unexpected id: 2745
Warning: received a response with an unexpected id: 2717
Warning: received a response with an unexpected id: 2745
Warning: received a response with an unexpected id: 2740
Warning: received a response with an unexpected id: 2773
Warning: received a response with an unexpected id: 2702
Warning: received a response with an unexpected id: 2772
Warning: received a response with an unexpected id: 2701
Warning: received a response with an unexpected id: 2753
Warning: received a response with an unexpected id: 2769
Warning: received a response with an unexpected id: 2750
Warning: received a response with an unexpected id: 2735
Warning: received a response with an unexpected id: 2736
Warning: received a response with an unexpected id: 64768
Warning: received a response with an unexpected id: 2807
Warning: received a response with an unexpected id: 2819
Warning: received a response with an unexpected id: 2784
Warning: received a response with an unexpected id: 2706
Warning: received a response with an unexpected id: 2757
Warning: received a response with an unexpected id: 2713
Warning: received a response with an unexpected id: 2769
Warning: received a response with an unexpected id: 2721
Warning: received a response with an unexpected id: 2822
Warning: received a response with an unexpected id: 2730
Warning: received a response with an unexpected id: 2764
Warning: received a response with an unexpected id: 2731
Warning: received a response with an unexpected id: 2766
Warning: received a response with an unexpected id: 2785
Warning: received a response with an unexpected id: 2788
Warning: received a response with an unexpected id: 2811
Warning: received a response with an unexpected id: 2809
Warning: received a response with an unexpected id: 2718
Warning: received a response with an unexpected id: 2734
Warning: received a response with an unexpected id: 2786
Warning: received a response with an unexpected id: 2846
Warning: received a response with an unexpected id: 2852
Warning: received a response with an unexpected id: 2816
Warning: received a response with an unexpected id: 2811
Warning: received a response with an unexpected id: 2815
Warning: received a response with an unexpected id: 2802
Warning: received a response with an unexpected id: 2796
Warning: received a response with an unexpected id: 2829
Warning: received a response with an unexpected id: 2838
Warning: received a response with an unexpected id: 2847
Warning: received a response with an unexpected id: 2856
Warning: received a response with an unexpected id: 2872
Warning: received a response with an unexpected id: 2796
Warning: received a response with an unexpected id: 0
Warning: received a response with an unexpected id: 886
Warning: received a response with an unexpected id: 49176
Error: failed to receive packet: Bad file descriptor
