DNS Resolution Performance Testing Tool
Version 2.14.0

[Status] Command line: resperf -P 20250620-0748.gnuplot -M doh -s 79.127.218.224 -O doh-uri=https://protective.joindns4.eu/dns-query -d domains_shuffled.list -C 100 -m 1400 -b 1400 -q 200000 -R -r 10 -c 180 -t 30 -F 0
[Status] Sending
[Status] Ramp-up done, sending constant traffic
Warning: received a response with an unexpected id: 811
Warning: received a response with an unexpected id: 781
Warning: received a response with an unexpected id: 760
Warning: received a response with an unexpected id: 813
Warning: received a response with an unexpected id: 804
Warning: received a response with an unexpected id: 814
Warning: received a response with an unexpected id: 817
Warning: received a response with an unexpected id: 792
Warning: received a response with an unexpected id: 791
Warning: received a response with an unexpected id: 818
Warning: received a response with an unexpected id: 821
Warning: received a response with an unexpected id: 825
Warning: received a response with an unexpected id: 789
Warning: received a response with an unexpected id: 817
Warning: received a response with an unexpected id: 819
Warning: received a response with an unexpected id: 826
Warning: received a response with an unexpected id: 817
Warning: received a response with an unexpected id: 770
Warning: received a response with an unexpected id: 794
Warning: received a response with an unexpected id: 767
Warning: received a response with an unexpected id: 811
Warning: received a response with an unexpected id: 816
Warning: received a response with an unexpected id: 815
Warning: received a response with an unexpected id: 827
Warning: received a response with an unexpected id: 816
Warning: received a response with an unexpected id: 817
Warning: received a response with an unexpected id: 826
Warning: received a response with an unexpected id: 812
Warning: received a response with an unexpected id: 812
Warning: received a response with an unexpected id: 824
Warning: received a response with an unexpected id: 810
Warning: received a response with an unexpected id: 830
Warning: received a response with an unexpected id: 846
Warning: received a response with an unexpected id: 829
Warning: received a response with an unexpected id: 832
Warning: received a response with an unexpected id: 828
Warning: received a response with an unexpected id: 845
Warning: received a response with an unexpected id: 849
Warning: received a response with an unexpected id: 842
Warning: received a response with an unexpected id: 872
Warning: received a response with an unexpected id: 855
Warning: received a response with an unexpected id: 830
Warning: received a response with an unexpected id: 878
Warning: received a response with an unexpected id: 861
Warning: received a response with an unexpected id: 878
Warning: received a response with an unexpected id: 874
Warning: received a response with an unexpected id: 815
Warning: received a response with an unexpected id: 870
Warning: received a response with an unexpected id: 819
Warning: received a response with an unexpected id: 864
Warning: received a response with an unexpected id: 873
Warning: received a response with an unexpected id: 870
Warning: received a response with an unexpected id: 861
Warning: received a response with an unexpected id: 841
Warning: received a response with an unexpected id: 811
Warning: received a response with an unexpected id: 816
Warning: received a response with an unexpected id: 838
Warning: received a response with an unexpected id: 829
Warning: received a response with an unexpected id: 853
Warning: received a response with an unexpected id: 843
Warning: received a response with an unexpected id: 844
Warning: received a response with an unexpected id: 838
Warning: received a response with an unexpected id: 858
Warning: received a response with an unexpected id: 835
Warning: received a response with an unexpected id: 869
Warning: received a response with an unexpected id: 871
Warning: received a response with an unexpected id: 846
Warning: received a response with an unexpected id: 817
Warning: received a response with an unexpected id: 872
Warning: received a response with an unexpected id: 822
Warning: received a response with an unexpected id: 828
Warning: received a response with an unexpected id: 827
Warning: received a response with an unexpected id: 850
Warning: received a response with an unexpected id: 867
Warning: received a response with an unexpected id: 840
Warning: received a response with an unexpected id: 831
Warning: received a response with an unexpected id: 865
Warning: received a response with an unexpected id: 866
Warning: received a response with an unexpected id: 850
Warning: received a response with an unexpected id: 876
Warning: received a response with an unexpected id: 867
Warning: received a response with an unexpected id: 881
Warning: received a response with an unexpected id: 894
Warning: received a response with an unexpected id: 887
Warning: received a response with an unexpected id: 888
Warning: received a response with an unexpected id: 860
Warning: received a response with an unexpected id: 883
Warning: received a response with an unexpected id: 873
Warning: received a response with an unexpected id: 891
Warning: received a response with an unexpected id: 863
Warning: received a response with an unexpected id: 861
Warning: received a response with an unexpected id: 881
Warning: received a response with an unexpected id: 893
Warning: received a response with an unexpected id: 887
Warning: received a response with an unexpected id: 891
Warning: received a response with an unexpected id: 878
Warning: received a response with an unexpected id: 868
Warning: received a response with an unexpected id: 877
Warning: received a response with an unexpected id: 895
Warning: received a response with an unexpected id: 886
Warning: received a response with an unexpected id: 889
Warning: received a response with an unexpected id: 850
Warning: received a response with an unexpected id: 888
Warning: received a response with an unexpected id: 896
Warning: received a response with an unexpected id: 896
Warning: received a response with an unexpected id: 862
Warning: received a response with an unexpected id: 869
Warning: received a response with an unexpected id: 883
Warning: received a response with an unexpected id: 852
Warning: received a response with an unexpected id: 897
Warning: received a response with an unexpected id: 892
Warning: received a response with an unexpected id: 865
Warning: received a response with an unexpected id: 823
Warning: received a response with an unexpected id: 876
Warning: received a response with an unexpected id: 876
Warning: received a response with an unexpected id: 888
Warning: received a response with an unexpected id: 899
Warning: received a response with an unexpected id: 893
Warning: received a response with an unexpected id: 901
Warning: received a response with an unexpected id: 899
Warning: received a response with an unexpected id: 893
Warning: received a response with an unexpected id: 866
Warning: received a response with an unexpected id: 889
Warning: received a response with an unexpected id: 870
Warning: received a response with an unexpected id: 893
Warning: received a response with an unexpected id: 894
Warning: received a response with an unexpected id: 901
Warning: received a response with an unexpected id: 897
Warning: received a response with an unexpected id: 901
Warning: received a response with an unexpected id: 880
Warning: received a response with an unexpected id: 904
Warning: received a response with an unexpected id: 901
Warning: received a response with an unexpected id: 892
Warning: received a response with an unexpected id: 866
Warning: received a response with an unexpected id: 893
Warning: received a response with an unexpected id: 904
Warning: received a response with an unexpected id: 895
Warning: received a response with an unexpected id: 906
Warning: received a response with an unexpected id: 877
Warning: received a response with an unexpected id: 895
Warning: received a response with an unexpected id: 888
Warning: received a response with an unexpected id: 875
Warning: received a response with an unexpected id: 902
Warning: received a response with an unexpected id: 901
Warning: received a response with an unexpected id: 900
Warning: received a response with an unexpected id: 902
Warning: received a response with an unexpected id: 890
Warning: received a response with an unexpected id: 876
Warning: received a response with an unexpected id: 904
Warning: received a response with an unexpected id: 891
Warning: received a response with an unexpected id: 897
Warning: received a response with an unexpected id: 895
Warning: received a response with an unexpected id: 907
Warning: received a response with an unexpected id: 906
Warning: received a response with an unexpected id: 901
Warning: received a response with an unexpected id: 837
Warning: received a response with an unexpected id: 900
Warning: received a response with an unexpected id: 891
Warning: received a response with an unexpected id: 898
Warning: received a response with an unexpected id: 906
Warning: received a response with an unexpected id: 882
Warning: received a response with an unexpected id: 874
Warning: received a response with an unexpected id: 904
Warning: received a response with an unexpected id: 911
Warning: received a response with an unexpected id: 911
Warning: received a response with an unexpected id: 894
Warning: received a response with an unexpected id: 911
Warning: received a response with an unexpected id: 858
Warning: received a response with an unexpected id: 889
Warning: received a response with an unexpected id: 911
Warning: received a response with an unexpected id: 910
Warning: received a response with an unexpected id: 899
Warning: received a response with an unexpected id: 913
Warning: received a response with an unexpected id: 891
Warning: received a response with an unexpected id: 908
Warning: received a response with an unexpected id: 909
Warning: received a response with an unexpected id: 890
Warning: received a response with an unexpected id: 903
Warning: received a response with an unexpected id: 914
Warning: received a response with an unexpected id: 898
Warning: received a response with an unexpected id: 912
Warning: received a response with an unexpected id: 912
Warning: received a response with an unexpected id: 892
Warning: received a response with an unexpected id: 900
Warning: received a response with an unexpected id: 889
Warning: received a response with an unexpected id: 913
Warning: received a response with an unexpected id: 904
Warning: received a response with an unexpected id: 903
Warning: received a response with an unexpected id: 872
Warning: received a response with an unexpected id: 905
Warning: received a response with an unexpected id: 908
Warning: received a response with an unexpected id: 901
Warning: received a response with an unexpected id: 917
Warning: received a response with an unexpected id: 909
Warning: received a response with an unexpected id: 914
Warning: received a response with an unexpected id: 905
Warning: received a response with an unexpected id: 915
Warning: received a response with an unexpected id: 910
Warning: received a response with an unexpected id: 903
Warning: received a response with an unexpected id: 865
Error: failed to receive packet: Bad file descriptor
