DNS Resolution Performance Testing Tool
Version 2.14.0

[Status] Command line: resperf -P 20250620-0716.gnuplot -M doh -s 79.127.218.224 -O doh-uri=https://protective.joindns4.eu/dns-query -d domains_shuffled.list -C 100 -m 1400 -b 1400 -q 500000 -R -r 10 -c 300 -t 30 -F 0
[Status] Sending
[Status] Ramp-up done, sending constant traffic
Warning: received a response with an unexpected id: 798
Warning: received a response with an unexpected id: 809
Warning: received a response with an unexpected id: 820
Warning: received a response with an unexpected id: 811
Warning: received a response with an unexpected id: 821
Warning: received a response with an unexpected id: 823
Warning: received a response with an unexpected id: 829
Warning: received a response with an unexpected id: 810
Warning: received a response with an unexpected id: 839
Warning: received a response with an unexpected id: 832
Warning: received a response with an unexpected id: 838
Warning: received a response with an unexpected id: 816
Warning: received a response with an unexpected id: 822
Warning: received a response with an unexpected id: 840
Warning: received a response with an unexpected id: 828
Warning: received a response with an unexpected id: 837
Warning: received a response with an unexpected id: 843
Warning: received a response with an unexpected id: 845
Warning: received a response with an unexpected id: 803
Warning: received a response with an unexpected id: 811
Warning: received a response with an unexpected id: 816
Warning: received a response with an unexpected id: 820
Warning: received a response with an unexpected id: 847
Warning: received a response with an unexpected id: 845
Warning: received a response with an unexpected id: 841
Warning: received a response with an unexpected id: 858
Warning: received a response with an unexpected id: 843
Warning: received a response with an unexpected id: 856
Warning: received a response with an unexpected id: 820
Warning: received a response with an unexpected id: 829
Warning: received a response with an unexpected id: 830
Warning: received a response with an unexpected id: 833
Warning: received a response with an unexpected id: 830
Warning: received a response with an unexpected id: 821
Warning: received a response with an unexpected id: 825
Warning: received a response with an unexpected id: 857
Warning: received a response with an unexpected id: 850
Warning: received a response with an unexpected id: 837
Warning: received a response with an unexpected id: 854
Warning: received a response with an unexpected id: 862
Warning: received a response with an unexpected id: 831
Warning: received a response with an unexpected id: 839
Warning: received a response with an unexpected id: 854
Warning: received a response with an unexpected id: 839
Warning: received a response with an unexpected id: 861
Warning: received a response with an unexpected id: 813
Warning: received a response with an unexpected id: 864
Warning: received a response with an unexpected id: 847
Warning: received a response with an unexpected id: 846
Warning: received a response with an unexpected id: 835
Warning: received a response with an unexpected id: 848
Warning: received a response with an unexpected id: 824
Warning: received a response with an unexpected id: 846
Warning: received a response with an unexpected id: 831
Warning: received a response with an unexpected id: 860
Warning: received a response with an unexpected id: 836
Warning: received a response with an unexpected id: 860
Warning: received a response with an unexpected id: 844
Warning: received a response with an unexpected id: 826
Warning: received a response with an unexpected id: 862
Warning: received a response with an unexpected id: 852
Warning: received a response with an unexpected id: 864
Warning: received a response with an unexpected id: 831
Warning: received a response with an unexpected id: 844
Warning: received a response with an unexpected id: 868
Warning: received a response with an unexpected id: 855
Warning: received a response with an unexpected id: 828
Warning: received a response with an unexpected id: 839
Warning: received a response with an unexpected id: 871
Warning: received a response with an unexpected id: 835
Warning: received a response with an unexpected id: 857
Warning: received a response with an unexpected id: 856
Warning: received a response with an unexpected id: 824
Warning: received a response with an unexpected id: 868
Warning: received a response with an unexpected id: 846
Warning: received a response with an unexpected id: 866
Warning: received a response with an unexpected id: 855
Warning: received a response with an unexpected id: 857
Warning: received a response with an unexpected id: 858
Warning: received a response with an unexpected id: 861
Warning: received a response with an unexpected id: 862
Warning: received a response with an unexpected id: 864
Warning: received a response with an unexpected id: 867
Warning: received a response with an unexpected id: 870
Warning: received a response with an unexpected id: 871
Warning: received a response with an unexpected id: 872
Warning: received a response with an unexpected id: 873
Warning: received a response with an unexpected id: 875
Warning: received a response with an unexpected id: 877
Warning: received a response with an unexpected id: 875
Warning: received a response with an unexpected id: 859
Warning: received a response with an unexpected id: 856
Warning: received a response with an unexpected id: 832
Warning: received a response with an unexpected id: 815
Warning: received a response with an unexpected id: 816
Warning: received a response with an unexpected id: 818
Warning: received a response with an unexpected id: 819
Warning: received a response with an unexpected id: 823
Warning: received a response with an unexpected id: 826
Warning: received a response with an unexpected id: 827
Warning: received a response with an unexpected id: 828
Warning: received a response with an unexpected id: 829
Warning: received a response with an unexpected id: 830
Warning: received a response with an unexpected id: 831
Warning: received a response with an unexpected id: 834
Warning: received a response with an unexpected id: 836
Warning: received a response with an unexpected id: 837
Warning: received a response with an unexpected id: 840
Warning: received a response with an unexpected id: 841
Warning: received a response with an unexpected id: 842
Warning: received a response with an unexpected id: 843
Warning: received a response with an unexpected id: 844
Warning: received a response with an unexpected id: 845
Warning: received a response with an unexpected id: 847
Warning: received a response with an unexpected id: 849
Warning: received a response with an unexpected id: 850
Warning: received a response with an unexpected id: 852
Warning: received a response with an unexpected id: 853
Warning: received a response with an unexpected id: 858
Warning: received a response with an unexpected id: 854
Warning: received a response with an unexpected id: 855
Warning: received a response with an unexpected id: 858
Warning: received a response with an unexpected id: 865
Warning: received a response with an unexpected id: 866
Warning: received a response with an unexpected id: 867
Warning: received a response with an unexpected id: 869
Warning: received a response with an unexpected id: 876
Warning: received a response with an unexpected id: 877
Warning: received a response with an unexpected id: 878
Warning: received a response with an unexpected id: 880
Warning: received a response with an unexpected id: 826
Warning: received a response with an unexpected id: 821
Warning: received a response with an unexpected id: 835
Warning: received a response with an unexpected id: 856
Warning: received a response with an unexpected id: 883
Warning: received a response with an unexpected id: 865
Warning: received a response with an unexpected id: 869
Warning: received a response with an unexpected id: 853
Warning: received a response with an unexpected id: 875
Warning: received a response with an unexpected id: 866
Warning: received a response with an unexpected id: 851
Warning: received a response with an unexpected id: 882
Warning: received a response with an unexpected id: 885
Warning: received a response with an unexpected id: 845
Warning: received a response with an unexpected id: 855
Warning: received a response with an unexpected id: 863
Warning: received a response with an unexpected id: 869
Warning: received a response with an unexpected id: 830
Warning: received a response with an unexpected id: 875
Warning: received a response with an unexpected id: 866
Warning: received a response with an unexpected id: 862
Warning: received a response with an unexpected id: 855
Warning: received a response with an unexpected id: 862
Warning: received a response with an unexpected id: 869
Warning: received a response with an unexpected id: 874
Warning: received a response with an unexpected id: 880
Warning: received a response with an unexpected id: 860
Warning: received a response with an unexpected id: 880
Warning: received a response with an unexpected id: 879
Warning: received a response with an unexpected id: 884
Warning: received a response with an unexpected id: 893
Warning: received a response with an unexpected id: 889
Warning: received a response with an unexpected id: 869
Warning: received a response with an unexpected id: 884
Warning: received a response with an unexpected id: 891
Warning: received a response with an unexpected id: 884
Warning: received a response with an unexpected id: 858
Warning: received a response with an unexpected id: 886
Warning: received a response with an unexpected id: 901
Warning: received a response with an unexpected id: 854
Warning: received a response with an unexpected id: 873
Warning: received a response with an unexpected id: 908
Warning: received a response with an unexpected id: 907
Warning: received a response with an unexpected id: 859
Warning: received a response with an unexpected id: 902
Warning: received a response with an unexpected id: 861
Warning: received a response with an unexpected id: 868
Warning: received a response with an unexpected id: 888
Warning: received a response with an unexpected id: 865
Warning: received a response with an unexpected id: 908
Warning: received a response with an unexpected id: 916
Warning: received a response with an unexpected id: 902
Warning: received a response with an unexpected id: 914
Warning: received a response with an unexpected id: 920
Warning: received a response with an unexpected id: 919
Warning: received a response with an unexpected id: 915
Warning: received a response with an unexpected id: 940
Warning: received a response with an unexpected id: 889
Warning: received a response with an unexpected id: 907
Warning: received a response with an unexpected id: 917
Warning: received a response with an unexpected id: 931
Warning: received a response with an unexpected id: 921
Warning: received a response with an unexpected id: 937
Warning: received a response with an unexpected id: 907
Warning: received a response with an unexpected id: 903
Warning: received a response with an unexpected id: 920
Warning: received a response with an unexpected id: 942
Warning: received a response with an unexpected id: 913
Warning: received a response with an unexpected id: 973
Warning: received a response with an unexpected id: 955
Warning: received a response with an unexpected id: 986
Warning: received a response with an unexpected id: 966
Warning: received a response with an unexpected id: 963
Warning: received a response with an unexpected id: 948
Warning: received a response with an unexpected id: 985
Warning: received a response with an unexpected id: 902
Warning: received a response with an unexpected id: 960
Warning: received a response with an unexpected id: 988
Warning: received a response with an unexpected id: 964
Warning: received a response with an unexpected id: 947
Warning: received a response with an unexpected id: 969
Warning: received a response with an unexpected id: 939
Warning: received a response with an unexpected id: 938
Warning: received a response with an unexpected id: 987
Warning: received a response with an unexpected id: 999
Warning: received a response with an unexpected id: 986
Warning: received a response with an unexpected id: 943
Warning: received a response with an unexpected id: 988
Warning: received a response with an unexpected id: 993
Warning: received a response with an unexpected id: 909
Warning: received a response with an unexpected id: 946
Warning: received a response with an unexpected id: 933
Warning: received a response with an unexpected id: 958
Warning: received a response with an unexpected id: 891
Warning: received a response with an unexpected id: 918
Warning: received a response with an unexpected id: 1000
Warning: received a response with an unexpected id: 964
Warning: received a response with an unexpected id: 922
Warning: received a response with an unexpected id: 962
Warning: received a response with an unexpected id: 919
Warning: received a response with an unexpected id: 924
Warning: received a response with an unexpected id: 901
Warning: received a response with an unexpected id: 937
Warning: received a response with an unexpected id: 900
Warning: received a response with an unexpected id: 963
Warning: received a response with an unexpected id: 894
Warning: received a response with an unexpected id: 968
Warning: received a response with an unexpected id: 916
Warning: received a response with an unexpected id: 1005
Warning: received a response with an unexpected id: 890
Warning: received a response with an unexpected id: 912
Warning: received a response with an unexpected id: 1008
Warning: received a response with an unexpected id: 990
Warning: received a response with an unexpected id: 923
Warning: received a response with an unexpected id: 1006
Warning: received a response with an unexpected id: 983
Warning: received a response with an unexpected id: 961
Warning: received a response with an unexpected id: 952
Warning: received a response with an unexpected id: 970
Warning: received a response with an unexpected id: 922
Warning: received a response with an unexpected id: 997
Warning: received a response with an unexpected id: 887
Warning: received a response with an unexpected id: 977
Warning: received a response with an unexpected id: 960
Warning: received a response with an unexpected id: 928
Warning: received a response with an unexpected id: 983
Warning: received a response with an unexpected id: 923
Warning: received a response with an unexpected id: 914
Warning: received a response with an unexpected id: 967
Warning: received a response with an unexpected id: 951
Warning: received a response with an unexpected id: 888
Warning: received a response with an unexpected id: 926
Warning: received a response with an unexpected id: 947
Warning: received a response with an unexpected id: 967
Warning: received a response with an unexpected id: 938
Warning: received a response with an unexpected id: 925
Warning: received a response with an unexpected id: 913
Warning: received a response with an unexpected id: 980
Warning: received a response with an unexpected id: 969
Warning: received a response with an unexpected id: 956
Warning: received a response with an unexpected id: 916
Warning: received a response with an unexpected id: 935
Warning: received a response with an unexpected id: 938
Warning: received a response with an unexpected id: 958
Warning: received a response with an unexpected id: 1009
Warning: received a response with an unexpected id: 1009
Warning: received a response with an unexpected id: 989
Warning: received a response with an unexpected id: 1002
Warning: received a response with an unexpected id: 929
Warning: received a response with an unexpected id: 972
Warning: received a response with an unexpected id: 928
Warning: received a response with an unexpected id: 987
Warning: received a response with an unexpected id: 969
Warning: received a response with an unexpected id: 915
Warning: received a response with an unexpected id: 908
Warning: received a response with an unexpected id: 973
Warning: received a response with an unexpected id: 1004
Warning: received a response with an unexpected id: 956
Warning: received a response with an unexpected id: 934
Warning: received a response with an unexpected id: 998
Warning: received a response with an unexpected id: 991
Warning: received a response with an unexpected id: 932
Warning: received a response with an unexpected id: 950
Warning: received a response with an unexpected id: 995
Warning: received a response with an unexpected id: 862
Warning: received a response with an unexpected id: 903
Warning: received a response with an unexpected id: 880
Warning: received a response with an unexpected id: 902
Warning: received a response with an unexpected id: 1001
Warning: received a response with an unexpected id: 898
Warning: received a response with an unexpected id: 944
Warning: received a response with an unexpected id: 949
Warning: received a response with an unexpected id: 936
Warning: received a response with an unexpected id: 959
Warning: received a response with an unexpected id: 994
Warning: received a response with an unexpected id: 1001
Warning: received a response with an unexpected id: 939
Warning: received a response with an unexpected id: 897
Warning: received a response with an unexpected id: 989
Warning: received a response with an unexpected id: 935
Warning: received a response with an unexpected id: 871
Warning: received a response with an unexpected id: 890
Warning: received a response with an unexpected id: 905
Warning: received a response with an unexpected id: 983
Warning: received a response with an unexpected id: 926
Warning: received a response with an unexpected id: 998
Warning: received a response with an unexpected id: 970
Warning: received a response with an unexpected id: 972
Warning: received a response with an unexpected id: 925
Warning: received a response with an unexpected id: 934
Warning: received a response with an unexpected id: 930
Warning: received a response with an unexpected id: 1002
Warning: received a response with an unexpected id: 954
Warning: received a response with an unexpected id: 870
Warning: received a response with an unexpected id: 987
Warning: received a response with an unexpected id: 1007
Warning: received a response with an unexpected id: 904
Warning: received a response with an unexpected id: 943
Warning: received a response with an unexpected id: 978
Warning: received a response with an unexpected id: 928
Warning: received a response with an unexpected id: 962
Warning: received a response with an unexpected id: 987
Warning: received a response with an unexpected id: 913
Warning: received a response with an unexpected id: 971
Warning: received a response with an unexpected id: 918
Warning: received a response with an unexpected id: 872
Warning: received a response with an unexpected id: 986
Warning: received a response with an unexpected id: 991
Warning: received a response with an unexpected id: 905
Warning: received a response with an unexpected id: 959
Warning: received a response with an unexpected id: 962
Warning: received a response with an unexpected id: 964
Warning: received a response with an unexpected id: 874
Warning: received a response with an unexpected id: 1001
Warning: received a response with an unexpected id: 961
Warning: received a response with an unexpected id: 992
Warning: received a response with an unexpected id: 985
Warning: received a response with an unexpected id: 961
Warning: received a response with an unexpected id: 885
Warning: received a response with an unexpected id: 941
Warning: received a response with an unexpected id: 994
Warning: received a response with an unexpected id: 942
Warning: received a response with an unexpected id: 956
Warning: received a response with an unexpected id: 857
Warning: received a response with an unexpected id: 856
Warning: received a response with an unexpected id: 876
Warning: received a response with an unexpected id: 919
Warning: received a response with an unexpected id: 897
Warning: received a response with an unexpected id: 1010
Warning: received a response with an unexpected id: 931
Warning: received a response with an unexpected id: 936
Warning: received a response with an unexpected id: 945
Warning: received a response with an unexpected id: 995
Warning: received a response with an unexpected id: 1010
Warning: received a response with an unexpected id: 951
Warning: received a response with an unexpected id: 950
Warning: received a response with an unexpected id: 957
Warning: received a response with an unexpected id: 970
Warning: received a response with an unexpected id: 976
Warning: received a response with an unexpected id: 998
Warning: received a response with an unexpected id: 938
Warning: received a response with an unexpected id: 943
Warning: received a response with an unexpected id: 946
Warning: received a response with an unexpected id: 971
Warning: received a response with an unexpected id: 976
Warning: received a response with an unexpected id: 1011
Warning: received a response with an unexpected id: 983
Warning: received a response with an unexpected id: 953
Warning: received a response with an unexpected id: 853
Warning: received a response with an unexpected id: 949
Warning: received a response with an unexpected id: 971
Warning: received a response with an unexpected id: 952
Warning: received a response with an unexpected id: 969
Warning: received a response with an unexpected id: 867
Warning: received a response with an unexpected id: 853
Warning: received a response with an unexpected id: 864
Warning: received a response with an unexpected id: 883
Warning: received a response with an unexpected id: 891
Warning: received a response with an unexpected id: 899
Warning: received a response with an unexpected id: 900
Warning: received a response with an unexpected id: 910
Warning: received a response with an unexpected id: 914
Warning: received a response with an unexpected id: 919
Warning: received a response with an unexpected id: 924
Warning: received a response with an unexpected id: 932
Warning: received a response with an unexpected id: 935
Warning: received a response with an unexpected id: 942
Warning: received a response with an unexpected id: 947
Warning: received a response with an unexpected id: 952
Warning: received a response with an unexpected id: 964
Warning: received a response with an unexpected id: 970
Warning: received a response with an unexpected id: 973
Warning: received a response with an unexpected id: 976
Warning: received a response with an unexpected id: 982
Warning: received a response with an unexpected id: 987
Warning: received a response with an unexpected id: 989
Warning: received a response with an unexpected id: 997
Warning: received a response with an unexpected id: 998
Warning: received a response with an unexpected id: 992
Warning: received a response with an unexpected id: 924
Warning: received a response with an unexpected id: 925
Warning: received a response with an unexpected id: 933
Warning: received a response with an unexpected id: 944
Warning: received a response with an unexpected id: 962
Warning: received a response with an unexpected id: 969
Warning: received a response with an unexpected id: 972
Warning: received a response with an unexpected id: 988
Warning: received a response with an unexpected id: 997
Warning: received a response with an unexpected id: 999
Warning: received a response with an unexpected id: 998
Warning: received a response with an unexpected id: 1000
Warning: received a response with an unexpected id: 1004
Warning: received a response with an unexpected id: 1005
Warning: received a response with an unexpected id: 1009
Warning: received a response with an unexpected id: 867
Warning: received a response with an unexpected id: 914
Warning: received a response with an unexpected id: 926
Warning: received a response with an unexpected id: 950
Warning: received a response with an unexpected id: 979
Warning: received a response with an unexpected id: 961
Warning: received a response with an unexpected id: 943
Warning: received a response with an unexpected id: 941
Warning: received a response with an unexpected id: 961
Warning: received a response with an unexpected id: 1011
Warning: received a response with an unexpected id: 965
Warning: received a response with an unexpected id: 991
Warning: received a response with an unexpected id: 946
Warning: received a response with an unexpected id: 952
Warning: received a response with an unexpected id: 969
Warning: received a response with an unexpected id: 1009
Warning: received a response with an unexpected id: 1012
Warning: received a response with an unexpected id: 951
Warning: received a response with an unexpected id: 881
Warning: received a response with an unexpected id: 882
Warning: received a response with an unexpected id: 904
Warning: received a response with an unexpected id: 930
Warning: received a response with an unexpected id: 987
Warning: received a response with an unexpected id: 962
Warning: received a response with an unexpected id: 975
Warning: received a response with an unexpected id: 994
Warning: received a response with an unexpected id: 903
Warning: received a response with an unexpected id: 1007
Warning: received a response with an unexpected id: 989
Warning: received a response with an unexpected id: 924
Warning: received a response with an unexpected id: 1005
Warning: received a response with an unexpected id: 950
Warning: received a response with an unexpected id: 913
Warning: received a response with an unexpected id: 934
Warning: received a response with an unexpected id: 994
Warning: received a response with an unexpected id: 943
Warning: received a response with an unexpected id: 952
Warning: received a response with an unexpected id: 971
Warning: received a response with an unexpected id: 979
Warning: received a response with an unexpected id: 1005
Warning: received a response with an unexpected id: 931
Warning: received a response with an unexpected id: 936
Warning: received a response with an unexpected id: 939
Warning: received a response with an unexpected id: 961
Warning: received a response with an unexpected id: 910
Warning: received a response with an unexpected id: 1001
Warning: received a response with an unexpected id: 894
Warning: received a response with an unexpected id: 994
Warning: received a response with an unexpected id: 955
Warning: received a response with an unexpected id: 952
Warning: received a response with an unexpected id: 1008
Warning: received a response with an unexpected id: 964
Warning: received a response with an unexpected id: 979
Warning: received a response with an unexpected id: 1003
Warning: received a response with an unexpected id: 972
Warning: received a response with an unexpected id: 1007
Warning: received a response with an unexpected id: 974
Warning: received a response with an unexpected id: 1002
Warning: received a response with an unexpected id: 930
Warning: received a response with an unexpected id: 864
Warning: received a response with an unexpected id: 964
Warning: received a response with an unexpected id: 983
Warning: received a response with an unexpected id: 980
Warning: received a response with an unexpected id: 999
Warning: received a response with an unexpected id: 996
Warning: received a response with an unexpected id: 1016
Warning: received a response with an unexpected id: 1002
Warning: received a response with an unexpected id: 926
Warning: received a response with an unexpected id: 950
Warning: received a response with an unexpected id: 973
Warning: received a response with an unexpected id: 925
Warning: received a response with an unexpected id: 967
Warning: received a response with an unexpected id: 1002
Warning: received a response with an unexpected id: 933
Warning: received a response with an unexpected id: 935
Warning: received a response with an unexpected id: 945
Warning: received a response with an unexpected id: 977
Warning: received a response with an unexpected id: 995
Warning: received a response with an unexpected id: 1003
Warning: received a response with an unexpected id: 1007
Warning: received a response with an unexpected id: 958
Warning: received a response with an unexpected id: 916
Warning: received a response with an unexpected id: 877
Warning: received a response with an unexpected id: 994
Warning: received a response with an unexpected id: 897
Warning: received a response with an unexpected id: 899
Warning: received a response with an unexpected id: 918
Warning: received a response with an unexpected id: 969
Warning: received a response with an unexpected id: 934
Warning: received a response with an unexpected id: 957
Warning: received a response with an unexpected id: 987
Warning: received a response with an unexpected id: 991
Warning: received a response with an unexpected id: 982
Warning: received a response with an unexpected id: 949
Warning: received a response with an unexpected id: 963
Warning: received a response with an unexpected id: 1010
Warning: received a response with an unexpected id: 903
Warning: received a response with an unexpected id: 934
Warning: received a response with an unexpected id: 985
Warning: received a response with an unexpected id: 932
Warning: received a response with an unexpected id: 997
Warning: received a response with an unexpected id: 972
Warning: received a response with an unexpected id: 1005
Warning: received a response with an unexpected id: 886
Warning: received a response with an unexpected id: 888
Warning: received a response with an unexpected id: 891
Warning: received a response with an unexpected id: 895
Warning: received a response with an unexpected id: 936
Warning: received a response with an unexpected id: 854
Warning: received a response with an unexpected id: 937
Warning: received a response with an unexpected id: 952
Warning: received a response with an unexpected id: 980
Warning: received a response with an unexpected id: 1003
Warning: received a response with an unexpected id: 1002
Warning: received a response with an unexpected id: 1019
Warning: received a response with an unexpected id: 933
Warning: received a response with an unexpected id: 947
Warning: received a response with an unexpected id: 948
Warning: received a response with an unexpected id: 953
Warning: received a response with an unexpected id: 956
Warning: received a response with an unexpected id: 958
Warning: received a response with an unexpected id: 960
Warning: received a response with an unexpected id: 978
Warning: received a response with an unexpected id: 984
Warning: received a response with an unexpected id: 990
Warning: received a response with an unexpected id: 960
Warning: received a response with an unexpected id: 993
Warning: received a response with an unexpected id: 987
Warning: received a response with an unexpected id: 1000
Warning: received a response with an unexpected id: 1012
Warning: received a response with an unexpected id: 1017
Warning: received a response with an unexpected id: 922
Warning: received a response with an unexpected id: 930
Warning: received a response with an unexpected id: 932
Warning: received a response with an unexpected id: 972
Warning: received a response with an unexpected id: 930
Warning: received a response with an unexpected id: 985
Warning: received a response with an unexpected id: 947
Warning: received a response with an unexpected id: 986
Warning: received a response with an unexpected id: 957
Warning: received a response with an unexpected id: 987
Warning: received a response with an unexpected id: 981
Warning: received a response with an unexpected id: 996
Warning: received a response with an unexpected id: 986
Warning: received a response with an unexpected id: 1012
Warning: received a response with an unexpected id: 1016
Warning: received a response with an unexpected id: 901
Warning: received a response with an unexpected id: 905
Warning: received a response with an unexpected id: 910
Warning: received a response with an unexpected id: 939
Warning: received a response with an unexpected id: 898
Warning: received a response with an unexpected id: 900
Warning: received a response with an unexpected id: 939
Warning: received a response with an unexpected id: 906
Warning: received a response with an unexpected id: 945
Warning: received a response with an unexpected id: 977
Warning: received a response with an unexpected id: 989
Warning: received a response with an unexpected id: 1001
Warning: received a response with an unexpected id: 1009
Warning: received a response with an unexpected id: 928
Warning: received a response with an unexpected id: 1015
Warning: received a response with an unexpected id: 854
Warning: received a response with an unexpected id: 868
Warning: received a response with an unexpected id: 889
Warning: received a response with an unexpected id: 921
Warning: received a response with an unexpected id: 954
Warning: received a response with an unexpected id: 981
Warning: received a response with an unexpected id: 1009
Warning: received a response with an unexpected id: 959
Warning: received a response with an unexpected id: 1017
Warning: received a response with an unexpected id: 1018
Warning: received a response with an unexpected id: 905
Warning: received a response with an unexpected id: 949
Warning: received a response with an unexpected id: 966
Warning: received a response with an unexpected id: 947
Warning: received a response with an unexpected id: 1000
Warning: received a response with an unexpected id: 1015
Warning: received a response with an unexpected id: 1019
Warning: received a response with an unexpected id: 1020
Warning: received a response with an unexpected id: 941
Warning: received a response with an unexpected id: 993
Warning: received a response with an unexpected id: 1008
Warning: received a response with an unexpected id: 1018
Warning: received a response with an unexpected id: 1012
Warning: received a response with an unexpected id: 1014
Warning: received a response with an unexpected id: 936
Warning: received a response with an unexpected id: 993
Warning: received a response with an unexpected id: 1008
Warning: received a response with an unexpected id: 929
Warning: received a response with an unexpected id: 975
Warning: received a response with an unexpected id: 929
Warning: received a response with an unexpected id: 896
Warning: received a response with an unexpected id: 940
Warning: received a response with an unexpected id: 994
Warning: received a response with an unexpected id: 984
Warning: received a response with an unexpected id: 1002
Warning: received a response with an unexpected id: 944
Warning: received a response with an unexpected id: 974
Warning: received a response with an unexpected id: 1004
Warning: received a response with an unexpected id: 959
Warning: received a response with an unexpected id: 995
Warning: received a response with an unexpected id: 931
Warning: received a response with an unexpected id: 963
Warning: received a response with an unexpected id: 948
Warning: received a response with an unexpected id: 998
Warning: received a response with an unexpected id: 1007
Warning: received a response with an unexpected id: 931
Warning: received a response with an unexpected id: 945
Warning: received a response with an unexpected id: 968
Warning: received a response with an unexpected id: 979
Warning: received a response with an unexpected id: 982
Warning: received a response with an unexpected id: 1016
Warning: received a response with an unexpected id: 965
Warning: received a response with an unexpected id: 908
Warning: received a response with an unexpected id: 971
Warning: received a response with an unexpected id: 1019
Warning: received a response with an unexpected id: 1023
Warning: received a response with an unexpected id: 969
Warning: received a response with an unexpected id: 882
Warning: received a response with an unexpected id: 907
Warning: received a response with an unexpected id: 953
Warning: received a response with an unexpected id: 974
Warning: received a response with an unexpected id: 973
Warning: received a response with an unexpected id: 890
Warning: received a response with an unexpected id: 1013
Warning: received a response with an unexpected id: 997
Warning: received a response with an unexpected id: 969
Warning: received a response with an unexpected id: 937
Warning: received a response with an unexpected id: 863
Warning: received a response with an unexpected id: 948
Warning: received a response with an unexpected id: 875
Warning: received a response with an unexpected id: 873
Warning: received a response with an unexpected id: 1020
Warning: received a response with an unexpected id: 1007
Warning: received a response with an unexpected id: 981
Warning: received a response with an unexpected id: 1004
Warning: received a response with an unexpected id: 992
Warning: received a response with an unexpected id: 1013
Warning: received a response with an unexpected id: 974
Warning: received a response with an unexpected id: 990
Warning: received a response with an unexpected id: 997
Warning: received a response with an unexpected id: 998
Warning: received a response with an unexpected id: 999
Warning: received a response with an unexpected id: 1006
Warning: received a response with an unexpected id: 938
Warning: received a response with an unexpected id: 985
Warning: received a response with an unexpected id: 955
Warning: received a response with an unexpected id: 1008
Warning: received a response with an unexpected id: 1010
Warning: received a response with an unexpected id: 1018
Warning: received a response with an unexpected id: 915
Warning: received a response with an unexpected id: 965
Warning: received a response with an unexpected id: 1015
Warning: received a response with an unexpected id: 928
Warning: received a response with an unexpected id: 982
Warning: received a response with an unexpected id: 984
Warning: received a response with an unexpected id: 993
Warning: received a response with an unexpected id: 999
Warning: received a response with an unexpected id: 1000
Warning: received a response with an unexpected id: 1012
Warning: received a response with an unexpected id: 1025
Warning: received a response with an unexpected id: 1005
Warning: received a response with an unexpected id: 967
Warning: received a response with an unexpected id: 929
Warning: received a response with an unexpected id: 983
Warning: received a response with an unexpected id: 951
Warning: received a response with an unexpected id: 976
Warning: received a response with an unexpected id: 1027
Warning: received a response with an unexpected id: 978
Warning: received a response with an unexpected id: 1014
Warning: received a response with an unexpected id: 942
Warning: received a response with an unexpected id: 968
Warning: received a response with an unexpected id: 953
Warning: received a response with an unexpected id: 1002
Warning: received a response with an unexpected id: 1001
Warning: received a response with an unexpected id: 1017
Warning: received a response with an unexpected id: 870
Warning: received a response with an unexpected id: 982
Warning: received a response with an unexpected id: 1013
Warning: received a response with an unexpected id: 1023
Warning: received a response with an unexpected id: 930
Warning: received a response with an unexpected id: 995
Warning: received a response with an unexpected id: 941
Warning: received a response with an unexpected id: 948
Warning: received a response with an unexpected id: 870
Warning: received a response with an unexpected id: 975
Warning: received a response with an unexpected id: 1028
Warning: received a response with an unexpected id: 866
Warning: received a response with an unexpected id: 941
Warning: received a response with an unexpected id: 945
Warning: received a response with an unexpected id: 978
Warning: received a response with an unexpected id: 1029
Warning: received a response with an unexpected id: 893
Warning: received a response with an unexpected id: 940
Warning: received a response with an unexpected id: 978
Warning: received a response with an unexpected id: 982
Warning: received a response with an unexpected id: 989
Warning: received a response with an unexpected id: 990
Warning: received a response with an unexpected id: 990
Warning: received a response with an unexpected id: 972
Warning: received a response with an unexpected id: 995
Warning: received a response with an unexpected id: 1003
Warning: received a response with an unexpected id: 1017
Warning: received a response with an unexpected id: 1023
Warning: received a response with an unexpected id: 1025
Warning: received a response with an unexpected id: 1009
Warning: received a response with an unexpected id: 885
Warning: received a response with an unexpected id: 1029
Warning: received a response with an unexpected id: 1027
Warning: received a response with an unexpected id: 971
Warning: received a response with an unexpected id: 977
Warning: received a response with an unexpected id: 1019
Warning: received a response with an unexpected id: 921
Warning: received a response with an unexpected id: 976
Warning: received a response with an unexpected id: 1015
Warning: received a response with an unexpected id: 1006
Warning: received a response with an unexpected id: 963
Warning: received a response with an unexpected id: 1005
Warning: received a response with an unexpected id: 1021
Warning: received a response with an unexpected id: 972
Warning: received a response with an unexpected id: 965
Warning: received a response with an unexpected id: 975
Warning: received a response with an unexpected id: 977
Warning: received a response with an unexpected id: 896
Warning: received a response with an unexpected id: 973
Warning: received a response with an unexpected id: 1030
Warning: received a response with an unexpected id: 930
Warning: received a response with an unexpected id: 979
Warning: received a response with an unexpected id: 896
Warning: received a response with an unexpected id: 954
Warning: received a response with an unexpected id: 937
Warning: received a response with an unexpected id: 940
Warning: received a response with an unexpected id: 999
Warning: received a response with an unexpected id: 1000
Warning: received a response with an unexpected id: 951
Warning: received a response with an unexpected id: 971
Warning: received a response with an unexpected id: 881
Warning: received a response with an unexpected id: 875
Warning: received a response with an unexpected id: 922
Warning: received a response with an unexpected id: 992
Warning: received a response with an unexpected id: 1023
Warning: received a response with an unexpected id: 882
Warning: received a response with an unexpected id: 1006
Warning: received a response with an unexpected id: 1006
Warning: received a response with an unexpected id: 861
Warning: received a response with an unexpected id: 954
Warning: received a response with an unexpected id: 967
Warning: received a response with an unexpected id: 984
Warning: received a response with an unexpected id: 923
Warning: received a response with an unexpected id: 942
Warning: received a response with an unexpected id: 1015
Warning: received a response with an unexpected id: 1018
Warning: received a response with an unexpected id: 984
Warning: received a response with an unexpected id: 1009
Warning: received a response with an unexpected id: 929
Warning: received a response with an unexpected id: 988
Warning: received a response with an unexpected id: 1009
Warning: received a response with an unexpected id: 1026
Warning: received a response with an unexpected id: 895
Warning: received a response with an unexpected id: 1016
Warning: received a response with an unexpected id: 960
Warning: received a response with an unexpected id: 1011
Warning: received a response with an unexpected id: 1007
Warning: received a response with an unexpected id: 1006
Warning: received a response with an unexpected id: 980
Warning: received a response with an unexpected id: 1025
Warning: received a response with an unexpected id: 1010
Warning: received a response with an unexpected id: 1007
Warning: received a response with an unexpected id: 972
Warning: received a response with an unexpected id: 991
Warning: received a response with an unexpected id: 1016
Warning: received a response with an unexpected id: 973
Warning: received a response with an unexpected id: 1010
Warning: received a response with an unexpected id: 941
Warning: received a response with an unexpected id: 962
Warning: received a response with an unexpected id: 1012
Warning: received a response with an unexpected id: 994
Warning: received a response with an unexpected id: 992
Warning: received a response with an unexpected id: 950
Warning: received a response with an unexpected id: 1011
Warning: received a response with an unexpected id: 1011
Warning: received a response with an unexpected id: 954
Warning: received a response with an unexpected id: 1023
Warning: received a response with an unexpected id: 1032
Warning: received a response with an unexpected id: 1022
Warning: received a response with an unexpected id: 1012
Warning: received a response with an unexpected id: 931
Warning: received a response with an unexpected id: 995
Warning: received a response with an unexpected id: 1018
Warning: received a response with an unexpected id: 1022
Warning: received a response with an unexpected id: 957
Warning: received a response with an unexpected id: 1036
Warning: received a response with an unexpected id: 999
Warning: received a response with an unexpected id: 1004
Warning: received a response with an unexpected id: 994
Warning: received a response with an unexpected id: 993
Warning: received a response with an unexpected id: 1021
Warning: received a response with an unexpected id: 991
Warning: received a response with an unexpected id: 996
Warning: received a response with an unexpected id: 1017
Warning: received a response with an unexpected id: 1015
Warning: received a response with an unexpected id: 996
Warning: received a response with an unexpected id: 1025
Warning: received a response with an unexpected id: 992
Warning: received a response with an unexpected id: 1033
Warning: received a response with an unexpected id: 978
Warning: received a response with an unexpected id: 1037
Warning: received a response with an unexpected id: 1026
Warning: received a response with an unexpected id: 996
Warning: received a response with an unexpected id: 1003
Warning: received a response with an unexpected id: 911
Warning: received a response with an unexpected id: 968
Warning: received a response with an unexpected id: 966
Warning: received a response with an unexpected id: 1020
Warning: received a response with an unexpected id: 952
Warning: received a response with an unexpected id: 1008
Warning: received a response with an unexpected id: 990
Warning: received a response with an unexpected id: 935
Warning: received a response with an unexpected id: 994
Warning: received a response with an unexpected id: 953
Warning: received a response with an unexpected id: 936
Warning: received a response with an unexpected id: 1033
Warning: received a response with an unexpected id: 939
Warning: received a response with an unexpected id: 1004
Warning: received a response with an unexpected id: 1000
Warning: received a response with an unexpected id: 1010
Warning: received a response with an unexpected id: 988
Warning: received a response with an unexpected id: 952
Warning: received a response with an unexpected id: 974
Warning: received a response with an unexpected id: 946
Warning: received a response with an unexpected id: 977
Warning: received a response with an unexpected id: 1003
Warning: received a response with an unexpected id: 1039
Warning: received a response with an unexpected id: 996
Warning: received a response with an unexpected id: 983
Warning: received a response with an unexpected id: 956
Warning: received a response with an unexpected id: 881
Warning: received a response with an unexpected id: 1029
Warning: received a response with an unexpected id: 979
Warning: received a response with an unexpected id: 988
Warning: received a response with an unexpected id: 949
Warning: received a response with an unexpected id: 945
Warning: received a response with an unexpected id: 959
Warning: received a response with an unexpected id: 1015
Warning: received a response with an unexpected id: 999
Warning: received a response with an unexpected id: 954
Warning: received a response with an unexpected id: 922
Warning: received a response with an unexpected id: 1009
Warning: received a response with an unexpected id: 1011
Warning: received a response with an unexpected id: 945
Warning: received a response with an unexpected id: 1004
Warning: received a response with an unexpected id: 986
Warning: received a response with an unexpected id: 958
Warning: received a response with an unexpected id: 950
Warning: received a response with an unexpected id: 982
Warning: received a response with an unexpected id: 976
Warning: received a response with an unexpected id: 919
Warning: received a response with an unexpected id: 998
Warning: received a response with an unexpected id: 1005
Warning: received a response with an unexpected id: 887
Warning: received a response with an unexpected id: 899
Warning: received a response with an unexpected id: 1023
Warning: received a response with an unexpected id: 876
Warning: received a response with an unexpected id: 1020
Warning: received a response with an unexpected id: 1014
Warning: received a response with an unexpected id: 968
Warning: received a response with an unexpected id: 1031
Warning: received a response with an unexpected id: 1006
Warning: received a response with an unexpected id: 1025
Warning: received a response with an unexpected id: 903
Warning: received a response with an unexpected id: 979
Warning: received a response with an unexpected id: 986
Warning: received a response with an unexpected id: 872
Warning: received a response with an unexpected id: 953
Warning: received a response with an unexpected id: 944
Warning: received a response with an unexpected id: 981
Warning: received a response with an unexpected id: 886
Warning: received a response with an unexpected id: 887
Warning: received a response with an unexpected id: 865
Warning: received a response with an unexpected id: 959
Warning: received a response with an unexpected id: 960
Warning: received a response with an unexpected id: 993
Warning: received a response with an unexpected id: 1042
Warning: received a response with an unexpected id: 1018
Warning: received a response with an unexpected id: 985
Warning: received a response with an unexpected id: 1015
Warning: received a response with an unexpected id: 1030
Warning: received a response with an unexpected id: 1038
Warning: received a response with an unexpected id: 1036
Warning: received a response with an unexpected id: 986
Warning: received a response with an unexpected id: 993
Warning: received a response with an unexpected id: 979
Warning: received a response with an unexpected id: 1014
Warning: received a response with an unexpected id: 1014
Warning: received a response with an unexpected id: 1008
Warning: received a response with an unexpected id: 980
Warning: received a response with an unexpected id: 1007
Warning: received a response with an unexpected id: 1011
Warning: received a response with an unexpected id: 1050
Warning: received a response with an unexpected id: 1051
Warning: received a response with an unexpected id: 1055
Warning: received a response with an unexpected id: 1020
Warning: received a response with an unexpected id: 1024
Warning: received a response with an unexpected id: 1055
Warning: received a response with an unexpected id: 1059
Warning: received a response with an unexpected id: 1072
Warning: received a response with an unexpected id: 1058
Warning: received a response with an unexpected id: 1066
Warning: received a response with an unexpected id: 1071
Error: failed to receive packet: Bad file descriptor
