DNS Resolution Performance Testing Tool
Version 2.14.0

[Status] Command line: resperf -P 20250620-0959.gnuplot -M doh -s 79.127.218.224 -O doh-uri=https://protective.joindns4.eu/dns-query -d domains_shuffled.list -C 50 -m 1300 -b 1400 -q 1000000 -R -r 10 -c 600 -t 30 -F 0
[Status] Sending
[Status] Ramp-up done, sending constant traffic
Warning: received a response with an unexpected id: 1630
Warning: received a response with an unexpected id: 1631
Warning: received a response with an unexpected id: 1653
Warning: received a response with an unexpected id: 2021
Warning: received a response with an unexpected id: 2015
Warning: received a response with an unexpected id: 4078
Warning: received a response with an unexpected id: 4082
Warning: received a response with an unexpected id: 4083
Warning: received a response with an unexpected id: 4501
Warning: received a response with an unexpected id: 4504
Warning: received a response with an unexpected id: 4527
Warning: received a response with an unexpected id: 4533
Warning: received a response with an unexpected id: 4499
Warning: received a response with an unexpected id: 4756
Warning: received a response with an unexpected id: 4758
Warning: received a response with an unexpected id: 4924
Warning: received a response with an unexpected id: 4927
Warning: received a response with an unexpected id: 9090
Warning: nghttp2_session_send failed: The user callback function failed
[Status] Waiting for more responses
[Status] Testing complete

Statistics:

  Queries sent:         786499
  Queries completed:    785235
  Queries lost:         1264
  Response codes:       NOERROR 498824 (63.53%), SERVFAIL 55167 (7.03%), NXDOMAIN 231244 (29.45%)

  Run time (s):         621.554701
  Maximum throughput:   6022.000000 qps
  Lost at that point:   0.00%

  Connection attempts:  68 (68 successful, 100.00%)

DNS-over-HTTPS statistics:

  HTTP/2 return codes:  200: 785253

