DNS Resolution Performance Testing Tool
Version 2.14.0

[Status] Command line: resperf -P 20250620-0726.gnuplot -M doh -s 79.127.218.224 -O doh-uri=https://protective.joindns4.eu/dns-query -d domains_shuffled.list -C 50 -m 1400 -b 1400 -q 500000 -R -r 10 -c 300 -t 30 -F 0
[Status] Sending
[Status] Ramp-up done, sending constant traffic
Warning: received a response with an unexpected id: 2017
Warning: received a response with an unexpected id: 2019
Warning: received a response with an unexpected id: 2020
Warning: received a response with an unexpected id: 2015
Warning: received a response with an unexpected id: 2022
Warning: received a response with an unexpected id: 2027
Warning: received a response with an unexpected id: 2029
Warning: received a response with an unexpected id: 2039
Warning: received a response with an unexpected id: 2013
Warning: received a response with an unexpected id: 2018
Warning: received a response with an unexpected id: 2021
Warning: received a response with an unexpected id: 2029
Warning: received a response with an unexpected id: 2033
Warning: received a response with an unexpected id: 2044
Warning: received a response with an unexpected id: 2038
Warning: received a response with an unexpected id: 2060
Warning: received a response with an unexpected id: 2061
Warning: received a response with an unexpected id: 2051
Warning: received a response with an unexpected id: 2006
Warning: received a response with an unexpected id: 2015
Warning: received a response with an unexpected id: 2025
Warning: received a response with an unexpected id: 2038
Warning: received a response with an unexpected id: 2041
Warning: received a response with an unexpected id: 2052
Warning: received a response with an unexpected id: 2058
Warning: received a response with an unexpected id: 2064
Warning: received a response with an unexpected id: 2066
Warning: received a response with an unexpected id: 2065
Warning: received a response with an unexpected id: 2046
Warning: received a response with an unexpected id: 2061
Warning: received a response with an unexpected id: 2039
Warning: received a response with an unexpected id: 2059
Warning: received a response with an unexpected id: 2037
Warning: received a response with an unexpected id: 2023
Warning: received a response with an unexpected id: 2040
Warning: received a response with an unexpected id: 2042
Warning: received a response with an unexpected id: 2069
Warning: received a response with an unexpected id: 2036
Warning: received a response with an unexpected id: 2057
Warning: received a response with an unexpected id: 2053
Warning: received a response with an unexpected id: 2065
Warning: received a response with an unexpected id: 2045
Warning: received a response with an unexpected id: 2081
Warning: received a response with an unexpected id: 2014
Warning: received a response with an unexpected id: 2026
Warning: received a response with an unexpected id: 2049
Warning: received a response with an unexpected id: 2072
Warning: received a response with an unexpected id: 2069
Warning: received a response with an unexpected id: 2035
Warning: received a response with an unexpected id: 2007
Warning: received a response with an unexpected id: 2022
Warning: received a response with an unexpected id: 2031
Warning: received a response with an unexpected id: 2067
Warning: received a response with an unexpected id: 2072
Warning: received a response with an unexpected id: 2034
Warning: received a response with an unexpected id: 2123
Warning: received a response with an unexpected id: 2084
Warning: received a response with an unexpected id: 2064
Warning: received a response with an unexpected id: 2120
Warning: received a response with an unexpected id: 2050
Warning: received a response with an unexpected id: 2125
Warning: received a response with an unexpected id: 2131
Warning: received a response with an unexpected id: 2103
Warning: received a response with an unexpected id: 2136
Warning: received a response with an unexpected id: 2139
Warning: received a response with an unexpected id: 2109
Warning: received a response with an unexpected id: 2133
Warning: received a response with an unexpected id: 2140
Warning: received a response with an unexpected id: 2078
Warning: received a response with an unexpected id: 2084
Warning: received a response with an unexpected id: 2096
Warning: received a response with an unexpected id: 2129
Warning: received a response with an unexpected id: 2132
Warning: received a response with an unexpected id: 2138
Warning: received a response with an unexpected id: 2082
Warning: received a response with an unexpected id: 2117
Warning: received a response with an unexpected id: 2067
Warning: received a response with an unexpected id: 2122
Warning: received a response with an unexpected id: 2134
Warning: received a response with an unexpected id: 2132
Warning: received a response with an unexpected id: 2133
Warning: received a response with an unexpected id: 2141
Warning: received a response with an unexpected id: 2097
Warning: received a response with an unexpected id: 2104
Warning: received a response with an unexpected id: 2144
Warning: received a response with an unexpected id: 2139
Warning: received a response with an unexpected id: 2121
Warning: received a response with an unexpected id: 2094
Warning: received a response with an unexpected id: 2145
Warning: received a response with an unexpected id: 2080
Warning: received a response with an unexpected id: 2123
Warning: received a response with an unexpected id: 2166
Warning: received a response with an unexpected id: 2166
Warning: received a response with an unexpected id: 2134
Warning: received a response with an unexpected id: 2171
Warning: received a response with an unexpected id: 2175
Warning: received a response with an unexpected id: 2110
Warning: received a response with an unexpected id: 2160
Warning: received a response with an unexpected id: 2141
Warning: received a response with an unexpected id: 2172
Warning: received a response with an unexpected id: 2076
Warning: received a response with an unexpected id: 2142
Warning: received a response with an unexpected id: 2126
Warning: received a response with an unexpected id: 2133
Warning: received a response with an unexpected id: 2151
Warning: received a response with an unexpected id: 2093
Warning: received a response with an unexpected id: 2159
Warning: received a response with an unexpected id: 2172
Warning: received a response with an unexpected id: 2168
Warning: received a response with an unexpected id: 2163
Warning: received a response with an unexpected id: 2174
Warning: received a response with an unexpected id: 2184
Warning: received a response with an unexpected id: 2068
Warning: received a response with an unexpected id: 2108
Warning: received a response with an unexpected id: 2169
Warning: received a response with an unexpected id: 2175
Warning: received a response with an unexpected id: 2081
Warning: received a response with an unexpected id: 2152
Warning: received a response with an unexpected id: 2102
Warning: received a response with an unexpected id: 2075
Warning: received a response with an unexpected id: 2191
Warning: received a response with an unexpected id: 2208
Warning: received a response with an unexpected id: 2188
Warning: received a response with an unexpected id: 2201
Warning: received a response with an unexpected id: 2211
Warning: received a response with an unexpected id: 6
Warning: received a response with an unexpected id: 2106
Warning: received a response with an unexpected id: 2119
Warning: received a response with an unexpected id: 2190
Warning: received a response with an unexpected id: 2198
Warning: received a response with an unexpected id: 2223
Warning: received a response with an unexpected id: 2259
Warning: received a response with an unexpected id: 2276
Warning: received a response with an unexpected id: 2201
Warning: received a response with an unexpected id: 2260
Warning: received a response with an unexpected id: 2290
Warning: received a response with an unexpected id: 2310
Warning: received a response with an unexpected id: 2131
Warning: received a response with an unexpected id: 2135
Warning: received a response with an unexpected id: 2273
Warning: received a response with an unexpected id: 2200
Warning: received a response with an unexpected id: 2293
Warning: received a response with an unexpected id: 2309
Warning: received a response with an unexpected id: 2256
Warning: received a response with an unexpected id: 2271
Warning: received a response with an unexpected id: 2295
Warning: received a response with an unexpected id: 2310
Warning: received a response with an unexpected id: 2324
Warning: received a response with an unexpected id: 2315
Warning: received a response with an unexpected id: 2262
Warning: received a response with an unexpected id: 2247
Warning: received a response with an unexpected id: 2267
Warning: received a response with an unexpected id: 2335
Warning: received a response with an unexpected id: 2280
Warning: received a response with an unexpected id: 2256
Warning: received a response with an unexpected id: 2090
Warning: received a response with an unexpected id: 2091
Warning: received a response with an unexpected id: 2304
Warning: received a response with an unexpected id: 2330
Warning: received a response with an unexpected id: 2288
Warning: received a response with an unexpected id: 2308
Warning: received a response with an unexpected id: 2250
Warning: received a response with an unexpected id: 2309
Warning: received a response with an unexpected id: 2237
Warning: received a response with an unexpected id: 2147
Warning: received a response with an unexpected id: 2195
Warning: received a response with an unexpected id: 2086
Warning: received a response with an unexpected id: 2251
Warning: received a response with an unexpected id: 2272
Warning: received a response with an unexpected id: 2287
Warning: received a response with an unexpected id: 2169
Warning: received a response with an unexpected id: 2194
Warning: received a response with an unexpected id: 2239
Warning: received a response with an unexpected id: 2300
Warning: received a response with an unexpected id: 2267
Warning: received a response with an unexpected id: 2297
Warning: received a response with an unexpected id: 2178
Warning: received a response with an unexpected id: 2203
Warning: received a response with an unexpected id: 2124
Warning: received a response with an unexpected id: 2240
Warning: received a response with an unexpected id: 2290
Warning: received a response with an unexpected id: 2281
Warning: received a response with an unexpected id: 2350
Warning: received a response with an unexpected id: 2239
Warning: received a response with an unexpected id: 2240
Warning: received a response with an unexpected id: 2244
Warning: received a response with an unexpected id: 2260
Warning: received a response with an unexpected id: 2264
Warning: received a response with an unexpected id: 2265
Warning: received a response with an unexpected id: 2269
Warning: received a response with an unexpected id: 2270
Warning: received a response with an unexpected id: 2271
Warning: received a response with an unexpected id: 2286
Warning: received a response with an unexpected id: 2294
Warning: received a response with an unexpected id: 2302
Warning: received a response with an unexpected id: 2303
Warning: received a response with an unexpected id: 2313
Warning: received a response with an unexpected id: 2244
Warning: received a response with an unexpected id: 2258
Warning: received a response with an unexpected id: 2272
Warning: received a response with an unexpected id: 2270
Warning: received a response with an unexpected id: 2334
Warning: received a response with an unexpected id: 2321
Warning: received a response with an unexpected id: 2323
Warning: received a response with an unexpected id: 2347
Warning: received a response with an unexpected id: 2313
Warning: received a response with an unexpected id: 2314
Warning: received a response with an unexpected id: 2334
Warning: received a response with an unexpected id: 2337
Warning: received a response with an unexpected id: 2335
Warning: received a response with an unexpected id: 2342
Warning: received a response with an unexpected id: 2333
Warning: received a response with an unexpected id: 2347
Warning: received a response with an unexpected id: 2353
Warning: received a response with an unexpected id: 2295
Warning: received a response with an unexpected id: 2304
Warning: received a response with an unexpected id: 2283
Warning: received a response with an unexpected id: 2290
Warning: received a response with an unexpected id: 2328
Warning: received a response with an unexpected id: 2352
Warning: received a response with an unexpected id: 2267
Warning: received a response with an unexpected id: 2317
Warning: received a response with an unexpected id: 2284
Warning: received a response with an unexpected id: 2309
Warning: received a response with an unexpected id: 2321
Warning: received a response with an unexpected id: 2329
Warning: received a response with an unexpected id: 2291
Warning: received a response with an unexpected id: 2337
Warning: received a response with an unexpected id: 2324
Warning: received a response with an unexpected id: 2286
Warning: received a response with an unexpected id: 2362
Warning: received a response with an unexpected id: 2263
Warning: received a response with an unexpected id: 2257
Warning: received a response with an unexpected id: 2279
Warning: received a response with an unexpected id: 2322
Warning: received a response with an unexpected id: 2360
Warning: received a response with an unexpected id: 2359
Warning: received a response with an unexpected id: 2264
Warning: received a response with an unexpected id: 2272
Warning: received a response with an unexpected id: 2367
Warning: received a response with an unexpected id: 2367
Warning: received a response with an unexpected id: 2345
Warning: received a response with an unexpected id: 2358
Warning: received a response with an unexpected id: 2256
Warning: received a response with an unexpected id: 2371
Warning: received a response with an unexpected id: 2346
Warning: received a response with an unexpected id: 2369
Warning: received a response with an unexpected id: 2336
Warning: received a response with an unexpected id: 2360
Warning: received a response with an unexpected id: 2307
Warning: received a response with an unexpected id: 2365
Warning: received a response with an unexpected id: 2303
Warning: received a response with an unexpected id: 2293
Warning: received a response with an unexpected id: 2331
Warning: received a response with an unexpected id: 2291
Warning: received a response with an unexpected id: 2241
Warning: received a response with an unexpected id: 2349
Warning: received a response with an unexpected id: 2254
Warning: received a response with an unexpected id: 2255
Warning: received a response with an unexpected id: 2341
Warning: received a response with an unexpected id: 2298
Warning: received a response with an unexpected id: 2380
Warning: received a response with an unexpected id: 2255
Warning: received a response with an unexpected id: 2376
Warning: received a response with an unexpected id: 2377
Warning: received a response with an unexpected id: 2363
Warning: received a response with an unexpected id: 2378
Warning: received a response with an unexpected id: 2381
Warning: received a response with an unexpected id: 2375
Warning: received a response with an unexpected id: 2378
Warning: received a response with an unexpected id: 2374
Warning: received a response with an unexpected id: 2380
Warning: received a response with an unexpected id: 2367
Warning: received a response with an unexpected id: 2386
Warning: received a response with an unexpected id: 2306
Warning: received a response with an unexpected id: 2367
Warning: received a response with an unexpected id: 2370
Warning: received a response with an unexpected id: 2284
Warning: received a response with an unexpected id: 2368
Warning: received a response with an unexpected id: 2325
Warning: received a response with an unexpected id: 2376
Warning: received a response with an unexpected id: 2365
Warning: received a response with an unexpected id: 2388
Warning: received a response with an unexpected id: 2263
Warning: received a response with an unexpected id: 2380
Warning: received a response with an unexpected id: 2376
Warning: received a response with an unexpected id: 2392
Warning: received a response with an unexpected id: 2382
Warning: received a response with an unexpected id: 2280
Warning: received a response with an unexpected id: 2373
Warning: received a response with an unexpected id: 2391
Warning: received a response with an unexpected id: 2374
Warning: received a response with an unexpected id: 2381
Warning: received a response with an unexpected id: 2242
Warning: received a response with an unexpected id: 2397
Warning: received a response with an unexpected id: 2379
Warning: received a response with an unexpected id: 2259
Warning: received a response with an unexpected id: 2247
Warning: received a response with an unexpected id: 2382
Warning: received a response with an unexpected id: 2318
Warning: received a response with an unexpected id: 2381
Warning: received a response with an unexpected id: 2397
Warning: received a response with an unexpected id: 2378
Warning: received a response with an unexpected id: 2384
Warning: received a response with an unexpected id: 2282
Warning: received a response with an unexpected id: 2387
Warning: received a response with an unexpected id: 2393
Warning: received a response with an unexpected id: 2366
Warning: received a response with an unexpected id: 2396
Warning: received a response with an unexpected id: 2384
Warning: received a response with an unexpected id: 2353
Warning: received a response with an unexpected id: 2393
Warning: received a response with an unexpected id: 2357
Warning: received a response with an unexpected id: 2399
Warning: received a response with an unexpected id: 2391
Warning: received a response with an unexpected id: 2397
Warning: received a response with an unexpected id: 2369
Warning: received a response with an unexpected id: 2388
Warning: received a response with an unexpected id: 2390
Warning: received a response with an unexpected id: 2380
Warning: received a response with an unexpected id: 2378
Warning: received a response with an unexpected id: 2376
Warning: received a response with an unexpected id: 2404
Warning: received a response with an unexpected id: 2383
Warning: received a response with an unexpected id: 2372
Warning: received a response with an unexpected id: 2364
Warning: received a response with an unexpected id: 2365
Warning: received a response with an unexpected id: 2381
Warning: received a response with an unexpected id: 2410
Warning: received a response with an unexpected id: 2389
Warning: received a response with an unexpected id: 2508
Warning: received a response with an unexpected id: 2452
Warning: received a response with an unexpected id: 2457
Warning: received a response with an unexpected id: 2487
Warning: received a response with an unexpected id: 2451
Warning: received a response with an unexpected id: 2532
Warning: received a response with an unexpected id: 2524
Warning: received a response with an unexpected id: 2488
Warning: received a response with an unexpected id: 2505
Warning: received a response with an unexpected id: 2507
Warning: received a response with an unexpected id: 2538
Warning: received a response with an unexpected id: 2531
Warning: received a response with an unexpected id: 2465
Warning: received a response with an unexpected id: 2527
Warning: received a response with an unexpected id: 2488
Warning: received a response with an unexpected id: 2517
Warning: received a response with an unexpected id: 2526
Warning: received a response with an unexpected id: 2450
Warning: received a response with an unexpected id: 2503
Warning: received a response with an unexpected id: 2555
Warning: received a response with an unexpected id: 2556
Warning: received a response with an unexpected id: 2467
Warning: received a response with an unexpected id: 2547
Warning: received a response with an unexpected id: 2549
Warning: received a response with an unexpected id: 2472
Warning: received a response with an unexpected id: 2553
Warning: received a response with an unexpected id: 2508
Warning: received a response with an unexpected id: 2544
Warning: received a response with an unexpected id: 2565
Warning: received a response with an unexpected id: 2454
Warning: received a response with an unexpected id: 2489
Warning: received a response with an unexpected id: 2537
Warning: received a response with an unexpected id: 2471
Warning: received a response with an unexpected id: 2522
Warning: received a response with an unexpected id: 2548
Warning: received a response with an unexpected id: 2536
Warning: received a response with an unexpected id: 2501
Warning: received a response with an unexpected id: 2539
Warning: received a response with an unexpected id: 2481
Warning: received a response with an unexpected id: 2459
Warning: received a response with an unexpected id: 2449
Warning: received a response with an unexpected id: 2456
Warning: received a response with an unexpected id: 2525
Warning: received a response with an unexpected id: 2510
Warning: received a response with an unexpected id: 2513
Warning: received a response with an unexpected id: 2453
Warning: received a response with an unexpected id: 2512
Warning: received a response with an unexpected id: 2561
Warning: nghttp2_session_send failed: The user callback function failed
Warning: received a response with an unexpected id: 2541
Warning: received a response with an unexpected id: 2539
Warning: received a response with an unexpected id: 2582
Warning: received a response with an unexpected id: 2578
Warning: received a response with an unexpected id: 2522
Warning: received a response with an unexpected id: 2597
Warning: received a response with an unexpected id: 2580
Warning: received a response with an unexpected id: 2605
Warning: received a response with an unexpected id: 2546
Warning: received a response with an unexpected id: 2550
Warning: received a response with an unexpected id: 2563
Warning: received a response with an unexpected id: 2568
Warning: received a response with an unexpected id: 2604
Warning: received a response with an unexpected id: 2589
Warning: received a response with an unexpected id: 2606
Warning: received a response with an unexpected id: 2603
Warning: received a response with an unexpected id: 2599
Warning: received a response with an unexpected id: 2596
Warning: received a response with an unexpected id: 2621
Warning: received a response with an unexpected id: 2593
Warning: received a response with an unexpected id: 2700
Warning: received a response with an unexpected id: 2677
Warning: received a response with an unexpected id: 2680
Warning: received a response with an unexpected id: 2705
Warning: received a response with an unexpected id: 2676
Warning: received a response with an unexpected id: 2702
Warning: received a response with an unexpected id: 2714
Warning: received a response with an unexpected id: 2678
Warning: received a response with an unexpected id: 2685
Warning: received a response with an unexpected id: 2701
Warning: received a response with an unexpected id: 2711
Warning: received a response with an unexpected id: 2712
Warning: received a response with an unexpected id: 2701
Warning: received a response with an unexpected id: 2685
Warning: received a response with an unexpected id: 2680
Warning: received a response with an unexpected id: 2719
Warning: received a response with an unexpected id: 2687
Warning: received a response with an unexpected id: 2698
Warning: received a response with an unexpected id: 2741
Warning: received a response with an unexpected id: 2777
Warning: received a response with an unexpected id: 2777
Warning: received a response with an unexpected id: 2775
Warning: received a response with an unexpected id: 2825
Warning: received a response with an unexpected id: 2815
Warning: received a response with an unexpected id: 2829
Warning: received a response with an unexpected id: 2824
Warning: received a response with an unexpected id: 2802
Warning: received a response with an unexpected id: 2830
Warning: received a response with an unexpected id: 2771
Warning: received a response with an unexpected id: 2809
Warning: received a response with an unexpected id: 2819
Warning: received a response with an unexpected id: 2732
Warning: received a response with an unexpected id: 2808
Warning: received a response with an unexpected id: 2828
Warning: received a response with an unexpected id: 2812
Warning: received a response with an unexpected id: 304
Error: failed to receive packet: Bad file descriptor
