DNS Resolution Performance Testing Tool
Version 2.14.0

[Status] Command line: resperf -P 20250620-1115.gnuplot -M doh -s 79.127.218.224 -O doh-uri=https://protective.joindns4.eu/dns-query -d domains_shuffled.list -C 50 -m 1250 -b 1400 -q 1000000 -R -r 10 -c 600 -t 30 -F 0
[Status] Sending
[Status] Ramp-up done, sending constant traffic
Warning: received a response with an unexpected id: 2007
Warning: received a response with an unexpected id: 2393
Warning: received a response with an unexpected id: 2412
Warning: received a response with an unexpected id: 2377
Warning: received a response with an unexpected id: 2420
Warning: received a response with an unexpected id: 2373
Warning: received a response with an unexpected id: 2442
Warning: received a response with an unexpected id: 2396
Warning: received a response with an unexpected id: 2468
Warning: received a response with an unexpected id: 2416
Warning: received a response with an unexpected id: 2402
Warning: received a response with an unexpected id: 2403
Warning: received a response with an unexpected id: 2406
Warning: received a response with an unexpected id: 2428
Warning: received a response with an unexpected id: 2429
Warning: received a response with an unexpected id: 2391
Warning: received a response with an unexpected id: 2456
Warning: received a response with an unexpected id: 2410
Warning: received a response with an unexpected id: 2415
Warning: received a response with an unexpected id: 2368
Warning: received a response with an unexpected id: 2375
Warning: received a response with an unexpected id: 2383
Warning: received a response with an unexpected id: 2454
Warning: received a response with an unexpected id: 2453
Warning: received a response with an unexpected id: 2439
Warning: received a response with an unexpected id: 2464
Warning: received a response with an unexpected id: 2478
Warning: received a response with an unexpected id: 2450
Warning: received a response with an unexpected id: 2367
Warning: received a response with an unexpected id: 2435
Warning: received a response with an unexpected id: 2460
Warning: received a response with an unexpected id: 2370
Warning: received a response with an unexpected id: 2404
Warning: received a response with an unexpected id: 2424
Warning: received a response with an unexpected id: 2405
Warning: received a response with an unexpected id: 2430
Warning: received a response with an unexpected id: 2451
Warning: received a response with an unexpected id: 2413
Warning: received a response with an unexpected id: 2495
Warning: received a response with an unexpected id: 2419
Warning: received a response with an unexpected id: 2427
Warning: received a response with an unexpected id: 2477
Warning: received a response with an unexpected id: 2518
Warning: received a response with an unexpected id: 2455
Warning: received a response with an unexpected id: 2414
Warning: received a response with an unexpected id: 2484
Warning: received a response with an unexpected id: 2476
Warning: received a response with an unexpected id: 2488
Warning: received a response with an unexpected id: 2434
Warning: received a response with an unexpected id: 2438
Warning: received a response with an unexpected id: 2395
Warning: received a response with an unexpected id: 2436
Warning: received a response with an unexpected id: 2469
Warning: received a response with an unexpected id: 2537
Warning: received a response with an unexpected id: 2503
Warning: received a response with an unexpected id: 2534
Warning: received a response with an unexpected id: 2504
Warning: received a response with an unexpected id: 2417
Warning: received a response with an unexpected id: 2500
Warning: received a response with an unexpected id: 2492
Warning: received a response with an unexpected id: 2386
Warning: received a response with an unexpected id: 2379
Warning: received a response with an unexpected id: 2527
Warning: received a response with an unexpected id: 2485
Warning: received a response with an unexpected id: 2472
Warning: received a response with an unexpected id: 2729
Warning: received a response with an unexpected id: 2736
Warning: received a response with an unexpected id: 2738
Warning: received a response with an unexpected id: 2723
Warning: received a response with an unexpected id: 2746
Warning: received a response with an unexpected id: 2734
Warning: received a response with an unexpected id: 2730
Warning: received a response with an unexpected id: 2725
Warning: received a response with an unexpected id: 2765
Warning: received a response with an unexpected id: 2737
Warning: received a response with an unexpected id: 2731
Warning: received a response with an unexpected id: 2742
Warning: received a response with an unexpected id: 2732
Warning: received a response with an unexpected id: 2724
Warning: received a response with an unexpected id: 2719
Warning: received a response with an unexpected id: 2726
Warning: received a response with an unexpected id: 2764
Warning: received a response with an unexpected id: 2956
Warning: received a response with an unexpected id: 2951
Warning: received a response with an unexpected id: 2954
Warning: received a response with an unexpected id: 2960
Warning: received a response with an unexpected id: 3187
Warning: nghttp2_session_send failed: The user callback function failed
Warning: received a response with an unexpected id: 7454
Warning: received a response with an unexpected id: 7473
Warning: received a response with an unexpected id: 7470
Warning: received a response with an unexpected id: 7468
Warning: received a response with an unexpected id: 7472
Warning: received a response with an unexpected id: 7805
Warning: received a response with an unexpected id: 7809
Warning: received a response with an unexpected id: 7927
Warning: received a response with an unexpected id: 7962
Warning: received a response with an unexpected id: 7926
Warning: received a response with an unexpected id: 7883
Warning: received a response with an unexpected id: 7914
Warning: received a response with an unexpected id: 7875
Warning: received a response with an unexpected id: 7807
Warning: received a response with an unexpected id: 7915
Warning: received a response with an unexpected id: 7886
Warning: received a response with an unexpected id: 7937
Warning: received a response with an unexpected id: 7968
Warning: received a response with an unexpected id: 7884
Warning: received a response with an unexpected id: 7866
Warning: received a response with an unexpected id: 7956
Warning: received a response with an unexpected id: 7948
Warning: received a response with an unexpected id: 7916
Warning: received a response with an unexpected id: 7917
Warning: received a response with an unexpected id: 7898
Warning: received a response with an unexpected id: 7909
Warning: received a response with an unexpected id: 7913
Warning: received a response with an unexpected id: 7799
Warning: received a response with an unexpected id: 7874
Warning: received a response with an unexpected id: 7870
Warning: received a response with an unexpected id: 7812
Warning: received a response with an unexpected id: 7861
Warning: received a response with an unexpected id: 7907
Warning: received a response with an unexpected id: 7819
Warning: received a response with an unexpected id: 7891
Warning: received a response with an unexpected id: 7906
Warning: received a response with an unexpected id: 8166
Warning: received a response with an unexpected id: 8175
Warning: received a response with an unexpected id: 8176
Warning: received a response with an unexpected id: 8169
Warning: received a response with an unexpected id: 8164
Warning: received a response with an unexpected id: 8155
Warning: received a response with an unexpected id: 8313
Warning: received a response with an unexpected id: 8326
Warning: received a response with an unexpected id: 8384
Warning: received a response with an unexpected id: 8393
Warning: received a response with an unexpected id: 8382
Warning: received a response with an unexpected id: 8637
Warning: received a response with an unexpected id: 8642
Warning: received a response with an unexpected id: 8748
Warning: received a response with an unexpected id: 8736
Warning: received a response with an unexpected id: 8742
Warning: nghttp2_session_send failed: The user callback function failed
Warning: received a response with an unexpected id: 9363
[Status] Waiting for more responses
[Status] Testing complete

Statistics:

  Queries sent:         756249
  Queries completed:    754084
  Queries lost:         2165
  Response codes:       NOERROR 482253 (63.95%), SERVFAIL 49449 (6.56%), NXDOMAIN 222382 (29.49%)

  Run time (s):         621.766302
  Maximum throughput:   9896.000000 qps
  Lost at that point:   0.12%

  Connection attempts:  72 (72 successful, 100.00%)

DNS-over-HTTPS statistics:

  HTTP/2 return codes:  200: 754224

