DNS Resolution Performance Testing Tool
Version 2.14.0

[Status] Command line: resperf -P 20250620-0648.gnuplot -M doh -s 79.127.218.224 -O doh-uri=https://protective.joindns4.eu/dns-query -d domains_shuffled.list -C 100 -m 1300 -b 1400 -q 500000 -R -r 10 -c 300 -t 30 -F 0
[Status] Sending
[Status] Ramp-up done, sending constant traffic
Warning: received a response with an unexpected id: 3001
Warning: received a response with an unexpected id: 3212
Warning: received a response with an unexpected id: 3210
Warning: received a response with an unexpected id: 3372
[Status] Waiting for more responses
[Status] Testing complete

Statistics:

  Queries sent:         396499
  Queries completed:    396495
  Queries lost:         4
  Response codes:       NOERROR 240774 (60.73%), SERVFAIL 42176 (10.64%), NXDOMAIN 113545 (28.64%)

  Run time (s):         324.429585
  Maximum throughput:   1300.000000 qps
  Lost at that point:   0.00%

  Connection attempts:  135 (135 successful, 100.00%)

DNS-over-HTTPS statistics:

  HTTP/2 return codes:  200: 396499

