DNS Resolution Performance Testing Tool
Version 2.14.0

[Status] Command line: resperf -P 20250620-0726.gnuplot -M doh -s 79.127.218.224 -O doh-uri=https://protective.joindns4.eu/dns-query -d domains_shuffled.list -C 50 -m 1400 -b 1400 -q 500000 -R -r 10 -c 300 -t 30 -F 0
[Status] Sending
[Status] Ramp-up done, sending constant traffic
Warning: received a response with an unexpected id: 1822
Warning: received a response with an unexpected id: 2089
Warning: received a response with an unexpected id: 2082
Warning: received a response with an unexpected id: 2080
Warning: received a response with an unexpected id: 2091
Warning: received a response with an unexpected id: 2088
Warning: received a response with an unexpected id: 2094
Warning: received a response with an unexpected id: 2101
Warning: received a response with an unexpected id: 2100
Warning: received a response with an unexpected id: 2077
Warning: received a response with an unexpected id: 2078
Warning: received a response with an unexpected id: 2093
Warning: received a response with an unexpected id: 2082
Warning: received a response with an unexpected id: 2085
Warning: received a response with an unexpected id: 2098
Warning: received a response with an unexpected id: 2086
Warning: received a response with an unexpected id: 2113
Warning: received a response with an unexpected id: 2118
Warning: received a response with an unexpected id: 2105
Warning: received a response with an unexpected id: 2124
Warning: received a response with an unexpected id: 2121
Warning: received a response with an unexpected id: 2124
Warning: received a response with an unexpected id: 2104
Warning: received a response with an unexpected id: 2133
Warning: received a response with an unexpected id: 2106
Warning: received a response with an unexpected id: 2140
Warning: received a response with an unexpected id: 2074
Warning: received a response with an unexpected id: 2121
Warning: received a response with an unexpected id: 2084
Warning: received a response with an unexpected id: 2116
Warning: received a response with an unexpected id: 2122
Warning: received a response with an unexpected id: 2123
Warning: received a response with an unexpected id: 2108
Warning: received a response with an unexpected id: 2110
Warning: received a response with an unexpected id: 2127
Warning: received a response with an unexpected id: 2112
Warning: received a response with an unexpected id: 2090
Warning: received a response with an unexpected id: 2095
Warning: received a response with an unexpected id: 2096
Warning: received a response with an unexpected id: 2084
Warning: received a response with an unexpected id: 2099
Warning: received a response with an unexpected id: 2142
Warning: received a response with an unexpected id: 2125
Warning: received a response with an unexpected id: 2123
Warning: received a response with an unexpected id: 2148
Warning: received a response with an unexpected id: 2165
Warning: received a response with an unexpected id: 2107
Warning: received a response with an unexpected id: 2118
Warning: received a response with an unexpected id: 2142
Warning: received a response with an unexpected id: 2156
Warning: received a response with an unexpected id: 2108
Warning: received a response with an unexpected id: 2130
Warning: received a response with an unexpected id: 2119
Warning: received a response with an unexpected id: 2128
Warning: received a response with an unexpected id: 2143
Warning: received a response with an unexpected id: 2147
Warning: received a response with an unexpected id: 2151
Warning: received a response with an unexpected id: 2153
Warning: received a response with an unexpected id: 2154
Warning: received a response with an unexpected id: 2158
Warning: received a response with an unexpected id: 2112
Warning: received a response with an unexpected id: 2110
Warning: received a response with an unexpected id: 2134
Warning: received a response with an unexpected id: 2137
Warning: received a response with an unexpected id: 2138
Warning: received a response with an unexpected id: 2108
Warning: received a response with an unexpected id: 2103
Warning: received a response with an unexpected id: 2114
Warning: received a response with an unexpected id: 2131
Warning: received a response with an unexpected id: 2129
Warning: received a response with an unexpected id: 2117
Warning: received a response with an unexpected id: 2136
Warning: received a response with an unexpected id: 2155
Warning: received a response with an unexpected id: 2177
Warning: received a response with an unexpected id: 2144
Warning: received a response with an unexpected id: 2163
Warning: received a response with an unexpected id: 2179
Warning: received a response with an unexpected id: 2185
Warning: received a response with an unexpected id: 2183
Warning: received a response with an unexpected id: 2150
Warning: received a response with an unexpected id: 2184
Warning: received a response with an unexpected id: 2199
Warning: received a response with an unexpected id: 2201
Warning: received a response with an unexpected id: 2193
Warning: received a response with an unexpected id: 2188
Warning: received a response with an unexpected id: 2185
Warning: received a response with an unexpected id: 2165
Warning: received a response with an unexpected id: 2175
Warning: received a response with an unexpected id: 2148
Warning: received a response with an unexpected id: 2201
Warning: received a response with an unexpected id: 2126
Warning: received a response with an unexpected id: 2104
Warning: received a response with an unexpected id: 2114
Warning: received a response with an unexpected id: 2162
Warning: received a response with an unexpected id: 2188
Warning: received a response with an unexpected id: 2168
Warning: received a response with an unexpected id: 2217
Warning: received a response with an unexpected id: 2238
Warning: received a response with an unexpected id: 2242
Warning: received a response with an unexpected id: 2259
Warning: received a response with an unexpected id: 2252
Warning: received a response with an unexpected id: 2284
Warning: received a response with an unexpected id: 2376
Warning: received a response with an unexpected id: 2378
Warning: received a response with an unexpected id: 2288
Warning: received a response with an unexpected id: 2378
Warning: received a response with an unexpected id: 2298
Warning: received a response with an unexpected id: 2320
Warning: received a response with an unexpected id: 2346
Warning: received a response with an unexpected id: 2348
Warning: received a response with an unexpected id: 2387
Warning: received a response with an unexpected id: 2344
Warning: received a response with an unexpected id: 2308
Warning: received a response with an unexpected id: 2359
Warning: received a response with an unexpected id: 2266
Warning: received a response with an unexpected id: 2267
Warning: received a response with an unexpected id: 2363
Warning: received a response with an unexpected id: 2251
Warning: received a response with an unexpected id: 2324
Warning: received a response with an unexpected id: 2361
Warning: received a response with an unexpected id: 2373
Warning: received a response with an unexpected id: 2387
Warning: received a response with an unexpected id: 2389
Warning: received a response with an unexpected id: 2395
Warning: received a response with an unexpected id: 2396
Warning: received a response with an unexpected id: 2384
Warning: received a response with an unexpected id: 2368
Warning: received a response with an unexpected id: 2319
Warning: received a response with an unexpected id: 2282
Warning: received a response with an unexpected id: 2332
Warning: received a response with an unexpected id: 2345
Warning: received a response with an unexpected id: 2377
Warning: received a response with an unexpected id: 2292
Warning: received a response with an unexpected id: 2305
Warning: received a response with an unexpected id: 2310
Warning: received a response with an unexpected id: 2287
Warning: received a response with an unexpected id: 2237
Warning: received a response with an unexpected id: 2337
Warning: received a response with an unexpected id: 2339
Warning: received a response with an unexpected id: 2380
Warning: received a response with an unexpected id: 2226
Warning: received a response with an unexpected id: 2404
Warning: received a response with an unexpected id: 2250
Warning: received a response with an unexpected id: 2392
Warning: received a response with an unexpected id: 2394
Warning: received a response with an unexpected id: 2309
Warning: received a response with an unexpected id: 2323
Warning: received a response with an unexpected id: 2397
Warning: received a response with an unexpected id: 2357
Warning: received a response with an unexpected id: 2358
Warning: received a response with an unexpected id: 2359
Warning: received a response with an unexpected id: 2371
Warning: received a response with an unexpected id: 2379
Warning: received a response with an unexpected id: 2325
Warning: received a response with an unexpected id: 2335
Warning: received a response with an unexpected id: 2299
Warning: received a response with an unexpected id: 2307
Warning: received a response with an unexpected id: 2315
Warning: received a response with an unexpected id: 2316
Warning: received a response with an unexpected id: 2372
Warning: received a response with an unexpected id: 2286
Warning: received a response with an unexpected id: 2321
Warning: received a response with an unexpected id: 2322
Warning: received a response with an unexpected id: 2325
Warning: received a response with an unexpected id: 2332
Warning: received a response with an unexpected id: 2349
Warning: received a response with an unexpected id: 2361
Warning: received a response with an unexpected id: 2373
Warning: received a response with an unexpected id: 2302
Warning: received a response with an unexpected id: 2316
Warning: received a response with an unexpected id: 2352
Warning: received a response with an unexpected id: 2398
Warning: received a response with an unexpected id: 2413
Warning: received a response with an unexpected id: 2264
Warning: received a response with an unexpected id: 2274
Warning: received a response with an unexpected id: 2296
Warning: received a response with an unexpected id: 2320
Warning: received a response with an unexpected id: 2334
Warning: received a response with an unexpected id: 2416
Warning: received a response with an unexpected id: 2322
Warning: received a response with an unexpected id: 2331
Warning: received a response with an unexpected id: 2219
Warning: received a response with an unexpected id: 2223
Warning: received a response with an unexpected id: 2225
Warning: received a response with an unexpected id: 2227
Warning: received a response with an unexpected id: 2233
Warning: received a response with an unexpected id: 2241
Warning: received a response with an unexpected id: 2243
Warning: received a response with an unexpected id: 2249
Warning: received a response with an unexpected id: 2253
Warning: received a response with an unexpected id: 2260
Warning: received a response with an unexpected id: 2271
Warning: received a response with an unexpected id: 2276
Warning: received a response with an unexpected id: 2327
Warning: received a response with an unexpected id: 2338
Warning: received a response with an unexpected id: 2307
Warning: received a response with an unexpected id: 2239
Warning: received a response with an unexpected id: 2402
Warning: received a response with an unexpected id: 2313
Warning: received a response with an unexpected id: 2331
Warning: received a response with an unexpected id: 2218
Warning: received a response with an unexpected id: 2329
Warning: received a response with an unexpected id: 2304
Warning: received a response with an unexpected id: 2420
Warning: received a response with an unexpected id: 2279
Warning: received a response with an unexpected id: 2391
Warning: received a response with an unexpected id: 2337
Warning: received a response with an unexpected id: 2389
Warning: received a response with an unexpected id: 2402
Warning: received a response with an unexpected id: 2386
Warning: received a response with an unexpected id: 2240
Warning: received a response with an unexpected id: 2246
Warning: received a response with an unexpected id: 2232
Warning: received a response with an unexpected id: 2326
Warning: received a response with an unexpected id: 2376
Warning: received a response with an unexpected id: 2377
Warning: received a response with an unexpected id: 2429
Warning: received a response with an unexpected id: 2364
Warning: received a response with an unexpected id: 2304
Warning: received a response with an unexpected id: 2341
Warning: received a response with an unexpected id: 2296
Warning: received a response with an unexpected id: 2258
Warning: received a response with an unexpected id: 2348
Warning: received a response with an unexpected id: 2391
Warning: received a response with an unexpected id: 2375
Warning: received a response with an unexpected id: 2342
Warning: received a response with an unexpected id: 2392
Warning: received a response with an unexpected id: 2433
Warning: received a response with an unexpected id: 2275
Warning: received a response with an unexpected id: 2329
Warning: received a response with an unexpected id: 2418
Warning: received a response with an unexpected id: 2439
Warning: received a response with an unexpected id: 2379
Warning: received a response with an unexpected id: 2393
Warning: received a response with an unexpected id: 2360
Warning: received a response with an unexpected id: 2430
Warning: received a response with an unexpected id: 2432
Warning: received a response with an unexpected id: 2334
Warning: received a response with an unexpected id: 2439
Warning: received a response with an unexpected id: 2440
Warning: received a response with an unexpected id: 2347
Warning: received a response with an unexpected id: 2366
Warning: received a response with an unexpected id: 2229
Warning: received a response with an unexpected id: 2355
Warning: received a response with an unexpected id: 2344
Warning: received a response with an unexpected id: 2349
Warning: received a response with an unexpected id: 2362
Warning: received a response with an unexpected id: 2424
Warning: received a response with an unexpected id: 2347
Warning: received a response with an unexpected id: 2407
Warning: received a response with an unexpected id: 2448
Warning: received a response with an unexpected id: 2299
Warning: received a response with an unexpected id: 2370
Warning: received a response with an unexpected id: 2382
Warning: received a response with an unexpected id: 2294
Warning: received a response with an unexpected id: 2437
Warning: received a response with an unexpected id: 2451
Warning: received a response with an unexpected id: 2414
Warning: received a response with an unexpected id: 2408
Warning: received a response with an unexpected id: 2342
Warning: received a response with an unexpected id: 2284
Warning: received a response with an unexpected id: 2445
Warning: received a response with an unexpected id: 2362
Warning: received a response with an unexpected id: 2450
Warning: received a response with an unexpected id: 2384
Warning: received a response with an unexpected id: 2365
Warning: received a response with an unexpected id: 2435
Warning: received a response with an unexpected id: 2405
Warning: received a response with an unexpected id: 2388
Warning: received a response with an unexpected id: 2428
Warning: received a response with an unexpected id: 2437
Warning: received a response with an unexpected id: 2448
Warning: received a response with an unexpected id: 2452
Warning: received a response with an unexpected id: 2433
Warning: received a response with an unexpected id: 2444
Warning: received a response with an unexpected id: 2288
Warning: received a response with an unexpected id: 2354
Warning: received a response with an unexpected id: 2336
Warning: received a response with an unexpected id: 2393
Warning: received a response with an unexpected id: 2378
Warning: received a response with an unexpected id: 2298
Warning: received a response with an unexpected id: 2312
Warning: received a response with an unexpected id: 2348
Warning: received a response with an unexpected id: 2413
Warning: received a response with an unexpected id: 2254
Warning: received a response with an unexpected id: 2458
Warning: received a response with an unexpected id: 2456
Warning: received a response with an unexpected id: 2454
Warning: received a response with an unexpected id: 2358
Warning: received a response with an unexpected id: 2461
Warning: received a response with an unexpected id: 2443
Warning: received a response with an unexpected id: 2341
Warning: received a response with an unexpected id: 2304
Warning: received a response with an unexpected id: 2331
Warning: received a response with an unexpected id: 2455
Warning: received a response with an unexpected id: 2471
Warning: received a response with an unexpected id: 2438
Warning: received a response with an unexpected id: 2474
Warning: received a response with an unexpected id: 2492
Warning: received a response with an unexpected id: 2503
Warning: received a response with an unexpected id: 2512
Warning: received a response with an unexpected id: 2529
Warning: received a response with an unexpected id: 2515
Warning: received a response with an unexpected id: 2515
Warning: received a response with an unexpected id: 2521
Warning: received a response with an unexpected id: 2532
Warning: received a response with an unexpected id: 2540
Warning: received a response with an unexpected id: 2522
Warning: received a response with an unexpected id: 2546
Warning: received a response with an unexpected id: 2556
Warning: received a response with an unexpected id: 2518
Warning: received a response with an unexpected id: 2537
Warning: received a response with an unexpected id: 2509
Warning: received a response with an unexpected id: 2517
Warning: received a response with an unexpected id: 2528
Warning: received a response with an unexpected id: 2541
Warning: received a response with an unexpected id: 2535
Warning: received a response with an unexpected id: 2511
Warning: received a response with an unexpected id: 2538
Warning: received a response with an unexpected id: 2553
Warning: received a response with an unexpected id: 2501
Warning: received a response with an unexpected id: 2529
Warning: received a response with an unexpected id: 2500
Warning: received a response with an unexpected id: 2537
Warning: received a response with an unexpected id: 2535
Warning: received a response with an unexpected id: 2493
Warning: received a response with an unexpected id: 2522
Warning: received a response with an unexpected id: 2525
Warning: received a response with an unexpected id: 2520
Warning: received a response with an unexpected id: 2526
Warning: received a response with an unexpected id: 2490
Warning: received a response with an unexpected id: 2489
Warning: received a response with an unexpected id: 2547
Warning: received a response with an unexpected id: 2528
Warning: received a response with an unexpected id: 2518
Warning: received a response with an unexpected id: 2512
Warning: received a response with an unexpected id: 2502
Warning: received a response with an unexpected id: 2559
Warning: received a response with an unexpected id: 2583
Warning: received a response with an unexpected id: 2521
Warning: received a response with an unexpected id: 2546
Warning: received a response with an unexpected id: 2598
Warning: received a response with an unexpected id: 2567
Warning: received a response with an unexpected id: 2527
Warning: received a response with an unexpected id: 2572
Warning: received a response with an unexpected id: 2551
Warning: received a response with an unexpected id: 2612
Warning: received a response with an unexpected id: 2616
Warning: received a response with an unexpected id: 2620
Warning: received a response with an unexpected id: 2582
Warning: received a response with an unexpected id: 2515
Warning: received a response with an unexpected id: 2596
Warning: received a response with an unexpected id: 2622
Warning: received a response with an unexpected id: 2588
Warning: received a response with an unexpected id: 2636
Warning: received a response with an unexpected id: 2603
Warning: received a response with an unexpected id: 2575
Warning: received a response with an unexpected id: 2609
Warning: received a response with an unexpected id: 2541
Warning: received a response with an unexpected id: 2608
Warning: received a response with an unexpected id: 2532
Warning: received a response with an unexpected id: 2599
Warning: received a response with an unexpected id: 2522
Warning: received a response with an unexpected id: 2568
Warning: received a response with an unexpected id: 2518
Warning: received a response with an unexpected id: 2523
Warning: received a response with an unexpected id: 2547
Warning: received a response with an unexpected id: 2602
Warning: received a response with an unexpected id: 2618
Warning: received a response with an unexpected id: 2631
Warning: received a response with an unexpected id: 2587
Warning: received a response with an unexpected id: 2654
Warning: received a response with an unexpected id: 2596
Warning: received a response with an unexpected id: 2610
Warning: received a response with an unexpected id: 2630
Warning: received a response with an unexpected id: 2636
Warning: received a response with an unexpected id: 2511
Warning: received a response with an unexpected id: 2513
Warning: received a response with an unexpected id: 2609
Warning: received a response with an unexpected id: 2629
Warning: received a response with an unexpected id: 2626
Warning: received a response with an unexpected id: 2642
Warning: received a response with an unexpected id: 2643
Warning: received a response with an unexpected id: 2655
Warning: received a response with an unexpected id: 2667
Warning: received a response with an unexpected id: 2586
Warning: received a response with an unexpected id: 2626
Warning: received a response with an unexpected id: 2644
Warning: received a response with an unexpected id: 2618
Warning: received a response with an unexpected id: 2620
Warning: received a response with an unexpected id: 2666
Warning: received a response with an unexpected id: 2643
Warning: received a response with an unexpected id: 2601
Warning: received a response with an unexpected id: 2607
Warning: received a response with an unexpected id: 2650
Warning: received a response with an unexpected id: 2650
Warning: received a response with an unexpected id: 2638
Warning: received a response with an unexpected id: 2636
Warning: received a response with an unexpected id: 2657
Warning: received a response with an unexpected id: 2663
Warning: received a response with an unexpected id: 2590
Warning: received a response with an unexpected id: 2582
Warning: received a response with an unexpected id: 2655
Warning: received a response with an unexpected id: 2602
Warning: received a response with an unexpected id: 2688
Warning: received a response with an unexpected id: 2654
Warning: received a response with an unexpected id: 2651
Warning: received a response with an unexpected id: 2617
Warning: received a response with an unexpected id: 2690
Warning: received a response with an unexpected id: 2673
Warning: received a response with an unexpected id: 2685
Warning: received a response with an unexpected id: 2679
Warning: received a response with an unexpected id: 2697
Warning: received a response with an unexpected id: 2669
Warning: received a response with an unexpected id: 2672
Warning: received a response with an unexpected id: 2677
Warning: received a response with an unexpected id: 2695
Warning: received a response with an unexpected id: 2581
Warning: received a response with an unexpected id: 2603
Warning: received a response with an unexpected id: 2622
Warning: received a response with an unexpected id: 2659
Warning: received a response with an unexpected id: 2658
Warning: received a response with an unexpected id: 2701
Warning: received a response with an unexpected id: 2593
Warning: received a response with an unexpected id: 2683
Warning: received a response with an unexpected id: 2708
Warning: received a response with an unexpected id: 2694
Warning: received a response with an unexpected id: 2584
Warning: received a response with an unexpected id: 2589
Warning: received a response with an unexpected id: 2681
Warning: received a response with an unexpected id: 2674
Warning: received a response with an unexpected id: 2752
Warning: received a response with an unexpected id: 2755
Warning: received a response with an unexpected id: 2764
Warning: received a response with an unexpected id: 2766
Warning: received a response with an unexpected id: 2763
Warning: received a response with an unexpected id: 2761
Warning: received a response with an unexpected id: 2762
Warning: received a response with an unexpected id: 2756
Warning: received a response with an unexpected id: 2751
Warning: received a response with an unexpected id: 2614
Warning: received a response with an unexpected id: 2640
Warning: received a response with an unexpected id: 2675
Warning: received a response with an unexpected id: 2749
Warning: received a response with an unexpected id: 2790
Warning: received a response with an unexpected id: 2798
Warning: received a response with an unexpected id: 2819
Warning: received a response with an unexpected id: 2851
Warning: received a response with an unexpected id: 2894
Warning: received a response with an unexpected id: 2858
Warning: received a response with an unexpected id: 3077
Error: failed to receive packet: Bad file descriptor
