DNS Resolution Performance Testing Tool
Version 2.14.0

[Status] Command line: resperf -P 20250620-0959.gnuplot -M doh -s 79.127.218.224 -O doh-uri=https://protective.joindns4.eu/dns-query -d domains_shuffled.list -C 50 -m 1300 -b 1400 -q 1000000 -R -r 10 -c 600 -t 30 -F 0
[Status] Sending
[Status] Ramp-up done, sending constant traffic
Warning: received a response with an unexpected id: 1678
Warning: received a response with an unexpected id: 1671
Warning: received a response with an unexpected id: 1702
Warning: received a response with an unexpected id: 1701
Warning: received a response with an unexpected id: 1676
Warning: received a response with an unexpected id: 2061
Warning: received a response with an unexpected id: 2079
Warning: received a response with an unexpected id: 2063
Warning: received a response with an unexpected id: 2075
Warning: received a response with an unexpected id: 4436
Warning: received a response with an unexpected id: 4844
Warning: received a response with an unexpected id: 4833
Warning: received a response with an unexpected id: 5115
Warning: received a response with an unexpected id: 5317
Warning: received a response with an unexpected id: 5312
Warning: received a response with an unexpected id: 5315
Warning: received a response with an unexpected id: 5319
Warning: received a response with an unexpected id: 5660
Warning: received a response with an unexpected id: 5655
Warning: received a response with an unexpected id: 5675
Warning: received a response with an unexpected id: 5683
Warning: received a response with an unexpected id: 5672
Warning: received a response with an unexpected id: 5668
Warning: received a response with an unexpected id: 5665
Warning: received a response with an unexpected id: 5680
Warning: received a response with an unexpected id: 5684
Warning: received a response with an unexpected id: 5727
Warning: received a response with an unexpected id: 5699
Warning: received a response with an unexpected id: 5651
Warning: received a response with an unexpected id: 5656
Warning: received a response with an unexpected id: 5722
Warning: received a response with an unexpected id: 7331
Warning: received a response with an unexpected id: 7356
Warning: received a response with an unexpected id: 8932
[Status] Waiting for more responses
[Status] Testing complete

Statistics:

  Queries sent:         786499
  Queries completed:    783751
  Queries lost:         2748
  Response codes:       NOERROR 494543 (63.10%), SERVFAIL 58387 (7.45%), NXDOMAIN 230821 (29.45%)

  Run time (s):         621.581867
  Maximum throughput:   6878.000000 qps
  Lost at that point:   0.06%

  Connection attempts:  71 (71 successful, 100.00%)

DNS-over-HTTPS statistics:

  HTTP/2 return codes:  200: 783785

