DNS Resolution Performance Testing Tool
Version 2.14.0

[Status] Command line: resperf -P 20250620-0851.gnuplot -M doh -s 79.127.218.224 -O doh-uri=https://protective.joindns4.eu/dns-query -d domains_shuffled.list -C 30 -m 1400 -b 1400 -q 500000 -R -r 10 -c 300 -t 30 -F 0
[Status] Sending
[Status] Ramp-up done, sending constant traffic
Warning: received a response with an unexpected id: 29190
Warning: nghttp2_session_send failed: The user callback function failed
Warning: received a response with an unexpected id: 1
[Status] Waiting for more responses
[Status] Testing complete

Statistics:

  Queries sent:         426999
  Queries completed:    424750
  Queries lost:         2249
  Response codes:       NOERROR 285904 (67.31%), SERVFAIL 9079 (2.14%), NXDOMAIN 129767 (30.55%)

  Run time (s):         323.120611
  Maximum throughput:   8466.000000 qps
  Lost at that point:   15.98%

  Connection attempts:  45 (44 successful, 97.78%)

DNS-over-HTTPS statistics:

  HTTP/2 return codes:  200: 424752

