DNS Resolution Performance Testing Tool
Version 2.14.0

[Status] Command line: resperf -P 20250620-0959.gnuplot -M doh -s 79.127.218.224 -O doh-uri=https://protective.joindns4.eu/dns-query -d domains_shuffled.list -C 50 -m 1300 -b 1400 -q 1000000 -R -r 10 -c 600 -t 30 -F 0
[Status] Sending
[Status] Ramp-up done, sending constant traffic
Warning: received a response with an unexpected id: 1673
Warning: received a response with an unexpected id: 2028
Warning: received a response with an unexpected id: 2055
Warning: received a response with an unexpected id: 2069
Warning: received a response with an unexpected id: 2075
Warning: received a response with an unexpected id: 2062
Warning: received a response with an unexpected id: 2431
Warning: received a response with an unexpected id: 2814
Warning: received a response with an unexpected id: 2810
Warning: received a response with an unexpected id: 2813
Warning: received a response with an unexpected id: 2809
Warning: received a response with an unexpected id: 2816
Warning: received a response with an unexpected id: 2808
Warning: received a response with an unexpected id: 2807
Warning: received a response with an unexpected id: 2812
Warning: received a response with an unexpected id: 4122
Warning: received a response with an unexpected id: 4116
Warning: received a response with an unexpected id: 4578
Warning: received a response with an unexpected id: 4691
Warning: received a response with an unexpected id: 4689
Warning: received a response with an unexpected id: 4813
Warning: received a response with an unexpected id: 4823
Warning: received a response with an unexpected id: 4820
Warning: received a response with an unexpected id: 4810
Warning: received a response with an unexpected id: 4969
Warning: received a response with an unexpected id: 5104
Warning: received a response with an unexpected id: 5106
Warning: received a response with an unexpected id: 5107
Warning: received a response with an unexpected id: 5108
Warning: received a response with an unexpected id: 5110
Warning: received a response with an unexpected id: 5101
Warning: received a response with an unexpected id: 5100
Warning: received a response with an unexpected id: 8738
Warning: received a response with an unexpected id: 20353
Warning: received a response with an unexpected id: 8395
Warning: received a response with an unexpected id: 8430
Warning: received a response with an unexpected id: 9009
Warning: received a response with an unexpected id: 9020
Warning: nghttp2_session_send failed: The user callback function failed
Warning: nghttp2_session_send failed: The user callback function failed
Warning: nghttp2_session_send failed: The user callback function failed
[Status] Waiting for more responses
[Status] Testing complete

Statistics:

  Queries sent:         786499
  Queries completed:    783070
  Queries lost:         3429
  Response codes:       NOERROR 495193 (63.24%), SERVFAIL 58239 (7.44%), NXDOMAIN 229638 (29.33%)

  Run time (s):         621.908566
  Maximum throughput:   9506.000000 qps
  Lost at that point:   0.00%

  Connection attempts:  67 (66 successful, 98.51%)

DNS-over-HTTPS statistics:

  HTTP/2 return codes:  200: 783108

