DNS Resolution Performance Testing Tool
Version 2.14.0

[Status] Command line: resperf -P 20250620-0806.gnuplot -M doh -s 79.127.218.224 -O doh-uri=https://protective.joindns4.eu/dns-query -d domains_shuffled.list -C 100 -m 1300 -b 1400 -q 500000 -R -r 10 -c 300 -t 30 -F 0
[Status] Sending
[Status] Ramp-up done, sending constant traffic
Warning: received a response with an unexpected id: 1376
Warning: received a response with an unexpected id: 1395
Warning: received a response with an unexpected id: 1401
Warning: received a response with an unexpected id: 1410
Warning: received a response with an unexpected id: 1387
Warning: received a response with an unexpected id: 1390
Warning: received a response with an unexpected id: 1371
Warning: received a response with an unexpected id: 1399
Warning: received a response with an unexpected id: 1393
Warning: received a response with an unexpected id: 1420
Warning: received a response with an unexpected id: 1392
Warning: received a response with an unexpected id: 1380
Warning: received a response with an unexpected id: 1406
Warning: received a response with an unexpected id: 1421
Warning: received a response with an unexpected id: 1369
Warning: received a response with an unexpected id: 1373
Warning: received a response with an unexpected id: 1431
Warning: received a response with an unexpected id: 1397
Warning: received a response with an unexpected id: 1428
Warning: received a response with an unexpected id: 1374
Warning: received a response with an unexpected id: 1384
Warning: received a response with an unexpected id: 1412
Warning: received a response with an unexpected id: 1436
Warning: received a response with an unexpected id: 1407
Warning: received a response with an unexpected id: 1400
Warning: received a response with an unexpected id: 1408
Warning: received a response with an unexpected id: 1409
Warning: received a response with an unexpected id: 1430
Warning: received a response with an unexpected id: 1372
Warning: received a response with an unexpected id: 1433
Warning: received a response with an unexpected id: 1415
Warning: received a response with an unexpected id: 1432
Warning: received a response with an unexpected id: 1427
Warning: received a response with an unexpected id: 1613
Warning: received a response with an unexpected id: 1602
Warning: received a response with an unexpected id: 1646
Warning: received a response with an unexpected id: 1657
Warning: received a response with an unexpected id: 1648
Warning: received a response with an unexpected id: 1643
Warning: received a response with an unexpected id: 1644
Warning: received a response with an unexpected id: 1655
Warning: received a response with an unexpected id: 1653
Warning: received a response with an unexpected id: 1656
Warning: received a response with an unexpected id: 1653
Warning: received a response with an unexpected id: 1658
Warning: received a response with an unexpected id: 1660
Warning: received a response with an unexpected id: 1663
Warning: received a response with an unexpected id: 1659
Warning: received a response with an unexpected id: 1790
Warning: received a response with an unexpected id: 1784
Warning: received a response with an unexpected id: 1788
Warning: received a response with an unexpected id: 1817
Warning: received a response with an unexpected id: 1803
Warning: received a response with an unexpected id: 1805
Warning: received a response with an unexpected id: 1803
Warning: received a response with an unexpected id: 1808
Warning: received a response with an unexpected id: 1835
Warning: received a response with an unexpected id: 1813
Warning: received a response with an unexpected id: 1819
Warning: received a response with an unexpected id: 1822
Warning: received a response with an unexpected id: 1834
Warning: received a response with an unexpected id: 1809
Warning: received a response with an unexpected id: 1815
Warning: received a response with an unexpected id: 1836
Warning: received a response with an unexpected id: 1778
Warning: received a response with an unexpected id: 1780
Warning: received a response with an unexpected id: 1808
Warning: received a response with an unexpected id: 1783
Warning: received a response with an unexpected id: 1789
Warning: received a response with an unexpected id: 1800
Warning: received a response with an unexpected id: 1805
Warning: received a response with an unexpected id: 1812
Warning: received a response with an unexpected id: 1838
Warning: received a response with an unexpected id: 1832
Warning: received a response with an unexpected id: 1839
Warning: received a response with an unexpected id: 1858
Warning: received a response with an unexpected id: 1858
Warning: received a response with an unexpected id: 1833
Warning: received a response with an unexpected id: 1796
Warning: received a response with an unexpected id: 1809
Warning: received a response with an unexpected id: 1817
Warning: received a response with an unexpected id: 1858
Warning: received a response with an unexpected id: 1860
Warning: received a response with an unexpected id: 1863
Warning: received a response with an unexpected id: 1867
Warning: received a response with an unexpected id: 1868
Warning: received a response with an unexpected id: 1853
Warning: received a response with an unexpected id: 1850
Warning: received a response with an unexpected id: 1866
Warning: received a response with an unexpected id: 1844
Warning: received a response with an unexpected id: 1801
Warning: received a response with an unexpected id: 1855
Warning: received a response with an unexpected id: 1856
Warning: received a response with an unexpected id: 1862
Warning: received a response with an unexpected id: 1865
Warning: received a response with an unexpected id: 1868
Warning: received a response with an unexpected id: 1872
Warning: received a response with an unexpected id: 1873
Warning: received a response with an unexpected id: 1824
Warning: received a response with an unexpected id: 1859
Warning: received a response with an unexpected id: 1866
Warning: received a response with an unexpected id: 1866
Warning: received a response with an unexpected id: 1858
Warning: received a response with an unexpected id: 1860
Warning: received a response with an unexpected id: 1862
Warning: received a response with an unexpected id: 1866
Warning: received a response with an unexpected id: 1869
Warning: received a response with an unexpected id: 1876
Warning: received a response with an unexpected id: 1879
Warning: received a response with an unexpected id: 1864
Warning: received a response with an unexpected id: 1870
Warning: received a response with an unexpected id: 1860
Warning: received a response with an unexpected id: 1862
Warning: received a response with an unexpected id: 1864
Warning: received a response with an unexpected id: 1865
Warning: received a response with an unexpected id: 1869
Warning: received a response with an unexpected id: 1870
Warning: received a response with an unexpected id: 1872
Warning: received a response with an unexpected id: 1874
Warning: received a response with an unexpected id: 1875
Warning: received a response with an unexpected id: 1877
Warning: received a response with an unexpected id: 1878
Warning: received a response with an unexpected id: 1881
Warning: received a response with an unexpected id: 1857
Warning: received a response with an unexpected id: 1824
Warning: received a response with an unexpected id: 1874
Warning: received a response with an unexpected id: 1814
Warning: received a response with an unexpected id: 1832
Warning: received a response with an unexpected id: 1842
Warning: received a response with an unexpected id: 1879
Warning: received a response with an unexpected id: 1872
Warning: received a response with an unexpected id: 1875
Warning: received a response with an unexpected id: 1884
Warning: received a response with an unexpected id: 1857
Warning: received a response with an unexpected id: 1865
Warning: received a response with an unexpected id: 1882
Warning: received a response with an unexpected id: 1881
Warning: received a response with an unexpected id: 1863
Warning: received a response with an unexpected id: 1864
Warning: received a response with an unexpected id: 1880
Warning: received a response with an unexpected id: 1881
Warning: received a response with an unexpected id: 1883
Warning: received a response with an unexpected id: 1828
Warning: received a response with an unexpected id: 1865
Warning: received a response with an unexpected id: 1867
Warning: received a response with an unexpected id: 1868
Warning: received a response with an unexpected id: 1873
Warning: received a response with an unexpected id: 1876
Warning: received a response with an unexpected id: 1877
Warning: received a response with an unexpected id: 1806
Warning: received a response with an unexpected id: 1863
Warning: received a response with an unexpected id: 1812
Warning: received a response with an unexpected id: 1879
Warning: received a response with an unexpected id: 1880
Warning: received a response with an unexpected id: 1881
Warning: received a response with an unexpected id: 1885
Warning: received a response with an unexpected id: 1871
Warning: received a response with an unexpected id: 1845
Warning: received a response with an unexpected id: 1840
Warning: received a response with an unexpected id: 1804
Warning: received a response with an unexpected id: 1795
Warning: received a response with an unexpected id: 1873
Warning: received a response with an unexpected id: 1840
Warning: received a response with an unexpected id: 1816
Warning: received a response with an unexpected id: 1847
Warning: received a response with an unexpected id: 1831
Warning: received a response with an unexpected id: 1878
Warning: received a response with an unexpected id: 1829
Warning: received a response with an unexpected id: 1876
Warning: received a response with an unexpected id: 1875
Warning: received a response with an unexpected id: 1828
Warning: received a response with an unexpected id: 1841
Warning: received a response with an unexpected id: 1853
Warning: received a response with an unexpected id: 1821
Warning: received a response with an unexpected id: 1869
Warning: received a response with an unexpected id: 1864
Warning: received a response with an unexpected id: 1837
Warning: received a response with an unexpected id: 1886
Warning: received a response with an unexpected id: 1833
Warning: received a response with an unexpected id: 1877
Warning: received a response with an unexpected id: 1861
Warning: received a response with an unexpected id: 1890
Warning: received a response with an unexpected id: 1861
Warning: received a response with an unexpected id: 1886
Warning: received a response with an unexpected id: 1848
Warning: received a response with an unexpected id: 1849
Warning: received a response with an unexpected id: 1892
Warning: received a response with an unexpected id: 1889
Warning: received a response with an unexpected id: 1843
Warning: received a response with an unexpected id: 1838
Warning: received a response with an unexpected id: 1810
Warning: received a response with an unexpected id: 1869
Warning: received a response with an unexpected id: 1867
Warning: received a response with an unexpected id: 1851
Warning: received a response with an unexpected id: 1852
Warning: received a response with an unexpected id: 1815
Warning: received a response with an unexpected id: 1900
Warning: received a response with an unexpected id: 1877
Warning: received a response with an unexpected id: 1892
Warning: received a response with an unexpected id: 1846
Warning: received a response with an unexpected id: 1856
Warning: received a response with an unexpected id: 1902
Warning: received a response with an unexpected id: 1900
Warning: received a response with an unexpected id: 1893
Warning: received a response with an unexpected id: 1855
Warning: received a response with an unexpected id: 1868
Warning: received a response with an unexpected id: 1879
Warning: received a response with an unexpected id: 1811
Warning: received a response with an unexpected id: 1821
Warning: received a response with an unexpected id: 1862
Warning: received a response with an unexpected id: 1812
Warning: received a response with an unexpected id: 1813
Warning: received a response with an unexpected id: 1814
Warning: received a response with an unexpected id: 1817
Warning: received a response with an unexpected id: 1818
Warning: received a response with an unexpected id: 1819
Warning: received a response with an unexpected id: 1820
Warning: received a response with an unexpected id: 1822
Warning: received a response with an unexpected id: 1825
Warning: received a response with an unexpected id: 1830
Warning: received a response with an unexpected id: 1831
Warning: received a response with an unexpected id: 1833
Warning: received a response with an unexpected id: 1834
Warning: received a response with an unexpected id: 1835
Warning: received a response with an unexpected id: 1842
Warning: received a response with an unexpected id: 1845
Warning: received a response with an unexpected id: 1846
Warning: received a response with an unexpected id: 1848
Warning: received a response with an unexpected id: 1849
Warning: received a response with an unexpected id: 1850
Warning: received a response with an unexpected id: 1852
Warning: received a response with an unexpected id: 1853
Warning: received a response with an unexpected id: 1855
Warning: received a response with an unexpected id: 1858
Warning: received a response with an unexpected id: 1859
Warning: received a response with an unexpected id: 1860
Warning: received a response with an unexpected id: 1861
Warning: received a response with an unexpected id: 1863
Warning: received a response with an unexpected id: 1866
Warning: received a response with an unexpected id: 1868
Warning: received a response with an unexpected id: 1870
Warning: received a response with an unexpected id: 1872
Warning: received a response with an unexpected id: 1873
Warning: received a response with an unexpected id: 1875
Warning: received a response with an unexpected id: 1876
Warning: received a response with an unexpected id: 1881
Warning: received a response with an unexpected id: 1884
Warning: received a response with an unexpected id: 1886
Warning: received a response with an unexpected id: 1887
Warning: received a response with an unexpected id: 1888
Warning: received a response with an unexpected id: 1890
Warning: received a response with an unexpected id: 1891
Warning: received a response with an unexpected id: 1894
Warning: received a response with an unexpected id: 1902
Warning: received a response with an unexpected id: 1904
Warning: received a response with an unexpected id: 1906
Warning: received a response with an unexpected id: 1876
Warning: received a response with an unexpected id: 1907
Warning: received a response with an unexpected id: 1827
Warning: received a response with an unexpected id: 1829
Warning: received a response with an unexpected id: 1836
Warning: received a response with an unexpected id: 1881
Warning: received a response with an unexpected id: 1866
Warning: received a response with an unexpected id: 1875
Warning: received a response with an unexpected id: 1857
Warning: received a response with an unexpected id: 1870
Warning: received a response with an unexpected id: 1888
Warning: received a response with an unexpected id: 1901
Warning: received a response with an unexpected id: 1853
Warning: received a response with an unexpected id: 1855
Warning: received a response with an unexpected id: 1856
Warning: received a response with an unexpected id: 1858
Warning: received a response with an unexpected id: 1860
Warning: received a response with an unexpected id: 1861
Warning: received a response with an unexpected id: 1862
Warning: received a response with an unexpected id: 1865
Warning: received a response with an unexpected id: 1869
Warning: received a response with an unexpected id: 1872
Warning: received a response with an unexpected id: 1874
Warning: received a response with an unexpected id: 1877
Warning: received a response with an unexpected id: 1878
Warning: received a response with an unexpected id: 1881
Warning: received a response with an unexpected id: 1906
Warning: received a response with an unexpected id: 1873
Warning: received a response with an unexpected id: 1844
Warning: received a response with an unexpected id: 1882
Warning: received a response with an unexpected id: 1880
Warning: received a response with an unexpected id: 1882
Warning: received a response with an unexpected id: 1883
Warning: received a response with an unexpected id: 1884
Warning: received a response with an unexpected id: 1885
Warning: received a response with an unexpected id: 1889
Warning: received a response with an unexpected id: 1890
Warning: received a response with an unexpected id: 1891
Warning: received a response with an unexpected id: 1892
Warning: received a response with an unexpected id: 1893
Warning: received a response with an unexpected id: 1898
Warning: received a response with an unexpected id: 1901
Warning: received a response with an unexpected id: 1902
Warning: received a response with an unexpected id: 1905
Warning: received a response with an unexpected id: 1906
Warning: received a response with an unexpected id: 1907
Warning: received a response with an unexpected id: 1908
Warning: received a response with an unexpected id: 1911
Warning: received a response with an unexpected id: 1911
Warning: received a response with an unexpected id: 1847
Warning: received a response with an unexpected id: 1874
Warning: received a response with an unexpected id: 1909
Warning: received a response with an unexpected id: 1911
Warning: received a response with an unexpected id: 1916
Warning: received a response with an unexpected id: 1859
Warning: received a response with an unexpected id: 1876
Warning: received a response with an unexpected id: 1909
Warning: received a response with an unexpected id: 1912
Warning: received a response with an unexpected id: 1915
Error: failed to receive packet: Bad file descriptor
