DNS Resolution Performance Testing Tool
Version 2.14.0

[Status] Command line: resperf -P 20250620-0726.gnuplot -M doh -s 79.127.218.224 -O doh-uri=https://protective.joindns4.eu/dns-query -d domains_shuffled.list -C 50 -m 1400 -b 1400 -q 500000 -R -r 10 -c 300 -t 30 -F 0
[Status] Sending
[Status] Ramp-up done, sending constant traffic
Warning: received a response with an unexpected id: 1731
Warning: received a response with an unexpected id: 1736
Warning: received a response with an unexpected id: 1730
Warning: received a response with an unexpected id: 1741
Warning: received a response with an unexpected id: 1738
Warning: received a response with an unexpected id: 1737
Warning: received a response with an unexpected id: 1750
Warning: received a response with an unexpected id: 1739
Warning: received a response with an unexpected id: 1760
Warning: received a response with an unexpected id: 1753
Warning: received a response with an unexpected id: 1758
Warning: received a response with an unexpected id: 1793
Warning: received a response with an unexpected id: 1759
Warning: received a response with an unexpected id: 2118
Warning: received a response with an unexpected id: 2133
Warning: received a response with an unexpected id: 2134
Warning: received a response with an unexpected id: 2134
Warning: received a response with an unexpected id: 2126
Warning: received a response with an unexpected id: 2144
Warning: received a response with an unexpected id: 2166
Warning: received a response with an unexpected id: 2142
Warning: received a response with an unexpected id: 2140
Warning: received a response with an unexpected id: 2147
Warning: received a response with an unexpected id: 2198
Warning: received a response with an unexpected id: 2200
Warning: received a response with an unexpected id: 2151
Warning: received a response with an unexpected id: 2188
Warning: received a response with an unexpected id: 2168
Warning: received a response with an unexpected id: 2159
Warning: received a response with an unexpected id: 2173
Warning: received a response with an unexpected id: 2199
Warning: received a response with an unexpected id: 2119
Warning: received a response with an unexpected id: 2164
Warning: received a response with an unexpected id: 2191
Warning: received a response with an unexpected id: 2216
Warning: received a response with an unexpected id: 2132
Warning: received a response with an unexpected id: 2220
Warning: received a response with an unexpected id: 2182
Warning: received a response with an unexpected id: 2121
Warning: received a response with an unexpected id: 2141
Warning: received a response with an unexpected id: 2173
Warning: received a response with an unexpected id: 2178
Warning: received a response with an unexpected id: 2218
Warning: received a response with an unexpected id: 2155
Warning: received a response with an unexpected id: 2163
Warning: received a response with an unexpected id: 2212
Warning: received a response with an unexpected id: 2205
Warning: received a response with an unexpected id: 2211
Warning: received a response with an unexpected id: 2124
Warning: received a response with an unexpected id: 2200
Warning: received a response with an unexpected id: 2149
Warning: received a response with an unexpected id: 2203
Warning: received a response with an unexpected id: 2182
Warning: received a response with an unexpected id: 2158
Warning: received a response with an unexpected id: 2224
Warning: received a response with an unexpected id: 2129
Warning: received a response with an unexpected id: 2195
Warning: received a response with an unexpected id: 2227
Warning: received a response with an unexpected id: 2158
Warning: received a response with an unexpected id: 2172
Warning: received a response with an unexpected id: 2191
Warning: received a response with an unexpected id: 2220
Warning: received a response with an unexpected id: 2142
Warning: received a response with an unexpected id: 2215
Warning: received a response with an unexpected id: 2191
Warning: received a response with an unexpected id: 2181
Warning: received a response with an unexpected id: 2237
Warning: received a response with an unexpected id: 2236
Warning: received a response with an unexpected id: 2229
Warning: received a response with an unexpected id: 2182
Warning: received a response with an unexpected id: 2137
Warning: received a response with an unexpected id: 2211
Warning: received a response with an unexpected id: 2150
Warning: received a response with an unexpected id: 2230
Warning: received a response with an unexpected id: 2235
Warning: received a response with an unexpected id: 2124
Warning: received a response with an unexpected id: 2227
Warning: received a response with an unexpected id: 2157
Warning: received a response with an unexpected id: 2198
Warning: received a response with an unexpected id: 2166
Warning: received a response with an unexpected id: 2246
Warning: received a response with an unexpected id: 2156
Warning: received a response with an unexpected id: 2252
Warning: received a response with an unexpected id: 2223
Warning: received a response with an unexpected id: 2216
Warning: received a response with an unexpected id: 2230
Warning: received a response with an unexpected id: 2210
Warning: received a response with an unexpected id: 2194
Warning: received a response with an unexpected id: 2213
Warning: received a response with an unexpected id: 2243
Warning: received a response with an unexpected id: 2143
Warning: received a response with an unexpected id: 2145
Warning: received a response with an unexpected id: 2276
Warning: received a response with an unexpected id: 2357
Warning: received a response with an unexpected id: 2362
Warning: received a response with an unexpected id: 2360
Warning: received a response with an unexpected id: 2371
Warning: received a response with an unexpected id: 2365
Warning: received a response with an unexpected id: 2369
Warning: received a response with an unexpected id: 2371
Warning: received a response with an unexpected id: 2368
Warning: received a response with an unexpected id: 2374
Warning: received a response with an unexpected id: 2352
Warning: received a response with an unexpected id: 2366
Warning: received a response with an unexpected id: 2377
Warning: received a response with an unexpected id: 2364
Warning: received a response with an unexpected id: 2370
Warning: received a response with an unexpected id: 2359
Warning: received a response with an unexpected id: 2280
Warning: received a response with an unexpected id: 2296
Warning: received a response with an unexpected id: 2216
Warning: received a response with an unexpected id: 2252
Warning: received a response with an unexpected id: 2318
Warning: received a response with an unexpected id: 2378
Warning: received a response with an unexpected id: 2373
Warning: received a response with an unexpected id: 2370
Warning: received a response with an unexpected id: 2367
Warning: received a response with an unexpected id: 2127
Warning: received a response with an unexpected id: 2313
Warning: received a response with an unexpected id: 2145
Warning: received a response with an unexpected id: 2278
Warning: received a response with an unexpected id: 2325
Warning: received a response with an unexpected id: 2339
Warning: received a response with an unexpected id: 2356
Warning: received a response with an unexpected id: 2360
Warning: received a response with an unexpected id: 2201
Warning: received a response with an unexpected id: 2322
Warning: received a response with an unexpected id: 2161
Warning: received a response with an unexpected id: 2276
Warning: received a response with an unexpected id: 2179
Warning: received a response with an unexpected id: 2281
Warning: received a response with an unexpected id: 2291
Warning: received a response with an unexpected id: 2238
Warning: received a response with an unexpected id: 2241
Warning: received a response with an unexpected id: 2347
Warning: received a response with an unexpected id: 2279
Warning: received a response with an unexpected id: 2377
Warning: received a response with an unexpected id: 2189
Warning: received a response with an unexpected id: 2331
Warning: received a response with an unexpected id: 2120
Warning: received a response with an unexpected id: 2219
Warning: received a response with an unexpected id: 2266
Warning: received a response with an unexpected id: 2267
Warning: received a response with an unexpected id: 2149
Warning: received a response with an unexpected id: 2291
Warning: received a response with an unexpected id: 2150
Warning: received a response with an unexpected id: 2293
Warning: received a response with an unexpected id: 2151
Warning: received a response with an unexpected id: 2174
Warning: received a response with an unexpected id: 2196
Warning: received a response with an unexpected id: 2198
Warning: received a response with an unexpected id: 2201
Warning: received a response with an unexpected id: 2285
Warning: received a response with an unexpected id: 2183
Warning: received a response with an unexpected id: 2277
Warning: received a response with an unexpected id: 2280
Warning: received a response with an unexpected id: 2270
Warning: received a response with an unexpected id: 2181
Warning: received a response with an unexpected id: 2252
Warning: received a response with an unexpected id: 2248
Warning: received a response with an unexpected id: 2302
Warning: received a response with an unexpected id: 2306
Warning: received a response with an unexpected id: 2174
Warning: received a response with an unexpected id: 2190
Warning: received a response with an unexpected id: 2348
Warning: received a response with an unexpected id: 2122
Warning: received a response with an unexpected id: 2316
Warning: received a response with an unexpected id: 2319
Warning: received a response with an unexpected id: 2267
Warning: received a response with an unexpected id: 2326
Warning: received a response with an unexpected id: 2328
Warning: received a response with an unexpected id: 2329
Warning: received a response with an unexpected id: 2338
Warning: received a response with an unexpected id: 2169
Warning: received a response with an unexpected id: 2212
Warning: received a response with an unexpected id: 2249
Warning: received a response with an unexpected id: 2330
Warning: received a response with an unexpected id: 2339
Warning: received a response with an unexpected id: 2344
Warning: received a response with an unexpected id: 2385
Warning: received a response with an unexpected id: 2235
Warning: received a response with an unexpected id: 2238
Warning: received a response with an unexpected id: 2245
Warning: received a response with an unexpected id: 2247
Warning: received a response with an unexpected id: 2251
Warning: received a response with an unexpected id: 2340
Warning: received a response with an unexpected id: 2204
Warning: received a response with an unexpected id: 2127
Warning: received a response with an unexpected id: 2165
Warning: received a response with an unexpected id: 2171
Warning: received a response with an unexpected id: 2256
Warning: received a response with an unexpected id: 2284
Warning: received a response with an unexpected id: 2359
Warning: received a response with an unexpected id: 2376
Warning: received a response with an unexpected id: 2378
Warning: received a response with an unexpected id: 2233
Warning: received a response with an unexpected id: 2152
Warning: received a response with an unexpected id: 2153
Warning: received a response with an unexpected id: 2160
Warning: received a response with an unexpected id: 2321
Warning: received a response with an unexpected id: 2333
Warning: received a response with an unexpected id: 2353
Warning: received a response with an unexpected id: 2273
Warning: received a response with an unexpected id: 2284
Warning: received a response with an unexpected id: 2366
Warning: received a response with an unexpected id: 2381
Warning: received a response with an unexpected id: 2196
Warning: received a response with an unexpected id: 2294
Warning: received a response with an unexpected id: 2136
Warning: received a response with an unexpected id: 2160
Warning: received a response with an unexpected id: 2388
Warning: received a response with an unexpected id: 2391
Warning: received a response with an unexpected id: 2335
Warning: received a response with an unexpected id: 2386
Warning: received a response with an unexpected id: 2354
Warning: received a response with an unexpected id: 2366
Warning: received a response with an unexpected id: 2228
Warning: received a response with an unexpected id: 2317
Warning: received a response with an unexpected id: 2349
Warning: received a response with an unexpected id: 2386
Warning: received a response with an unexpected id: 2236
Warning: received a response with an unexpected id: 2296
Warning: received a response with an unexpected id: 2337
Warning: received a response with an unexpected id: 2341
Warning: received a response with an unexpected id: 2139
Warning: received a response with an unexpected id: 2294
Warning: received a response with an unexpected id: 2152
Warning: received a response with an unexpected id: 2156
Warning: received a response with an unexpected id: 2157
Warning: received a response with an unexpected id: 2159
Warning: received a response with an unexpected id: 2161
Warning: received a response with an unexpected id: 2165
Warning: received a response with an unexpected id: 2168
Warning: received a response with an unexpected id: 2138
Warning: received a response with an unexpected id: 2358
Warning: received a response with an unexpected id: 2204
Warning: received a response with an unexpected id: 2207
Warning: received a response with an unexpected id: 2295
Warning: received a response with an unexpected id: 2307
Warning: received a response with an unexpected id: 2311
Warning: received a response with an unexpected id: 2346
Warning: received a response with an unexpected id: 2309
Warning: received a response with an unexpected id: 2326
Warning: received a response with an unexpected id: 2329
Warning: received a response with an unexpected id: 2392
Warning: received a response with an unexpected id: 2365
Warning: received a response with an unexpected id: 2228
Warning: received a response with an unexpected id: 2222
Warning: received a response with an unexpected id: 2266
Warning: received a response with an unexpected id: 2390
Warning: received a response with an unexpected id: 2269
Warning: received a response with an unexpected id: 2176
Warning: received a response with an unexpected id: 2177
Warning: received a response with an unexpected id: 2321
Warning: received a response with an unexpected id: 2175
Warning: received a response with an unexpected id: 2368
Warning: received a response with an unexpected id: 2380
Warning: received a response with an unexpected id: 2366
Warning: received a response with an unexpected id: 2361
Warning: received a response with an unexpected id: 2364
Warning: received a response with an unexpected id: 2225
Warning: received a response with an unexpected id: 2238
Warning: received a response with an unexpected id: 2330
Warning: received a response with an unexpected id: 2345
Warning: received a response with an unexpected id: 2351
Warning: received a response with an unexpected id: 2352
Warning: received a response with an unexpected id: 2357
Warning: received a response with an unexpected id: 2382
Warning: received a response with an unexpected id: 2255
Warning: received a response with an unexpected id: 2258
Warning: received a response with an unexpected id: 2275
Warning: received a response with an unexpected id: 2283
Warning: received a response with an unexpected id: 2285
Warning: received a response with an unexpected id: 2300
Warning: received a response with an unexpected id: 2366
Warning: received a response with an unexpected id: 2345
Warning: received a response with an unexpected id: 2353
Warning: received a response with an unexpected id: 2367
Warning: received a response with an unexpected id: 2389
Warning: received a response with an unexpected id: 2208
Warning: received a response with an unexpected id: 2244
Warning: received a response with an unexpected id: 2269
Warning: received a response with an unexpected id: 2344
Warning: received a response with an unexpected id: 2361
Warning: received a response with an unexpected id: 2318
Warning: received a response with an unexpected id: 2315
Warning: received a response with an unexpected id: 2404
Warning: received a response with an unexpected id: 2204
Warning: received a response with an unexpected id: 2214
Warning: received a response with an unexpected id: 2223
Warning: received a response with an unexpected id: 2361
Warning: received a response with an unexpected id: 2367
Warning: received a response with an unexpected id: 2369
Warning: received a response with an unexpected id: 2370
Warning: received a response with an unexpected id: 2371
Warning: received a response with an unexpected id: 2372
Warning: received a response with an unexpected id: 2379
Warning: received a response with an unexpected id: 2385
Warning: received a response with an unexpected id: 2391
Warning: received a response with an unexpected id: 2301
Warning: received a response with an unexpected id: 2383
Warning: received a response with an unexpected id: 2207
Warning: received a response with an unexpected id: 2227
Warning: received a response with an unexpected id: 2314
Warning: received a response with an unexpected id: 2404
Warning: received a response with an unexpected id: 2342
Warning: received a response with an unexpected id: 2320
Warning: received a response with an unexpected id: 2254
Warning: received a response with an unexpected id: 2322
Warning: received a response with an unexpected id: 2376
Warning: received a response with an unexpected id: 2415
Warning: received a response with an unexpected id: 2386
Warning: received a response with an unexpected id: 2416
Warning: received a response with an unexpected id: 2281
Warning: received a response with an unexpected id: 2323
Warning: received a response with an unexpected id: 2334
Warning: received a response with an unexpected id: 2389
Warning: received a response with an unexpected id: 2415
Warning: received a response with an unexpected id: 2240
Warning: received a response with an unexpected id: 2409
Warning: received a response with an unexpected id: 2346
Warning: received a response with an unexpected id: 2349
Warning: received a response with an unexpected id: 2351
Warning: received a response with an unexpected id: 2368
Warning: received a response with an unexpected id: 2369
Warning: received a response with an unexpected id: 2374
Warning: received a response with an unexpected id: 2375
Warning: received a response with an unexpected id: 2378
Warning: received a response with an unexpected id: 2395
Warning: received a response with an unexpected id: 2402
Warning: received a response with an unexpected id: 2413
Warning: received a response with an unexpected id: 2313
Warning: received a response with an unexpected id: 2419
Warning: received a response with an unexpected id: 2363
Warning: received a response with an unexpected id: 2405
Warning: received a response with an unexpected id: 2410
Warning: received a response with an unexpected id: 2416
Warning: received a response with an unexpected id: 2418
Warning: received a response with an unexpected id: 2205
Warning: received a response with an unexpected id: 2401
Warning: received a response with an unexpected id: 2403
Warning: received a response with an unexpected id: 2268
Warning: received a response with an unexpected id: 2420
Warning: received a response with an unexpected id: 2375
Warning: received a response with an unexpected id: 2417
Warning: received a response with an unexpected id: 2418
Warning: received a response with an unexpected id: 2357
Warning: received a response with an unexpected id: 2411
Warning: received a response with an unexpected id: 2352
Warning: received a response with an unexpected id: 2373
Warning: received a response with an unexpected id: 2421
Warning: received a response with an unexpected id: 2428
Warning: received a response with an unexpected id: 2265
Warning: received a response with an unexpected id: 2394
Warning: received a response with an unexpected id: 2423
Warning: received a response with an unexpected id: 2424
Warning: received a response with an unexpected id: 2312
Warning: received a response with an unexpected id: 2274
Warning: received a response with an unexpected id: 2209
Warning: received a response with an unexpected id: 2344
Warning: received a response with an unexpected id: 2425
Warning: received a response with an unexpected id: 2428
Warning: received a response with an unexpected id: 2409
Warning: received a response with an unexpected id: 2363
Warning: received a response with an unexpected id: 2345
Warning: received a response with an unexpected id: 2391
Warning: received a response with an unexpected id: 2419
Warning: received a response with an unexpected id: 2408
Warning: received a response with an unexpected id: 2422
Warning: received a response with an unexpected id: 2424
Warning: received a response with an unexpected id: 2381
Warning: received a response with an unexpected id: 2421
Warning: received a response with an unexpected id: 2436
Warning: received a response with an unexpected id: 2421
Warning: received a response with an unexpected id: 2341
Warning: received a response with an unexpected id: 2380
Warning: received a response with an unexpected id: 2397
Warning: received a response with an unexpected id: 2411
Warning: received a response with an unexpected id: 2407
Warning: received a response with an unexpected id: 2376
Warning: received a response with an unexpected id: 2442
Warning: received a response with an unexpected id: 2414
Warning: received a response with an unexpected id: 2409
Warning: received a response with an unexpected id: 2432
Warning: received a response with an unexpected id: 2428
Warning: received a response with an unexpected id: 2431
Warning: received a response with an unexpected id: 2436
Warning: received a response with an unexpected id: 2424
Warning: received a response with an unexpected id: 2429
Warning: received a response with an unexpected id: 2438
Warning: received a response with an unexpected id: 2439
Warning: received a response with an unexpected id: 2439
Warning: received a response with an unexpected id: 2443
Warning: received a response with an unexpected id: 2426
Warning: received a response with an unexpected id: 2408
Warning: received a response with an unexpected id: 2415
Warning: received a response with an unexpected id: 2416
Warning: received a response with an unexpected id: 2412
Warning: received a response with an unexpected id: 2432
Warning: received a response with an unexpected id: 2441
Warning: received a response with an unexpected id: 2372
Warning: received a response with an unexpected id: 2443
Warning: received a response with an unexpected id: 2414
Warning: received a response with an unexpected id: 2423
Warning: received a response with an unexpected id: 2435
Warning: received a response with an unexpected id: 2430
Warning: received a response with an unexpected id: 2429
Warning: received a response with an unexpected id: 2438
Warning: received a response with an unexpected id: 2434
Warning: received a response with an unexpected id: 2442
Warning: received a response with an unexpected id: 2441
Warning: received a response with an unexpected id: 2420
Warning: received a response with an unexpected id: 2447
Warning: received a response with an unexpected id: 2403
Warning: received a response with an unexpected id: 2430
Warning: received a response with an unexpected id: 2421
Warning: received a response with an unexpected id: 2425
Warning: received a response with an unexpected id: 2431
Warning: received a response with an unexpected id: 2446
Warning: received a response with an unexpected id: 2444
Warning: received a response with an unexpected id: 2432
Warning: received a response with an unexpected id: 2447
Warning: received a response with an unexpected id: 2452
Warning: received a response with an unexpected id: 2433
Warning: received a response with an unexpected id: 2415
Warning: received a response with an unexpected id: 2422
Warning: received a response with an unexpected id: 2454
Warning: received a response with an unexpected id: 2416
Warning: received a response with an unexpected id: 2432
Warning: received a response with an unexpected id: 2450
Warning: received a response with an unexpected id: 2427
Warning: received a response with an unexpected id: 2413
Warning: received a response with an unexpected id: 2423
Warning: received a response with an unexpected id: 2425
Warning: received a response with an unexpected id: 2439
Warning: received a response with an unexpected id: 2434
Warning: received a response with an unexpected id: 2455
Warning: received a response with an unexpected id: 2452
Warning: received a response with an unexpected id: 2450
Warning: received a response with an unexpected id: 2457
Warning: received a response with an unexpected id: 2404
Warning: received a response with an unexpected id: 2424
Warning: received a response with an unexpected id: 2416
Warning: received a response with an unexpected id: 13827
Warning: received a response with an unexpected id: 2451
Warning: received a response with an unexpected id: 2426
Warning: received a response with an unexpected id: 2436
Warning: received a response with an unexpected id: 2413
Warning: received a response with an unexpected id: 2464
Warning: received a response with an unexpected id: 2422
Warning: received a response with an unexpected id: 2440
Warning: received a response with an unexpected id: 2473
Warning: received a response with an unexpected id: 2480
Warning: received a response with an unexpected id: 2349
Warning: received a response with an unexpected id: 2474
Warning: received a response with an unexpected id: 2457
Warning: received a response with an unexpected id: 2441
Warning: received a response with an unexpected id: 2295
Warning: received a response with an unexpected id: 2257
Warning: received a response with an unexpected id: 2408
Warning: received a response with an unexpected id: 2271
Warning: received a response with an unexpected id: 2448
Warning: received a response with an unexpected id: 2347
Warning: received a response with an unexpected id: 2453
Warning: received a response with an unexpected id: 2297
Warning: received a response with an unexpected id: 2303
Warning: received a response with an unexpected id: 2217
Warning: received a response with an unexpected id: 0
Warning: received a response with an unexpected id: 2483
Warning: received a response with an unexpected id: 2491
Warning: received a response with an unexpected id: 2487
Warning: received a response with an unexpected id: 2479
Warning: received a response with an unexpected id: 2507
Warning: received a response with an unexpected id: 2524
Warning: received a response with an unexpected id: 2538
Warning: received a response with an unexpected id: 2540
Warning: received a response with an unexpected id: 2472
Warning: received a response with an unexpected id: 2504
Error: failed to receive packet: Bad file descriptor
